[2.381s] Invoking command in '/home/lucas/ros2_ws/src/my_py_pkg': PYTHONPATH=/home/lucas/ros2_ws/build/my_py_pkg/prefix_override:/home/lucas/ros2_ws/install/my_py_pkg/lib/python3.10/site-packages:${PYTHONPATH} /usr/bin/python3 -W ignore:setup.py install is deprecated setup.py egg_info --egg-base ../../build/my_py_pkg build --build-base /home/lucas/ros2_ws/build/my_py_pkg/build install --record /home/lucas/ros2_ws/build/my_py_pkg/install.log --single-version-externally-managed install_data
[3.340s] running egg_info
[3.341s] writing ../../build/my_py_pkg/my_py_pkg.egg-info/PKG-INFO
[3.343s] writing dependency_links to ../../build/my_py_pkg/my_py_pkg.egg-info/dependency_links.txt
[3.344s] writing entry points to ../../build/my_py_pkg/my_py_pkg.egg-info/entry_points.txt
[3.347s] writing requirements to ../../build/my_py_pkg/my_py_pkg.egg-info/requires.txt
[3.348s] writing top-level names to ../../build/my_py_pkg/my_py_pkg.egg-info/top_level.txt
[3.359s] reading manifest file '../../build/my_py_pkg/my_py_pkg.egg-info/SOURCES.txt'
[3.360s] writing manifest file '../../build/my_py_pkg/my_py_pkg.egg-info/SOURCES.txt'
[3.375s] running build
[3.375s] running build_py
[3.376s] running install
[3.376s] running install_lib
[3.383s] running install_data
[3.383s] running install_egg_info
[3.403s] removing '/home/lucas/ros2_ws/install/my_py_pkg/lib/python3.10/site-packages/my_py_pkg-0.0.0-py3.10.egg-info' (and everything under it)
[3.404s] Copying ../../build/my_py_pkg/my_py_pkg.egg-info to /home/lucas/ros2_ws/install/my_py_pkg/lib/python3.10/site-packages/my_py_pkg-0.0.0-py3.10.egg-info
[3.405s] running install_scripts
[3.516s] Installing publisher script to /home/lucas/ros2_ws/install/my_py_pkg/lib/my_py_pkg
[3.518s] Installing py_node script to /home/lucas/ros2_ws/install/my_py_pkg/lib/my_py_pkg
[3.519s] Installing subscriber script to /home/lucas/ros2_ws/install/my_py_pkg/lib/my_py_pkg
[3.521s] writing list of installed files to '/home/lucas/ros2_ws/build/my_py_pkg/install.log'
[3.624s] Invoked command in '/home/lucas/ros2_ws/src/my_py_pkg' returned '0': PYTHONPATH=/home/lucas/ros2_ws/build/my_py_pkg/prefix_override:/home/lucas/ros2_ws/install/my_py_pkg/lib/python3.10/site-packages:${PYTHONPATH} /usr/bin/python3 -W ignore:setup.py install is deprecated setup.py egg_info --egg-base ../../build/my_py_pkg build --build-base /home/lucas/ros2_ws/build/my_py_pkg/build install --record /home/lucas/ros2_ws/build/my_py_pkg/install.log --single-version-externally-managed install_data
