[0.022s] Invoking command in '/home/lucas/ros2_ws/build/my_cpp_pkg': CMAKE_PREFIX_PATH=${CMAKE_PREFIX_PATH}:/home/lucas/ros2_ws/install/my_py_pkg2:/opt/ros/humble /usr/bin/cmake --build /home/lucas/ros2_ws/build/my_cpp_pkg -- -j1 -l1
[0.237s] [100%] Built target cpp_node
[0.269s] Invoked command in '/home/lucas/ros2_ws/build/my_cpp_pkg' returned '0': CMAKE_PREFIX_PATH=${CMAKE_PREFIX_PATH}:/home/lucas/ros2_ws/install/my_py_pkg2:/opt/ros/humble /usr/bin/cmake --build /home/lucas/ros2_ws/build/my_cpp_pkg -- -j1 -l1
[0.405s] Invoking command in '/home/lucas/ros2_ws/build/my_cpp_pkg': CMAKE_PREFIX_PATH=${CMAKE_PREFIX_PATH}:/home/lucas/ros2_ws/install/my_py_pkg2:/opt/ros/humble /usr/bin/cmake --install /home/lucas/ros2_ws/build/my_cpp_pkg
[0.421s] -- Install configuration: ""
[0.422s] -- Up-to-date: /home/lucas/ros2_ws/install/my_cpp_pkg/lib/my_cpp_pkg/cpp_node
[0.422s] -- Up-to-date: /home/lucas/ros2_ws/install/my_cpp_pkg/share/ament_index/resource_index/package_run_dependencies/my_cpp_pkg
[0.423s] -- Up-to-date: /home/lucas/ros2_ws/install/my_cpp_pkg/share/ament_index/resource_index/parent_prefix_path/my_cpp_pkg
[0.423s] -- Up-to-date: /home/lucas/ros2_ws/install/my_cpp_pkg/share/my_cpp_pkg/environment/ament_prefix_path.sh
[0.423s] -- Up-to-date: /home/lucas/ros2_ws/install/my_cpp_pkg/share/my_cpp_pkg/environment/ament_prefix_path.dsv
[0.423s] -- Up-to-date: /home/lucas/ros2_ws/install/my_cpp_pkg/share/my_cpp_pkg/environment/path.sh
[0.423s] -- Up-to-date: /home/lucas/ros2_ws/install/my_cpp_pkg/share/my_cpp_pkg/environment/path.dsv
[0.424s] -- Up-to-date: /home/lucas/ros2_ws/install/my_cpp_pkg/share/my_cpp_pkg/local_setup.bash
[0.424s] -- Up-to-date: /home/lucas/ros2_ws/install/my_cpp_pkg/share/my_cpp_pkg/local_setup.sh
[0.424s] -- Up-to-date: /home/lucas/ros2_ws/install/my_cpp_pkg/share/my_cpp_pkg/local_setup.zsh
[0.424s] -- Up-to-date: /home/lucas/ros2_ws/install/my_cpp_pkg/share/my_cpp_pkg/local_setup.dsv
[0.425s] -- Installing: /home/lucas/ros2_ws/install/my_cpp_pkg/share/my_cpp_pkg/package.dsv
[0.425s] -- Up-to-date: /home/lucas/ros2_ws/install/my_cpp_pkg/share/ament_index/resource_index/packages/my_cpp_pkg
[0.425s] -- Up-to-date: /home/lucas/ros2_ws/install/my_cpp_pkg/share/my_cpp_pkg/cmake/my_cpp_pkgConfig.cmake
[0.426s] -- Up-to-date: /home/lucas/ros2_ws/install/my_cpp_pkg/share/my_cpp_pkg/cmake/my_cpp_pkgConfig-version.cmake
[0.426s] -- Up-to-date: /home/lucas/ros2_ws/install/my_cpp_pkg/share/my_cpp_pkg/package.xml
[0.448s] Invoked command in '/home/lucas/ros2_ws/build/my_cpp_pkg' returned '0': CMAKE_PREFIX_PATH=${CMAKE_PREFIX_PATH}:/home/lucas/ros2_ws/install/my_py_pkg2:/opt/ros/humble /usr/bin/cmake --install /home/lucas/ros2_ws/build/my_cpp_pkg
