[0.031s] Invoking command in '/home/lucas/ros2_ws/build/stage_ros2': CMAKE_PREFIX_PATH=/home/lucas/ros2_ws/install/Stage:/home/lucas/ros2_ws/install/my_cpp_pkg:/home/lucas/ros2_ws/install/my_py_pkg2:/home/lucas/ros2_ws/install/my_py_pkg:/opt/ros/humble LD_LIBRARY_PATH=/home/lucas/ros2_ws/install/Stage/lib:${LD_LIBRARY_PATH} PATH=/home/lucas/ros2_ws/install/Stage/bin:${PATH} /usr/bin/cmake /home/lucas/ros2_ws/src/stage_ros2-humble -DCMAKE_INSTALL_PREFIX=/home/lucas/ros2_ws/install/stage_ros2
[0.151s] -- The C compiler identification is GNU 11.4.0
[0.256s] -- The CXX compiler identification is GNU 11.4.0
[0.290s] -- Detecting C compiler ABI info
[0.446s] -- Detecting C compiler ABI info - done
[0.456s] -- Check for working C compiler: /usr/bin/cc - skipped
[0.457s] -- Detecting C compile features
[0.457s] -- Detecting C compile features - done
[0.462s] -- Detecting CXX compiler ABI info
[0.635s] -- Detecting CXX compiler ABI info - done
[0.645s] -- Check for working CXX compiler: /usr/bin/c++ - skipped
[0.648s] -- Detecting CXX compile features
[0.649s] -- Detecting CXX compile features - done
[0.686s] -- Found ament_cmake: 1.3.9 (/opt/ros/humble/share/ament_cmake/cmake)
[0.968s] -- Found Python3: /usr/bin/python3 (found version "3.10.12") found components: Interpreter 
[1.234s] -- Found rclcpp: 16.0.9 (/opt/ros/humble/share/rclcpp/cmake)
[1.352s] -- Found rosidl_generator_c: 3.1.5 (/opt/ros/humble/share/rosidl_generator_c/cmake)
[1.367s] -- Found rosidl_adapter: 3.1.5 (/opt/ros/humble/share/rosidl_adapter/cmake)
[1.406s] -- Found rosidl_generator_cpp: 3.1.5 (/opt/ros/humble/share/rosidl_generator_cpp/cmake)
[1.454s] -- Using all available rosidl_typesupport_c: rosidl_typesupport_fastrtps_c;rosidl_typesupport_introspection_c
[1.507s] -- Using all available rosidl_typesupport_cpp: rosidl_typesupport_fastrtps_cpp;rosidl_typesupport_introspection_cpp
[1.703s] -- Found rmw_implementation_cmake: 6.1.2 (/opt/ros/humble/share/rmw_implementation_cmake/cmake)
[1.719s] -- Found rmw_fastrtps_cpp: 6.2.6 (/opt/ros/humble/share/rmw_fastrtps_cpp/cmake)
[1.956s] -- Found OpenSSL: /usr/lib/x86_64-linux-gnu/libcrypto.so (found version "3.0.2")  
[1.995s] -- Found FastRTPS: /opt/ros/humble/include  
[2.081s] -- Using RMW implementation 'rmw_fastrtps_cpp' as default
[2.125s] -- Looking for pthread.h
[2.288s] -- Looking for pthread.h - found
[2.289s] -- Performing Test CMAKE_HAVE_LIBC_PTHREAD
[2.449s] -- Performing Test CMAKE_HAVE_LIBC_PTHREAD - Success
[2.451s] -- Found Threads: TRUE  
[2.820s] -- Found rclcpp_components: 16.0.9 (/opt/ros/humble/share/rclcpp_components/cmake)
[2.987s] -- Found sensor_msgs: 4.2.4 (/opt/ros/humble/share/sensor_msgs/cmake)
[3.292s] -- Found nav_msgs: 4.2.4 (/opt/ros/humble/share/nav_msgs/cmake)
[3.492s] -- Found tf2_ros: 0.25.7 (/opt/ros/humble/share/tf2_ros/cmake)
[4.116s] -- Found tf2_geometry_msgs: 0.25.7 (/opt/ros/humble/share/tf2_geometry_msgs/cmake)
[4.151s] -- Found eigen3_cmake_module: 0.1.1 (/opt/ros/humble/share/eigen3_cmake_module/cmake)
[4.156s] -- Found Eigen3: TRUE (found version "3.4.0") 
[4.157s] -- Ensuring Eigen3 include directory is part of orocos-kdl CMake target
[4.183s] -- Found std_srvs: 4.2.4 (/opt/ros/humble/share/std_srvs/cmake)
[4.247s] -- Found ament_lint_auto: 0.12.11 (/opt/ros/humble/share/ament_lint_auto/cmake)
[4.449s] -- Added test 'cppcheck' to perform static code analysis on C / C++ code
[4.450s] -- Configured cppcheck include dirs: /home/lucas/ros2_ws/src/stage_ros2-humble/./include;$<BUILD_INTERFACE:/home/lucas/ros2_ws/src/stage_ros2-humble/include>
[4.450s] -- Configured cppcheck exclude dirs and/or files: 
[4.452s] -- Added test 'flake8' to check Python code syntax and style conventions
[4.455s] -- Added test 'lint_cmake' to check CMake code style
[4.457s] -- Added test 'pep257' to check Python code against some of the docstring style conventions in PEP 257
[4.463s] -- Added test 'uncrustify' to check C / C++ code style
[4.463s] -- Configured uncrustify additional arguments: 
[4.465s] -- Added test 'xmllint' to check XML markup files
[4.467s] -- Configuring done
[4.511s] -- Generating done
[4.515s] -- Build files have been written to: /home/lucas/ros2_ws/build/stage_ros2
[4.529s] Invoked command in '/home/lucas/ros2_ws/build/stage_ros2' returned '0': CMAKE_PREFIX_PATH=/home/lucas/ros2_ws/install/Stage:/home/lucas/ros2_ws/install/my_cpp_pkg:/home/lucas/ros2_ws/install/my_py_pkg2:/home/lucas/ros2_ws/install/my_py_pkg:/opt/ros/humble LD_LIBRARY_PATH=/home/lucas/ros2_ws/install/Stage/lib:${LD_LIBRARY_PATH} PATH=/home/lucas/ros2_ws/install/Stage/bin:${PATH} /usr/bin/cmake /home/lucas/ros2_ws/src/stage_ros2-humble -DCMAKE_INSTALL_PREFIX=/home/lucas/ros2_ws/install/stage_ros2
[4.529s] Invoking command in '/home/lucas/ros2_ws/build/stage_ros2': CMAKE_PREFIX_PATH=/home/lucas/ros2_ws/install/Stage:/home/lucas/ros2_ws/install/my_cpp_pkg:/home/lucas/ros2_ws/install/my_py_pkg2:/home/lucas/ros2_ws/install/my_py_pkg:/opt/ros/humble LD_LIBRARY_PATH=/home/lucas/ros2_ws/install/Stage/lib:${LD_LIBRARY_PATH} PATH=/home/lucas/ros2_ws/install/Stage/bin:${PATH} /usr/bin/cmake --build /home/lucas/ros2_ws/build/stage_ros2 -- -j1 -l1
[4.666s] [ 14%] [32mBuilding CXX object CMakeFiles/stage_node.dir/src/stage_node.cpp.o[0m
[17.386s] [ 28%] [32mBuilding CXX object CMakeFiles/stage_node.dir/src/vehicle.cpp.o[0m
[34.426s] [ 42%] [32mBuilding CXX object CMakeFiles/stage_node.dir/src/ranger.cpp.o[0m
[44.180s] [ 57%] [32mBuilding CXX object CMakeFiles/stage_node.dir/src/camera.cpp.o[0m
[54.662s] [ 71%] [32m[1mLinking CXX shared library libstage_node.so[0m
[56.707s] [ 71%] Built target stage_node
[56.753s] [ 85%] [32mBuilding CXX object CMakeFiles/stage_ros2.dir/src/main.cpp.o[0m
[63.213s] [100%] [32m[1mLinking CXX executable stage_ros2[0m
[64.106s] [100%] Built target stage_ros2
[64.136s] Invoked command in '/home/lucas/ros2_ws/build/stage_ros2' returned '0': CMAKE_PREFIX_PATH=/home/lucas/ros2_ws/install/Stage:/home/lucas/ros2_ws/install/my_cpp_pkg:/home/lucas/ros2_ws/install/my_py_pkg2:/home/lucas/ros2_ws/install/my_py_pkg:/opt/ros/humble LD_LIBRARY_PATH=/home/lucas/ros2_ws/install/Stage/lib:${LD_LIBRARY_PATH} PATH=/home/lucas/ros2_ws/install/Stage/bin:${PATH} /usr/bin/cmake --build /home/lucas/ros2_ws/build/stage_ros2 -- -j1 -l1
[64.271s] Invoking command in '/home/lucas/ros2_ws/build/stage_ros2': CMAKE_PREFIX_PATH=/home/lucas/ros2_ws/install/Stage:/home/lucas/ros2_ws/install/my_cpp_pkg:/home/lucas/ros2_ws/install/my_py_pkg2:/home/lucas/ros2_ws/install/my_py_pkg:/opt/ros/humble LD_LIBRARY_PATH=/home/lucas/ros2_ws/install/Stage/lib:${LD_LIBRARY_PATH} PATH=/home/lucas/ros2_ws/install/Stage/bin:${PATH} /usr/bin/cmake --install /home/lucas/ros2_ws/build/stage_ros2
[64.286s] -- Install configuration: ""
[64.288s] -- Installing: /home/lucas/ros2_ws/install/stage_ros2/share/stage_ros2/environment/library_path.sh
[64.289s] -- Installing: /home/lucas/ros2_ws/install/stage_ros2/share/stage_ros2/environment/library_path.dsv
[64.289s] -- Installing: /home/lucas/ros2_ws/install/stage_ros2/share/stage_ros2//launch
[64.290s] -- Installing: /home/lucas/ros2_ws/install/stage_ros2/share/stage_ros2//launch/f710.launch.py
[64.290s] -- Installing: /home/lucas/ros2_ws/install/stage_ros2/share/stage_ros2//launch/stage.launch.py
[64.290s] -- Installing: /home/lucas/ros2_ws/install/stage_ros2/share/stage_ros2//launch/rviz.launch.py
[64.290s] -- Installing: /home/lucas/ros2_ws/install/stage_ros2/share/stage_ros2//launch/demo.launch.py
[64.291s] -- Installing: /home/lucas/ros2_ws/install/stage_ros2/share/stage_ros2//launch/rviz_ns.launch.py
[64.291s] -- Installing: /home/lucas/ros2_ws/install/stage_ros2/share/stage_ros2//world
[64.291s] -- Installing: /home/lucas/ros2_ws/install/stage_ros2/share/stage_ros2//world/bitmaps
[64.292s] -- Installing: /home/lucas/ros2_ws/install/stage_ros2/share/stage_ros2//world/bitmaps/warehouse200.pgm
[64.294s] -- Installing: /home/lucas/ros2_ws/install/stage_ros2/share/stage_ros2//world/bitmaps/straden.png
[64.294s] -- Installing: /home/lucas/ros2_ws/install/stage_ros2/share/stage_ros2//world/bitmaps/line.png
[64.294s] -- Installing: /home/lucas/ros2_ws/install/stage_ros2/share/stage_ros2//world/bitmaps/hallway.png
[64.295s] -- Installing: /home/lucas/ros2_ws/install/stage_ros2/share/stage_ros2//world/bitmaps/warehouse008.pgm
[64.295s] -- Installing: /home/lucas/ros2_ws/install/stage_ros2/share/stage_ros2//world/bitmaps/hallway.pgm
[64.296s] -- Installing: /home/lucas/ros2_ws/install/stage_ros2/share/stage_ros2//world/bitmaps/cave.png
[64.297s] -- Installing: /home/lucas/ros2_ws/install/stage_ros2/share/stage_ros2//world/bitmaps/warehouse032.pgm
[64.297s] -- Installing: /home/lucas/ros2_ws/install/stage_ros2/share/stage_ros2//world/bitmaps/willow-full.pgm
[64.298s] -- Installing: /home/lucas/ros2_ws/install/stage_ros2/share/stage_ros2//world/hallway.world
[64.298s] -- Installing: /home/lucas/ros2_ws/install/stage_ros2/share/stage_ros2//world/lines.world
[64.299s] -- Installing: /home/lucas/ros2_ws/install/stage_ros2/share/stage_ros2//world/willow-four-erratics-multisensor.world
[64.299s] -- Installing: /home/lucas/ros2_ws/install/stage_ros2/share/stage_ros2//world/straden.world
[64.299s] -- Installing: /home/lucas/ros2_ws/install/stage_ros2/share/stage_ros2//world/cave_three_robots.world
[64.300s] -- Installing: /home/lucas/ros2_ws/install/stage_ros2/share/stage_ros2//world/cave.world
[64.300s] -- Installing: /home/lucas/ros2_ws/install/stage_ros2/share/stage_ros2//world/include
[64.300s] -- Installing: /home/lucas/ros2_ws/install/stage_ros2/share/stage_ros2//world/include/robots.inc
[64.300s] -- Installing: /home/lucas/ros2_ws/install/stage_ros2/share/stage_ros2//world/include/pioneer2dx.inc
[64.301s] -- Installing: /home/lucas/ros2_ws/install/stage_ros2/share/stage_ros2//world/cave_seven_robots.world
[64.301s] -- Installing: /home/lucas/ros2_ws/install/stage_ros2/share/stage_ros2//config
[64.301s] -- Installing: /home/lucas/ros2_ws/install/stage_ros2/share/stage_ros2//config/rviz
[64.302s] -- Installing: /home/lucas/ros2_ws/install/stage_ros2/share/stage_ros2//config/rviz/robot_ns_depth.rviz
[64.302s] -- Installing: /home/lucas/ros2_ws/install/stage_ros2/share/stage_ros2//config/rviz/robot0.rviz
[64.302s] -- Installing: /home/lucas/ros2_ws/install/stage_ros2/share/stage_ros2//config/rviz/cave.rviz
[64.302s] -- Installing: /home/lucas/ros2_ws/install/stage_ros2/share/stage_ros2//config/rviz/lines.rviz
[64.303s] -- Installing: /home/lucas/ros2_ws/install/stage_ros2/share/stage_ros2//config/rviz/cave_three_robots.rviz
[64.303s] -- Installing: /home/lucas/ros2_ws/install/stage_ros2/share/stage_ros2//config/rviz/cave_seven_robots.rviz
[64.303s] -- Installing: /home/lucas/ros2_ws/install/stage_ros2/share/stage_ros2//config/rviz/robot_ns.rviz
[64.304s] -- Installing: /home/lucas/ros2_ws/install/stage_ros2/share/stage_ros2//config/teleop_twist_joy
[64.304s] -- Installing: /home/lucas/ros2_ws/install/stage_ros2/share/stage_ros2//config/teleop_twist_joy/f710.config.yaml
[64.304s] -- Installing: /home/lucas/ros2_ws/install/stage_ros2/lib/libstage_node.so
[64.316s] -- Set runtime path of "/home/lucas/ros2_ws/install/stage_ros2/lib/libstage_node.so" to ""
[64.319s] -- Installing: /home/lucas/ros2_ws/install/stage_ros2/lib/stage_ros2/stage_ros2
[64.320s] -- Set runtime path of "/home/lucas/ros2_ws/install/stage_ros2/lib/stage_ros2/stage_ros2" to ""
[64.321s] -- Installing: /home/lucas/ros2_ws/install/stage_ros2/share/ament_index/resource_index/package_run_dependencies/stage_ros2
[64.321s] -- Installing: /home/lucas/ros2_ws/install/stage_ros2/share/ament_index/resource_index/parent_prefix_path/stage_ros2
[64.321s] -- Installing: /home/lucas/ros2_ws/install/stage_ros2/share/stage_ros2/environment/ament_prefix_path.sh
[64.322s] -- Installing: /home/lucas/ros2_ws/install/stage_ros2/share/stage_ros2/environment/ament_prefix_path.dsv
[64.322s] -- Installing: /home/lucas/ros2_ws/install/stage_ros2/share/stage_ros2/environment/path.sh
[64.323s] -- Installing: /home/lucas/ros2_ws/install/stage_ros2/share/stage_ros2/environment/path.dsv
[64.323s] -- Installing: /home/lucas/ros2_ws/install/stage_ros2/share/stage_ros2/local_setup.bash
[64.323s] -- Installing: /home/lucas/ros2_ws/install/stage_ros2/share/stage_ros2/local_setup.sh
[64.324s] -- Installing: /home/lucas/ros2_ws/install/stage_ros2/share/stage_ros2/local_setup.zsh
[64.324s] -- Installing: /home/lucas/ros2_ws/install/stage_ros2/share/stage_ros2/local_setup.dsv
[64.324s] -- Installing: /home/lucas/ros2_ws/install/stage_ros2/share/stage_ros2/package.dsv
[64.325s] -- Installing: /home/lucas/ros2_ws/install/stage_ros2/share/ament_index/resource_index/packages/stage_ros2
[64.325s] -- Installing: /home/lucas/ros2_ws/install/stage_ros2/share/stage_ros2/cmake/stage_ros2Config.cmake
[64.325s] -- Installing: /home/lucas/ros2_ws/install/stage_ros2/share/stage_ros2/cmake/stage_ros2Config-version.cmake
[64.326s] -- Installing: /home/lucas/ros2_ws/install/stage_ros2/share/stage_ros2/package.xml
[64.348s] Invoked command in '/home/lucas/ros2_ws/build/stage_ros2' returned '0': CMAKE_PREFIX_PATH=/home/lucas/ros2_ws/install/Stage:/home/lucas/ros2_ws/install/my_cpp_pkg:/home/lucas/ros2_ws/install/my_py_pkg2:/home/lucas/ros2_ws/install/my_py_pkg:/opt/ros/humble LD_LIBRARY_PATH=/home/lucas/ros2_ws/install/Stage/lib:${LD_LIBRARY_PATH} PATH=/home/lucas/ros2_ws/install/Stage/bin:${PATH} /usr/bin/cmake --install /home/lucas/ros2_ws/build/stage_ros2
