running egg_info
creating ../../build/stage_challenge/stage_challenge.egg-info
writing ../../build/stage_challenge/stage_challenge.egg-info/PKG-INFO
writing dependency_links to ../../build/stage_challenge/stage_challenge.egg-info/dependency_links.txt
writing entry points to ../../build/stage_challenge/stage_challenge.egg-info/entry_points.txt
writing requirements to ../../build/stage_challenge/stage_challenge.egg-info/requires.txt
writing top-level names to ../../build/stage_challenge/stage_challenge.egg-info/top_level.txt
writing manifest file '../../build/stage_challenge/stage_challenge.egg-info/SOURCES.txt'
reading manifest file '../../build/stage_challenge/stage_challenge.egg-info/SOURCES.txt'
writing manifest file '../../build/stage_challenge/stage_challenge.egg-info/SOURCES.txt'
running build
running build_py
creating /home/lucas/ros2_ws/build/stage_challenge/build
creating /home/lucas/ros2_ws/build/stage_challenge/build/lib
creating /home/lucas/ros2_ws/build/stage_challenge/build/lib/stage_challenge
copying stage_challenge/publisher.py -> /home/lucas/ros2_ws/build/stage_challenge/build/lib/stage_challenge
copying stage_challenge/__init__.py -> /home/lucas/ros2_ws/build/stage_challenge/build/lib/stage_challenge
running install
running install_lib
creating /home/lucas/ros2_ws/install/stage_challenge/lib/python3.10/site-packages/stage_challenge
copying /home/lucas/ros2_ws/build/stage_challenge/build/lib/stage_challenge/publisher.py -> /home/lucas/ros2_ws/install/stage_challenge/lib/python3.10/site-packages/stage_challenge
copying /home/lucas/ros2_ws/build/stage_challenge/build/lib/stage_challenge/__init__.py -> /home/lucas/ros2_ws/install/stage_challenge/lib/python3.10/site-packages/stage_challenge
byte-compiling /home/lucas/ros2_ws/install/stage_challenge/lib/python3.10/site-packages/stage_challenge/publisher.py to publisher.cpython-310.pyc
byte-compiling /home/lucas/ros2_ws/install/stage_challenge/lib/python3.10/site-packages/stage_challenge/__init__.py to __init__.cpython-310.pyc
running install_data
creating /home/lucas/ros2_ws/install/stage_challenge/share/ament_index
creating /home/lucas/ros2_ws/install/stage_challenge/share/ament_index/resource_index
creating /home/lucas/ros2_ws/install/stage_challenge/share/ament_index/resource_index/packages
copying resource/stage_challenge -> /home/lucas/ros2_ws/install/stage_challenge/share/ament_index/resource_index/packages
copying package.xml -> /home/lucas/ros2_ws/install/stage_challenge/share/stage_challenge
running install_egg_info
Copying ../../build/stage_challenge/stage_challenge.egg-info to /home/lucas/ros2_ws/install/stage_challenge/lib/python3.10/site-packages/stage_challenge-0.0.0-py3.10.egg-info
running install_scripts
writing list of installed files to '/home/lucas/ros2_ws/build/stage_challenge/install.log'
