[2.510s] Invoking command in '/home/lucas/ros2_ws/src/stage_challenge': PYTHONPATH=/home/lucas/ros2_ws/build/stage_challenge/prefix_override:/home/lucas/ros2_ws/install/stage_challenge/lib/python3.10/site-packages:${PYTHONPATH} /usr/bin/python3 -W ignore:setup.py install is deprecated setup.py egg_info --egg-base ../../build/stage_challenge build --build-base /home/lucas/ros2_ws/build/stage_challenge/build install --record /home/lucas/ros2_ws/build/stage_challenge/install.log --single-version-externally-managed install_data
[3.508s] running egg_info
[3.509s] creating ../../build/stage_challenge/stage_challenge.egg-info
[3.509s] writing ../../build/stage_challenge/stage_challenge.egg-info/PKG-INFO
[3.510s] writing dependency_links to ../../build/stage_challenge/stage_challenge.egg-info/dependency_links.txt
[3.510s] writing entry points to ../../build/stage_challenge/stage_challenge.egg-info/entry_points.txt
[3.510s] writing requirements to ../../build/stage_challenge/stage_challenge.egg-info/requires.txt
[3.511s] writing top-level names to ../../build/stage_challenge/stage_challenge.egg-info/top_level.txt
[3.511s] writing manifest file '../../build/stage_challenge/stage_challenge.egg-info/SOURCES.txt'
[3.514s] reading manifest file '../../build/stage_challenge/stage_challenge.egg-info/SOURCES.txt'
[3.515s] writing manifest file '../../build/stage_challenge/stage_challenge.egg-info/SOURCES.txt'
[3.517s] running build
[3.517s] running build_py
[3.518s] creating /home/lucas/ros2_ws/build/stage_challenge/build
[3.518s] creating /home/lucas/ros2_ws/build/stage_challenge/build/lib
[3.518s] creating /home/lucas/ros2_ws/build/stage_challenge/build/lib/stage_challenge
[3.529s] copying stage_challenge/publisher.py -> /home/lucas/ros2_ws/build/stage_challenge/build/lib/stage_challenge
[3.530s] copying stage_challenge/__init__.py -> /home/lucas/ros2_ws/build/stage_challenge/build/lib/stage_challenge
[3.530s] running install
[3.531s] running install_lib
[3.532s] creating /home/lucas/ros2_ws/install/stage_challenge/lib/python3.10/site-packages/stage_challenge
[3.532s] copying /home/lucas/ros2_ws/build/stage_challenge/build/lib/stage_challenge/publisher.py -> /home/lucas/ros2_ws/install/stage_challenge/lib/python3.10/site-packages/stage_challenge
[3.533s] copying /home/lucas/ros2_ws/build/stage_challenge/build/lib/stage_challenge/__init__.py -> /home/lucas/ros2_ws/install/stage_challenge/lib/python3.10/site-packages/stage_challenge
[3.534s] byte-compiling /home/lucas/ros2_ws/install/stage_challenge/lib/python3.10/site-packages/stage_challenge/publisher.py to publisher.cpython-310.pyc
[3.535s] byte-compiling /home/lucas/ros2_ws/install/stage_challenge/lib/python3.10/site-packages/stage_challenge/__init__.py to __init__.cpython-310.pyc
[3.535s] running install_data
[3.536s] creating /home/lucas/ros2_ws/install/stage_challenge/share/ament_index
[3.536s] creating /home/lucas/ros2_ws/install/stage_challenge/share/ament_index/resource_index
[3.536s] creating /home/lucas/ros2_ws/install/stage_challenge/share/ament_index/resource_index/packages
[3.536s] copying resource/stage_challenge -> /home/lucas/ros2_ws/install/stage_challenge/share/ament_index/resource_index/packages
[3.537s] copying package.xml -> /home/lucas/ros2_ws/install/stage_challenge/share/stage_challenge
[3.554s] running install_egg_info
[3.556s] Copying ../../build/stage_challenge/stage_challenge.egg-info to /home/lucas/ros2_ws/install/stage_challenge/lib/python3.10/site-packages/stage_challenge-0.0.0-py3.10.egg-info
[3.569s] running install_scripts
[3.664s] writing list of installed files to '/home/lucas/ros2_ws/build/stage_challenge/install.log'
[3.776s] Invoked command in '/home/lucas/ros2_ws/src/stage_challenge' returned '0': PYTHONPATH=/home/lucas/ros2_ws/build/stage_challenge/prefix_override:/home/lucas/ros2_ws/install/stage_challenge/lib/python3.10/site-packages:${PYTHONPATH} /usr/bin/python3 -W ignore:setup.py install is deprecated setup.py egg_info --egg-base ../../build/stage_challenge build --build-base /home/lucas/ros2_ws/build/stage_challenge/build install --record /home/lucas/ros2_ws/build/stage_challenge/install.log --single-version-externally-managed install_data
