[1.523s] Invoking command in '/home/lucas/ros2_ws/src/stage_challenge': PYTHONPATH=/home/lucas/ros2_ws/build/stage_challenge/prefix_override:/home/lucas/ros2_ws/install/stage_challenge/lib/python3.10/site-packages:${PYTHONPATH} /usr/bin/python3 -W ignore:setup.py install is deprecated setup.py egg_info --egg-base ../../build/stage_challenge build --build-base /home/lucas/ros2_ws/build/stage_challenge/build install --record /home/lucas/ros2_ws/build/stage_challenge/install.log --single-version-externally-managed install_data
[1.920s] running egg_info
[1.921s] writing ../../build/stage_challenge/stage_challenge.egg-info/PKG-INFO
[1.923s] writing dependency_links to ../../build/stage_challenge/stage_challenge.egg-info/dependency_links.txt
[1.926s] writing entry points to ../../build/stage_challenge/stage_challenge.egg-info/entry_points.txt
[1.927s] writing requirements to ../../build/stage_challenge/stage_challenge.egg-info/requires.txt
[1.928s] writing top-level names to ../../build/stage_challenge/stage_challenge.egg-info/top_level.txt
[1.932s] reading manifest file '../../build/stage_challenge/stage_challenge.egg-info/SOURCES.txt'
[1.933s] writing manifest file '../../build/stage_challenge/stage_challenge.egg-info/SOURCES.txt'
[1.935s] running build
[1.935s] running build_py
[1.935s] copying stage_challenge/rrt2.py -> /home/lucas/ros2_ws/build/stage_challenge/build/lib/stage_challenge
[1.936s] running install
[1.937s] running install_lib
[1.938s] copying /home/lucas/ros2_ws/build/stage_challenge/build/lib/stage_challenge/rrt2.py -> /home/lucas/ros2_ws/install/stage_challenge/lib/python3.10/site-packages/stage_challenge
[1.939s] byte-compiling /home/lucas/ros2_ws/install/stage_challenge/lib/python3.10/site-packages/stage_challenge/rrt2.py to rrt2.cpython-310.pyc
[1.966s] running install_data
[1.967s] running install_egg_info
[1.969s] removing '/home/lucas/ros2_ws/install/stage_challenge/lib/python3.10/site-packages/stage_challenge-0.0.0-py3.10.egg-info' (and everything under it)
[1.970s] Copying ../../build/stage_challenge/stage_challenge.egg-info to /home/lucas/ros2_ws/install/stage_challenge/lib/python3.10/site-packages/stage_challenge-0.0.0-py3.10.egg-info
[1.971s] running install_scripts
[2.074s] Installing robot script to /home/lucas/ros2_ws/install/stage_challenge/lib/stage_challenge
[2.081s] Installing rrt script to /home/lucas/ros2_ws/install/stage_challenge/lib/stage_challenge
[2.082s] Installing rrt2 script to /home/lucas/ros2_ws/install/stage_challenge/lib/stage_challenge
[2.092s] writing list of installed files to '/home/lucas/ros2_ws/build/stage_challenge/install.log'
[2.185s] Invoked command in '/home/lucas/ros2_ws/src/stage_challenge' returned '0': PYTHONPATH=/home/lucas/ros2_ws/build/stage_challenge/prefix_override:/home/lucas/ros2_ws/install/stage_challenge/lib/python3.10/site-packages:${PYTHONPATH} /usr/bin/python3 -W ignore:setup.py install is deprecated setup.py egg_info --egg-base ../../build/stage_challenge build --build-base /home/lucas/ros2_ws/build/stage_challenge/build install --record /home/lucas/ros2_ws/build/stage_challenge/install.log --single-version-externally-managed install_data
