[1.348s] Invoking command in '/home/lucas/ros2_ws/src/my_py_pkg2': PYTHONPATH=/home/lucas/ros2_ws/build/my_py_pkg2/prefix_override:/home/lucas/ros2_ws/install/my_py_pkg2/lib/python3.10/site-packages:${PYTHONPATH} /usr/bin/python3 -W ignore:setup.py install is deprecated setup.py egg_info --egg-base ../../build/my_py_pkg2 build --build-base /home/lucas/ros2_ws/build/my_py_pkg2/build install --record /home/lucas/ros2_ws/build/my_py_pkg2/install.log --single-version-externally-managed install_data
[1.866s] running egg_info
[1.867s] writing ../../build/my_py_pkg2/my_py_pkg2.egg-info/PKG-INFO
[1.872s] writing dependency_links to ../../build/my_py_pkg2/my_py_pkg2.egg-info/dependency_links.txt
[1.873s] writing entry points to ../../build/my_py_pkg2/my_py_pkg2.egg-info/entry_points.txt
[1.875s] writing requirements to ../../build/my_py_pkg2/my_py_pkg2.egg-info/requires.txt
[1.876s] writing top-level names to ../../build/my_py_pkg2/my_py_pkg2.egg-info/top_level.txt
[1.879s] reading manifest file '../../build/my_py_pkg2/my_py_pkg2.egg-info/SOURCES.txt'
[1.881s] writing manifest file '../../build/my_py_pkg2/my_py_pkg2.egg-info/SOURCES.txt'
[1.882s] running build
[1.882s] running build_py
[1.883s] copying my_py_pkg2/add_two_numbers_client.py -> /home/lucas/ros2_ws/build/my_py_pkg2/build/lib/my_py_pkg2
[1.883s] running install
[1.884s] running install_lib
[1.885s] copying /home/lucas/ros2_ws/build/my_py_pkg2/build/lib/my_py_pkg2/add_two_numbers_client.py -> /home/lucas/ros2_ws/install/my_py_pkg2/lib/python3.10/site-packages/my_py_pkg2
[1.886s] byte-compiling /home/lucas/ros2_ws/install/my_py_pkg2/lib/python3.10/site-packages/my_py_pkg2/add_two_numbers_client.py to add_two_numbers_client.cpython-310.pyc
[1.901s] running install_data
[1.901s] running install_egg_info
[1.904s] removing '/home/lucas/ros2_ws/install/my_py_pkg2/lib/python3.10/site-packages/my_py_pkg2-0.0.0-py3.10.egg-info' (and everything under it)
[1.904s] Copying ../../build/my_py_pkg2/my_py_pkg2.egg-info to /home/lucas/ros2_ws/install/my_py_pkg2/lib/python3.10/site-packages/my_py_pkg2-0.0.0-py3.10.egg-info
[1.905s] running install_scripts
[1.946s] Installing add_two_ints script to /home/lucas/ros2_ws/install/my_py_pkg2/lib/my_py_pkg2
[1.948s] Installing add_two_ints_client script to /home/lucas/ros2_ws/install/my_py_pkg2/lib/my_py_pkg2
[1.950s] Installing publisher script to /home/lucas/ros2_ws/install/my_py_pkg2/lib/my_py_pkg2
[1.951s] Installing py_node script to /home/lucas/ros2_ws/install/my_py_pkg2/lib/my_py_pkg2
[1.952s] Installing subscriber script to /home/lucas/ros2_ws/install/my_py_pkg2/lib/my_py_pkg2
[1.954s] writing list of installed files to '/home/lucas/ros2_ws/build/my_py_pkg2/install.log'
[2.004s] Invoked command in '/home/lucas/ros2_ws/src/my_py_pkg2' returned '0': PYTHONPATH=/home/lucas/ros2_ws/build/my_py_pkg2/prefix_override:/home/lucas/ros2_ws/install/my_py_pkg2/lib/python3.10/site-packages:${PYTHONPATH} /usr/bin/python3 -W ignore:setup.py install is deprecated setup.py egg_info --egg-base ../../build/my_py_pkg2 build --build-base /home/lucas/ros2_ws/build/my_py_pkg2/build install --record /home/lucas/ros2_ws/build/my_py_pkg2/install.log --single-version-externally-managed install_data
