[0.060s] Invoking command in '/home/lucas/ros2_ws/build/stage_ros2': CMAKE_PREFIX_PATH=/home/lucas/ros2_ws/install/Stage:/home/lucas/ros2_ws/install/stage_ros2:/home/lucas/ros2_ws/install/my_cpp_pkg:/home/lucas/ros2_ws/install/stage_challenge:/home/lucas/ros2_ws/install/my_py_pkg2:/home/lucas/ros2_ws/install/my_py_pkg:/opt/ros/humble LD_LIBRARY_PATH=/home/lucas/ros2_ws/install/Stage/lib:/home/lucas/ros2_ws/install/stage_ros2/lib:/opt/ros/humble/opt/rviz_ogre_vendor/lib:/opt/ros/humble/lib/x86_64-linux-gnu:/opt/ros/humble/lib /usr/bin/cmake --build /home/lucas/ros2_ws/build/stage_ros2 -- -j1 -l1
[0.442s] [ 71%] Built target stage_node
[0.598s] [100%] Built target stage_ros2
[0.657s] Invoked command in '/home/lucas/ros2_ws/build/stage_ros2' returned '0': CMAKE_PREFIX_PATH=/home/lucas/ros2_ws/install/Stage:/home/lucas/ros2_ws/install/stage_ros2:/home/lucas/ros2_ws/install/my_cpp_pkg:/home/lucas/ros2_ws/install/stage_challenge:/home/lucas/ros2_ws/install/my_py_pkg2:/home/lucas/ros2_ws/install/my_py_pkg:/opt/ros/humble LD_LIBRARY_PATH=/home/lucas/ros2_ws/install/Stage/lib:/home/lucas/ros2_ws/install/stage_ros2/lib:/opt/ros/humble/opt/rviz_ogre_vendor/lib:/opt/ros/humble/lib/x86_64-linux-gnu:/opt/ros/humble/lib /usr/bin/cmake --build /home/lucas/ros2_ws/build/stage_ros2 -- -j1 -l1
[1.096s] Invoking command in '/home/lucas/ros2_ws/build/stage_ros2': CMAKE_PREFIX_PATH=/home/lucas/ros2_ws/install/Stage:/home/lucas/ros2_ws/install/stage_ros2:/home/lucas/ros2_ws/install/my_cpp_pkg:/home/lucas/ros2_ws/install/stage_challenge:/home/lucas/ros2_ws/install/my_py_pkg2:/home/lucas/ros2_ws/install/my_py_pkg:/opt/ros/humble LD_LIBRARY_PATH=/home/lucas/ros2_ws/install/Stage/lib:/home/lucas/ros2_ws/install/stage_ros2/lib:/opt/ros/humble/opt/rviz_ogre_vendor/lib:/opt/ros/humble/lib/x86_64-linux-gnu:/opt/ros/humble/lib /usr/bin/cmake --install /home/lucas/ros2_ws/build/stage_ros2
[1.154s] -- Install configuration: ""
[1.154s] -- Up-to-date: /home/lucas/ros2_ws/install/stage_ros2/share/stage_ros2/environment/library_path.sh
[1.154s] -- Up-to-date: /home/lucas/ros2_ws/install/stage_ros2/share/stage_ros2/environment/library_path.dsv
[1.155s] -- Up-to-date: /home/lucas/ros2_ws/install/stage_ros2/share/stage_ros2//launch
[1.155s] -- Up-to-date: /home/lucas/ros2_ws/install/stage_ros2/share/stage_ros2//launch/f710.launch.py
[1.155s] -- Up-to-date: /home/lucas/ros2_ws/install/stage_ros2/share/stage_ros2//launch/stage.launch.py
[1.155s] -- Up-to-date: /home/lucas/ros2_ws/install/stage_ros2/share/stage_ros2//launch/rviz.launch.py
[1.155s] -- Up-to-date: /home/lucas/ros2_ws/install/stage_ros2/share/stage_ros2//launch/demo.launch.py
[1.156s] -- Up-to-date: /home/lucas/ros2_ws/install/stage_ros2/share/stage_ros2//launch/rviz_ns.launch.py
[1.156s] -- Up-to-date: /home/lucas/ros2_ws/install/stage_ros2/share/stage_ros2//world
[1.156s] -- Up-to-date: /home/lucas/ros2_ws/install/stage_ros2/share/stage_ros2//world/bitmaps
[1.156s] -- Up-to-date: /home/lucas/ros2_ws/install/stage_ros2/share/stage_ros2//world/bitmaps/warehouse200.pgm
[1.167s] -- Up-to-date: /home/lucas/ros2_ws/install/stage_ros2/share/stage_ros2//world/bitmaps/straden.png
[1.168s] -- Up-to-date: /home/lucas/ros2_ws/install/stage_ros2/share/stage_ros2//world/bitmaps/line.png
[1.168s] -- Up-to-date: /home/lucas/ros2_ws/install/stage_ros2/share/stage_ros2//world/bitmaps/hallway.png
[1.168s] -- Up-to-date: /home/lucas/ros2_ws/install/stage_ros2/share/stage_ros2//world/bitmaps/warehouse008.pgm
[1.168s] -- Up-to-date: /home/lucas/ros2_ws/install/stage_ros2/share/stage_ros2//world/bitmaps/hallway.pgm
[1.168s] -- Up-to-date: /home/lucas/ros2_ws/install/stage_ros2/share/stage_ros2//world/bitmaps/cave.png
[1.169s] -- Up-to-date: /home/lucas/ros2_ws/install/stage_ros2/share/stage_ros2//world/bitmaps/warehouse032.pgm
[1.169s] -- Up-to-date: /home/lucas/ros2_ws/install/stage_ros2/share/stage_ros2//world/bitmaps/willow-full.pgm
[1.169s] -- Up-to-date: /home/lucas/ros2_ws/install/stage_ros2/share/stage_ros2//world/hallway.world
[1.169s] -- Up-to-date: /home/lucas/ros2_ws/install/stage_ros2/share/stage_ros2//world/lines.world
[1.169s] -- Up-to-date: /home/lucas/ros2_ws/install/stage_ros2/share/stage_ros2//world/willow-four-erratics-multisensor.world
[1.170s] -- Up-to-date: /home/lucas/ros2_ws/install/stage_ros2/share/stage_ros2//world/straden.world
[1.170s] -- Up-to-date: /home/lucas/ros2_ws/install/stage_ros2/share/stage_ros2//world/cave_three_robots.world
[1.170s] -- Up-to-date: /home/lucas/ros2_ws/install/stage_ros2/share/stage_ros2//world/cave.world
[1.170s] -- Up-to-date: /home/lucas/ros2_ws/install/stage_ros2/share/stage_ros2//world/include
[1.170s] -- Up-to-date: /home/lucas/ros2_ws/install/stage_ros2/share/stage_ros2//world/include/robots.inc
[1.171s] -- Up-to-date: /home/lucas/ros2_ws/install/stage_ros2/share/stage_ros2//world/include/pioneer2dx.inc
[1.171s] -- Up-to-date: /home/lucas/ros2_ws/install/stage_ros2/share/stage_ros2//world/cave_seven_robots.world
[1.171s] -- Up-to-date: /home/lucas/ros2_ws/install/stage_ros2/share/stage_ros2//config
[1.171s] -- Up-to-date: /home/lucas/ros2_ws/install/stage_ros2/share/stage_ros2//config/rviz
[1.171s] -- Up-to-date: /home/lucas/ros2_ws/install/stage_ros2/share/stage_ros2//config/rviz/robot_ns_depth.rviz
[1.172s] -- Up-to-date: /home/lucas/ros2_ws/install/stage_ros2/share/stage_ros2//config/rviz/robot0.rviz
[1.172s] -- Up-to-date: /home/lucas/ros2_ws/install/stage_ros2/share/stage_ros2//config/rviz/cave.rviz
[1.172s] -- Up-to-date: /home/lucas/ros2_ws/install/stage_ros2/share/stage_ros2//config/rviz/lines.rviz
[1.172s] -- Up-to-date: /home/lucas/ros2_ws/install/stage_ros2/share/stage_ros2//config/rviz/cave_three_robots.rviz
[1.172s] -- Up-to-date: /home/lucas/ros2_ws/install/stage_ros2/share/stage_ros2//config/rviz/cave_seven_robots.rviz
[1.172s] -- Up-to-date: /home/lucas/ros2_ws/install/stage_ros2/share/stage_ros2//config/rviz/robot_ns.rviz
[1.172s] -- Up-to-date: /home/lucas/ros2_ws/install/stage_ros2/share/stage_ros2//config/teleop_twist_joy
[1.172s] -- Up-to-date: /home/lucas/ros2_ws/install/stage_ros2/share/stage_ros2//config/teleop_twist_joy/f710.config.yaml
[1.173s] -- Up-to-date: /home/lucas/ros2_ws/install/stage_ros2/lib/libstage_node.so
[1.173s] -- Up-to-date: /home/lucas/ros2_ws/install/stage_ros2/lib/stage_ros2/stage_ros2
[1.174s] -- Up-to-date: /home/lucas/ros2_ws/install/stage_ros2/share/ament_index/resource_index/package_run_dependencies/stage_ros2
[1.174s] -- Up-to-date: /home/lucas/ros2_ws/install/stage_ros2/share/ament_index/resource_index/parent_prefix_path/stage_ros2
[1.174s] -- Up-to-date: /home/lucas/ros2_ws/install/stage_ros2/share/stage_ros2/environment/ament_prefix_path.sh
[1.174s] -- Up-to-date: /home/lucas/ros2_ws/install/stage_ros2/share/stage_ros2/environment/ament_prefix_path.dsv
[1.175s] -- Up-to-date: /home/lucas/ros2_ws/install/stage_ros2/share/stage_ros2/environment/path.sh
[1.175s] -- Up-to-date: /home/lucas/ros2_ws/install/stage_ros2/share/stage_ros2/environment/path.dsv
[1.175s] -- Up-to-date: /home/lucas/ros2_ws/install/stage_ros2/share/stage_ros2/local_setup.bash
[1.175s] -- Up-to-date: /home/lucas/ros2_ws/install/stage_ros2/share/stage_ros2/local_setup.sh
[1.176s] -- Up-to-date: /home/lucas/ros2_ws/install/stage_ros2/share/stage_ros2/local_setup.zsh
[1.176s] -- Up-to-date: /home/lucas/ros2_ws/install/stage_ros2/share/stage_ros2/local_setup.dsv
[1.176s] -- Installing: /home/lucas/ros2_ws/install/stage_ros2/share/stage_ros2/package.dsv
[1.186s] -- Up-to-date: /home/lucas/ros2_ws/install/stage_ros2/share/ament_index/resource_index/packages/stage_ros2
[1.186s] -- Up-to-date: /home/lucas/ros2_ws/install/stage_ros2/share/stage_ros2/cmake/stage_ros2Config.cmake
[1.186s] -- Up-to-date: /home/lucas/ros2_ws/install/stage_ros2/share/stage_ros2/cmake/stage_ros2Config-version.cmake
[1.186s] -- Up-to-date: /home/lucas/ros2_ws/install/stage_ros2/share/stage_ros2/package.xml
[1.210s] Invoked command in '/home/lucas/ros2_ws/build/stage_ros2' returned '0': CMAKE_PREFIX_PATH=/home/lucas/ros2_ws/install/Stage:/home/lucas/ros2_ws/install/stage_ros2:/home/lucas/ros2_ws/install/my_cpp_pkg:/home/lucas/ros2_ws/install/stage_challenge:/home/lucas/ros2_ws/install/my_py_pkg2:/home/lucas/ros2_ws/install/my_py_pkg:/opt/ros/humble LD_LIBRARY_PATH=/home/lucas/ros2_ws/install/Stage/lib:/home/lucas/ros2_ws/install/stage_ros2/lib:/opt/ros/humble/opt/rviz_ogre_vendor/lib:/opt/ros/humble/lib/x86_64-linux-gnu:/opt/ros/humble/lib /usr/bin/cmake --install /home/lucas/ros2_ws/build/stage_ros2
