[1.077s] DEBUG:colcon:Command line arguments: ['/usr/bin/colcon', 'build']
[1.077s] DEBUG:colcon:Parsed command line arguments: Namespace(log_base=None, log_level=None, verb_name='build', build_base='build', install_base='install', merge_install=False, symlink_install=False, test_result_base=None, continue_on_error=False, executor='parallel', parallel_workers=1, event_handlers=None, ignore_user_meta=False, metas=['./colcon.meta'], base_paths=['.'], packages_ignore=None, packages_ignore_regex=None, paths=None, packages_up_to=None, packages_up_to_regex=None, packages_above=None, packages_above_and_dependencies=None, packages_above_depth=None, packages_select_by_dep=None, packages_skip_by_dep=None, packages_skip_up_to=None, packages_select_build_failed=False, packages_skip_build_finished=False, packages_select_test_failures=False, packages_skip_test_passed=False, packages_select=None, packages_skip=None, packages_select_regex=None, packages_skip_regex=None, packages_start=None, packages_end=None, allow_overriding=[], bazel_args=None, bazel_task=None, cmake_args=None, cmake_target=None, cmake_target_skip_unavailable=False, cmake_clean_cache=False, cmake_clean_first=False, cmake_force_configure=False, meson_args=[], ament_cmake_args=None, catkin_cmake_args=None, catkin_skip_building_tests=False, mixin_files=None, mixin=None, verb_parser=<colcon_alias.argument_parser.alias.AliasArgumentDecorator object at 0x7ef4b25705e0>, verb_extension=<colcon_core.verb.build.BuildVerb object at 0x7ef4b2705ae0>, main=<bound method BuildVerb.main of <colcon_core.verb.build.BuildVerb object at 0x7ef4b2705ae0>>, mixin_verb=('build',))
[1.795s] Level 1:colcon.colcon_core.package_discovery:discover_packages(colcon_meta) check parameters
[1.795s] Level 1:colcon.colcon_core.package_discovery:discover_packages(recursive) check parameters
[1.795s] Level 1:colcon.colcon_core.package_discovery:discover_packages(ignore) check parameters
[1.795s] Level 1:colcon.colcon_core.package_discovery:discover_packages(path) check parameters
[1.795s] Level 1:colcon.colcon_core.package_discovery:discover_packages(colcon_meta) discover
[1.795s] Level 1:colcon.colcon_core.package_discovery:discover_packages(recursive) discover
[1.795s] INFO:colcon.colcon_core.package_discovery:Crawling recursively for packages in '/home/lucas/ros2_ws'
[1.796s] Level 1:colcon.colcon_core.package_identification:_identify(.) by extensions ['ignore', 'ignore_ament_install']
[1.796s] Level 1:colcon.colcon_core.package_identification:_identify(.) by extension 'ignore'
[1.796s] Level 1:colcon.colcon_core.package_identification:_identify(.) by extension 'ignore_ament_install'
[1.796s] Level 1:colcon.colcon_core.package_identification:_identify(.) by extensions ['colcon_pkg']
[1.796s] Level 1:colcon.colcon_core.package_identification:_identify(.) by extension 'colcon_pkg'
[1.796s] Level 1:colcon.colcon_core.package_identification:_identify(.) by extensions ['colcon_meta']
[1.796s] Level 1:colcon.colcon_core.package_identification:_identify(.) by extension 'colcon_meta'
[1.796s] Level 1:colcon.colcon_core.package_identification:_identify(.) by extensions ['ros']
[1.796s] Level 1:colcon.colcon_core.package_identification:_identify(.) by extension 'ros'
[1.802s] Level 1:colcon.colcon_core.package_identification:_identify(.) by extensions ['bazel', 'cmake', 'meson', 'python']
[1.802s] Level 1:colcon.colcon_core.package_identification:_identify(.) by extension 'bazel'
[1.802s] Level 1:colcon.colcon_core.package_identification:_identify(.) by extension 'cmake'
[1.802s] Level 1:colcon.colcon_core.package_identification:_identify(.) by extension 'meson'
[1.802s] Level 1:colcon.colcon_core.package_identification:_identify(.) by extension 'python'
[1.802s] Level 1:colcon.colcon_core.package_identification:_identify(.) by extensions ['python_setup_py']
[1.802s] Level 1:colcon.colcon_core.package_identification:_identify(.) by extension 'python_setup_py'
[1.802s] Level 1:colcon.colcon_core.package_identification:_identify(build) by extensions ['ignore', 'ignore_ament_install']
[1.803s] Level 1:colcon.colcon_core.package_identification:_identify(build) by extension 'ignore'
[1.803s] Level 1:colcon.colcon_core.package_identification:_identify(build) ignored
[1.829s] Level 1:colcon.colcon_core.package_identification:_identify(install) by extensions ['ignore', 'ignore_ament_install']
[1.829s] Level 1:colcon.colcon_core.package_identification:_identify(install) by extension 'ignore'
[1.829s] Level 1:colcon.colcon_core.package_identification:_identify(install) ignored
[1.829s] Level 1:colcon.colcon_core.package_identification:_identify(log) by extensions ['ignore', 'ignore_ament_install']
[1.830s] Level 1:colcon.colcon_core.package_identification:_identify(log) by extension 'ignore'
[1.830s] Level 1:colcon.colcon_core.package_identification:_identify(log) ignored
[1.830s] Level 1:colcon.colcon_core.package_identification:_identify(rosbag2_2024_06_23-17_14_13) by extensions ['ignore', 'ignore_ament_install']
[1.830s] Level 1:colcon.colcon_core.package_identification:_identify(rosbag2_2024_06_23-17_14_13) by extension 'ignore'
[1.830s] Level 1:colcon.colcon_core.package_identification:_identify(rosbag2_2024_06_23-17_14_13) by extension 'ignore_ament_install'
[1.830s] Level 1:colcon.colcon_core.package_identification:_identify(rosbag2_2024_06_23-17_14_13) by extensions ['colcon_pkg']
[1.830s] Level 1:colcon.colcon_core.package_identification:_identify(rosbag2_2024_06_23-17_14_13) by extension 'colcon_pkg'
[1.830s] Level 1:colcon.colcon_core.package_identification:_identify(rosbag2_2024_06_23-17_14_13) by extensions ['colcon_meta']
[1.830s] Level 1:colcon.colcon_core.package_identification:_identify(rosbag2_2024_06_23-17_14_13) by extension 'colcon_meta'
[1.830s] Level 1:colcon.colcon_core.package_identification:_identify(rosbag2_2024_06_23-17_14_13) by extensions ['ros']
[1.830s] Level 1:colcon.colcon_core.package_identification:_identify(rosbag2_2024_06_23-17_14_13) by extension 'ros'
[1.830s] Level 1:colcon.colcon_core.package_identification:_identify(rosbag2_2024_06_23-17_14_13) by extensions ['bazel', 'cmake', 'meson', 'python']
[1.830s] Level 1:colcon.colcon_core.package_identification:_identify(rosbag2_2024_06_23-17_14_13) by extension 'bazel'
[1.830s] Level 1:colcon.colcon_core.package_identification:_identify(rosbag2_2024_06_23-17_14_13) by extension 'cmake'
[1.830s] Level 1:colcon.colcon_core.package_identification:_identify(rosbag2_2024_06_23-17_14_13) by extension 'meson'
[1.830s] Level 1:colcon.colcon_core.package_identification:_identify(rosbag2_2024_06_23-17_14_13) by extension 'python'
[1.831s] Level 1:colcon.colcon_core.package_identification:_identify(rosbag2_2024_06_23-17_14_13) by extensions ['python_setup_py']
[1.831s] Level 1:colcon.colcon_core.package_identification:_identify(rosbag2_2024_06_23-17_14_13) by extension 'python_setup_py'
[1.831s] Level 1:colcon.colcon_core.package_identification:_identify(src) by extensions ['ignore', 'ignore_ament_install']
[1.831s] Level 1:colcon.colcon_core.package_identification:_identify(src) by extension 'ignore'
[1.831s] Level 1:colcon.colcon_core.package_identification:_identify(src) by extension 'ignore_ament_install'
[1.831s] Level 1:colcon.colcon_core.package_identification:_identify(src) by extensions ['colcon_pkg']
[1.831s] Level 1:colcon.colcon_core.package_identification:_identify(src) by extension 'colcon_pkg'
[1.831s] Level 1:colcon.colcon_core.package_identification:_identify(src) by extensions ['colcon_meta']
[1.831s] Level 1:colcon.colcon_core.package_identification:_identify(src) by extension 'colcon_meta'
[1.831s] Level 1:colcon.colcon_core.package_identification:_identify(src) by extensions ['ros']
[1.831s] Level 1:colcon.colcon_core.package_identification:_identify(src) by extension 'ros'
[1.831s] Level 1:colcon.colcon_core.package_identification:_identify(src) by extensions ['bazel', 'cmake', 'meson', 'python']
[1.831s] Level 1:colcon.colcon_core.package_identification:_identify(src) by extension 'bazel'
[1.831s] Level 1:colcon.colcon_core.package_identification:_identify(src) by extension 'cmake'
[1.831s] Level 1:colcon.colcon_core.package_identification:_identify(src) by extension 'meson'
[1.831s] Level 1:colcon.colcon_core.package_identification:_identify(src) by extension 'python'
[1.831s] Level 1:colcon.colcon_core.package_identification:_identify(src) by extensions ['python_setup_py']
[1.832s] Level 1:colcon.colcon_core.package_identification:_identify(src) by extension 'python_setup_py'
[1.832s] Level 1:colcon.colcon_core.package_identification:_identify(src/Stage-ros2) by extensions ['ignore', 'ignore_ament_install']
[1.832s] Level 1:colcon.colcon_core.package_identification:_identify(src/Stage-ros2) by extension 'ignore'
[1.832s] Level 1:colcon.colcon_core.package_identification:_identify(src/Stage-ros2) by extension 'ignore_ament_install'
[1.832s] Level 1:colcon.colcon_core.package_identification:_identify(src/Stage-ros2) by extensions ['colcon_pkg']
[1.832s] Level 1:colcon.colcon_core.package_identification:_identify(src/Stage-ros2) by extension 'colcon_pkg'
[1.832s] Level 1:colcon.colcon_core.package_identification:_identify(src/Stage-ros2) by extensions ['colcon_meta']
[1.832s] Level 1:colcon.colcon_core.package_identification:_identify(src/Stage-ros2) by extension 'colcon_meta'
[1.832s] Level 1:colcon.colcon_core.package_identification:_identify(src/Stage-ros2) by extensions ['ros']
[1.832s] Level 1:colcon.colcon_core.package_identification:_identify(src/Stage-ros2) by extension 'ros'
[1.832s] Level 1:colcon.colcon_core.package_identification:_identify(src/Stage-ros2) by extensions ['bazel', 'cmake', 'meson', 'python']
[1.832s] Level 1:colcon.colcon_core.package_identification:_identify(src/Stage-ros2) by extension 'bazel'
[1.832s] Level 1:colcon.colcon_core.package_identification:_identify(src/Stage-ros2) by extension 'cmake'
[1.837s] Level 1:colcon.colcon_core.package_identification:_identify(src/Stage-ros2) by extension 'meson'
[1.838s] Level 1:colcon.colcon_core.package_identification:_identify(src/Stage-ros2) by extension 'python'
[1.838s] DEBUG:colcon.colcon_core.package_identification:Package 'src/Stage-ros2' with type 'cmake' and name 'Stage'
[1.838s] Level 1:colcon.colcon_core.package_identification:_identify(src/my_cpp_pkg) by extensions ['ignore', 'ignore_ament_install']
[1.838s] Level 1:colcon.colcon_core.package_identification:_identify(src/my_cpp_pkg) by extension 'ignore'
[1.838s] Level 1:colcon.colcon_core.package_identification:_identify(src/my_cpp_pkg) by extension 'ignore_ament_install'
[1.838s] Level 1:colcon.colcon_core.package_identification:_identify(src/my_cpp_pkg) by extensions ['colcon_pkg']
[1.838s] Level 1:colcon.colcon_core.package_identification:_identify(src/my_cpp_pkg) by extension 'colcon_pkg'
[1.838s] Level 1:colcon.colcon_core.package_identification:_identify(src/my_cpp_pkg) by extensions ['colcon_meta']
[1.838s] Level 1:colcon.colcon_core.package_identification:_identify(src/my_cpp_pkg) by extension 'colcon_meta'
[1.838s] Level 1:colcon.colcon_core.package_identification:_identify(src/my_cpp_pkg) by extensions ['ros']
[1.838s] Level 1:colcon.colcon_core.package_identification:_identify(src/my_cpp_pkg) by extension 'ros'
[1.853s] DEBUG:colcon.colcon_core.package_identification:Package 'src/my_cpp_pkg' with type 'ros.ament_cmake' and name 'my_cpp_pkg'
[1.853s] Level 1:colcon.colcon_core.package_identification:_identify(src/my_py_pkg) by extensions ['ignore', 'ignore_ament_install']
[1.854s] Level 1:colcon.colcon_core.package_identification:_identify(src/my_py_pkg) by extension 'ignore'
[1.854s] Level 1:colcon.colcon_core.package_identification:_identify(src/my_py_pkg) by extension 'ignore_ament_install'
[1.854s] Level 1:colcon.colcon_core.package_identification:_identify(src/my_py_pkg) by extensions ['colcon_pkg']
[1.854s] Level 1:colcon.colcon_core.package_identification:_identify(src/my_py_pkg) by extension 'colcon_pkg'
[1.854s] Level 1:colcon.colcon_core.package_identification:_identify(src/my_py_pkg) by extensions ['colcon_meta']
[1.854s] Level 1:colcon.colcon_core.package_identification:_identify(src/my_py_pkg) by extension 'colcon_meta'
[1.854s] Level 1:colcon.colcon_core.package_identification:_identify(src/my_py_pkg) by extensions ['ros']
[1.854s] Level 1:colcon.colcon_core.package_identification:_identify(src/my_py_pkg) by extension 'ros'
[1.855s] DEBUG:colcon.colcon_core.package_identification:Package 'src/my_py_pkg' with type 'ros.ament_python' and name 'my_py_pkg'
[1.855s] Level 1:colcon.colcon_core.package_identification:_identify(src/my_py_pkg2) by extensions ['ignore', 'ignore_ament_install']
[1.855s] Level 1:colcon.colcon_core.package_identification:_identify(src/my_py_pkg2) by extension 'ignore'
[1.855s] Level 1:colcon.colcon_core.package_identification:_identify(src/my_py_pkg2) by extension 'ignore_ament_install'
[1.855s] Level 1:colcon.colcon_core.package_identification:_identify(src/my_py_pkg2) by extensions ['colcon_pkg']
[1.855s] Level 1:colcon.colcon_core.package_identification:_identify(src/my_py_pkg2) by extension 'colcon_pkg'
[1.855s] Level 1:colcon.colcon_core.package_identification:_identify(src/my_py_pkg2) by extensions ['colcon_meta']
[1.855s] Level 1:colcon.colcon_core.package_identification:_identify(src/my_py_pkg2) by extension 'colcon_meta'
[1.855s] Level 1:colcon.colcon_core.package_identification:_identify(src/my_py_pkg2) by extensions ['ros']
[1.855s] Level 1:colcon.colcon_core.package_identification:_identify(src/my_py_pkg2) by extension 'ros'
[1.856s] DEBUG:colcon.colcon_core.package_identification:Package 'src/my_py_pkg2' with type 'ros.ament_python' and name 'my_py_pkg2'
[1.856s] Level 1:colcon.colcon_core.package_identification:_identify(src/stage_challenge) by extensions ['ignore', 'ignore_ament_install']
[1.856s] Level 1:colcon.colcon_core.package_identification:_identify(src/stage_challenge) by extension 'ignore'
[1.856s] Level 1:colcon.colcon_core.package_identification:_identify(src/stage_challenge) by extension 'ignore_ament_install'
[1.857s] Level 1:colcon.colcon_core.package_identification:_identify(src/stage_challenge) by extensions ['colcon_pkg']
[1.857s] Level 1:colcon.colcon_core.package_identification:_identify(src/stage_challenge) by extension 'colcon_pkg'
[1.857s] Level 1:colcon.colcon_core.package_identification:_identify(src/stage_challenge) by extensions ['colcon_meta']
[1.857s] Level 1:colcon.colcon_core.package_identification:_identify(src/stage_challenge) by extension 'colcon_meta'
[1.857s] Level 1:colcon.colcon_core.package_identification:_identify(src/stage_challenge) by extensions ['ros']
[1.857s] Level 1:colcon.colcon_core.package_identification:_identify(src/stage_challenge) by extension 'ros'
[1.858s] DEBUG:colcon.colcon_core.package_identification:Package 'src/stage_challenge' with type 'ros.ament_python' and name 'stage_challenge'
[1.858s] Level 1:colcon.colcon_core.package_identification:_identify(src/stage_ros2-humble) by extensions ['ignore', 'ignore_ament_install']
[1.858s] Level 1:colcon.colcon_core.package_identification:_identify(src/stage_ros2-humble) by extension 'ignore'
[1.858s] Level 1:colcon.colcon_core.package_identification:_identify(src/stage_ros2-humble) by extension 'ignore_ament_install'
[1.858s] Level 1:colcon.colcon_core.package_identification:_identify(src/stage_ros2-humble) by extensions ['colcon_pkg']
[1.858s] Level 1:colcon.colcon_core.package_identification:_identify(src/stage_ros2-humble) by extension 'colcon_pkg'
[1.858s] Level 1:colcon.colcon_core.package_identification:_identify(src/stage_ros2-humble) by extensions ['colcon_meta']
[1.858s] Level 1:colcon.colcon_core.package_identification:_identify(src/stage_ros2-humble) by extension 'colcon_meta'
[1.858s] Level 1:colcon.colcon_core.package_identification:_identify(src/stage_ros2-humble) by extensions ['ros']
[1.858s] Level 1:colcon.colcon_core.package_identification:_identify(src/stage_ros2-humble) by extension 'ros'
[1.859s] DEBUG:colcon.colcon_core.package_identification:Package 'src/stage_ros2-humble' with type 'ros.ament_cmake' and name 'stage_ros2'
[1.859s] Level 1:colcon.colcon_core.package_discovery:discover_packages(recursive) using defaults
[1.859s] Level 1:colcon.colcon_core.package_discovery:discover_packages(ignore) discover
[1.859s] Level 1:colcon.colcon_core.package_discovery:discover_packages(ignore) using defaults
[1.859s] Level 1:colcon.colcon_core.package_discovery:discover_packages(path) discover
[1.859s] Level 1:colcon.colcon_core.package_discovery:discover_packages(path) using defaults
[1.929s] Level 1:colcon.colcon_core.package_discovery:discover_packages(prefix_path) check parameters
[1.929s] Level 1:colcon.colcon_core.package_discovery:discover_packages(prefix_path) discover
[1.932s] DEBUG:colcon.colcon_installed_package_information.package_discovery:Found 6 installed packages in /home/lucas/ros2_ws/install
[1.957s] DEBUG:colcon.colcon_installed_package_information.package_discovery:Found 270 installed packages in /opt/ros/humble
[1.958s] Level 1:colcon.colcon_core.package_discovery:discover_packages(prefix_path) using defaults
[2.107s] Level 5:colcon.colcon_core.verb:set package 'Stage' build argument 'bazel_args' from command line to 'None'
[2.107s] Level 5:colcon.colcon_core.verb:set package 'Stage' build argument 'bazel_task' from command line to 'None'
[2.107s] Level 5:colcon.colcon_core.verb:set package 'Stage' build argument 'cmake_args' from command line to 'None'
[2.107s] Level 5:colcon.colcon_core.verb:set package 'Stage' build argument 'cmake_target' from command line to 'None'
[2.107s] Level 5:colcon.colcon_core.verb:set package 'Stage' build argument 'cmake_target_skip_unavailable' from command line to 'False'
[2.107s] Level 5:colcon.colcon_core.verb:set package 'Stage' build argument 'cmake_clean_cache' from command line to 'False'
[2.108s] Level 5:colcon.colcon_core.verb:set package 'Stage' build argument 'cmake_clean_first' from command line to 'False'
[2.108s] Level 5:colcon.colcon_core.verb:set package 'Stage' build argument 'cmake_force_configure' from command line to 'False'
[2.108s] Level 5:colcon.colcon_core.verb:set package 'Stage' build argument 'meson_args' from command line to '[]'
[2.108s] Level 5:colcon.colcon_core.verb:set package 'Stage' build argument 'ament_cmake_args' from command line to 'None'
[2.108s] Level 5:colcon.colcon_core.verb:set package 'Stage' build argument 'catkin_cmake_args' from command line to 'None'
[2.108s] Level 5:colcon.colcon_core.verb:set package 'Stage' build argument 'catkin_skip_building_tests' from command line to 'False'
[2.108s] DEBUG:colcon.colcon_core.verb:Building package 'Stage' with the following arguments: {'ament_cmake_args': None, 'bazel_args': None, 'bazel_task': None, 'build_base': '/home/lucas/ros2_ws/build/Stage', 'catkin_cmake_args': None, 'catkin_skip_building_tests': False, 'cmake_args': None, 'cmake_clean_cache': False, 'cmake_clean_first': False, 'cmake_force_configure': False, 'cmake_target': None, 'cmake_target_skip_unavailable': False, 'install_base': '/home/lucas/ros2_ws/install/Stage', 'merge_install': False, 'meson_args': [], 'path': '/home/lucas/ros2_ws/src/Stage-ros2', 'symlink_install': False, 'test_result_base': None}
[2.186s] Level 5:colcon.colcon_core.verb:set package 'my_py_pkg' build argument 'bazel_args' from command line to 'None'
[2.186s] Level 5:colcon.colcon_core.verb:set package 'my_py_pkg' build argument 'bazel_task' from command line to 'None'
[2.186s] Level 5:colcon.colcon_core.verb:set package 'my_py_pkg' build argument 'cmake_args' from command line to 'None'
[2.186s] Level 5:colcon.colcon_core.verb:set package 'my_py_pkg' build argument 'cmake_target' from command line to 'None'
[2.186s] Level 5:colcon.colcon_core.verb:set package 'my_py_pkg' build argument 'cmake_target_skip_unavailable' from command line to 'False'
[2.186s] Level 5:colcon.colcon_core.verb:set package 'my_py_pkg' build argument 'cmake_clean_cache' from command line to 'False'
[2.186s] Level 5:colcon.colcon_core.verb:set package 'my_py_pkg' build argument 'cmake_clean_first' from command line to 'False'
[2.186s] Level 5:colcon.colcon_core.verb:set package 'my_py_pkg' build argument 'cmake_force_configure' from command line to 'False'
[2.186s] Level 5:colcon.colcon_core.verb:set package 'my_py_pkg' build argument 'meson_args' from command line to '[]'
[2.186s] Level 5:colcon.colcon_core.verb:set package 'my_py_pkg' build argument 'ament_cmake_args' from command line to 'None'
[2.186s] Level 5:colcon.colcon_core.verb:set package 'my_py_pkg' build argument 'catkin_cmake_args' from command line to 'None'
[2.186s] Level 5:colcon.colcon_core.verb:set package 'my_py_pkg' build argument 'catkin_skip_building_tests' from command line to 'False'
[2.186s] DEBUG:colcon.colcon_core.verb:Building package 'my_py_pkg' with the following arguments: {'ament_cmake_args': None, 'bazel_args': None, 'bazel_task': None, 'build_base': '/home/lucas/ros2_ws/build/my_py_pkg', 'catkin_cmake_args': None, 'catkin_skip_building_tests': False, 'cmake_args': None, 'cmake_clean_cache': False, 'cmake_clean_first': False, 'cmake_force_configure': False, 'cmake_target': None, 'cmake_target_skip_unavailable': False, 'install_base': '/home/lucas/ros2_ws/install/my_py_pkg', 'merge_install': False, 'meson_args': [], 'path': '/home/lucas/ros2_ws/src/my_py_pkg', 'symlink_install': False, 'test_result_base': None}
[2.245s] Level 5:colcon.colcon_core.verb:set package 'my_py_pkg2' build argument 'bazel_args' from command line to 'None'
[2.245s] Level 5:colcon.colcon_core.verb:set package 'my_py_pkg2' build argument 'bazel_task' from command line to 'None'
[2.245s] Level 5:colcon.colcon_core.verb:set package 'my_py_pkg2' build argument 'cmake_args' from command line to 'None'
[2.245s] Level 5:colcon.colcon_core.verb:set package 'my_py_pkg2' build argument 'cmake_target' from command line to 'None'
[2.245s] Level 5:colcon.colcon_core.verb:set package 'my_py_pkg2' build argument 'cmake_target_skip_unavailable' from command line to 'False'
[2.245s] Level 5:colcon.colcon_core.verb:set package 'my_py_pkg2' build argument 'cmake_clean_cache' from command line to 'False'
[2.245s] Level 5:colcon.colcon_core.verb:set package 'my_py_pkg2' build argument 'cmake_clean_first' from command line to 'False'
[2.245s] Level 5:colcon.colcon_core.verb:set package 'my_py_pkg2' build argument 'cmake_force_configure' from command line to 'False'
[2.245s] Level 5:colcon.colcon_core.verb:set package 'my_py_pkg2' build argument 'meson_args' from command line to '[]'
[2.245s] Level 5:colcon.colcon_core.verb:set package 'my_py_pkg2' build argument 'ament_cmake_args' from command line to 'None'
[2.245s] Level 5:colcon.colcon_core.verb:set package 'my_py_pkg2' build argument 'catkin_cmake_args' from command line to 'None'
[2.246s] Level 5:colcon.colcon_core.verb:set package 'my_py_pkg2' build argument 'catkin_skip_building_tests' from command line to 'False'
[2.246s] DEBUG:colcon.colcon_core.verb:Building package 'my_py_pkg2' with the following arguments: {'ament_cmake_args': None, 'bazel_args': None, 'bazel_task': None, 'build_base': '/home/lucas/ros2_ws/build/my_py_pkg2', 'catkin_cmake_args': None, 'catkin_skip_building_tests': False, 'cmake_args': None, 'cmake_clean_cache': False, 'cmake_clean_first': False, 'cmake_force_configure': False, 'cmake_target': None, 'cmake_target_skip_unavailable': False, 'install_base': '/home/lucas/ros2_ws/install/my_py_pkg2', 'merge_install': False, 'meson_args': [], 'path': '/home/lucas/ros2_ws/src/my_py_pkg2', 'symlink_install': False, 'test_result_base': None}
[2.282s] Level 5:colcon.colcon_core.verb:set package 'stage_challenge' build argument 'bazel_args' from command line to 'None'
[2.283s] Level 5:colcon.colcon_core.verb:set package 'stage_challenge' build argument 'bazel_task' from command line to 'None'
[2.283s] Level 5:colcon.colcon_core.verb:set package 'stage_challenge' build argument 'cmake_args' from command line to 'None'
[2.283s] Level 5:colcon.colcon_core.verb:set package 'stage_challenge' build argument 'cmake_target' from command line to 'None'
[2.283s] Level 5:colcon.colcon_core.verb:set package 'stage_challenge' build argument 'cmake_target_skip_unavailable' from command line to 'False'
[2.283s] Level 5:colcon.colcon_core.verb:set package 'stage_challenge' build argument 'cmake_clean_cache' from command line to 'False'
[2.283s] Level 5:colcon.colcon_core.verb:set package 'stage_challenge' build argument 'cmake_clean_first' from command line to 'False'
[2.283s] Level 5:colcon.colcon_core.verb:set package 'stage_challenge' build argument 'cmake_force_configure' from command line to 'False'
[2.283s] Level 5:colcon.colcon_core.verb:set package 'stage_challenge' build argument 'meson_args' from command line to '[]'
[2.283s] Level 5:colcon.colcon_core.verb:set package 'stage_challenge' build argument 'ament_cmake_args' from command line to 'None'
[2.283s] Level 5:colcon.colcon_core.verb:set package 'stage_challenge' build argument 'catkin_cmake_args' from command line to 'None'
[2.283s] Level 5:colcon.colcon_core.verb:set package 'stage_challenge' build argument 'catkin_skip_building_tests' from command line to 'False'
[2.283s] DEBUG:colcon.colcon_core.verb:Building package 'stage_challenge' with the following arguments: {'ament_cmake_args': None, 'bazel_args': None, 'bazel_task': None, 'build_base': '/home/lucas/ros2_ws/build/stage_challenge', 'catkin_cmake_args': None, 'catkin_skip_building_tests': False, 'cmake_args': None, 'cmake_clean_cache': False, 'cmake_clean_first': False, 'cmake_force_configure': False, 'cmake_target': None, 'cmake_target_skip_unavailable': False, 'install_base': '/home/lucas/ros2_ws/install/stage_challenge', 'merge_install': False, 'meson_args': [], 'path': '/home/lucas/ros2_ws/src/stage_challenge', 'symlink_install': False, 'test_result_base': None}
[2.351s] Level 5:colcon.colcon_core.verb:set package 'my_cpp_pkg' build argument 'bazel_args' from command line to 'None'
[2.351s] Level 5:colcon.colcon_core.verb:set package 'my_cpp_pkg' build argument 'bazel_task' from command line to 'None'
[2.351s] Level 5:colcon.colcon_core.verb:set package 'my_cpp_pkg' build argument 'cmake_args' from command line to 'None'
[2.351s] Level 5:colcon.colcon_core.verb:set package 'my_cpp_pkg' build argument 'cmake_target' from command line to 'None'
[2.351s] Level 5:colcon.colcon_core.verb:set package 'my_cpp_pkg' build argument 'cmake_target_skip_unavailable' from command line to 'False'
[2.351s] Level 5:colcon.colcon_core.verb:set package 'my_cpp_pkg' build argument 'cmake_clean_cache' from command line to 'False'
[2.351s] Level 5:colcon.colcon_core.verb:set package 'my_cpp_pkg' build argument 'cmake_clean_first' from command line to 'False'
[2.351s] Level 5:colcon.colcon_core.verb:set package 'my_cpp_pkg' build argument 'cmake_force_configure' from command line to 'False'
[2.352s] Level 5:colcon.colcon_core.verb:set package 'my_cpp_pkg' build argument 'meson_args' from command line to '[]'
[2.352s] Level 5:colcon.colcon_core.verb:set package 'my_cpp_pkg' build argument 'ament_cmake_args' from command line to 'None'
[2.352s] Level 5:colcon.colcon_core.verb:set package 'my_cpp_pkg' build argument 'catkin_cmake_args' from command line to 'None'
[2.352s] Level 5:colcon.colcon_core.verb:set package 'my_cpp_pkg' build argument 'catkin_skip_building_tests' from command line to 'False'
[2.352s] DEBUG:colcon.colcon_core.verb:Building package 'my_cpp_pkg' with the following arguments: {'ament_cmake_args': None, 'bazel_args': None, 'bazel_task': None, 'build_base': '/home/lucas/ros2_ws/build/my_cpp_pkg', 'catkin_cmake_args': None, 'catkin_skip_building_tests': False, 'cmake_args': None, 'cmake_clean_cache': False, 'cmake_clean_first': False, 'cmake_force_configure': False, 'cmake_target': None, 'cmake_target_skip_unavailable': False, 'install_base': '/home/lucas/ros2_ws/install/my_cpp_pkg', 'merge_install': False, 'meson_args': [], 'path': '/home/lucas/ros2_ws/src/my_cpp_pkg', 'symlink_install': False, 'test_result_base': None}
[2.378s] Level 5:colcon.colcon_core.verb:set package 'stage_ros2' build argument 'bazel_args' from command line to 'None'
[2.379s] Level 5:colcon.colcon_core.verb:set package 'stage_ros2' build argument 'bazel_task' from command line to 'None'
[2.379s] Level 5:colcon.colcon_core.verb:set package 'stage_ros2' build argument 'cmake_args' from command line to 'None'
[2.379s] Level 5:colcon.colcon_core.verb:set package 'stage_ros2' build argument 'cmake_target' from command line to 'None'
[2.379s] Level 5:colcon.colcon_core.verb:set package 'stage_ros2' build argument 'cmake_target_skip_unavailable' from command line to 'False'
[2.379s] Level 5:colcon.colcon_core.verb:set package 'stage_ros2' build argument 'cmake_clean_cache' from command line to 'False'
[2.379s] Level 5:colcon.colcon_core.verb:set package 'stage_ros2' build argument 'cmake_clean_first' from command line to 'False'
[2.379s] Level 5:colcon.colcon_core.verb:set package 'stage_ros2' build argument 'cmake_force_configure' from command line to 'False'
[2.379s] Level 5:colcon.colcon_core.verb:set package 'stage_ros2' build argument 'meson_args' from command line to '[]'
[2.379s] Level 5:colcon.colcon_core.verb:set package 'stage_ros2' build argument 'ament_cmake_args' from command line to 'None'
[2.379s] Level 5:colcon.colcon_core.verb:set package 'stage_ros2' build argument 'catkin_cmake_args' from command line to 'None'
[2.379s] Level 5:colcon.colcon_core.verb:set package 'stage_ros2' build argument 'catkin_skip_building_tests' from command line to 'False'
[2.379s] DEBUG:colcon.colcon_core.verb:Building package 'stage_ros2' with the following arguments: {'ament_cmake_args': None, 'bazel_args': None, 'bazel_task': None, 'build_base': '/home/lucas/ros2_ws/build/stage_ros2', 'catkin_cmake_args': None, 'catkin_skip_building_tests': False, 'cmake_args': None, 'cmake_clean_cache': False, 'cmake_clean_first': False, 'cmake_force_configure': False, 'cmake_target': None, 'cmake_target_skip_unavailable': False, 'install_base': '/home/lucas/ros2_ws/install/stage_ros2', 'merge_install': False, 'meson_args': [], 'path': '/home/lucas/ros2_ws/src/stage_ros2-humble', 'symlink_install': False, 'test_result_base': None}
[2.379s] INFO:colcon.colcon_core.executor:Executing jobs using 'parallel' executor
[2.391s] DEBUG:colcon.colcon_parallel_executor.executor.parallel:run_until_complete
[2.392s] INFO:colcon.colcon_cmake.task.cmake.build:Building CMake package in '/home/lucas/ros2_ws/src/Stage-ros2'
[2.394s] INFO:colcon.colcon_core.plugin_system:Skipping extension 'colcon_core.shell.bat': Not used on non-Windows systems
[2.394s] DEBUG:colcon.colcon_ros_domain_id_coordinator.shell.ros_domain_id:Allocated ROS_DOMAIN_ID=48 for '/home/lucas/ros2_ws/build/Stage'
[2.394s] INFO:colcon.colcon_core.shell:Skip shell extension 'ros_domain_id' for command environment: 
[2.395s] INFO:colcon.colcon_core.shell:Skip shell extension 'powershell' for command environment: Not usable outside of PowerShell
[2.395s] DEBUG:colcon.colcon_core.shell:Skip shell extension 'dsv' for command environment
[2.455s] DEBUG:colcon.colcon_core.event_handler.log_command:Invoking command in '/home/lucas/ros2_ws/build/Stage': /usr/bin/cmake --build /home/lucas/ros2_ws/build/Stage -- -j1 -l1
[4.627s] DEBUG:colcon.colcon_core.event_handler.log_command:Invoked command in '/home/lucas/ros2_ws/build/Stage' returned '0': /usr/bin/cmake --build /home/lucas/ros2_ws/build/Stage -- -j1 -l1
[5.108s] DEBUG:colcon.colcon_core.event_handler.log_command:Invoking command in '/home/lucas/ros2_ws/build/Stage': /usr/bin/cmake --install /home/lucas/ros2_ws/build/Stage
[5.225s] Level 1:colcon.colcon_core.environment:create_environment_scripts_only(Stage)
[5.227s] Level 1:colcon.colcon_core.environment:checking '/home/lucas/ros2_ws/install/Stage' for CMake module files
[5.228s] Level 1:colcon.colcon_core.environment:checking '/home/lucas/ros2_ws/install/Stage' for CMake config files
[5.228s] Level 1:colcon.colcon_core.shell:create_environment_hook('Stage', 'cmake_prefix_path')
[5.229s] INFO:colcon.colcon_core.shell:Creating environment hook '/home/lucas/ros2_ws/install/Stage/share/Stage/hook/cmake_prefix_path.ps1'
[5.253s] DEBUG:colcon.colcon_core.event_handler.log_command:Invoked command in '/home/lucas/ros2_ws/build/Stage' returned '0': /usr/bin/cmake --install /home/lucas/ros2_ws/build/Stage
[5.253s] INFO:colcon.colcon_core.shell:Creating environment descriptor '/home/lucas/ros2_ws/install/Stage/share/Stage/hook/cmake_prefix_path.dsv'
[5.255s] INFO:colcon.colcon_core.shell:Creating environment hook '/home/lucas/ros2_ws/install/Stage/share/Stage/hook/cmake_prefix_path.sh'
[5.257s] Level 1:colcon.colcon_core.environment:checking '/home/lucas/ros2_ws/install/Stage/lib'
[5.257s] Level 1:colcon.colcon_core.shell:create_environment_hook('Stage', 'ld_library_path_lib')
[5.257s] INFO:colcon.colcon_core.shell:Creating environment hook '/home/lucas/ros2_ws/install/Stage/share/Stage/hook/ld_library_path_lib.ps1'
[5.284s] INFO:colcon.colcon_core.shell:Creating environment descriptor '/home/lucas/ros2_ws/install/Stage/share/Stage/hook/ld_library_path_lib.dsv'
[5.284s] INFO:colcon.colcon_core.shell:Creating environment hook '/home/lucas/ros2_ws/install/Stage/share/Stage/hook/ld_library_path_lib.sh'
[5.287s] Level 1:colcon.colcon_core.environment:checking '/home/lucas/ros2_ws/install/Stage/bin'
[5.287s] Level 1:colcon.colcon_core.shell:create_environment_hook('Stage', 'path')
[5.287s] INFO:colcon.colcon_core.shell:Creating environment hook '/home/lucas/ros2_ws/install/Stage/share/Stage/hook/path.ps1'
[5.289s] INFO:colcon.colcon_core.shell:Creating environment descriptor '/home/lucas/ros2_ws/install/Stage/share/Stage/hook/path.dsv'
[5.290s] INFO:colcon.colcon_core.shell:Creating environment hook '/home/lucas/ros2_ws/install/Stage/share/Stage/hook/path.sh'
[5.291s] Level 1:colcon.colcon_core.environment:checking '/home/lucas/ros2_ws/install/Stage/lib/pkgconfig/Stage.pc'
[5.292s] Level 1:colcon.colcon_core.environment:checking '/home/lucas/ros2_ws/install/Stage/lib/python3.10/site-packages'
[5.292s] Level 1:colcon.colcon_core.environment:checking '/home/lucas/ros2_ws/install/Stage/bin'
[5.292s] Level 1:colcon.colcon_core.shell:create_environment_hook('Stage', 'pythonscriptspath')
[5.292s] INFO:colcon.colcon_core.shell:Creating environment hook '/home/lucas/ros2_ws/install/Stage/share/Stage/hook/pythonscriptspath.ps1'
[5.300s] INFO:colcon.colcon_core.shell:Creating environment descriptor '/home/lucas/ros2_ws/install/Stage/share/Stage/hook/pythonscriptspath.dsv'
[5.303s] INFO:colcon.colcon_core.shell:Creating environment hook '/home/lucas/ros2_ws/install/Stage/share/Stage/hook/pythonscriptspath.sh'
[5.308s] INFO:colcon.colcon_core.shell:Creating package script '/home/lucas/ros2_ws/install/Stage/share/Stage/package.ps1'
[5.316s] INFO:colcon.colcon_core.shell:Creating package descriptor '/home/lucas/ros2_ws/install/Stage/share/Stage/package.dsv'
[5.319s] INFO:colcon.colcon_core.shell:Creating package script '/home/lucas/ros2_ws/install/Stage/share/Stage/package.sh'
[5.325s] INFO:colcon.colcon_core.shell:Creating package script '/home/lucas/ros2_ws/install/Stage/share/Stage/package.bash'
[5.328s] INFO:colcon.colcon_core.shell:Creating package script '/home/lucas/ros2_ws/install/Stage/share/Stage/package.zsh'
[5.336s] Level 1:colcon.colcon_core.environment:create_file_with_runtime_dependencies(/home/lucas/ros2_ws/install/Stage/share/colcon-core/packages/Stage)
[5.337s] DEBUG:colcon.colcon_ros_domain_id_coordinator.shell.ros_domain_id:Released ROS_DOMAIN_ID=48 for '/home/lucas/ros2_ws/build/Stage'
[5.339s] INFO:colcon.colcon_ros.task.ament_python.build:Building ROS package in '/home/lucas/ros2_ws/src/my_py_pkg2' with build type 'ament_python'
[5.339s] Level 1:colcon.colcon_core.shell:create_environment_hook('my_py_pkg2', 'ament_prefix_path')
[5.339s] INFO:colcon.colcon_core.shell:Creating environment hook '/home/lucas/ros2_ws/install/my_py_pkg2/share/my_py_pkg2/hook/ament_prefix_path.ps1'
[5.352s] INFO:colcon.colcon_core.shell:Creating environment descriptor '/home/lucas/ros2_ws/install/my_py_pkg2/share/my_py_pkg2/hook/ament_prefix_path.dsv'
[5.353s] INFO:colcon.colcon_core.shell:Creating environment hook '/home/lucas/ros2_ws/install/my_py_pkg2/share/my_py_pkg2/hook/ament_prefix_path.sh'
[5.367s] DEBUG:colcon.colcon_ros_domain_id_coordinator.shell.ros_domain_id:Allocated ROS_DOMAIN_ID=65 for '/home/lucas/ros2_ws/build/my_py_pkg2'
[5.367s] INFO:colcon.colcon_core.shell:Skip shell extension 'ros_domain_id' for command environment: 
[5.367s] INFO:colcon.colcon_core.shell:Skip shell extension 'powershell' for command environment: Not usable outside of PowerShell
[5.367s] DEBUG:colcon.colcon_core.shell:Skip shell extension 'dsv' for command environment
[6.466s] INFO:colcon.colcon_core.task.python.build:Building Python package in '/home/lucas/ros2_ws/src/my_py_pkg2'
[6.466s] DEBUG:colcon.colcon_ros_domain_id_coordinator.shell.ros_domain_id:Allocated ROS_DOMAIN_ID=65 for '/home/lucas/ros2_ws/build/my_py_pkg2'
[6.472s] INFO:colcon.colcon_core.shell:Skip shell extension 'ros_domain_id' for command environment: 
[6.472s] INFO:colcon.colcon_core.shell:Skip shell extension 'powershell' for command environment: Not usable outside of PowerShell
[6.472s] DEBUG:colcon.colcon_core.shell:Skip shell extension 'dsv' for command environment
[7.753s] DEBUG:colcon.colcon_core.event_handler.log_command:Invoking command in '/home/lucas/ros2_ws/src/my_py_pkg2': PYTHONPATH=/home/lucas/ros2_ws/build/my_py_pkg2/prefix_override:/home/lucas/ros2_ws/install/my_py_pkg2/lib/python3.10/site-packages:${PYTHONPATH} /usr/bin/python3 -W ignore:setup.py install is deprecated setup.py egg_info --egg-base ../../build/my_py_pkg2 build --build-base /home/lucas/ros2_ws/build/my_py_pkg2/build install --record /home/lucas/ros2_ws/build/my_py_pkg2/install.log --single-version-externally-managed install_data
[8.217s] Level 1:colcon.colcon_core.environment:checking '/home/lucas/ros2_ws/install/my_py_pkg2' for CMake module files
[8.218s] Level 1:colcon.colcon_core.environment:checking '/home/lucas/ros2_ws/install/my_py_pkg2' for CMake config files
[8.219s] DEBUG:colcon.colcon_core.event_handler.log_command:Invoked command in '/home/lucas/ros2_ws/src/my_py_pkg2' returned '0': PYTHONPATH=/home/lucas/ros2_ws/build/my_py_pkg2/prefix_override:/home/lucas/ros2_ws/install/my_py_pkg2/lib/python3.10/site-packages:${PYTHONPATH} /usr/bin/python3 -W ignore:setup.py install is deprecated setup.py egg_info --egg-base ../../build/my_py_pkg2 build --build-base /home/lucas/ros2_ws/build/my_py_pkg2/build install --record /home/lucas/ros2_ws/build/my_py_pkg2/install.log --single-version-externally-managed install_data
[8.219s] Level 1:colcon.colcon_core.environment:checking '/home/lucas/ros2_ws/install/my_py_pkg2/lib'
[8.220s] Level 1:colcon.colcon_core.environment:checking '/home/lucas/ros2_ws/install/my_py_pkg2/bin'
[8.220s] Level 1:colcon.colcon_core.environment:checking '/home/lucas/ros2_ws/install/my_py_pkg2/lib/pkgconfig/my_py_pkg2.pc'
[8.220s] Level 1:colcon.colcon_core.environment:checking '/home/lucas/ros2_ws/install/my_py_pkg2/lib/python3.10/site-packages'
[8.220s] Level 1:colcon.colcon_core.shell:create_environment_hook('my_py_pkg2', 'pythonpath')
[8.220s] INFO:colcon.colcon_core.shell:Creating environment hook '/home/lucas/ros2_ws/install/my_py_pkg2/share/my_py_pkg2/hook/pythonpath.ps1'
[8.222s] INFO:colcon.colcon_core.shell:Creating environment descriptor '/home/lucas/ros2_ws/install/my_py_pkg2/share/my_py_pkg2/hook/pythonpath.dsv'
[8.223s] INFO:colcon.colcon_core.shell:Creating environment hook '/home/lucas/ros2_ws/install/my_py_pkg2/share/my_py_pkg2/hook/pythonpath.sh'
[8.224s] Level 1:colcon.colcon_core.environment:checking '/home/lucas/ros2_ws/install/my_py_pkg2/bin'
[8.225s] Level 1:colcon.colcon_core.environment:create_environment_scripts_only(my_py_pkg2)
[8.225s] INFO:colcon.colcon_core.shell:Creating package script '/home/lucas/ros2_ws/install/my_py_pkg2/share/my_py_pkg2/package.ps1'
[8.227s] INFO:colcon.colcon_core.shell:Creating package descriptor '/home/lucas/ros2_ws/install/my_py_pkg2/share/my_py_pkg2/package.dsv'
[8.229s] INFO:colcon.colcon_core.shell:Creating package script '/home/lucas/ros2_ws/install/my_py_pkg2/share/my_py_pkg2/package.sh'
[8.230s] INFO:colcon.colcon_core.shell:Creating package script '/home/lucas/ros2_ws/install/my_py_pkg2/share/my_py_pkg2/package.bash'
[8.232s] INFO:colcon.colcon_core.shell:Creating package script '/home/lucas/ros2_ws/install/my_py_pkg2/share/my_py_pkg2/package.zsh'
[8.233s] Level 1:colcon.colcon_core.environment:create_file_with_runtime_dependencies(/home/lucas/ros2_ws/install/my_py_pkg2/share/colcon-core/packages/my_py_pkg2)
[8.234s] DEBUG:colcon.colcon_ros_domain_id_coordinator.shell.ros_domain_id:Released ROS_DOMAIN_ID=65 for '/home/lucas/ros2_ws/build/my_py_pkg2'
[8.235s] INFO:colcon.colcon_ros.task.ament_python.build:Building ROS package in '/home/lucas/ros2_ws/src/my_py_pkg' with build type 'ament_python'
[8.236s] Level 1:colcon.colcon_core.shell:create_environment_hook('my_py_pkg', 'ament_prefix_path')
[8.236s] INFO:colcon.colcon_core.shell:Creating environment hook '/home/lucas/ros2_ws/install/my_py_pkg/share/my_py_pkg/hook/ament_prefix_path.ps1'
[8.237s] INFO:colcon.colcon_core.shell:Creating environment descriptor '/home/lucas/ros2_ws/install/my_py_pkg/share/my_py_pkg/hook/ament_prefix_path.dsv'
[8.239s] INFO:colcon.colcon_core.shell:Creating environment hook '/home/lucas/ros2_ws/install/my_py_pkg/share/my_py_pkg/hook/ament_prefix_path.sh'
[8.240s] DEBUG:colcon.colcon_ros_domain_id_coordinator.shell.ros_domain_id:Allocated ROS_DOMAIN_ID=216 for '/home/lucas/ros2_ws/build/my_py_pkg'
[8.240s] INFO:colcon.colcon_core.shell:Skip shell extension 'ros_domain_id' for command environment: 
[8.240s] INFO:colcon.colcon_core.shell:Skip shell extension 'powershell' for command environment: Not usable outside of PowerShell
[8.240s] DEBUG:colcon.colcon_core.shell:Skip shell extension 'dsv' for command environment
[8.635s] INFO:colcon.colcon_core.task.python.build:Building Python package in '/home/lucas/ros2_ws/src/my_py_pkg'
[8.635s] DEBUG:colcon.colcon_ros_domain_id_coordinator.shell.ros_domain_id:Allocated ROS_DOMAIN_ID=216 for '/home/lucas/ros2_ws/build/my_py_pkg'
[8.636s] INFO:colcon.colcon_core.shell:Skip shell extension 'ros_domain_id' for command environment: 
[8.636s] INFO:colcon.colcon_core.shell:Skip shell extension 'powershell' for command environment: Not usable outside of PowerShell
[8.636s] DEBUG:colcon.colcon_core.shell:Skip shell extension 'dsv' for command environment
[9.508s] DEBUG:colcon.colcon_core.event_handler.log_command:Invoking command in '/home/lucas/ros2_ws/src/my_py_pkg': PYTHONPATH=/home/lucas/ros2_ws/build/my_py_pkg/prefix_override:/home/lucas/ros2_ws/install/my_py_pkg/lib/python3.10/site-packages:${PYTHONPATH} /usr/bin/python3 -W ignore:setup.py install is deprecated setup.py egg_info --egg-base ../../build/my_py_pkg build --build-base /home/lucas/ros2_ws/build/my_py_pkg/build install --record /home/lucas/ros2_ws/build/my_py_pkg/install.log --single-version-externally-managed install_data
[10.940s] Level 1:colcon.colcon_core.environment:checking '/home/lucas/ros2_ws/install/my_py_pkg' for CMake module files
[10.940s] Level 1:colcon.colcon_core.environment:checking '/home/lucas/ros2_ws/install/my_py_pkg' for CMake config files
[10.941s] Level 1:colcon.colcon_core.environment:checking '/home/lucas/ros2_ws/install/my_py_pkg/lib'
[10.941s] Level 1:colcon.colcon_core.environment:checking '/home/lucas/ros2_ws/install/my_py_pkg/bin'
[10.941s] Level 1:colcon.colcon_core.environment:checking '/home/lucas/ros2_ws/install/my_py_pkg/lib/pkgconfig/my_py_pkg.pc'
[10.941s] Level 1:colcon.colcon_core.environment:checking '/home/lucas/ros2_ws/install/my_py_pkg/lib/python3.10/site-packages'
[10.941s] Level 1:colcon.colcon_core.shell:create_environment_hook('my_py_pkg', 'pythonpath')
[10.942s] INFO:colcon.colcon_core.shell:Creating environment hook '/home/lucas/ros2_ws/install/my_py_pkg/share/my_py_pkg/hook/pythonpath.ps1'
[10.948s] DEBUG:colcon.colcon_core.event_handler.log_command:Invoked command in '/home/lucas/ros2_ws/src/my_py_pkg' returned '0': PYTHONPATH=/home/lucas/ros2_ws/build/my_py_pkg/prefix_override:/home/lucas/ros2_ws/install/my_py_pkg/lib/python3.10/site-packages:${PYTHONPATH} /usr/bin/python3 -W ignore:setup.py install is deprecated setup.py egg_info --egg-base ../../build/my_py_pkg build --build-base /home/lucas/ros2_ws/build/my_py_pkg/build install --record /home/lucas/ros2_ws/build/my_py_pkg/install.log --single-version-externally-managed install_data
[10.948s] INFO:colcon.colcon_core.shell:Creating environment descriptor '/home/lucas/ros2_ws/install/my_py_pkg/share/my_py_pkg/hook/pythonpath.dsv'
[10.949s] INFO:colcon.colcon_core.shell:Creating environment hook '/home/lucas/ros2_ws/install/my_py_pkg/share/my_py_pkg/hook/pythonpath.sh'
[10.951s] Level 1:colcon.colcon_core.environment:checking '/home/lucas/ros2_ws/install/my_py_pkg/bin'
[10.951s] Level 1:colcon.colcon_core.environment:create_environment_scripts_only(my_py_pkg)
[10.951s] INFO:colcon.colcon_core.shell:Creating package script '/home/lucas/ros2_ws/install/my_py_pkg/share/my_py_pkg/package.ps1'
[10.962s] INFO:colcon.colcon_core.shell:Creating package descriptor '/home/lucas/ros2_ws/install/my_py_pkg/share/my_py_pkg/package.dsv'
[10.963s] INFO:colcon.colcon_core.shell:Creating package script '/home/lucas/ros2_ws/install/my_py_pkg/share/my_py_pkg/package.sh'
[10.964s] INFO:colcon.colcon_core.shell:Creating package script '/home/lucas/ros2_ws/install/my_py_pkg/share/my_py_pkg/package.bash'
[10.968s] INFO:colcon.colcon_core.shell:Creating package script '/home/lucas/ros2_ws/install/my_py_pkg/share/my_py_pkg/package.zsh'
[10.979s] Level 1:colcon.colcon_core.environment:create_file_with_runtime_dependencies(/home/lucas/ros2_ws/install/my_py_pkg/share/colcon-core/packages/my_py_pkg)
[10.980s] DEBUG:colcon.colcon_ros_domain_id_coordinator.shell.ros_domain_id:Released ROS_DOMAIN_ID=216 for '/home/lucas/ros2_ws/build/my_py_pkg'
[10.985s] INFO:colcon.colcon_ros.task.ament_python.build:Building ROS package in '/home/lucas/ros2_ws/src/stage_challenge' with build type 'ament_python'
[10.985s] Level 1:colcon.colcon_core.shell:create_environment_hook('stage_challenge', 'ament_prefix_path')
[10.985s] INFO:colcon.colcon_core.shell:Creating environment hook '/home/lucas/ros2_ws/install/stage_challenge/share/stage_challenge/hook/ament_prefix_path.ps1'
[10.992s] INFO:colcon.colcon_core.shell:Creating environment descriptor '/home/lucas/ros2_ws/install/stage_challenge/share/stage_challenge/hook/ament_prefix_path.dsv'
[10.994s] INFO:colcon.colcon_core.shell:Creating environment hook '/home/lucas/ros2_ws/install/stage_challenge/share/stage_challenge/hook/ament_prefix_path.sh'
[11.000s] DEBUG:colcon.colcon_ros_domain_id_coordinator.shell.ros_domain_id:Allocated ROS_DOMAIN_ID=46 for '/home/lucas/ros2_ws/build/stage_challenge'
[11.000s] INFO:colcon.colcon_core.shell:Skip shell extension 'ros_domain_id' for command environment: 
[11.000s] INFO:colcon.colcon_core.shell:Skip shell extension 'powershell' for command environment: Not usable outside of PowerShell
[11.000s] DEBUG:colcon.colcon_core.shell:Skip shell extension 'dsv' for command environment
[12.303s] INFO:colcon.colcon_core.task.python.build:Building Python package in '/home/lucas/ros2_ws/src/stage_challenge'
[12.303s] DEBUG:colcon.colcon_ros_domain_id_coordinator.shell.ros_domain_id:Allocated ROS_DOMAIN_ID=46 for '/home/lucas/ros2_ws/build/stage_challenge'
[12.304s] INFO:colcon.colcon_core.shell:Skip shell extension 'ros_domain_id' for command environment: 
[12.304s] INFO:colcon.colcon_core.shell:Skip shell extension 'powershell' for command environment: Not usable outside of PowerShell
[12.304s] DEBUG:colcon.colcon_core.shell:Skip shell extension 'dsv' for command environment
[13.689s] DEBUG:colcon.colcon_core.event_handler.log_command:Invoking command in '/home/lucas/ros2_ws/src/stage_challenge': PYTHONPATH=/home/lucas/ros2_ws/build/stage_challenge/prefix_override:/home/lucas/ros2_ws/install/stage_challenge/lib/python3.10/site-packages:${PYTHONPATH} /usr/bin/python3 -W ignore:setup.py install is deprecated setup.py egg_info --egg-base ../../build/stage_challenge build --build-base /home/lucas/ros2_ws/build/stage_challenge/build install --record /home/lucas/ros2_ws/build/stage_challenge/install.log --single-version-externally-managed install_data
[15.116s] Level 1:colcon.colcon_core.environment:checking '/home/lucas/ros2_ws/install/stage_challenge' for CMake module files
[15.117s] Level 1:colcon.colcon_core.environment:checking '/home/lucas/ros2_ws/install/stage_challenge' for CMake config files
[15.118s] Level 1:colcon.colcon_core.environment:checking '/home/lucas/ros2_ws/install/stage_challenge/lib'
[15.118s] Level 1:colcon.colcon_core.environment:checking '/home/lucas/ros2_ws/install/stage_challenge/bin'
[15.118s] Level 1:colcon.colcon_core.environment:checking '/home/lucas/ros2_ws/install/stage_challenge/lib/pkgconfig/stage_challenge.pc'
[15.118s] Level 1:colcon.colcon_core.environment:checking '/home/lucas/ros2_ws/install/stage_challenge/lib/python3.10/site-packages'
[15.118s] Level 1:colcon.colcon_core.shell:create_environment_hook('stage_challenge', 'pythonpath')
[15.118s] INFO:colcon.colcon_core.shell:Creating environment hook '/home/lucas/ros2_ws/install/stage_challenge/share/stage_challenge/hook/pythonpath.ps1'
[15.134s] DEBUG:colcon.colcon_core.event_handler.log_command:Invoked command in '/home/lucas/ros2_ws/src/stage_challenge' returned '0': PYTHONPATH=/home/lucas/ros2_ws/build/stage_challenge/prefix_override:/home/lucas/ros2_ws/install/stage_challenge/lib/python3.10/site-packages:${PYTHONPATH} /usr/bin/python3 -W ignore:setup.py install is deprecated setup.py egg_info --egg-base ../../build/stage_challenge build --build-base /home/lucas/ros2_ws/build/stage_challenge/build install --record /home/lucas/ros2_ws/build/stage_challenge/install.log --single-version-externally-managed install_data
[15.134s] INFO:colcon.colcon_core.shell:Creating environment descriptor '/home/lucas/ros2_ws/install/stage_challenge/share/stage_challenge/hook/pythonpath.dsv'
[15.137s] INFO:colcon.colcon_core.shell:Creating environment hook '/home/lucas/ros2_ws/install/stage_challenge/share/stage_challenge/hook/pythonpath.sh'
[15.140s] Level 1:colcon.colcon_core.environment:checking '/home/lucas/ros2_ws/install/stage_challenge/bin'
[15.140s] Level 1:colcon.colcon_core.environment:create_environment_scripts_only(stage_challenge)
[15.141s] INFO:colcon.colcon_core.shell:Creating package script '/home/lucas/ros2_ws/install/stage_challenge/share/stage_challenge/package.ps1'
[15.153s] INFO:colcon.colcon_core.shell:Creating package descriptor '/home/lucas/ros2_ws/install/stage_challenge/share/stage_challenge/package.dsv'
[15.155s] INFO:colcon.colcon_core.shell:Creating package script '/home/lucas/ros2_ws/install/stage_challenge/share/stage_challenge/package.sh'
[15.156s] INFO:colcon.colcon_core.shell:Creating package script '/home/lucas/ros2_ws/install/stage_challenge/share/stage_challenge/package.bash'
[15.158s] INFO:colcon.colcon_core.shell:Creating package script '/home/lucas/ros2_ws/install/stage_challenge/share/stage_challenge/package.zsh'
[15.159s] Level 1:colcon.colcon_core.environment:create_file_with_runtime_dependencies(/home/lucas/ros2_ws/install/stage_challenge/share/colcon-core/packages/stage_challenge)
[15.160s] DEBUG:colcon.colcon_ros_domain_id_coordinator.shell.ros_domain_id:Released ROS_DOMAIN_ID=46 for '/home/lucas/ros2_ws/build/stage_challenge'
[15.162s] INFO:colcon.colcon_ros.task.ament_cmake.build:Building ROS package in '/home/lucas/ros2_ws/src/my_cpp_pkg' with build type 'ament_cmake'
[15.183s] INFO:colcon.colcon_cmake.task.cmake.build:Building CMake package in '/home/lucas/ros2_ws/src/my_cpp_pkg'
[15.184s] DEBUG:colcon.colcon_ros_domain_id_coordinator.shell.ros_domain_id:Allocated ROS_DOMAIN_ID=52 for '/home/lucas/ros2_ws/build/my_cpp_pkg'
[15.184s] INFO:colcon.colcon_core.shell:Skip shell extension 'ros_domain_id' for command environment: 
[15.184s] INFO:colcon.colcon_core.shell:Skip shell extension 'powershell' for command environment: Not usable outside of PowerShell
[15.184s] DEBUG:colcon.colcon_core.shell:Skip shell extension 'dsv' for command environment
[15.236s] DEBUG:colcon.colcon_core.event_handler.log_command:Invoking command in '/home/lucas/ros2_ws/build/my_cpp_pkg': AMENT_PREFIX_PATH=/home/lucas/ros2_ws/install/my_py_pkg2:/home/lucas/ros2_ws/install/stage_ros2:/home/lucas/ros2_ws/install/stage_challenge:/home/lucas/ros2_ws/install/my_cpp_pkg:/home/lucas/ros2_ws/install/my_py_pkg:/opt/ros/humble CMAKE_PREFIX_PATH=${CMAKE_PREFIX_PATH}:/home/lucas/ros2_ws/install/stage_challenge:/home/lucas/ros2_ws/install/my_py_pkg2:/home/lucas/ros2_ws/install/my_py_pkg:/opt/ros/humble PYTHONPATH=/home/lucas/ros2_ws/install/my_py_pkg2/lib/python3.10/site-packages:/home/lucas/ros2_ws/install/stage_challenge/lib/python3.10/site-packages:/home/lucas/ros2_ws/install/my_py_pkg/lib/python3.10/site-packages:/opt/ros/humble/lib/python3.10/site-packages:/opt/ros/humble/local/lib/python3.10/dist-packages /usr/bin/cmake --build /home/lucas/ros2_ws/build/my_cpp_pkg -- -j1 -l1
[15.645s] DEBUG:colcon.colcon_core.event_handler.log_command:Invoked command in '/home/lucas/ros2_ws/build/my_cpp_pkg' returned '0': AMENT_PREFIX_PATH=/home/lucas/ros2_ws/install/my_py_pkg2:/home/lucas/ros2_ws/install/stage_ros2:/home/lucas/ros2_ws/install/stage_challenge:/home/lucas/ros2_ws/install/my_cpp_pkg:/home/lucas/ros2_ws/install/my_py_pkg:/opt/ros/humble CMAKE_PREFIX_PATH=${CMAKE_PREFIX_PATH}:/home/lucas/ros2_ws/install/stage_challenge:/home/lucas/ros2_ws/install/my_py_pkg2:/home/lucas/ros2_ws/install/my_py_pkg:/opt/ros/humble PYTHONPATH=/home/lucas/ros2_ws/install/my_py_pkg2/lib/python3.10/site-packages:/home/lucas/ros2_ws/install/stage_challenge/lib/python3.10/site-packages:/home/lucas/ros2_ws/install/my_py_pkg/lib/python3.10/site-packages:/opt/ros/humble/lib/python3.10/site-packages:/opt/ros/humble/local/lib/python3.10/dist-packages /usr/bin/cmake --build /home/lucas/ros2_ws/build/my_cpp_pkg -- -j1 -l1
[15.937s] DEBUG:colcon.colcon_core.event_handler.log_command:Invoking command in '/home/lucas/ros2_ws/build/my_cpp_pkg': AMENT_PREFIX_PATH=/home/lucas/ros2_ws/install/my_py_pkg2:/home/lucas/ros2_ws/install/stage_ros2:/home/lucas/ros2_ws/install/stage_challenge:/home/lucas/ros2_ws/install/my_cpp_pkg:/home/lucas/ros2_ws/install/my_py_pkg:/opt/ros/humble CMAKE_PREFIX_PATH=${CMAKE_PREFIX_PATH}:/home/lucas/ros2_ws/install/stage_challenge:/home/lucas/ros2_ws/install/my_py_pkg2:/home/lucas/ros2_ws/install/my_py_pkg:/opt/ros/humble PYTHONPATH=/home/lucas/ros2_ws/install/my_py_pkg2/lib/python3.10/site-packages:/home/lucas/ros2_ws/install/stage_challenge/lib/python3.10/site-packages:/home/lucas/ros2_ws/install/my_py_pkg/lib/python3.10/site-packages:/opt/ros/humble/lib/python3.10/site-packages:/opt/ros/humble/local/lib/python3.10/dist-packages /usr/bin/cmake --install /home/lucas/ros2_ws/build/my_cpp_pkg
[16.013s] Level 1:colcon.colcon_core.environment:create_environment_scripts_only(my_cpp_pkg)
[16.013s] Level 1:colcon.colcon_core.environment:checking '/home/lucas/ros2_ws/install/my_cpp_pkg' for CMake module files
[16.014s] Level 1:colcon.colcon_core.environment:checking '/home/lucas/ros2_ws/install/my_cpp_pkg' for CMake config files
[16.014s] Level 1:colcon.colcon_core.shell:create_environment_hook('my_cpp_pkg', 'cmake_prefix_path')
[16.015s] INFO:colcon.colcon_core.shell:Creating environment hook '/home/lucas/ros2_ws/install/my_cpp_pkg/share/my_cpp_pkg/hook/cmake_prefix_path.ps1'
[16.032s] DEBUG:colcon.colcon_core.event_handler.log_command:Invoked command in '/home/lucas/ros2_ws/build/my_cpp_pkg' returned '0': AMENT_PREFIX_PATH=/home/lucas/ros2_ws/install/my_py_pkg2:/home/lucas/ros2_ws/install/stage_ros2:/home/lucas/ros2_ws/install/stage_challenge:/home/lucas/ros2_ws/install/my_cpp_pkg:/home/lucas/ros2_ws/install/my_py_pkg:/opt/ros/humble CMAKE_PREFIX_PATH=${CMAKE_PREFIX_PATH}:/home/lucas/ros2_ws/install/stage_challenge:/home/lucas/ros2_ws/install/my_py_pkg2:/home/lucas/ros2_ws/install/my_py_pkg:/opt/ros/humble PYTHONPATH=/home/lucas/ros2_ws/install/my_py_pkg2/lib/python3.10/site-packages:/home/lucas/ros2_ws/install/stage_challenge/lib/python3.10/site-packages:/home/lucas/ros2_ws/install/my_py_pkg/lib/python3.10/site-packages:/opt/ros/humble/lib/python3.10/site-packages:/opt/ros/humble/local/lib/python3.10/dist-packages /usr/bin/cmake --install /home/lucas/ros2_ws/build/my_cpp_pkg
[16.033s] INFO:colcon.colcon_core.shell:Creating environment descriptor '/home/lucas/ros2_ws/install/my_cpp_pkg/share/my_cpp_pkg/hook/cmake_prefix_path.dsv'
[16.043s] INFO:colcon.colcon_core.shell:Creating environment hook '/home/lucas/ros2_ws/install/my_cpp_pkg/share/my_cpp_pkg/hook/cmake_prefix_path.sh'
[16.044s] Level 1:colcon.colcon_core.environment:checking '/home/lucas/ros2_ws/install/my_cpp_pkg/lib'
[16.045s] Level 1:colcon.colcon_core.environment:checking '/home/lucas/ros2_ws/install/my_cpp_pkg/bin'
[16.045s] Level 1:colcon.colcon_core.environment:checking '/home/lucas/ros2_ws/install/my_cpp_pkg/lib/pkgconfig/my_cpp_pkg.pc'
[16.045s] Level 1:colcon.colcon_core.environment:checking '/home/lucas/ros2_ws/install/my_cpp_pkg/lib/python3.10/site-packages'
[16.045s] Level 1:colcon.colcon_core.environment:checking '/home/lucas/ros2_ws/install/my_cpp_pkg/bin'
[16.046s] INFO:colcon.colcon_core.shell:Creating package script '/home/lucas/ros2_ws/install/my_cpp_pkg/share/my_cpp_pkg/package.ps1'
[16.048s] INFO:colcon.colcon_core.shell:Creating package descriptor '/home/lucas/ros2_ws/install/my_cpp_pkg/share/my_cpp_pkg/package.dsv'
[16.051s] INFO:colcon.colcon_core.shell:Creating package script '/home/lucas/ros2_ws/install/my_cpp_pkg/share/my_cpp_pkg/package.sh'
[16.055s] INFO:colcon.colcon_core.shell:Creating package script '/home/lucas/ros2_ws/install/my_cpp_pkg/share/my_cpp_pkg/package.bash'
[16.061s] INFO:colcon.colcon_core.shell:Creating package script '/home/lucas/ros2_ws/install/my_cpp_pkg/share/my_cpp_pkg/package.zsh'
[16.063s] Level 1:colcon.colcon_core.environment:create_file_with_runtime_dependencies(/home/lucas/ros2_ws/install/my_cpp_pkg/share/colcon-core/packages/my_cpp_pkg)
[16.372s] Level 1:colcon.colcon_core.environment:create_environment_scripts_only(my_cpp_pkg)
[16.372s] Level 1:colcon.colcon_core.environment:checking '/home/lucas/ros2_ws/install/my_cpp_pkg' for CMake module files
[16.375s] Level 1:colcon.colcon_core.environment:checking '/home/lucas/ros2_ws/install/my_cpp_pkg' for CMake config files
[16.375s] Level 1:colcon.colcon_core.shell:create_environment_hook('my_cpp_pkg', 'cmake_prefix_path')
[16.376s] INFO:colcon.colcon_core.shell:Creating environment hook '/home/lucas/ros2_ws/install/my_cpp_pkg/share/my_cpp_pkg/hook/cmake_prefix_path.ps1'
[16.384s] INFO:colcon.colcon_core.shell:Creating environment descriptor '/home/lucas/ros2_ws/install/my_cpp_pkg/share/my_cpp_pkg/hook/cmake_prefix_path.dsv'
[16.387s] INFO:colcon.colcon_core.shell:Creating environment hook '/home/lucas/ros2_ws/install/my_cpp_pkg/share/my_cpp_pkg/hook/cmake_prefix_path.sh'
[16.388s] Level 1:colcon.colcon_core.environment:checking '/home/lucas/ros2_ws/install/my_cpp_pkg/lib'
[16.388s] Level 1:colcon.colcon_core.environment:checking '/home/lucas/ros2_ws/install/my_cpp_pkg/bin'
[16.388s] Level 1:colcon.colcon_core.environment:checking '/home/lucas/ros2_ws/install/my_cpp_pkg/lib/pkgconfig/my_cpp_pkg.pc'
[16.389s] Level 1:colcon.colcon_core.environment:checking '/home/lucas/ros2_ws/install/my_cpp_pkg/lib/python3.10/site-packages'
[16.389s] Level 1:colcon.colcon_core.environment:checking '/home/lucas/ros2_ws/install/my_cpp_pkg/bin'
[16.389s] INFO:colcon.colcon_core.shell:Creating package script '/home/lucas/ros2_ws/install/my_cpp_pkg/share/my_cpp_pkg/package.ps1'
[16.406s] INFO:colcon.colcon_core.shell:Creating package descriptor '/home/lucas/ros2_ws/install/my_cpp_pkg/share/my_cpp_pkg/package.dsv'
[16.407s] INFO:colcon.colcon_core.shell:Creating package script '/home/lucas/ros2_ws/install/my_cpp_pkg/share/my_cpp_pkg/package.sh'
[16.409s] INFO:colcon.colcon_core.shell:Creating package script '/home/lucas/ros2_ws/install/my_cpp_pkg/share/my_cpp_pkg/package.bash'
[16.411s] INFO:colcon.colcon_core.shell:Creating package script '/home/lucas/ros2_ws/install/my_cpp_pkg/share/my_cpp_pkg/package.zsh'
[16.412s] Level 1:colcon.colcon_core.environment:create_file_with_runtime_dependencies(/home/lucas/ros2_ws/install/my_cpp_pkg/share/colcon-core/packages/my_cpp_pkg)
[16.413s] DEBUG:colcon.colcon_ros_domain_id_coordinator.shell.ros_domain_id:Released ROS_DOMAIN_ID=52 for '/home/lucas/ros2_ws/build/my_cpp_pkg'
[16.415s] INFO:colcon.colcon_ros.task.ament_cmake.build:Building ROS package in '/home/lucas/ros2_ws/src/stage_ros2-humble' with build type 'ament_cmake'
[16.415s] INFO:colcon.colcon_cmake.task.cmake.build:Building CMake package in '/home/lucas/ros2_ws/src/stage_ros2-humble'
[16.416s] DEBUG:colcon.colcon_ros_domain_id_coordinator.shell.ros_domain_id:Allocated ROS_DOMAIN_ID=41 for '/home/lucas/ros2_ws/build/stage_ros2'
[16.416s] INFO:colcon.colcon_core.shell:Skip shell extension 'ros_domain_id' for command environment: 
[16.416s] INFO:colcon.colcon_core.shell:Skip shell extension 'powershell' for command environment: Not usable outside of PowerShell
[16.416s] DEBUG:colcon.colcon_core.shell:Skip shell extension 'dsv' for command environment
[16.498s] DEBUG:colcon.colcon_core.event_handler.log_command:Invoking command in '/home/lucas/ros2_ws/build/stage_ros2': CMAKE_PREFIX_PATH=/home/lucas/ros2_ws/install/Stage:/home/lucas/ros2_ws/install/stage_ros2:/home/lucas/ros2_ws/install/my_cpp_pkg:/home/lucas/ros2_ws/install/stage_challenge:/home/lucas/ros2_ws/install/my_py_pkg2:/home/lucas/ros2_ws/install/my_py_pkg:/opt/ros/humble LD_LIBRARY_PATH=/home/lucas/ros2_ws/install/Stage/lib:/home/lucas/ros2_ws/install/stage_ros2/lib:/opt/ros/humble/opt/rviz_ogre_vendor/lib:/opt/ros/humble/lib/x86_64-linux-gnu:/opt/ros/humble/lib /usr/bin/cmake --build /home/lucas/ros2_ws/build/stage_ros2 -- -j1 -l1
[17.073s] DEBUG:colcon.colcon_core.event_handler.log_command:Invoked command in '/home/lucas/ros2_ws/build/stage_ros2' returned '0': CMAKE_PREFIX_PATH=/home/lucas/ros2_ws/install/Stage:/home/lucas/ros2_ws/install/stage_ros2:/home/lucas/ros2_ws/install/my_cpp_pkg:/home/lucas/ros2_ws/install/stage_challenge:/home/lucas/ros2_ws/install/my_py_pkg2:/home/lucas/ros2_ws/install/my_py_pkg:/opt/ros/humble LD_LIBRARY_PATH=/home/lucas/ros2_ws/install/Stage/lib:/home/lucas/ros2_ws/install/stage_ros2/lib:/opt/ros/humble/opt/rviz_ogre_vendor/lib:/opt/ros/humble/lib/x86_64-linux-gnu:/opt/ros/humble/lib /usr/bin/cmake --build /home/lucas/ros2_ws/build/stage_ros2 -- -j1 -l1
[17.524s] DEBUG:colcon.colcon_core.event_handler.log_command:Invoking command in '/home/lucas/ros2_ws/build/stage_ros2': CMAKE_PREFIX_PATH=/home/lucas/ros2_ws/install/Stage:/home/lucas/ros2_ws/install/stage_ros2:/home/lucas/ros2_ws/install/my_cpp_pkg:/home/lucas/ros2_ws/install/stage_challenge:/home/lucas/ros2_ws/install/my_py_pkg2:/home/lucas/ros2_ws/install/my_py_pkg:/opt/ros/humble LD_LIBRARY_PATH=/home/lucas/ros2_ws/install/Stage/lib:/home/lucas/ros2_ws/install/stage_ros2/lib:/opt/ros/humble/opt/rviz_ogre_vendor/lib:/opt/ros/humble/lib/x86_64-linux-gnu:/opt/ros/humble/lib /usr/bin/cmake --install /home/lucas/ros2_ws/build/stage_ros2
[17.643s] Level 1:colcon.colcon_core.environment:create_environment_scripts_only(stage_ros2)
[17.643s] Level 1:colcon.colcon_core.environment:checking '/home/lucas/ros2_ws/install/stage_ros2' for CMake module files
[17.644s] Level 1:colcon.colcon_core.environment:checking '/home/lucas/ros2_ws/install/stage_ros2' for CMake config files
[17.645s] DEBUG:colcon.colcon_core.event_handler.log_command:Invoked command in '/home/lucas/ros2_ws/build/stage_ros2' returned '0': CMAKE_PREFIX_PATH=/home/lucas/ros2_ws/install/Stage:/home/lucas/ros2_ws/install/stage_ros2:/home/lucas/ros2_ws/install/my_cpp_pkg:/home/lucas/ros2_ws/install/stage_challenge:/home/lucas/ros2_ws/install/my_py_pkg2:/home/lucas/ros2_ws/install/my_py_pkg:/opt/ros/humble LD_LIBRARY_PATH=/home/lucas/ros2_ws/install/Stage/lib:/home/lucas/ros2_ws/install/stage_ros2/lib:/opt/ros/humble/opt/rviz_ogre_vendor/lib:/opt/ros/humble/lib/x86_64-linux-gnu:/opt/ros/humble/lib /usr/bin/cmake --install /home/lucas/ros2_ws/build/stage_ros2
[17.646s] Level 1:colcon.colcon_core.shell:create_environment_hook('stage_ros2', 'cmake_prefix_path')
[17.646s] INFO:colcon.colcon_core.shell:Creating environment hook '/home/lucas/ros2_ws/install/stage_ros2/share/stage_ros2/hook/cmake_prefix_path.ps1'
[17.655s] INFO:colcon.colcon_core.shell:Creating environment descriptor '/home/lucas/ros2_ws/install/stage_ros2/share/stage_ros2/hook/cmake_prefix_path.dsv'
[17.656s] INFO:colcon.colcon_core.shell:Creating environment hook '/home/lucas/ros2_ws/install/stage_ros2/share/stage_ros2/hook/cmake_prefix_path.sh'
[17.658s] Level 1:colcon.colcon_core.environment:checking '/home/lucas/ros2_ws/install/stage_ros2/lib'
[17.658s] Level 1:colcon.colcon_core.shell:create_environment_hook('stage_ros2', 'ld_library_path_lib')
[17.659s] INFO:colcon.colcon_core.shell:Creating environment hook '/home/lucas/ros2_ws/install/stage_ros2/share/stage_ros2/hook/ld_library_path_lib.ps1'
[17.660s] INFO:colcon.colcon_core.shell:Creating environment descriptor '/home/lucas/ros2_ws/install/stage_ros2/share/stage_ros2/hook/ld_library_path_lib.dsv'
[17.661s] INFO:colcon.colcon_core.shell:Creating environment hook '/home/lucas/ros2_ws/install/stage_ros2/share/stage_ros2/hook/ld_library_path_lib.sh'
[17.676s] Level 1:colcon.colcon_core.environment:checking '/home/lucas/ros2_ws/install/stage_ros2/bin'
[17.676s] Level 1:colcon.colcon_core.environment:checking '/home/lucas/ros2_ws/install/stage_ros2/lib/pkgconfig/stage_ros2.pc'
[17.676s] Level 1:colcon.colcon_core.environment:checking '/home/lucas/ros2_ws/install/stage_ros2/lib/python3.10/site-packages'
[17.676s] Level 1:colcon.colcon_core.environment:checking '/home/lucas/ros2_ws/install/stage_ros2/bin'
[17.677s] INFO:colcon.colcon_core.shell:Creating package script '/home/lucas/ros2_ws/install/stage_ros2/share/stage_ros2/package.ps1'
[17.683s] INFO:colcon.colcon_core.shell:Creating package descriptor '/home/lucas/ros2_ws/install/stage_ros2/share/stage_ros2/package.dsv'
[17.684s] INFO:colcon.colcon_core.shell:Creating package script '/home/lucas/ros2_ws/install/stage_ros2/share/stage_ros2/package.sh'
[17.687s] INFO:colcon.colcon_core.shell:Creating package script '/home/lucas/ros2_ws/install/stage_ros2/share/stage_ros2/package.bash'
[17.688s] INFO:colcon.colcon_core.shell:Creating package script '/home/lucas/ros2_ws/install/stage_ros2/share/stage_ros2/package.zsh'
[17.689s] Level 1:colcon.colcon_core.environment:create_file_with_runtime_dependencies(/home/lucas/ros2_ws/install/stage_ros2/share/colcon-core/packages/stage_ros2)
[18.110s] Level 1:colcon.colcon_core.environment:create_environment_scripts_only(stage_ros2)
[18.111s] Level 1:colcon.colcon_core.environment:checking '/home/lucas/ros2_ws/install/stage_ros2' for CMake module files
[18.111s] Level 1:colcon.colcon_core.environment:checking '/home/lucas/ros2_ws/install/stage_ros2' for CMake config files
[18.111s] Level 1:colcon.colcon_core.shell:create_environment_hook('stage_ros2', 'cmake_prefix_path')
[18.112s] INFO:colcon.colcon_core.shell:Creating environment hook '/home/lucas/ros2_ws/install/stage_ros2/share/stage_ros2/hook/cmake_prefix_path.ps1'
[18.118s] INFO:colcon.colcon_core.shell:Creating environment descriptor '/home/lucas/ros2_ws/install/stage_ros2/share/stage_ros2/hook/cmake_prefix_path.dsv'
[18.119s] INFO:colcon.colcon_core.shell:Creating environment hook '/home/lucas/ros2_ws/install/stage_ros2/share/stage_ros2/hook/cmake_prefix_path.sh'
[18.121s] Level 1:colcon.colcon_core.environment:checking '/home/lucas/ros2_ws/install/stage_ros2/lib'
[18.121s] Level 1:colcon.colcon_core.shell:create_environment_hook('stage_ros2', 'ld_library_path_lib')
[18.121s] INFO:colcon.colcon_core.shell:Creating environment hook '/home/lucas/ros2_ws/install/stage_ros2/share/stage_ros2/hook/ld_library_path_lib.ps1'
[18.131s] INFO:colcon.colcon_core.shell:Creating environment descriptor '/home/lucas/ros2_ws/install/stage_ros2/share/stage_ros2/hook/ld_library_path_lib.dsv'
[18.132s] INFO:colcon.colcon_core.shell:Creating environment hook '/home/lucas/ros2_ws/install/stage_ros2/share/stage_ros2/hook/ld_library_path_lib.sh'
[18.134s] Level 1:colcon.colcon_core.environment:checking '/home/lucas/ros2_ws/install/stage_ros2/bin'
[18.134s] Level 1:colcon.colcon_core.environment:checking '/home/lucas/ros2_ws/install/stage_ros2/lib/pkgconfig/stage_ros2.pc'
[18.134s] Level 1:colcon.colcon_core.environment:checking '/home/lucas/ros2_ws/install/stage_ros2/lib/python3.10/site-packages'
[18.134s] Level 1:colcon.colcon_core.environment:checking '/home/lucas/ros2_ws/install/stage_ros2/bin'
[18.135s] INFO:colcon.colcon_core.shell:Creating package script '/home/lucas/ros2_ws/install/stage_ros2/share/stage_ros2/package.ps1'
[18.136s] INFO:colcon.colcon_core.shell:Creating package descriptor '/home/lucas/ros2_ws/install/stage_ros2/share/stage_ros2/package.dsv'
[18.149s] INFO:colcon.colcon_core.shell:Creating package script '/home/lucas/ros2_ws/install/stage_ros2/share/stage_ros2/package.sh'
[18.151s] INFO:colcon.colcon_core.shell:Creating package script '/home/lucas/ros2_ws/install/stage_ros2/share/stage_ros2/package.bash'
[18.153s] INFO:colcon.colcon_core.shell:Creating package script '/home/lucas/ros2_ws/install/stage_ros2/share/stage_ros2/package.zsh'
[18.164s] Level 1:colcon.colcon_core.environment:create_file_with_runtime_dependencies(/home/lucas/ros2_ws/install/stage_ros2/share/colcon-core/packages/stage_ros2)
[18.165s] DEBUG:colcon.colcon_ros_domain_id_coordinator.shell.ros_domain_id:Released ROS_DOMAIN_ID=41 for '/home/lucas/ros2_ws/build/stage_ros2'
[18.169s] DEBUG:colcon.colcon_parallel_executor.executor.parallel:closing loop
[18.170s] DEBUG:colcon.colcon_parallel_executor.executor.parallel:loop closed
[18.170s] DEBUG:colcon.colcon_parallel_executor.executor.parallel:run_until_complete finished with '0'
[18.170s] DEBUG:colcon.colcon_core.event_reactor:joining thread
[18.205s] INFO:colcon.colcon_core.plugin_system:Skipping extension 'colcon_notification.desktop_notification.terminal_notifier': Not used on non-Darwin systems
[18.205s] INFO:colcon.colcon_core.plugin_system:Skipping extension 'colcon_notification.desktop_notification.win32': Not used on non-Windows systems
[18.205s] INFO:colcon.colcon_notification.desktop_notification:Sending desktop notification using 'notify2'
[18.208s] DEBUG:colcon.colcon_notification.desktop_notification.notify2:Failed to initialize notify2: org.freedesktop.DBus.Error.NoReply: Did not receive a reply. Possible causes include: the remote application did not send a reply, the message bus security policy blocked the reply, the reply timeout expired, or the network connection was broken.
[18.208s] DEBUG:colcon.colcon_core.event_reactor:joined thread
[18.208s] INFO:colcon.colcon_core.shell:Creating prefix script '/home/lucas/ros2_ws/install/local_setup.ps1'
[18.224s] INFO:colcon.colcon_core.shell:Creating prefix util module '/home/lucas/ros2_ws/install/_local_setup_util_ps1.py'
[18.227s] INFO:colcon.colcon_core.shell:Creating prefix chain script '/home/lucas/ros2_ws/install/setup.ps1'
[18.235s] INFO:colcon.colcon_core.shell:Creating prefix script '/home/lucas/ros2_ws/install/local_setup.sh'
[18.236s] INFO:colcon.colcon_core.shell:Creating prefix util module '/home/lucas/ros2_ws/install/_local_setup_util_sh.py'
[18.238s] INFO:colcon.colcon_core.shell:Creating prefix chain script '/home/lucas/ros2_ws/install/setup.sh'
[18.247s] INFO:colcon.colcon_core.shell:Creating prefix script '/home/lucas/ros2_ws/install/local_setup.bash'
[18.249s] INFO:colcon.colcon_core.shell:Creating prefix chain script '/home/lucas/ros2_ws/install/setup.bash'
[18.257s] INFO:colcon.colcon_core.shell:Creating prefix script '/home/lucas/ros2_ws/install/local_setup.zsh'
[18.266s] INFO:colcon.colcon_core.shell:Creating prefix chain script '/home/lucas/ros2_ws/install/setup.zsh'
[18.269s] INFO:colcon.colcon_core.shell:Creating '/home/lucas/ros2_ws/install/spawn_shell.bash'
