[2.620s] Invoking command in '/home/lucas/ros2_ws/src/my_py_pkg2': PYTHONPATH=/home/lucas/ros2_ws/build/my_py_pkg2/prefix_override:/home/lucas/ros2_ws/install/my_py_pkg2/lib/python3.10/site-packages:${PYTHONPATH} /usr/bin/python3 -W ignore:setup.py install is deprecated setup.py egg_info --egg-base ../../build/my_py_pkg2 build --build-base /home/lucas/ros2_ws/build/my_py_pkg2/build install --record /home/lucas/ros2_ws/build/my_py_pkg2/install.log --single-version-externally-managed install_data
[3.595s] running egg_info
[3.596s] writing ../../build/my_py_pkg2/my_py_pkg2.egg-info/PKG-INFO
[3.614s] writing dependency_links to ../../build/my_py_pkg2/my_py_pkg2.egg-info/dependency_links.txt
[3.616s] writing entry points to ../../build/my_py_pkg2/my_py_pkg2.egg-info/entry_points.txt
[3.624s] writing requirements to ../../build/my_py_pkg2/my_py_pkg2.egg-info/requires.txt
[3.625s] writing top-level names to ../../build/my_py_pkg2/my_py_pkg2.egg-info/top_level.txt
[3.646s] reading manifest file '../../build/my_py_pkg2/my_py_pkg2.egg-info/SOURCES.txt'
[3.648s] writing manifest file '../../build/my_py_pkg2/my_py_pkg2.egg-info/SOURCES.txt'
[3.649s] running build
[3.649s] running build_py
[3.650s] running install
[3.651s] running install_lib
[3.655s] running install_data
[3.656s] running install_egg_info
[3.666s] removing '/home/lucas/ros2_ws/install/my_py_pkg2/lib/python3.10/site-packages/my_py_pkg2-0.0.0-py3.10.egg-info' (and everything under it)
[3.667s] Copying ../../build/my_py_pkg2/my_py_pkg2.egg-info to /home/lucas/ros2_ws/install/my_py_pkg2/lib/python3.10/site-packages/my_py_pkg2-0.0.0-py3.10.egg-info
[3.668s] running install_scripts
[3.751s] Installing add_two_ints script to /home/lucas/ros2_ws/install/my_py_pkg2/lib/my_py_pkg2
[3.762s] Installing add_two_ints_client script to /home/lucas/ros2_ws/install/my_py_pkg2/lib/my_py_pkg2
[3.764s] Installing number_pub script to /home/lucas/ros2_ws/install/my_py_pkg2/lib/my_py_pkg2
[3.765s] Installing publisher script to /home/lucas/ros2_ws/install/my_py_pkg2/lib/my_py_pkg2
[3.767s] Installing py_node script to /home/lucas/ros2_ws/install/my_py_pkg2/lib/my_py_pkg2
[3.768s] Installing subscriber script to /home/lucas/ros2_ws/install/my_py_pkg2/lib/my_py_pkg2
[3.781s] writing list of installed files to '/home/lucas/ros2_ws/build/my_py_pkg2/install.log'
[3.891s] Invoked command in '/home/lucas/ros2_ws/src/my_py_pkg2' returned '0': PYTHONPATH=/home/lucas/ros2_ws/build/my_py_pkg2/prefix_override:/home/lucas/ros2_ws/install/my_py_pkg2/lib/python3.10/site-packages:${PYTHONPATH} /usr/bin/python3 -W ignore:setup.py install is deprecated setup.py egg_info --egg-base ../../build/my_py_pkg2 build --build-base /home/lucas/ros2_ws/build/my_py_pkg2/build install --record /home/lucas/ros2_ws/build/my_py_pkg2/install.log --single-version-externally-managed install_data
