[1.701s] Invoking command in '/home/lucas/ros2_ws/src/stage_challenge': PYTHONPATH=/home/lucas/ros2_ws/build/stage_challenge/prefix_override:/home/lucas/ros2_ws/install/stage_challenge/lib/python3.10/site-packages:${PYTHONPATH} /usr/bin/python3 -W ignore:setup.py install is deprecated setup.py egg_info --egg-base ../../build/stage_challenge build --build-base /home/lucas/ros2_ws/build/stage_challenge/build install --record /home/lucas/ros2_ws/build/stage_challenge/install.log --single-version-externally-managed install_data
[2.654s] running egg_info
[2.655s] writing ../../build/stage_challenge/stage_challenge.egg-info/PKG-INFO
[2.657s] writing dependency_links to ../../build/stage_challenge/stage_challenge.egg-info/dependency_links.txt
[2.675s] writing entry points to ../../build/stage_challenge/stage_challenge.egg-info/entry_points.txt
[2.675s] writing requirements to ../../build/stage_challenge/stage_challenge.egg-info/requires.txt
[2.685s] writing top-level names to ../../build/stage_challenge/stage_challenge.egg-info/top_level.txt
[2.689s] reading manifest file '../../build/stage_challenge/stage_challenge.egg-info/SOURCES.txt'
[2.690s] writing manifest file '../../build/stage_challenge/stage_challenge.egg-info/SOURCES.txt'
[2.716s] running build
[2.716s] running build_py
[2.717s] copying stage_challenge/rrt2.py -> /home/lucas/ros2_ws/build/stage_challenge/build/lib/stage_challenge
[2.717s] running install
[2.718s] running install_lib
[2.719s] copying /home/lucas/ros2_ws/build/stage_challenge/build/lib/stage_challenge/rrt2.py -> /home/lucas/ros2_ws/install/stage_challenge/lib/python3.10/site-packages/stage_challenge
[2.720s] byte-compiling /home/lucas/ros2_ws/install/stage_challenge/lib/python3.10/site-packages/stage_challenge/rrt2.py to rrt2.cpython-310.pyc
[2.724s] running install_data
[2.725s] running install_egg_info
[2.727s] removing '/home/lucas/ros2_ws/install/stage_challenge/lib/python3.10/site-packages/stage_challenge-0.0.0-py3.10.egg-info' (and everything under it)
[2.728s] Copying ../../build/stage_challenge/stage_challenge.egg-info to /home/lucas/ros2_ws/install/stage_challenge/lib/python3.10/site-packages/stage_challenge-0.0.0-py3.10.egg-info
[2.746s] running install_scripts
[2.826s] Installing robot script to /home/lucas/ros2_ws/install/stage_challenge/lib/stage_challenge
[2.828s] Installing rrt script to /home/lucas/ros2_ws/install/stage_challenge/lib/stage_challenge
[2.840s] Installing rrt2 script to /home/lucas/ros2_ws/install/stage_challenge/lib/stage_challenge
[2.842s] writing list of installed files to '/home/lucas/ros2_ws/build/stage_challenge/install.log'
[2.925s] Invoked command in '/home/lucas/ros2_ws/src/stage_challenge' returned '0': PYTHONPATH=/home/lucas/ros2_ws/build/stage_challenge/prefix_override:/home/lucas/ros2_ws/install/stage_challenge/lib/python3.10/site-packages:${PYTHONPATH} /usr/bin/python3 -W ignore:setup.py install is deprecated setup.py egg_info --egg-base ../../build/stage_challenge build --build-base /home/lucas/ros2_ws/build/stage_challenge/build install --record /home/lucas/ros2_ws/build/stage_challenge/install.log --single-version-externally-managed install_data
