[0.057s] Invoking command in '/home/lucas/ros2_ws/build/Stage': /usr/bin/cmake --build /home/lucas/ros2_ws/build/Stage -- -j1 -l1
[0.372s] [ 57%] Built target stage
[0.524s] [ 61%] Built target stagebinary
[0.688s] [ 64%] Built target fasr
[0.798s] [ 67%] Built target sink
[0.878s] [ 71%] Built target source
[0.923s] [ 74%] Built target wander
[0.970s] [ 77%] Built target pioneer_flocking
[1.016s] [ 81%] Built target rasterize
[1.063s] [ 84%] Built target lasernoise
[1.108s] [ 88%] Built target dynamic
[1.183s] [ 93%] Built target fasr2
[1.228s] [ 96%] Built target expand_swarm
[1.278s] [100%] Built target expand_pioneer
[1.297s] Invoked command in '/home/lucas/ros2_ws/build/Stage' returned '0': /usr/bin/cmake --build /home/lucas/ros2_ws/build/Stage -- -j1 -l1
[1.427s] Invoking command in '/home/lucas/ros2_ws/build/Stage': /usr/bin/cmake --install /home/lucas/ros2_ws/build/Stage
[1.443s] -- Install configuration: "RELEASE"
[1.444s] -- Up-to-date: /home/lucas/ros2_ws/install/Stage/lib/pkgconfig/stage.pc
[1.444s] -- Up-to-date: /home/lucas/ros2_ws/install/Stage/lib/cmake/Stage/stage-config.cmake
[1.444s] -- Up-to-date: /home/lucas/ros2_ws/install/Stage/lib/cmake/Stage/stage-config-version.cmake
[1.445s] -- Up-to-date: /home/lucas/ros2_ws/install/Stage/bin/stage
[1.445s] -- Up-to-date: /home/lucas/ros2_ws/install/Stage/lib/libstage.so.4.3.0
[1.446s] -- Up-to-date: /home/lucas/ros2_ws/install/Stage/lib/libstage.so
[1.446s] -- Up-to-date: /home/lucas/ros2_ws/install/Stage/include/Stage-4.3/stage.hh
[1.447s] -- Up-to-date: /home/lucas/ros2_ws/install/Stage/lib/Stage-4.3/fasr.so
[1.448s] -- Up-to-date: /home/lucas/ros2_ws/install/Stage/lib/Stage-4.3/sink.so
[1.448s] -- Up-to-date: /home/lucas/ros2_ws/install/Stage/lib/Stage-4.3/source.so
[1.449s] -- Up-to-date: /home/lucas/ros2_ws/install/Stage/lib/Stage-4.3/wander.so
[1.449s] -- Up-to-date: /home/lucas/ros2_ws/install/Stage/lib/Stage-4.3/pioneer_flocking.so
[1.450s] -- Up-to-date: /home/lucas/ros2_ws/install/Stage/lib/Stage-4.3/rasterize.so
[1.451s] -- Up-to-date: /home/lucas/ros2_ws/install/Stage/lib/Stage-4.3/lasernoise.so
[1.451s] -- Up-to-date: /home/lucas/ros2_ws/install/Stage/lib/Stage-4.3/dynamic.so
[1.452s] -- Up-to-date: /home/lucas/ros2_ws/install/Stage/lib/Stage-4.3/fasr2.so
[1.452s] -- Up-to-date: /home/lucas/ros2_ws/install/Stage/share/stage/assets/blue.png
[1.453s] -- Up-to-date: /home/lucas/ros2_ws/install/Stage/share/stage/assets/death.png
[1.453s] -- Up-to-date: /home/lucas/ros2_ws/install/Stage/share/stage/assets/green.png
[1.453s] -- Up-to-date: /home/lucas/ros2_ws/install/Stage/share/stage/assets/logo.png
[1.453s] -- Up-to-date: /home/lucas/ros2_ws/install/Stage/share/stage/assets/mains.png
[1.453s] -- Up-to-date: /home/lucas/ros2_ws/install/Stage/share/stage/assets/mainspower.png
[1.454s] -- Up-to-date: /home/lucas/ros2_ws/install/Stage/share/stage/assets/question_mark.png
[1.454s] -- Up-to-date: /home/lucas/ros2_ws/install/Stage/share/stage/assets/red.png
[1.454s] -- Up-to-date: /home/lucas/ros2_ws/install/Stage/share/stage/assets/stagelogo.png
[1.454s] -- Up-to-date: /home/lucas/ros2_ws/install/Stage/share/stage/assets/stall-old.png
[1.454s] -- Up-to-date: /home/lucas/ros2_ws/install/Stage/share/stage/assets/stall.png
[1.454s] -- Up-to-date: /home/lucas/ros2_ws/install/Stage/share/stage/assets/rgb.txt
[1.455s] -- Up-to-date: /home/lucas/ros2_ws/install/Stage/share/stage/rgb.txt
[1.455s] -- Up-to-date: /home/lucas/ros2_ws/install/Stage/share/stage/worlds/amcl-sonar.cfg
[1.455s] -- Up-to-date: /home/lucas/ros2_ws/install/Stage/share/stage/worlds/autolab.cfg
[1.455s] -- Up-to-date: /home/lucas/ros2_ws/install/Stage/share/stage/worlds/camera.cfg
[1.456s] -- Up-to-date: /home/lucas/ros2_ws/install/Stage/share/stage/worlds/everything.cfg
[1.456s] -- Up-to-date: /home/lucas/ros2_ws/install/Stage/share/stage/worlds/lsp_test.cfg
[1.456s] -- Up-to-date: /home/lucas/ros2_ws/install/Stage/share/stage/worlds/mbicp.cfg
[1.456s] -- Up-to-date: /home/lucas/ros2_ws/install/Stage/share/stage/worlds/nd.cfg
[1.456s] -- Up-to-date: /home/lucas/ros2_ws/install/Stage/share/stage/worlds/roomba.cfg
[1.456s] -- Up-to-date: /home/lucas/ros2_ws/install/Stage/share/stage/worlds/simple.cfg
[1.457s] -- Up-to-date: /home/lucas/ros2_ws/install/Stage/share/stage/worlds/test.cfg
[1.457s] -- Up-to-date: /home/lucas/ros2_ws/install/Stage/share/stage/worlds/uoa_robotics_lab.cfg
[1.457s] -- Up-to-date: /home/lucas/ros2_ws/install/Stage/share/stage/worlds/vfh.cfg
[1.458s] -- Up-to-date: /home/lucas/ros2_ws/install/Stage/share/stage/worlds/wavefront-remote.cfg
[1.458s] -- Up-to-date: /home/lucas/ros2_ws/install/Stage/share/stage/worlds/wavefront.cfg
[1.458s] -- Up-to-date: /home/lucas/ros2_ws/install/Stage/share/stage/worlds/wifi.cfg
[1.458s] -- Up-to-date: /home/lucas/ros2_ws/install/Stage/share/stage/worlds/SFU.world
[1.458s] -- Up-to-date: /home/lucas/ros2_ws/install/Stage/share/stage/worlds/autolab.world
[1.458s] -- Up-to-date: /home/lucas/ros2_ws/install/Stage/share/stage/worlds/camera.world
[1.459s] -- Up-to-date: /home/lucas/ros2_ws/install/Stage/share/stage/worlds/circuit.world
[1.459s] -- Up-to-date: /home/lucas/ros2_ws/install/Stage/share/stage/worlds/everything.world
[1.459s] -- Up-to-date: /home/lucas/ros2_ws/install/Stage/share/stage/worlds/fasr.world
[1.459s] -- Up-to-date: /home/lucas/ros2_ws/install/Stage/share/stage/worlds/fasr2.world
[1.459s] -- Up-to-date: /home/lucas/ros2_ws/install/Stage/share/stage/worlds/fasr_plan.world
[1.459s] -- Up-to-date: /home/lucas/ros2_ws/install/Stage/share/stage/worlds/large.world
[1.460s] -- Up-to-date: /home/lucas/ros2_ws/install/Stage/share/stage/worlds/lsp_test.world
[1.460s] -- Up-to-date: /home/lucas/ros2_ws/install/Stage/share/stage/worlds/mbicp.world
[1.460s] -- Up-to-date: /home/lucas/ros2_ws/install/Stage/share/stage/worlds/pioneer_flocking.world
[1.460s] -- Up-to-date: /home/lucas/ros2_ws/install/Stage/share/stage/worlds/pioneer_follow.world
[1.460s] -- Up-to-date: /home/lucas/ros2_ws/install/Stage/share/stage/worlds/pioneer_walle.world
[1.460s] -- Up-to-date: /home/lucas/ros2_ws/install/Stage/share/stage/worlds/roomba.world
[1.461s] -- Up-to-date: /home/lucas/ros2_ws/install/Stage/share/stage/worlds/sensor_noise_demo.world
[1.461s] -- Up-to-date: /home/lucas/ros2_ws/install/Stage/share/stage/worlds/sensor_noise_module_demo.world
[1.461s] -- Up-to-date: /home/lucas/ros2_ws/install/Stage/share/stage/worlds/simple.world
[1.461s] -- Up-to-date: /home/lucas/ros2_ws/install/Stage/share/stage/worlds/uoa_robotics_lab.world
[1.461s] -- Up-to-date: /home/lucas/ros2_ws/install/Stage/share/stage/worlds/wifi.world
[1.461s] -- Up-to-date: /home/lucas/ros2_ws/install/Stage/share/stage/worlds/beacons.inc
[1.462s] -- Up-to-date: /home/lucas/ros2_ws/install/Stage/share/stage/worlds/chatterbox.inc
[1.462s] -- Up-to-date: /home/lucas/ros2_ws/install/Stage/share/stage/worlds/hokuyo.inc
[1.462s] -- Up-to-date: /home/lucas/ros2_ws/install/Stage/share/stage/worlds/irobot.inc
[1.462s] -- Up-to-date: /home/lucas/ros2_ws/install/Stage/share/stage/worlds/map.inc
[1.462s] -- Up-to-date: /home/lucas/ros2_ws/install/Stage/share/stage/worlds/objects.inc
[1.462s] -- Up-to-date: /home/lucas/ros2_ws/install/Stage/share/stage/worlds/pantilt.inc
[1.463s] -- Up-to-date: /home/lucas/ros2_ws/install/Stage/share/stage/worlds/pioneer.inc
[1.463s] -- Up-to-date: /home/lucas/ros2_ws/install/Stage/share/stage/worlds/sick.inc
[1.463s] -- Up-to-date: /home/lucas/ros2_ws/install/Stage/share/stage/worlds/ubot.inc
[1.463s] -- Up-to-date: /home/lucas/ros2_ws/install/Stage/share/stage/worlds/uoa_robotics_lab_models.inc
[1.463s] -- Up-to-date: /home/lucas/ros2_ws/install/Stage/share/stage/worlds/walle.inc
[1.464s] -- Up-to-date: /home/lucas/ros2_ws/install/Stage/share/stage/worlds/cfggen.sh
[1.464s] -- Up-to-date: /home/lucas/ros2_ws/install/Stage/share/stage/worlds/test.sh
[1.464s] -- Up-to-date: /home/lucas/ros2_ws/install/Stage/share/stage/worlds/worldgen.sh
[1.464s] -- Up-to-date: /home/lucas/ros2_ws/install/Stage/lib/Stage-4.3/expand_swarm.so
[1.465s] -- Up-to-date: /home/lucas/ros2_ws/install/Stage/lib/Stage-4.3/expand_pioneer.so
[1.465s] -- Up-to-date: /home/lucas/ros2_ws/install/Stage/share/stage/worlds/bitmaps/889_05.png
[1.465s] -- Up-to-date: /home/lucas/ros2_ws/install/Stage/share/stage/worlds/bitmaps/SFU_1200x615.png
[1.466s] -- Up-to-date: /home/lucas/ros2_ws/install/Stage/share/stage/worlds/bitmaps/SRI-AIC-kwing.png
[1.466s] -- Up-to-date: /home/lucas/ros2_ws/install/Stage/share/stage/worlds/bitmaps/autolab.png
[1.466s] -- Up-to-date: /home/lucas/ros2_ws/install/Stage/share/stage/worlds/bitmaps/cave.png
[1.466s] -- Up-to-date: /home/lucas/ros2_ws/install/Stage/share/stage/worlds/bitmaps/cave_compact.png
[1.466s] -- Up-to-date: /home/lucas/ros2_ws/install/Stage/share/stage/worlds/bitmaps/cave_filled.png
[1.466s] -- Up-to-date: /home/lucas/ros2_ws/install/Stage/share/stage/worlds/bitmaps/frieburg.png
[1.467s] -- Up-to-date: /home/lucas/ros2_ws/install/Stage/share/stage/worlds/bitmaps/ghost.png
[1.467s] -- Up-to-date: /home/lucas/ros2_ws/install/Stage/share/stage/worlds/bitmaps/hospital.png
[1.478s] -- Up-to-date: /home/lucas/ros2_ws/install/Stage/share/stage/worlds/bitmaps/hospital_section.png
[1.479s] -- Up-to-date: /home/lucas/ros2_ws/install/Stage/share/stage/worlds/bitmaps/human_outline.png
[1.479s] -- Up-to-date: /home/lucas/ros2_ws/install/Stage/share/stage/worlds/bitmaps/mbicp.png
[1.479s] -- Up-to-date: /home/lucas/ros2_ws/install/Stage/share/stage/worlds/bitmaps/rink.png
[1.479s] -- Up-to-date: /home/lucas/ros2_ws/install/Stage/share/stage/worlds/bitmaps/sal2.png
[1.479s] -- Up-to-date: /home/lucas/ros2_ws/install/Stage/share/stage/worlds/bitmaps/simple_rooms.png
[1.479s] -- Up-to-date: /home/lucas/ros2_ws/install/Stage/share/stage/worlds/bitmaps/space_invader.png
[1.479s] -- Up-to-date: /home/lucas/ros2_ws/install/Stage/share/stage/worlds/bitmaps/submarine.png
[1.479s] -- Up-to-date: /home/lucas/ros2_ws/install/Stage/share/stage/worlds/bitmaps/submarine_small.png
[1.479s] -- Up-to-date: /home/lucas/ros2_ws/install/Stage/share/stage/worlds/bitmaps/table.png
[1.479s] -- Up-to-date: /home/lucas/ros2_ws/install/Stage/share/stage/worlds/bitmaps/uoa_robotics_lab.png
[1.479s] -- Up-to-date: /home/lucas/ros2_ws/install/Stage/share/stage/worlds/wifi/commando.world
[1.479s] -- Up-to-date: /home/lucas/ros2_ws/install/Stage/share/stage/worlds/wifi/hosp_wifi.world
[1.479s] -- Up-to-date: /home/lucas/ros2_ws/install/Stage/share/stage/worlds/wifi/hosp_wifi_5.world
[1.480s] -- Up-to-date: /home/lucas/ros2_ws/install/Stage/share/stage/worlds/wifi/wifi.world
[1.480s] -- Up-to-date: /home/lucas/ros2_ws/install/Stage/share/stage/worlds/wifi/wifi_itu.world
[1.480s] -- Up-to-date: /home/lucas/ros2_ws/install/Stage/share/stage/worlds/wifi/wifi_logdistance.world
[1.480s] -- Up-to-date: /home/lucas/ros2_ws/install/Stage/share/stage/worlds/wifi/wifi_ray.world
[1.480s] -- Up-to-date: /home/lucas/ros2_ws/install/Stage/share/stage/worlds/wifi/wifi_simple.world
[1.480s] -- Up-to-date: /home/lucas/ros2_ws/install/Stage/share/stage/worlds/wifi/map.inc
[1.480s] Invoked command in '/home/lucas/ros2_ws/build/Stage' returned '0': /usr/bin/cmake --install /home/lucas/ros2_ws/build/Stage
