/home/lucas/ros2_ws/install/my_py_pkg2/lib/python3.10/site-packages/my_py_pkg2/publisher.py
/home/lucas/ros2_ws/install/my_py_pkg2/lib/python3.10/site-packages/my_py_pkg2/subscriber.py
/home/lucas/ros2_ws/install/my_py_pkg2/lib/python3.10/site-packages/my_py_pkg2/add_two_numbers_client.py
/home/lucas/ros2_ws/install/my_py_pkg2/lib/python3.10/site-packages/my_py_pkg2/my_first_node.py
/home/lucas/ros2_ws/install/my_py_pkg2/lib/python3.10/site-packages/my_py_pkg2/add_two_numbers.py
/home/lucas/ros2_ws/install/my_py_pkg2/lib/python3.10/site-packages/my_py_pkg2/__init__.py
/home/lucas/ros2_ws/install/my_py_pkg2/lib/python3.10/site-packages/my_py_pkg2/number_publisher.py
/home/lucas/ros2_ws/install/my_py_pkg2/lib/python3.10/site-packages/my_py_pkg2/__pycache__/publisher.cpython-310.pyc
/home/lucas/ros2_ws/install/my_py_pkg2/lib/python3.10/site-packages/my_py_pkg2/__pycache__/subscriber.cpython-310.pyc
/home/lucas/ros2_ws/install/my_py_pkg2/lib/python3.10/site-packages/my_py_pkg2/__pycache__/add_two_numbers_client.cpython-310.pyc
/home/lucas/ros2_ws/install/my_py_pkg2/lib/python3.10/site-packages/my_py_pkg2/__pycache__/my_first_node.cpython-310.pyc
/home/lucas/ros2_ws/install/my_py_pkg2/lib/python3.10/site-packages/my_py_pkg2/__pycache__/add_two_numbers.cpython-310.pyc
/home/lucas/ros2_ws/install/my_py_pkg2/lib/python3.10/site-packages/my_py_pkg2/__pycache__/__init__.cpython-310.pyc
/home/lucas/ros2_ws/install/my_py_pkg2/lib/python3.10/site-packages/my_py_pkg2/__pycache__/number_publisher.cpython-310.pyc
/home/lucas/ros2_ws/install/my_py_pkg2/share/ament_index/resource_index/packages/my_py_pkg2
/home/lucas/ros2_ws/install/my_py_pkg2/share/my_py_pkg2/package.xml
/home/lucas/ros2_ws/install/my_py_pkg2/lib/python3.10/site-packages/my_py_pkg2-0.0.0-py3.10.egg-info/requires.txt
/home/lucas/ros2_ws/install/my_py_pkg2/lib/python3.10/site-packages/my_py_pkg2-0.0.0-py3.10.egg-info/top_level.txt
/home/lucas/ros2_ws/install/my_py_pkg2/lib/python3.10/site-packages/my_py_pkg2-0.0.0-py3.10.egg-info/dependency_links.txt
/home/lucas/ros2_ws/install/my_py_pkg2/lib/python3.10/site-packages/my_py_pkg2-0.0.0-py3.10.egg-info/zip-safe
/home/lucas/ros2_ws/install/my_py_pkg2/lib/python3.10/site-packages/my_py_pkg2-0.0.0-py3.10.egg-info/SOURCES.txt
/home/lucas/ros2_ws/install/my_py_pkg2/lib/python3.10/site-packages/my_py_pkg2-0.0.0-py3.10.egg-info/PKG-INFO
/home/lucas/ros2_ws/install/my_py_pkg2/lib/python3.10/site-packages/my_py_pkg2-0.0.0-py3.10.egg-info/entry_points.txt
/home/lucas/ros2_ws/install/my_py_pkg2/lib/my_py_pkg2/add_two_ints
/home/lucas/ros2_ws/install/my_py_pkg2/lib/my_py_pkg2/add_two_ints_client
/home/lucas/ros2_ws/install/my_py_pkg2/lib/my_py_pkg2/number_pub
/home/lucas/ros2_ws/install/my_py_pkg2/lib/my_py_pkg2/publisher
/home/lucas/ros2_ws/install/my_py_pkg2/lib/my_py_pkg2/py_node
/home/lucas/ros2_ws/install/my_py_pkg2/lib/my_py_pkg2/subscriber
