[2.368s] Invoking command in '/home/lucas/ros2_ws/src/stage_challenge': PYTHONPATH=/home/lucas/ros2_ws/build/stage_challenge/prefix_override:/home/lucas/ros2_ws/install/stage_challenge/lib/python3.10/site-packages:${PYTHONPATH} /usr/bin/python3 -W ignore:setup.py install is deprecated setup.py egg_info --egg-base ../../build/stage_challenge build --build-base /home/lucas/ros2_ws/build/stage_challenge/build install --record /home/lucas/ros2_ws/build/stage_challenge/install.log --single-version-externally-managed install_data
[3.276s] running egg_info
[3.278s] writing ../../build/stage_challenge/stage_challenge.egg-info/PKG-INFO
[3.295s] writing dependency_links to ../../build/stage_challenge/stage_challenge.egg-info/dependency_links.txt
[3.308s] writing entry points to ../../build/stage_challenge/stage_challenge.egg-info/entry_points.txt
[3.309s] writing requirements to ../../build/stage_challenge/stage_challenge.egg-info/requires.txt
[3.311s] writing top-level names to ../../build/stage_challenge/stage_challenge.egg-info/top_level.txt
[3.314s] reading manifest file '../../build/stage_challenge/stage_challenge.egg-info/SOURCES.txt'
[3.317s] writing manifest file '../../build/stage_challenge/stage_challenge.egg-info/SOURCES.txt'
[3.339s] running build
[3.339s] running build_py
[3.360s] copying stage_challenge/rrt2.py -> /home/lucas/ros2_ws/build/stage_challenge/build/lib/stage_challenge
[3.360s] copying stage_challenge/v3_07.py -> /home/lucas/ros2_ws/build/stage_challenge/build/lib/stage_challenge
[3.360s] running install
[3.360s] running install_lib
[3.360s] copying /home/lucas/ros2_ws/build/stage_challenge/build/lib/stage_challenge/rrt2.py -> /home/lucas/ros2_ws/install/stage_challenge/lib/python3.10/site-packages/stage_challenge
[3.360s] copying /home/lucas/ros2_ws/build/stage_challenge/build/lib/stage_challenge/v3_07.py -> /home/lucas/ros2_ws/install/stage_challenge/lib/python3.10/site-packages/stage_challenge
[3.360s] byte-compiling /home/lucas/ros2_ws/install/stage_challenge/lib/python3.10/site-packages/stage_challenge/rrt2.py to rrt2.cpython-310.pyc
[3.360s] byte-compiling /home/lucas/ros2_ws/install/stage_challenge/lib/python3.10/site-packages/stage_challenge/v3_07.py to v3_07.cpython-310.pyc
[3.362s] running install_data
[3.362s] running install_egg_info
[3.381s] removing '/home/lucas/ros2_ws/install/stage_challenge/lib/python3.10/site-packages/stage_challenge-0.0.0-py3.10.egg-info' (and everything under it)
[3.382s] Copying ../../build/stage_challenge/stage_challenge.egg-info to /home/lucas/ros2_ws/install/stage_challenge/lib/python3.10/site-packages/stage_challenge-0.0.0-py3.10.egg-info
[3.399s] running install_scripts
[3.475s] Installing robot script to /home/lucas/ros2_ws/install/stage_challenge/lib/stage_challenge
[3.486s] Installing rrt script to /home/lucas/ros2_ws/install/stage_challenge/lib/stage_challenge
[3.487s] Installing rrt2 script to /home/lucas/ros2_ws/install/stage_challenge/lib/stage_challenge
[3.489s] writing list of installed files to '/home/lucas/ros2_ws/build/stage_challenge/install.log'
[3.600s] Invoked command in '/home/lucas/ros2_ws/src/stage_challenge' returned '0': PYTHONPATH=/home/lucas/ros2_ws/build/stage_challenge/prefix_override:/home/lucas/ros2_ws/install/stage_challenge/lib/python3.10/site-packages:${PYTHONPATH} /usr/bin/python3 -W ignore:setup.py install is deprecated setup.py egg_info --egg-base ../../build/stage_challenge build --build-base /home/lucas/ros2_ws/build/stage_challenge/build install --record /home/lucas/ros2_ws/build/stage_challenge/install.log --single-version-externally-managed install_data
