[1.056s] DEBUG:colcon:Command line arguments: ['/usr/bin/colcon', 'build']
[1.056s] DEBUG:colcon:Parsed command line arguments: Namespace(log_base=None, log_level=None, verb_name='build', build_base='build', install_base='install', merge_install=False, symlink_install=False, test_result_base=None, continue_on_error=False, executor='parallel', parallel_workers=1, event_handlers=None, ignore_user_meta=False, metas=['./colcon.meta'], base_paths=['.'], packages_ignore=None, packages_ignore_regex=None, paths=None, packages_up_to=None, packages_up_to_regex=None, packages_above=None, packages_above_and_dependencies=None, packages_above_depth=None, packages_select_by_dep=None, packages_skip_by_dep=None, packages_skip_up_to=None, packages_select_build_failed=False, packages_skip_build_finished=False, packages_select_test_failures=False, packages_skip_test_passed=False, packages_select=None, packages_skip=None, packages_select_regex=None, packages_skip_regex=None, packages_start=None, packages_end=None, allow_overriding=[], bazel_args=None, bazel_task=None, cmake_args=None, cmake_target=None, cmake_target_skip_unavailable=False, cmake_clean_cache=False, cmake_clean_first=False, cmake_force_configure=False, meson_args=[], ament_cmake_args=None, catkin_cmake_args=None, catkin_skip_building_tests=False, mixin_files=None, mixin=None, verb_parser=<colcon_alias.argument_parser.alias.AliasArgumentDecorator object at 0x7600ab394610>, verb_extension=<colcon_core.verb.build.BuildVerb object at 0x7600ab52db70>, main=<bound method BuildVerb.main of <colcon_core.verb.build.BuildVerb object at 0x7600ab52db70>>, mixin_verb=('build',))
[1.788s] Level 1:colcon.colcon_core.package_discovery:discover_packages(colcon_meta) check parameters
[1.788s] Level 1:colcon.colcon_core.package_discovery:discover_packages(recursive) check parameters
[1.788s] Level 1:colcon.colcon_core.package_discovery:discover_packages(ignore) check parameters
[1.788s] Level 1:colcon.colcon_core.package_discovery:discover_packages(path) check parameters
[1.788s] Level 1:colcon.colcon_core.package_discovery:discover_packages(colcon_meta) discover
[1.788s] Level 1:colcon.colcon_core.package_discovery:discover_packages(recursive) discover
[1.788s] INFO:colcon.colcon_core.package_discovery:Crawling recursively for packages in '/home/lucas/ros2_ws'
[1.788s] Level 1:colcon.colcon_core.package_identification:_identify(.) by extensions ['ignore', 'ignore_ament_install']
[1.789s] Level 1:colcon.colcon_core.package_identification:_identify(.) by extension 'ignore'
[1.789s] Level 1:colcon.colcon_core.package_identification:_identify(.) by extension 'ignore_ament_install'
[1.811s] Level 1:colcon.colcon_core.package_identification:_identify(.) by extensions ['colcon_pkg']
[1.811s] Level 1:colcon.colcon_core.package_identification:_identify(.) by extension 'colcon_pkg'
[1.811s] Level 1:colcon.colcon_core.package_identification:_identify(.) by extensions ['colcon_meta']
[1.811s] Level 1:colcon.colcon_core.package_identification:_identify(.) by extension 'colcon_meta'
[1.811s] Level 1:colcon.colcon_core.package_identification:_identify(.) by extensions ['ros']
[1.811s] Level 1:colcon.colcon_core.package_identification:_identify(.) by extension 'ros'
[1.815s] Level 1:colcon.colcon_core.package_identification:_identify(.) by extensions ['bazel', 'cmake', 'meson', 'python']
[1.815s] Level 1:colcon.colcon_core.package_identification:_identify(.) by extension 'bazel'
[1.815s] Level 1:colcon.colcon_core.package_identification:_identify(.) by extension 'cmake'
[1.815s] Level 1:colcon.colcon_core.package_identification:_identify(.) by extension 'meson'
[1.815s] Level 1:colcon.colcon_core.package_identification:_identify(.) by extension 'python'
[1.815s] Level 1:colcon.colcon_core.package_identification:_identify(.) by extensions ['python_setup_py']
[1.815s] Level 1:colcon.colcon_core.package_identification:_identify(.) by extension 'python_setup_py'
[1.816s] Level 1:colcon.colcon_core.package_identification:_identify(build) by extensions ['ignore', 'ignore_ament_install']
[1.816s] Level 1:colcon.colcon_core.package_identification:_identify(build) by extension 'ignore'
[1.816s] Level 1:colcon.colcon_core.package_identification:_identify(build) ignored
[1.816s] Level 1:colcon.colcon_core.package_identification:_identify(install) by extensions ['ignore', 'ignore_ament_install']
[1.816s] Level 1:colcon.colcon_core.package_identification:_identify(install) by extension 'ignore'
[1.816s] Level 1:colcon.colcon_core.package_identification:_identify(install) ignored
[1.816s] Level 1:colcon.colcon_core.package_identification:_identify(log) by extensions ['ignore', 'ignore_ament_install']
[1.816s] Level 1:colcon.colcon_core.package_identification:_identify(log) by extension 'ignore'
[1.816s] Level 1:colcon.colcon_core.package_identification:_identify(log) ignored
[1.817s] Level 1:colcon.colcon_core.package_identification:_identify(rosbag2_2024_06_23-17_14_13) by extensions ['ignore', 'ignore_ament_install']
[1.817s] Level 1:colcon.colcon_core.package_identification:_identify(rosbag2_2024_06_23-17_14_13) by extension 'ignore'
[1.817s] Level 1:colcon.colcon_core.package_identification:_identify(rosbag2_2024_06_23-17_14_13) by extension 'ignore_ament_install'
[1.817s] Level 1:colcon.colcon_core.package_identification:_identify(rosbag2_2024_06_23-17_14_13) by extensions ['colcon_pkg']
[1.817s] Level 1:colcon.colcon_core.package_identification:_identify(rosbag2_2024_06_23-17_14_13) by extension 'colcon_pkg'
[1.817s] Level 1:colcon.colcon_core.package_identification:_identify(rosbag2_2024_06_23-17_14_13) by extensions ['colcon_meta']
[1.817s] Level 1:colcon.colcon_core.package_identification:_identify(rosbag2_2024_06_23-17_14_13) by extension 'colcon_meta'
[1.817s] Level 1:colcon.colcon_core.package_identification:_identify(rosbag2_2024_06_23-17_14_13) by extensions ['ros']
[1.817s] Level 1:colcon.colcon_core.package_identification:_identify(rosbag2_2024_06_23-17_14_13) by extension 'ros'
[1.817s] Level 1:colcon.colcon_core.package_identification:_identify(rosbag2_2024_06_23-17_14_13) by extensions ['bazel', 'cmake', 'meson', 'python']
[1.817s] Level 1:colcon.colcon_core.package_identification:_identify(rosbag2_2024_06_23-17_14_13) by extension 'bazel'
[1.817s] Level 1:colcon.colcon_core.package_identification:_identify(rosbag2_2024_06_23-17_14_13) by extension 'cmake'
[1.817s] Level 1:colcon.colcon_core.package_identification:_identify(rosbag2_2024_06_23-17_14_13) by extension 'meson'
[1.817s] Level 1:colcon.colcon_core.package_identification:_identify(rosbag2_2024_06_23-17_14_13) by extension 'python'
[1.817s] Level 1:colcon.colcon_core.package_identification:_identify(rosbag2_2024_06_23-17_14_13) by extensions ['python_setup_py']
[1.817s] Level 1:colcon.colcon_core.package_identification:_identify(rosbag2_2024_06_23-17_14_13) by extension 'python_setup_py'
[1.818s] Level 1:colcon.colcon_core.package_identification:_identify(src) by extensions ['ignore', 'ignore_ament_install']
[1.818s] Level 1:colcon.colcon_core.package_identification:_identify(src) by extension 'ignore'
[1.818s] Level 1:colcon.colcon_core.package_identification:_identify(src) by extension 'ignore_ament_install'
[1.818s] Level 1:colcon.colcon_core.package_identification:_identify(src) by extensions ['colcon_pkg']
[1.818s] Level 1:colcon.colcon_core.package_identification:_identify(src) by extension 'colcon_pkg'
[1.818s] Level 1:colcon.colcon_core.package_identification:_identify(src) by extensions ['colcon_meta']
[1.818s] Level 1:colcon.colcon_core.package_identification:_identify(src) by extension 'colcon_meta'
[1.818s] Level 1:colcon.colcon_core.package_identification:_identify(src) by extensions ['ros']
[1.818s] Level 1:colcon.colcon_core.package_identification:_identify(src) by extension 'ros'
[1.818s] Level 1:colcon.colcon_core.package_identification:_identify(src) by extensions ['bazel', 'cmake', 'meson', 'python']
[1.818s] Level 1:colcon.colcon_core.package_identification:_identify(src) by extension 'bazel'
[1.818s] Level 1:colcon.colcon_core.package_identification:_identify(src) by extension 'cmake'
[1.818s] Level 1:colcon.colcon_core.package_identification:_identify(src) by extension 'meson'
[1.818s] Level 1:colcon.colcon_core.package_identification:_identify(src) by extension 'python'
[1.818s] Level 1:colcon.colcon_core.package_identification:_identify(src) by extensions ['python_setup_py']
[1.818s] Level 1:colcon.colcon_core.package_identification:_identify(src) by extension 'python_setup_py'
[1.819s] Level 1:colcon.colcon_core.package_identification:_identify(src/Stage-ros2) by extensions ['ignore', 'ignore_ament_install']
[1.819s] Level 1:colcon.colcon_core.package_identification:_identify(src/Stage-ros2) by extension 'ignore'
[1.819s] Level 1:colcon.colcon_core.package_identification:_identify(src/Stage-ros2) by extension 'ignore_ament_install'
[1.819s] Level 1:colcon.colcon_core.package_identification:_identify(src/Stage-ros2) by extensions ['colcon_pkg']
[1.819s] Level 1:colcon.colcon_core.package_identification:_identify(src/Stage-ros2) by extension 'colcon_pkg'
[1.819s] Level 1:colcon.colcon_core.package_identification:_identify(src/Stage-ros2) by extensions ['colcon_meta']
[1.819s] Level 1:colcon.colcon_core.package_identification:_identify(src/Stage-ros2) by extension 'colcon_meta'
[1.819s] Level 1:colcon.colcon_core.package_identification:_identify(src/Stage-ros2) by extensions ['ros']
[1.819s] Level 1:colcon.colcon_core.package_identification:_identify(src/Stage-ros2) by extension 'ros'
[1.819s] Level 1:colcon.colcon_core.package_identification:_identify(src/Stage-ros2) by extensions ['bazel', 'cmake', 'meson', 'python']
[1.819s] Level 1:colcon.colcon_core.package_identification:_identify(src/Stage-ros2) by extension 'bazel'
[1.819s] Level 1:colcon.colcon_core.package_identification:_identify(src/Stage-ros2) by extension 'cmake'
[1.845s] Level 1:colcon.colcon_core.package_identification:_identify(src/Stage-ros2) by extension 'meson'
[1.845s] Level 1:colcon.colcon_core.package_identification:_identify(src/Stage-ros2) by extension 'python'
[1.845s] DEBUG:colcon.colcon_core.package_identification:Package 'src/Stage-ros2' with type 'cmake' and name 'Stage'
[1.845s] Level 1:colcon.colcon_core.package_identification:_identify(src/my_cpp_pkg) by extensions ['ignore', 'ignore_ament_install']
[1.845s] Level 1:colcon.colcon_core.package_identification:_identify(src/my_cpp_pkg) by extension 'ignore'
[1.845s] Level 1:colcon.colcon_core.package_identification:_identify(src/my_cpp_pkg) by extension 'ignore_ament_install'
[1.846s] Level 1:colcon.colcon_core.package_identification:_identify(src/my_cpp_pkg) by extensions ['colcon_pkg']
[1.846s] Level 1:colcon.colcon_core.package_identification:_identify(src/my_cpp_pkg) by extension 'colcon_pkg'
[1.846s] Level 1:colcon.colcon_core.package_identification:_identify(src/my_cpp_pkg) by extensions ['colcon_meta']
[1.846s] Level 1:colcon.colcon_core.package_identification:_identify(src/my_cpp_pkg) by extension 'colcon_meta'
[1.846s] Level 1:colcon.colcon_core.package_identification:_identify(src/my_cpp_pkg) by extensions ['ros']
[1.846s] Level 1:colcon.colcon_core.package_identification:_identify(src/my_cpp_pkg) by extension 'ros'
[1.848s] DEBUG:colcon.colcon_core.package_identification:Package 'src/my_cpp_pkg' with type 'ros.ament_cmake' and name 'my_cpp_pkg'
[1.849s] Level 1:colcon.colcon_core.package_identification:_identify(src/my_py_pkg) by extensions ['ignore', 'ignore_ament_install']
[1.849s] Level 1:colcon.colcon_core.package_identification:_identify(src/my_py_pkg) by extension 'ignore'
[1.849s] Level 1:colcon.colcon_core.package_identification:_identify(src/my_py_pkg) by extension 'ignore_ament_install'
[1.849s] Level 1:colcon.colcon_core.package_identification:_identify(src/my_py_pkg) by extensions ['colcon_pkg']
[1.849s] Level 1:colcon.colcon_core.package_identification:_identify(src/my_py_pkg) by extension 'colcon_pkg'
[1.849s] Level 1:colcon.colcon_core.package_identification:_identify(src/my_py_pkg) by extensions ['colcon_meta']
[1.849s] Level 1:colcon.colcon_core.package_identification:_identify(src/my_py_pkg) by extension 'colcon_meta'
[1.849s] Level 1:colcon.colcon_core.package_identification:_identify(src/my_py_pkg) by extensions ['ros']
[1.849s] Level 1:colcon.colcon_core.package_identification:_identify(src/my_py_pkg) by extension 'ros'
[1.850s] DEBUG:colcon.colcon_core.package_identification:Package 'src/my_py_pkg' with type 'ros.ament_python' and name 'my_py_pkg'
[1.850s] Level 1:colcon.colcon_core.package_identification:_identify(src/my_py_pkg2) by extensions ['ignore', 'ignore_ament_install']
[1.850s] Level 1:colcon.colcon_core.package_identification:_identify(src/my_py_pkg2) by extension 'ignore'
[1.850s] Level 1:colcon.colcon_core.package_identification:_identify(src/my_py_pkg2) by extension 'ignore_ament_install'
[1.850s] Level 1:colcon.colcon_core.package_identification:_identify(src/my_py_pkg2) by extensions ['colcon_pkg']
[1.850s] Level 1:colcon.colcon_core.package_identification:_identify(src/my_py_pkg2) by extension 'colcon_pkg'
[1.851s] Level 1:colcon.colcon_core.package_identification:_identify(src/my_py_pkg2) by extensions ['colcon_meta']
[1.851s] Level 1:colcon.colcon_core.package_identification:_identify(src/my_py_pkg2) by extension 'colcon_meta'
[1.851s] Level 1:colcon.colcon_core.package_identification:_identify(src/my_py_pkg2) by extensions ['ros']
[1.851s] Level 1:colcon.colcon_core.package_identification:_identify(src/my_py_pkg2) by extension 'ros'
[1.858s] DEBUG:colcon.colcon_core.package_identification:Package 'src/my_py_pkg2' with type 'ros.ament_python' and name 'my_py_pkg2'
[1.858s] Level 1:colcon.colcon_core.package_identification:_identify(src/stage_challenge) by extensions ['ignore', 'ignore_ament_install']
[1.859s] Level 1:colcon.colcon_core.package_identification:_identify(src/stage_challenge) by extension 'ignore'
[1.859s] Level 1:colcon.colcon_core.package_identification:_identify(src/stage_challenge) by extension 'ignore_ament_install'
[1.859s] Level 1:colcon.colcon_core.package_identification:_identify(src/stage_challenge) by extensions ['colcon_pkg']
[1.859s] Level 1:colcon.colcon_core.package_identification:_identify(src/stage_challenge) by extension 'colcon_pkg'
[1.859s] Level 1:colcon.colcon_core.package_identification:_identify(src/stage_challenge) by extensions ['colcon_meta']
[1.859s] Level 1:colcon.colcon_core.package_identification:_identify(src/stage_challenge) by extension 'colcon_meta'
[1.859s] Level 1:colcon.colcon_core.package_identification:_identify(src/stage_challenge) by extensions ['ros']
[1.859s] Level 1:colcon.colcon_core.package_identification:_identify(src/stage_challenge) by extension 'ros'
[1.860s] DEBUG:colcon.colcon_core.package_identification:Package 'src/stage_challenge' with type 'ros.ament_python' and name 'stage_challenge'
[1.860s] Level 1:colcon.colcon_core.package_identification:_identify(src/stage_ros2-humble) by extensions ['ignore', 'ignore_ament_install']
[1.860s] Level 1:colcon.colcon_core.package_identification:_identify(src/stage_ros2-humble) by extension 'ignore'
[1.860s] Level 1:colcon.colcon_core.package_identification:_identify(src/stage_ros2-humble) by extension 'ignore_ament_install'
[1.860s] Level 1:colcon.colcon_core.package_identification:_identify(src/stage_ros2-humble) by extensions ['colcon_pkg']
[1.860s] Level 1:colcon.colcon_core.package_identification:_identify(src/stage_ros2-humble) by extension 'colcon_pkg'
[1.860s] Level 1:colcon.colcon_core.package_identification:_identify(src/stage_ros2-humble) by extensions ['colcon_meta']
[1.860s] Level 1:colcon.colcon_core.package_identification:_identify(src/stage_ros2-humble) by extension 'colcon_meta'
[1.860s] Level 1:colcon.colcon_core.package_identification:_identify(src/stage_ros2-humble) by extensions ['ros']
[1.860s] Level 1:colcon.colcon_core.package_identification:_identify(src/stage_ros2-humble) by extension 'ros'
[1.861s] DEBUG:colcon.colcon_core.package_identification:Package 'src/stage_ros2-humble' with type 'ros.ament_cmake' and name 'stage_ros2'
[1.861s] Level 1:colcon.colcon_core.package_discovery:discover_packages(recursive) using defaults
[1.861s] Level 1:colcon.colcon_core.package_discovery:discover_packages(ignore) discover
[1.861s] Level 1:colcon.colcon_core.package_discovery:discover_packages(ignore) using defaults
[1.861s] Level 1:colcon.colcon_core.package_discovery:discover_packages(path) discover
[1.861s] Level 1:colcon.colcon_core.package_discovery:discover_packages(path) using defaults
[1.933s] Level 1:colcon.colcon_core.package_discovery:discover_packages(prefix_path) check parameters
[1.933s] Level 1:colcon.colcon_core.package_discovery:discover_packages(prefix_path) discover
[1.953s] DEBUG:colcon.colcon_installed_package_information.package_discovery:Found 6 installed packages in /home/lucas/ros2_ws/install
[1.955s] DEBUG:colcon.colcon_installed_package_information.package_discovery:Found 270 installed packages in /opt/ros/humble
[1.957s] Level 1:colcon.colcon_core.package_discovery:discover_packages(prefix_path) using defaults
[2.158s] Level 5:colcon.colcon_core.verb:set package 'Stage' build argument 'bazel_args' from command line to 'None'
[2.158s] Level 5:colcon.colcon_core.verb:set package 'Stage' build argument 'bazel_task' from command line to 'None'
[2.158s] Level 5:colcon.colcon_core.verb:set package 'Stage' build argument 'cmake_args' from command line to 'None'
[2.158s] Level 5:colcon.colcon_core.verb:set package 'Stage' build argument 'cmake_target' from command line to 'None'
[2.158s] Level 5:colcon.colcon_core.verb:set package 'Stage' build argument 'cmake_target_skip_unavailable' from command line to 'False'
[2.158s] Level 5:colcon.colcon_core.verb:set package 'Stage' build argument 'cmake_clean_cache' from command line to 'False'
[2.158s] Level 5:colcon.colcon_core.verb:set package 'Stage' build argument 'cmake_clean_first' from command line to 'False'
[2.158s] Level 5:colcon.colcon_core.verb:set package 'Stage' build argument 'cmake_force_configure' from command line to 'False'
[2.158s] Level 5:colcon.colcon_core.verb:set package 'Stage' build argument 'meson_args' from command line to '[]'
[2.158s] Level 5:colcon.colcon_core.verb:set package 'Stage' build argument 'ament_cmake_args' from command line to 'None'
[2.158s] Level 5:colcon.colcon_core.verb:set package 'Stage' build argument 'catkin_cmake_args' from command line to 'None'
[2.159s] Level 5:colcon.colcon_core.verb:set package 'Stage' build argument 'catkin_skip_building_tests' from command line to 'False'
[2.159s] DEBUG:colcon.colcon_core.verb:Building package 'Stage' with the following arguments: {'ament_cmake_args': None, 'bazel_args': None, 'bazel_task': None, 'build_base': '/home/lucas/ros2_ws/build/Stage', 'catkin_cmake_args': None, 'catkin_skip_building_tests': False, 'cmake_args': None, 'cmake_clean_cache': False, 'cmake_clean_first': False, 'cmake_force_configure': False, 'cmake_target': None, 'cmake_target_skip_unavailable': False, 'install_base': '/home/lucas/ros2_ws/install/Stage', 'merge_install': False, 'meson_args': [], 'path': '/home/lucas/ros2_ws/src/Stage-ros2', 'symlink_install': False, 'test_result_base': None}
[2.194s] Level 5:colcon.colcon_core.verb:set package 'my_py_pkg' build argument 'bazel_args' from command line to 'None'
[2.194s] Level 5:colcon.colcon_core.verb:set package 'my_py_pkg' build argument 'bazel_task' from command line to 'None'
[2.194s] Level 5:colcon.colcon_core.verb:set package 'my_py_pkg' build argument 'cmake_args' from command line to 'None'
[2.194s] Level 5:colcon.colcon_core.verb:set package 'my_py_pkg' build argument 'cmake_target' from command line to 'None'
[2.207s] Level 5:colcon.colcon_core.verb:set package 'my_py_pkg' build argument 'cmake_target_skip_unavailable' from command line to 'False'
[2.207s] Level 5:colcon.colcon_core.verb:set package 'my_py_pkg' build argument 'cmake_clean_cache' from command line to 'False'
[2.207s] Level 5:colcon.colcon_core.verb:set package 'my_py_pkg' build argument 'cmake_clean_first' from command line to 'False'
[2.207s] Level 5:colcon.colcon_core.verb:set package 'my_py_pkg' build argument 'cmake_force_configure' from command line to 'False'
[2.207s] Level 5:colcon.colcon_core.verb:set package 'my_py_pkg' build argument 'meson_args' from command line to '[]'
[2.207s] Level 5:colcon.colcon_core.verb:set package 'my_py_pkg' build argument 'ament_cmake_args' from command line to 'None'
[2.207s] Level 5:colcon.colcon_core.verb:set package 'my_py_pkg' build argument 'catkin_cmake_args' from command line to 'None'
[2.207s] Level 5:colcon.colcon_core.verb:set package 'my_py_pkg' build argument 'catkin_skip_building_tests' from command line to 'False'
[2.208s] DEBUG:colcon.colcon_core.verb:Building package 'my_py_pkg' with the following arguments: {'ament_cmake_args': None, 'bazel_args': None, 'bazel_task': None, 'build_base': '/home/lucas/ros2_ws/build/my_py_pkg', 'catkin_cmake_args': None, 'catkin_skip_building_tests': False, 'cmake_args': None, 'cmake_clean_cache': False, 'cmake_clean_first': False, 'cmake_force_configure': False, 'cmake_target': None, 'cmake_target_skip_unavailable': False, 'install_base': '/home/lucas/ros2_ws/install/my_py_pkg', 'merge_install': False, 'meson_args': [], 'path': '/home/lucas/ros2_ws/src/my_py_pkg', 'symlink_install': False, 'test_result_base': None}
[2.234s] Level 5:colcon.colcon_core.verb:set package 'my_py_pkg2' build argument 'bazel_args' from command line to 'None'
[2.234s] Level 5:colcon.colcon_core.verb:set package 'my_py_pkg2' build argument 'bazel_task' from command line to 'None'
[2.234s] Level 5:colcon.colcon_core.verb:set package 'my_py_pkg2' build argument 'cmake_args' from command line to 'None'
[2.234s] Level 5:colcon.colcon_core.verb:set package 'my_py_pkg2' build argument 'cmake_target' from command line to 'None'
[2.234s] Level 5:colcon.colcon_core.verb:set package 'my_py_pkg2' build argument 'cmake_target_skip_unavailable' from command line to 'False'
[2.234s] Level 5:colcon.colcon_core.verb:set package 'my_py_pkg2' build argument 'cmake_clean_cache' from command line to 'False'
[2.234s] Level 5:colcon.colcon_core.verb:set package 'my_py_pkg2' build argument 'cmake_clean_first' from command line to 'False'
[2.234s] Level 5:colcon.colcon_core.verb:set package 'my_py_pkg2' build argument 'cmake_force_configure' from command line to 'False'
[2.234s] Level 5:colcon.colcon_core.verb:set package 'my_py_pkg2' build argument 'meson_args' from command line to '[]'
[2.234s] Level 5:colcon.colcon_core.verb:set package 'my_py_pkg2' build argument 'ament_cmake_args' from command line to 'None'
[2.234s] Level 5:colcon.colcon_core.verb:set package 'my_py_pkg2' build argument 'catkin_cmake_args' from command line to 'None'
[2.234s] Level 5:colcon.colcon_core.verb:set package 'my_py_pkg2' build argument 'catkin_skip_building_tests' from command line to 'False'
[2.234s] DEBUG:colcon.colcon_core.verb:Building package 'my_py_pkg2' with the following arguments: {'ament_cmake_args': None, 'bazel_args': None, 'bazel_task': None, 'build_base': '/home/lucas/ros2_ws/build/my_py_pkg2', 'catkin_cmake_args': None, 'catkin_skip_building_tests': False, 'cmake_args': None, 'cmake_clean_cache': False, 'cmake_clean_first': False, 'cmake_force_configure': False, 'cmake_target': None, 'cmake_target_skip_unavailable': False, 'install_base': '/home/lucas/ros2_ws/install/my_py_pkg2', 'merge_install': False, 'meson_args': [], 'path': '/home/lucas/ros2_ws/src/my_py_pkg2', 'symlink_install': False, 'test_result_base': None}
[2.275s] Level 5:colcon.colcon_core.verb:set package 'stage_challenge' build argument 'bazel_args' from command line to 'None'
[2.275s] Level 5:colcon.colcon_core.verb:set package 'stage_challenge' build argument 'bazel_task' from command line to 'None'
[2.275s] Level 5:colcon.colcon_core.verb:set package 'stage_challenge' build argument 'cmake_args' from command line to 'None'
[2.275s] Level 5:colcon.colcon_core.verb:set package 'stage_challenge' build argument 'cmake_target' from command line to 'None'
[2.275s] Level 5:colcon.colcon_core.verb:set package 'stage_challenge' build argument 'cmake_target_skip_unavailable' from command line to 'False'
[2.275s] Level 5:colcon.colcon_core.verb:set package 'stage_challenge' build argument 'cmake_clean_cache' from command line to 'False'
[2.275s] Level 5:colcon.colcon_core.verb:set package 'stage_challenge' build argument 'cmake_clean_first' from command line to 'False'
[2.275s] Level 5:colcon.colcon_core.verb:set package 'stage_challenge' build argument 'cmake_force_configure' from command line to 'False'
[2.275s] Level 5:colcon.colcon_core.verb:set package 'stage_challenge' build argument 'meson_args' from command line to '[]'
[2.276s] Level 5:colcon.colcon_core.verb:set package 'stage_challenge' build argument 'ament_cmake_args' from command line to 'None'
[2.276s] Level 5:colcon.colcon_core.verb:set package 'stage_challenge' build argument 'catkin_cmake_args' from command line to 'None'
[2.276s] Level 5:colcon.colcon_core.verb:set package 'stage_challenge' build argument 'catkin_skip_building_tests' from command line to 'False'
[2.276s] DEBUG:colcon.colcon_core.verb:Building package 'stage_challenge' with the following arguments: {'ament_cmake_args': None, 'bazel_args': None, 'bazel_task': None, 'build_base': '/home/lucas/ros2_ws/build/stage_challenge', 'catkin_cmake_args': None, 'catkin_skip_building_tests': False, 'cmake_args': None, 'cmake_clean_cache': False, 'cmake_clean_first': False, 'cmake_force_configure': False, 'cmake_target': None, 'cmake_target_skip_unavailable': False, 'install_base': '/home/lucas/ros2_ws/install/stage_challenge', 'merge_install': False, 'meson_args': [], 'path': '/home/lucas/ros2_ws/src/stage_challenge', 'symlink_install': False, 'test_result_base': None}
[2.337s] Level 5:colcon.colcon_core.verb:set package 'my_cpp_pkg' build argument 'bazel_args' from command line to 'None'
[2.337s] Level 5:colcon.colcon_core.verb:set package 'my_cpp_pkg' build argument 'bazel_task' from command line to 'None'
[2.337s] Level 5:colcon.colcon_core.verb:set package 'my_cpp_pkg' build argument 'cmake_args' from command line to 'None'
[2.337s] Level 5:colcon.colcon_core.verb:set package 'my_cpp_pkg' build argument 'cmake_target' from command line to 'None'
[2.337s] Level 5:colcon.colcon_core.verb:set package 'my_cpp_pkg' build argument 'cmake_target_skip_unavailable' from command line to 'False'
[2.337s] Level 5:colcon.colcon_core.verb:set package 'my_cpp_pkg' build argument 'cmake_clean_cache' from command line to 'False'
[2.337s] Level 5:colcon.colcon_core.verb:set package 'my_cpp_pkg' build argument 'cmake_clean_first' from command line to 'False'
[2.337s] Level 5:colcon.colcon_core.verb:set package 'my_cpp_pkg' build argument 'cmake_force_configure' from command line to 'False'
[2.337s] Level 5:colcon.colcon_core.verb:set package 'my_cpp_pkg' build argument 'meson_args' from command line to '[]'
[2.337s] Level 5:colcon.colcon_core.verb:set package 'my_cpp_pkg' build argument 'ament_cmake_args' from command line to 'None'
[2.337s] Level 5:colcon.colcon_core.verb:set package 'my_cpp_pkg' build argument 'catkin_cmake_args' from command line to 'None'
[2.337s] Level 5:colcon.colcon_core.verb:set package 'my_cpp_pkg' build argument 'catkin_skip_building_tests' from command line to 'False'
[2.337s] DEBUG:colcon.colcon_core.verb:Building package 'my_cpp_pkg' with the following arguments: {'ament_cmake_args': None, 'bazel_args': None, 'bazel_task': None, 'build_base': '/home/lucas/ros2_ws/build/my_cpp_pkg', 'catkin_cmake_args': None, 'catkin_skip_building_tests': False, 'cmake_args': None, 'cmake_clean_cache': False, 'cmake_clean_first': False, 'cmake_force_configure': False, 'cmake_target': None, 'cmake_target_skip_unavailable': False, 'install_base': '/home/lucas/ros2_ws/install/my_cpp_pkg', 'merge_install': False, 'meson_args': [], 'path': '/home/lucas/ros2_ws/src/my_cpp_pkg', 'symlink_install': False, 'test_result_base': None}
[2.383s] Level 5:colcon.colcon_core.verb:set package 'stage_ros2' build argument 'bazel_args' from command line to 'None'
[2.383s] Level 5:colcon.colcon_core.verb:set package 'stage_ros2' build argument 'bazel_task' from command line to 'None'
[2.383s] Level 5:colcon.colcon_core.verb:set package 'stage_ros2' build argument 'cmake_args' from command line to 'None'
[2.383s] Level 5:colcon.colcon_core.verb:set package 'stage_ros2' build argument 'cmake_target' from command line to 'None'
[2.383s] Level 5:colcon.colcon_core.verb:set package 'stage_ros2' build argument 'cmake_target_skip_unavailable' from command line to 'False'
[2.383s] Level 5:colcon.colcon_core.verb:set package 'stage_ros2' build argument 'cmake_clean_cache' from command line to 'False'
[2.383s] Level 5:colcon.colcon_core.verb:set package 'stage_ros2' build argument 'cmake_clean_first' from command line to 'False'
[2.384s] Level 5:colcon.colcon_core.verb:set package 'stage_ros2' build argument 'cmake_force_configure' from command line to 'False'
[2.384s] Level 5:colcon.colcon_core.verb:set package 'stage_ros2' build argument 'meson_args' from command line to '[]'
[2.384s] Level 5:colcon.colcon_core.verb:set package 'stage_ros2' build argument 'ament_cmake_args' from command line to 'None'
[2.384s] Level 5:colcon.colcon_core.verb:set package 'stage_ros2' build argument 'catkin_cmake_args' from command line to 'None'
[2.384s] Level 5:colcon.colcon_core.verb:set package 'stage_ros2' build argument 'catkin_skip_building_tests' from command line to 'False'
[2.384s] DEBUG:colcon.colcon_core.verb:Building package 'stage_ros2' with the following arguments: {'ament_cmake_args': None, 'bazel_args': None, 'bazel_task': None, 'build_base': '/home/lucas/ros2_ws/build/stage_ros2', 'catkin_cmake_args': None, 'catkin_skip_building_tests': False, 'cmake_args': None, 'cmake_clean_cache': False, 'cmake_clean_first': False, 'cmake_force_configure': False, 'cmake_target': None, 'cmake_target_skip_unavailable': False, 'install_base': '/home/lucas/ros2_ws/install/stage_ros2', 'merge_install': False, 'meson_args': [], 'path': '/home/lucas/ros2_ws/src/stage_ros2-humble', 'symlink_install': False, 'test_result_base': None}
[2.384s] INFO:colcon.colcon_core.executor:Executing jobs using 'parallel' executor
[2.385s] DEBUG:colcon.colcon_parallel_executor.executor.parallel:run_until_complete
[2.385s] INFO:colcon.colcon_cmake.task.cmake.build:Building CMake package in '/home/lucas/ros2_ws/src/Stage-ros2'
[2.399s] INFO:colcon.colcon_core.plugin_system:Skipping extension 'colcon_core.shell.bat': Not used on non-Windows systems
[2.399s] DEBUG:colcon.colcon_ros_domain_id_coordinator.shell.ros_domain_id:Allocated ROS_DOMAIN_ID=47 for '/home/lucas/ros2_ws/build/Stage'
[2.399s] INFO:colcon.colcon_core.shell:Skip shell extension 'ros_domain_id' for command environment: 
[2.399s] INFO:colcon.colcon_core.shell:Skip shell extension 'powershell' for command environment: Not usable outside of PowerShell
[2.399s] DEBUG:colcon.colcon_core.shell:Skip shell extension 'dsv' for command environment
[2.463s] DEBUG:colcon.colcon_core.event_handler.log_command:Invoking command in '/home/lucas/ros2_ws/build/Stage': /usr/bin/cmake --build /home/lucas/ros2_ws/build/Stage -- -j1 -l1
[4.392s] DEBUG:colcon.colcon_core.event_handler.log_command:Invoked command in '/home/lucas/ros2_ws/build/Stage' returned '0': /usr/bin/cmake --build /home/lucas/ros2_ws/build/Stage -- -j1 -l1
[4.855s] DEBUG:colcon.colcon_core.event_handler.log_command:Invoking command in '/home/lucas/ros2_ws/build/Stage': /usr/bin/cmake --install /home/lucas/ros2_ws/build/Stage
[4.931s] Level 1:colcon.colcon_core.environment:create_environment_scripts_only(Stage)
[4.934s] Level 1:colcon.colcon_core.environment:checking '/home/lucas/ros2_ws/install/Stage' for CMake module files
[4.934s] Level 1:colcon.colcon_core.environment:checking '/home/lucas/ros2_ws/install/Stage' for CMake config files
[4.934s] Level 1:colcon.colcon_core.shell:create_environment_hook('Stage', 'cmake_prefix_path')
[4.935s] INFO:colcon.colcon_core.shell:Creating environment hook '/home/lucas/ros2_ws/install/Stage/share/Stage/hook/cmake_prefix_path.ps1'
[4.937s] DEBUG:colcon.colcon_core.event_handler.log_command:Invoked command in '/home/lucas/ros2_ws/build/Stage' returned '0': /usr/bin/cmake --install /home/lucas/ros2_ws/build/Stage
[4.937s] INFO:colcon.colcon_core.shell:Creating environment descriptor '/home/lucas/ros2_ws/install/Stage/share/Stage/hook/cmake_prefix_path.dsv'
[4.939s] INFO:colcon.colcon_core.shell:Creating environment hook '/home/lucas/ros2_ws/install/Stage/share/Stage/hook/cmake_prefix_path.sh'
[4.941s] Level 1:colcon.colcon_core.environment:checking '/home/lucas/ros2_ws/install/Stage/lib'
[4.941s] Level 1:colcon.colcon_core.shell:create_environment_hook('Stage', 'ld_library_path_lib')
[4.942s] INFO:colcon.colcon_core.shell:Creating environment hook '/home/lucas/ros2_ws/install/Stage/share/Stage/hook/ld_library_path_lib.ps1'
[4.943s] INFO:colcon.colcon_core.shell:Creating environment descriptor '/home/lucas/ros2_ws/install/Stage/share/Stage/hook/ld_library_path_lib.dsv'
[4.944s] INFO:colcon.colcon_core.shell:Creating environment hook '/home/lucas/ros2_ws/install/Stage/share/Stage/hook/ld_library_path_lib.sh'
[4.946s] Level 1:colcon.colcon_core.environment:checking '/home/lucas/ros2_ws/install/Stage/bin'
[4.946s] Level 1:colcon.colcon_core.shell:create_environment_hook('Stage', 'path')
[4.946s] INFO:colcon.colcon_core.shell:Creating environment hook '/home/lucas/ros2_ws/install/Stage/share/Stage/hook/path.ps1'
[4.948s] INFO:colcon.colcon_core.shell:Creating environment descriptor '/home/lucas/ros2_ws/install/Stage/share/Stage/hook/path.dsv'
[4.949s] INFO:colcon.colcon_core.shell:Creating environment hook '/home/lucas/ros2_ws/install/Stage/share/Stage/hook/path.sh'
[4.950s] Level 1:colcon.colcon_core.environment:checking '/home/lucas/ros2_ws/install/Stage/lib/pkgconfig/Stage.pc'
[4.951s] Level 1:colcon.colcon_core.environment:checking '/home/lucas/ros2_ws/install/Stage/lib/python3.10/site-packages'
[4.951s] Level 1:colcon.colcon_core.environment:checking '/home/lucas/ros2_ws/install/Stage/bin'
[4.951s] Level 1:colcon.colcon_core.shell:create_environment_hook('Stage', 'pythonscriptspath')
[4.952s] INFO:colcon.colcon_core.shell:Creating environment hook '/home/lucas/ros2_ws/install/Stage/share/Stage/hook/pythonscriptspath.ps1'
[4.953s] INFO:colcon.colcon_core.shell:Creating environment descriptor '/home/lucas/ros2_ws/install/Stage/share/Stage/hook/pythonscriptspath.dsv'
[4.953s] INFO:colcon.colcon_core.shell:Creating environment hook '/home/lucas/ros2_ws/install/Stage/share/Stage/hook/pythonscriptspath.sh'
[4.956s] INFO:colcon.colcon_core.shell:Creating package script '/home/lucas/ros2_ws/install/Stage/share/Stage/package.ps1'
[4.957s] INFO:colcon.colcon_core.shell:Creating package descriptor '/home/lucas/ros2_ws/install/Stage/share/Stage/package.dsv'
[4.960s] INFO:colcon.colcon_core.shell:Creating package script '/home/lucas/ros2_ws/install/Stage/share/Stage/package.sh'
[4.961s] INFO:colcon.colcon_core.shell:Creating package script '/home/lucas/ros2_ws/install/Stage/share/Stage/package.bash'
[4.963s] INFO:colcon.colcon_core.shell:Creating package script '/home/lucas/ros2_ws/install/Stage/share/Stage/package.zsh'
[4.964s] Level 1:colcon.colcon_core.environment:create_file_with_runtime_dependencies(/home/lucas/ros2_ws/install/Stage/share/colcon-core/packages/Stage)
[4.965s] DEBUG:colcon.colcon_ros_domain_id_coordinator.shell.ros_domain_id:Released ROS_DOMAIN_ID=47 for '/home/lucas/ros2_ws/build/Stage'
[4.967s] INFO:colcon.colcon_ros.task.ament_python.build:Building ROS package in '/home/lucas/ros2_ws/src/my_py_pkg2' with build type 'ament_python'
[4.967s] Level 1:colcon.colcon_core.shell:create_environment_hook('my_py_pkg2', 'ament_prefix_path')
[4.968s] INFO:colcon.colcon_core.shell:Creating environment hook '/home/lucas/ros2_ws/install/my_py_pkg2/share/my_py_pkg2/hook/ament_prefix_path.ps1'
[4.969s] INFO:colcon.colcon_core.shell:Creating environment descriptor '/home/lucas/ros2_ws/install/my_py_pkg2/share/my_py_pkg2/hook/ament_prefix_path.dsv'
[4.970s] INFO:colcon.colcon_core.shell:Creating environment hook '/home/lucas/ros2_ws/install/my_py_pkg2/share/my_py_pkg2/hook/ament_prefix_path.sh'
[4.972s] DEBUG:colcon.colcon_ros_domain_id_coordinator.shell.ros_domain_id:Allocated ROS_DOMAIN_ID=86 for '/home/lucas/ros2_ws/build/my_py_pkg2'
[4.972s] INFO:colcon.colcon_core.shell:Skip shell extension 'ros_domain_id' for command environment: 
[4.972s] INFO:colcon.colcon_core.shell:Skip shell extension 'powershell' for command environment: Not usable outside of PowerShell
[4.972s] DEBUG:colcon.colcon_core.shell:Skip shell extension 'dsv' for command environment
[5.528s] INFO:colcon.colcon_core.task.python.build:Building Python package in '/home/lucas/ros2_ws/src/my_py_pkg2'
[5.529s] DEBUG:colcon.colcon_ros_domain_id_coordinator.shell.ros_domain_id:Allocated ROS_DOMAIN_ID=86 for '/home/lucas/ros2_ws/build/my_py_pkg2'
[5.529s] INFO:colcon.colcon_core.shell:Skip shell extension 'ros_domain_id' for command environment: 
[5.529s] INFO:colcon.colcon_core.shell:Skip shell extension 'powershell' for command environment: Not usable outside of PowerShell
[5.529s] DEBUG:colcon.colcon_core.shell:Skip shell extension 'dsv' for command environment
[5.994s] DEBUG:colcon.colcon_core.event_handler.log_command:Invoking command in '/home/lucas/ros2_ws/src/my_py_pkg2': PYTHONPATH=/home/lucas/ros2_ws/build/my_py_pkg2/prefix_override:/home/lucas/ros2_ws/install/my_py_pkg2/lib/python3.10/site-packages:${PYTHONPATH} /usr/bin/python3 -W ignore:setup.py install is deprecated setup.py egg_info --egg-base ../../build/my_py_pkg2 build --build-base /home/lucas/ros2_ws/build/my_py_pkg2/build install --record /home/lucas/ros2_ws/build/my_py_pkg2/install.log --single-version-externally-managed install_data
[7.032s] Level 1:colcon.colcon_core.environment:checking '/home/lucas/ros2_ws/install/my_py_pkg2' for CMake module files
[7.032s] Level 1:colcon.colcon_core.environment:checking '/home/lucas/ros2_ws/install/my_py_pkg2' for CMake config files
[7.033s] Level 1:colcon.colcon_core.environment:checking '/home/lucas/ros2_ws/install/my_py_pkg2/lib'
[7.033s] Level 1:colcon.colcon_core.environment:checking '/home/lucas/ros2_ws/install/my_py_pkg2/bin'
[7.033s] Level 1:colcon.colcon_core.environment:checking '/home/lucas/ros2_ws/install/my_py_pkg2/lib/pkgconfig/my_py_pkg2.pc'
[7.034s] Level 1:colcon.colcon_core.environment:checking '/home/lucas/ros2_ws/install/my_py_pkg2/lib/python3.10/site-packages'
[7.034s] Level 1:colcon.colcon_core.shell:create_environment_hook('my_py_pkg2', 'pythonpath')
[7.034s] INFO:colcon.colcon_core.shell:Creating environment hook '/home/lucas/ros2_ws/install/my_py_pkg2/share/my_py_pkg2/hook/pythonpath.ps1'
[7.051s] DEBUG:colcon.colcon_core.event_handler.log_command:Invoked command in '/home/lucas/ros2_ws/src/my_py_pkg2' returned '0': PYTHONPATH=/home/lucas/ros2_ws/build/my_py_pkg2/prefix_override:/home/lucas/ros2_ws/install/my_py_pkg2/lib/python3.10/site-packages:${PYTHONPATH} /usr/bin/python3 -W ignore:setup.py install is deprecated setup.py egg_info --egg-base ../../build/my_py_pkg2 build --build-base /home/lucas/ros2_ws/build/my_py_pkg2/build install --record /home/lucas/ros2_ws/build/my_py_pkg2/install.log --single-version-externally-managed install_data
[7.052s] INFO:colcon.colcon_core.shell:Creating environment descriptor '/home/lucas/ros2_ws/install/my_py_pkg2/share/my_py_pkg2/hook/pythonpath.dsv'
[7.052s] INFO:colcon.colcon_core.shell:Creating environment hook '/home/lucas/ros2_ws/install/my_py_pkg2/share/my_py_pkg2/hook/pythonpath.sh'
[7.055s] Level 1:colcon.colcon_core.environment:checking '/home/lucas/ros2_ws/install/my_py_pkg2/bin'
[7.055s] Level 1:colcon.colcon_core.environment:create_environment_scripts_only(my_py_pkg2)
[7.056s] INFO:colcon.colcon_core.shell:Creating package script '/home/lucas/ros2_ws/install/my_py_pkg2/share/my_py_pkg2/package.ps1'
[7.057s] INFO:colcon.colcon_core.shell:Creating package descriptor '/home/lucas/ros2_ws/install/my_py_pkg2/share/my_py_pkg2/package.dsv'
[7.061s] INFO:colcon.colcon_core.shell:Creating package script '/home/lucas/ros2_ws/install/my_py_pkg2/share/my_py_pkg2/package.sh'
[7.071s] INFO:colcon.colcon_core.shell:Creating package script '/home/lucas/ros2_ws/install/my_py_pkg2/share/my_py_pkg2/package.bash'
[7.072s] INFO:colcon.colcon_core.shell:Creating package script '/home/lucas/ros2_ws/install/my_py_pkg2/share/my_py_pkg2/package.zsh'
[7.073s] Level 1:colcon.colcon_core.environment:create_file_with_runtime_dependencies(/home/lucas/ros2_ws/install/my_py_pkg2/share/colcon-core/packages/my_py_pkg2)
[7.075s] DEBUG:colcon.colcon_ros_domain_id_coordinator.shell.ros_domain_id:Released ROS_DOMAIN_ID=86 for '/home/lucas/ros2_ws/build/my_py_pkg2'
[7.081s] INFO:colcon.colcon_ros.task.ament_python.build:Building ROS package in '/home/lucas/ros2_ws/src/my_py_pkg' with build type 'ament_python'
[7.081s] Level 1:colcon.colcon_core.shell:create_environment_hook('my_py_pkg', 'ament_prefix_path')
[7.081s] INFO:colcon.colcon_core.shell:Creating environment hook '/home/lucas/ros2_ws/install/my_py_pkg/share/my_py_pkg/hook/ament_prefix_path.ps1'
[7.092s] INFO:colcon.colcon_core.shell:Creating environment descriptor '/home/lucas/ros2_ws/install/my_py_pkg/share/my_py_pkg/hook/ament_prefix_path.dsv'
[7.095s] INFO:colcon.colcon_core.shell:Creating environment hook '/home/lucas/ros2_ws/install/my_py_pkg/share/my_py_pkg/hook/ament_prefix_path.sh'
[7.097s] DEBUG:colcon.colcon_ros_domain_id_coordinator.shell.ros_domain_id:Allocated ROS_DOMAIN_ID=82 for '/home/lucas/ros2_ws/build/my_py_pkg'
[7.097s] INFO:colcon.colcon_core.shell:Skip shell extension 'ros_domain_id' for command environment: 
[7.097s] INFO:colcon.colcon_core.shell:Skip shell extension 'powershell' for command environment: Not usable outside of PowerShell
[7.097s] DEBUG:colcon.colcon_core.shell:Skip shell extension 'dsv' for command environment
[8.269s] INFO:colcon.colcon_core.task.python.build:Building Python package in '/home/lucas/ros2_ws/src/my_py_pkg'
[8.270s] DEBUG:colcon.colcon_ros_domain_id_coordinator.shell.ros_domain_id:Allocated ROS_DOMAIN_ID=82 for '/home/lucas/ros2_ws/build/my_py_pkg'
[8.270s] INFO:colcon.colcon_core.shell:Skip shell extension 'ros_domain_id' for command environment: 
[8.270s] INFO:colcon.colcon_core.shell:Skip shell extension 'powershell' for command environment: Not usable outside of PowerShell
[8.270s] DEBUG:colcon.colcon_core.shell:Skip shell extension 'dsv' for command environment
[9.489s] DEBUG:colcon.colcon_core.event_handler.log_command:Invoking command in '/home/lucas/ros2_ws/src/my_py_pkg': PYTHONPATH=/home/lucas/ros2_ws/build/my_py_pkg/prefix_override:/home/lucas/ros2_ws/install/my_py_pkg/lib/python3.10/site-packages:${PYTHONPATH} /usr/bin/python3 -W ignore:setup.py install is deprecated setup.py egg_info --egg-base ../../build/my_py_pkg build --build-base /home/lucas/ros2_ws/build/my_py_pkg/build install --record /home/lucas/ros2_ws/build/my_py_pkg/install.log --single-version-externally-managed install_data
[10.429s] Level 1:colcon.colcon_core.environment:checking '/home/lucas/ros2_ws/install/my_py_pkg' for CMake module files
[10.430s] Level 1:colcon.colcon_core.environment:checking '/home/lucas/ros2_ws/install/my_py_pkg' for CMake config files
[10.430s] Level 1:colcon.colcon_core.environment:checking '/home/lucas/ros2_ws/install/my_py_pkg/lib'
[10.430s] Level 1:colcon.colcon_core.environment:checking '/home/lucas/ros2_ws/install/my_py_pkg/bin'
[10.430s] Level 1:colcon.colcon_core.environment:checking '/home/lucas/ros2_ws/install/my_py_pkg/lib/pkgconfig/my_py_pkg.pc'
[10.431s] Level 1:colcon.colcon_core.environment:checking '/home/lucas/ros2_ws/install/my_py_pkg/lib/python3.10/site-packages'
[10.431s] Level 1:colcon.colcon_core.shell:create_environment_hook('my_py_pkg', 'pythonpath')
[10.431s] INFO:colcon.colcon_core.shell:Creating environment hook '/home/lucas/ros2_ws/install/my_py_pkg/share/my_py_pkg/hook/pythonpath.ps1'
[10.447s] DEBUG:colcon.colcon_core.event_handler.log_command:Invoked command in '/home/lucas/ros2_ws/src/my_py_pkg' returned '0': PYTHONPATH=/home/lucas/ros2_ws/build/my_py_pkg/prefix_override:/home/lucas/ros2_ws/install/my_py_pkg/lib/python3.10/site-packages:${PYTHONPATH} /usr/bin/python3 -W ignore:setup.py install is deprecated setup.py egg_info --egg-base ../../build/my_py_pkg build --build-base /home/lucas/ros2_ws/build/my_py_pkg/build install --record /home/lucas/ros2_ws/build/my_py_pkg/install.log --single-version-externally-managed install_data
[10.448s] INFO:colcon.colcon_core.shell:Creating environment descriptor '/home/lucas/ros2_ws/install/my_py_pkg/share/my_py_pkg/hook/pythonpath.dsv'
[10.453s] INFO:colcon.colcon_core.shell:Creating environment hook '/home/lucas/ros2_ws/install/my_py_pkg/share/my_py_pkg/hook/pythonpath.sh'
[10.470s] Level 1:colcon.colcon_core.environment:checking '/home/lucas/ros2_ws/install/my_py_pkg/bin'
[10.470s] Level 1:colcon.colcon_core.environment:create_environment_scripts_only(my_py_pkg)
[10.471s] INFO:colcon.colcon_core.shell:Creating package script '/home/lucas/ros2_ws/install/my_py_pkg/share/my_py_pkg/package.ps1'
[10.472s] INFO:colcon.colcon_core.shell:Creating package descriptor '/home/lucas/ros2_ws/install/my_py_pkg/share/my_py_pkg/package.dsv'
[10.474s] INFO:colcon.colcon_core.shell:Creating package script '/home/lucas/ros2_ws/install/my_py_pkg/share/my_py_pkg/package.sh'
[10.476s] INFO:colcon.colcon_core.shell:Creating package script '/home/lucas/ros2_ws/install/my_py_pkg/share/my_py_pkg/package.bash'
[10.477s] INFO:colcon.colcon_core.shell:Creating package script '/home/lucas/ros2_ws/install/my_py_pkg/share/my_py_pkg/package.zsh'
[10.484s] Level 1:colcon.colcon_core.environment:create_file_with_runtime_dependencies(/home/lucas/ros2_ws/install/my_py_pkg/share/colcon-core/packages/my_py_pkg)
[10.485s] DEBUG:colcon.colcon_ros_domain_id_coordinator.shell.ros_domain_id:Released ROS_DOMAIN_ID=82 for '/home/lucas/ros2_ws/build/my_py_pkg'
[10.487s] INFO:colcon.colcon_ros.task.ament_python.build:Building ROS package in '/home/lucas/ros2_ws/src/stage_challenge' with build type 'ament_python'
[10.487s] Level 1:colcon.colcon_core.shell:create_environment_hook('stage_challenge', 'ament_prefix_path')
[10.487s] INFO:colcon.colcon_core.shell:Creating environment hook '/home/lucas/ros2_ws/install/stage_challenge/share/stage_challenge/hook/ament_prefix_path.ps1'
[10.505s] INFO:colcon.colcon_core.shell:Creating environment descriptor '/home/lucas/ros2_ws/install/stage_challenge/share/stage_challenge/hook/ament_prefix_path.dsv'
[10.507s] INFO:colcon.colcon_core.shell:Creating environment hook '/home/lucas/ros2_ws/install/stage_challenge/share/stage_challenge/hook/ament_prefix_path.sh'
[10.509s] DEBUG:colcon.colcon_ros_domain_id_coordinator.shell.ros_domain_id:Allocated ROS_DOMAIN_ID=42 for '/home/lucas/ros2_ws/build/stage_challenge'
[10.509s] INFO:colcon.colcon_core.shell:Skip shell extension 'ros_domain_id' for command environment: 
[10.509s] INFO:colcon.colcon_core.shell:Skip shell extension 'powershell' for command environment: Not usable outside of PowerShell
[10.509s] DEBUG:colcon.colcon_core.shell:Skip shell extension 'dsv' for command environment
[11.539s] INFO:colcon.colcon_core.task.python.build:Building Python package in '/home/lucas/ros2_ws/src/stage_challenge'
[11.539s] DEBUG:colcon.colcon_ros_domain_id_coordinator.shell.ros_domain_id:Allocated ROS_DOMAIN_ID=42 for '/home/lucas/ros2_ws/build/stage_challenge'
[11.539s] INFO:colcon.colcon_core.shell:Skip shell extension 'ros_domain_id' for command environment: 
[11.539s] INFO:colcon.colcon_core.shell:Skip shell extension 'powershell' for command environment: Not usable outside of PowerShell
[11.539s] DEBUG:colcon.colcon_core.shell:Skip shell extension 'dsv' for command environment
[12.700s] DEBUG:colcon.colcon_core.event_handler.log_command:Invoking command in '/home/lucas/ros2_ws/src/stage_challenge': PYTHONPATH=/home/lucas/ros2_ws/build/stage_challenge/prefix_override:/home/lucas/ros2_ws/install/stage_challenge/lib/python3.10/site-packages:${PYTHONPATH} /usr/bin/python3 -W ignore:setup.py install is deprecated setup.py egg_info --egg-base ../../build/stage_challenge build --build-base /home/lucas/ros2_ws/build/stage_challenge/build install --record /home/lucas/ros2_ws/build/stage_challenge/install.log --single-version-externally-managed install_data
[13.864s] Level 1:colcon.colcon_core.environment:checking '/home/lucas/ros2_ws/install/stage_challenge' for CMake module files
[13.864s] Level 1:colcon.colcon_core.environment:checking '/home/lucas/ros2_ws/install/stage_challenge' for CMake config files
[13.865s] Level 1:colcon.colcon_core.environment:checking '/home/lucas/ros2_ws/install/stage_challenge/lib'
[13.865s] Level 1:colcon.colcon_core.environment:checking '/home/lucas/ros2_ws/install/stage_challenge/bin'
[13.865s] Level 1:colcon.colcon_core.environment:checking '/home/lucas/ros2_ws/install/stage_challenge/lib/pkgconfig/stage_challenge.pc'
[13.865s] Level 1:colcon.colcon_core.environment:checking '/home/lucas/ros2_ws/install/stage_challenge/lib/python3.10/site-packages'
[13.865s] Level 1:colcon.colcon_core.shell:create_environment_hook('stage_challenge', 'pythonpath')
[13.866s] INFO:colcon.colcon_core.shell:Creating environment hook '/home/lucas/ros2_ws/install/stage_challenge/share/stage_challenge/hook/pythonpath.ps1'
[13.868s] DEBUG:colcon.colcon_core.event_handler.log_command:Invoked command in '/home/lucas/ros2_ws/src/stage_challenge' returned '0': PYTHONPATH=/home/lucas/ros2_ws/build/stage_challenge/prefix_override:/home/lucas/ros2_ws/install/stage_challenge/lib/python3.10/site-packages:${PYTHONPATH} /usr/bin/python3 -W ignore:setup.py install is deprecated setup.py egg_info --egg-base ../../build/stage_challenge build --build-base /home/lucas/ros2_ws/build/stage_challenge/build install --record /home/lucas/ros2_ws/build/stage_challenge/install.log --single-version-externally-managed install_data
[13.868s] INFO:colcon.colcon_core.shell:Creating environment descriptor '/home/lucas/ros2_ws/install/stage_challenge/share/stage_challenge/hook/pythonpath.dsv'
[13.883s] INFO:colcon.colcon_core.shell:Creating environment hook '/home/lucas/ros2_ws/install/stage_challenge/share/stage_challenge/hook/pythonpath.sh'
[13.894s] Level 1:colcon.colcon_core.environment:checking '/home/lucas/ros2_ws/install/stage_challenge/bin'
[13.894s] Level 1:colcon.colcon_core.environment:create_environment_scripts_only(stage_challenge)
[13.895s] INFO:colcon.colcon_core.shell:Creating package script '/home/lucas/ros2_ws/install/stage_challenge/share/stage_challenge/package.ps1'
[13.896s] INFO:colcon.colcon_core.shell:Creating package descriptor '/home/lucas/ros2_ws/install/stage_challenge/share/stage_challenge/package.dsv'
[13.897s] INFO:colcon.colcon_core.shell:Creating package script '/home/lucas/ros2_ws/install/stage_challenge/share/stage_challenge/package.sh'
[13.899s] INFO:colcon.colcon_core.shell:Creating package script '/home/lucas/ros2_ws/install/stage_challenge/share/stage_challenge/package.bash'
[13.900s] INFO:colcon.colcon_core.shell:Creating package script '/home/lucas/ros2_ws/install/stage_challenge/share/stage_challenge/package.zsh'
[13.902s] Level 1:colcon.colcon_core.environment:create_file_with_runtime_dependencies(/home/lucas/ros2_ws/install/stage_challenge/share/colcon-core/packages/stage_challenge)
[13.914s] DEBUG:colcon.colcon_ros_domain_id_coordinator.shell.ros_domain_id:Released ROS_DOMAIN_ID=42 for '/home/lucas/ros2_ws/build/stage_challenge'
[13.916s] INFO:colcon.colcon_ros.task.ament_cmake.build:Building ROS package in '/home/lucas/ros2_ws/src/my_cpp_pkg' with build type 'ament_cmake'
[13.916s] INFO:colcon.colcon_cmake.task.cmake.build:Building CMake package in '/home/lucas/ros2_ws/src/my_cpp_pkg'
[13.916s] DEBUG:colcon.colcon_ros_domain_id_coordinator.shell.ros_domain_id:Allocated ROS_DOMAIN_ID=32 for '/home/lucas/ros2_ws/build/my_cpp_pkg'
[13.916s] INFO:colcon.colcon_core.shell:Skip shell extension 'ros_domain_id' for command environment: 
[13.917s] INFO:colcon.colcon_core.shell:Skip shell extension 'powershell' for command environment: Not usable outside of PowerShell
[13.917s] DEBUG:colcon.colcon_core.shell:Skip shell extension 'dsv' for command environment
[13.970s] DEBUG:colcon.colcon_core.event_handler.log_command:Invoking command in '/home/lucas/ros2_ws/build/my_cpp_pkg': AMENT_PREFIX_PATH=/home/lucas/ros2_ws/install/my_py_pkg2:/home/lucas/ros2_ws/install/stage_ros2:/home/lucas/ros2_ws/install/stage_challenge:/home/lucas/ros2_ws/install/my_cpp_pkg:/home/lucas/ros2_ws/install/my_py_pkg:/opt/ros/humble CMAKE_PREFIX_PATH=${CMAKE_PREFIX_PATH}:/home/lucas/ros2_ws/install/stage_challenge:/home/lucas/ros2_ws/install/my_py_pkg2:/home/lucas/ros2_ws/install/my_py_pkg:/opt/ros/humble PYTHONPATH=/home/lucas/ros2_ws/install/my_py_pkg2/lib/python3.10/site-packages:/home/lucas/ros2_ws/install/stage_challenge/lib/python3.10/site-packages:/home/lucas/ros2_ws/install/my_py_pkg/lib/python3.10/site-packages:/opt/ros/humble/lib/python3.10/site-packages:/opt/ros/humble/local/lib/python3.10/dist-packages /usr/bin/cmake --build /home/lucas/ros2_ws/build/my_cpp_pkg -- -j1 -l1
[14.331s] DEBUG:colcon.colcon_core.event_handler.log_command:Invoked command in '/home/lucas/ros2_ws/build/my_cpp_pkg' returned '0': AMENT_PREFIX_PATH=/home/lucas/ros2_ws/install/my_py_pkg2:/home/lucas/ros2_ws/install/stage_ros2:/home/lucas/ros2_ws/install/stage_challenge:/home/lucas/ros2_ws/install/my_cpp_pkg:/home/lucas/ros2_ws/install/my_py_pkg:/opt/ros/humble CMAKE_PREFIX_PATH=${CMAKE_PREFIX_PATH}:/home/lucas/ros2_ws/install/stage_challenge:/home/lucas/ros2_ws/install/my_py_pkg2:/home/lucas/ros2_ws/install/my_py_pkg:/opt/ros/humble PYTHONPATH=/home/lucas/ros2_ws/install/my_py_pkg2/lib/python3.10/site-packages:/home/lucas/ros2_ws/install/stage_challenge/lib/python3.10/site-packages:/home/lucas/ros2_ws/install/my_py_pkg/lib/python3.10/site-packages:/opt/ros/humble/lib/python3.10/site-packages:/opt/ros/humble/local/lib/python3.10/dist-packages /usr/bin/cmake --build /home/lucas/ros2_ws/build/my_cpp_pkg -- -j1 -l1
[14.567s] DEBUG:colcon.colcon_core.event_handler.log_command:Invoking command in '/home/lucas/ros2_ws/build/my_cpp_pkg': AMENT_PREFIX_PATH=/home/lucas/ros2_ws/install/my_py_pkg2:/home/lucas/ros2_ws/install/stage_ros2:/home/lucas/ros2_ws/install/stage_challenge:/home/lucas/ros2_ws/install/my_cpp_pkg:/home/lucas/ros2_ws/install/my_py_pkg:/opt/ros/humble CMAKE_PREFIX_PATH=${CMAKE_PREFIX_PATH}:/home/lucas/ros2_ws/install/stage_challenge:/home/lucas/ros2_ws/install/my_py_pkg2:/home/lucas/ros2_ws/install/my_py_pkg:/opt/ros/humble PYTHONPATH=/home/lucas/ros2_ws/install/my_py_pkg2/lib/python3.10/site-packages:/home/lucas/ros2_ws/install/stage_challenge/lib/python3.10/site-packages:/home/lucas/ros2_ws/install/my_py_pkg/lib/python3.10/site-packages:/opt/ros/humble/lib/python3.10/site-packages:/opt/ros/humble/local/lib/python3.10/dist-packages /usr/bin/cmake --install /home/lucas/ros2_ws/build/my_cpp_pkg
[14.630s] Level 1:colcon.colcon_core.environment:create_environment_scripts_only(my_cpp_pkg)
[14.630s] Level 1:colcon.colcon_core.environment:checking '/home/lucas/ros2_ws/install/my_cpp_pkg' for CMake module files
[14.631s] Level 1:colcon.colcon_core.environment:checking '/home/lucas/ros2_ws/install/my_cpp_pkg' for CMake config files
[14.631s] Level 1:colcon.colcon_core.shell:create_environment_hook('my_cpp_pkg', 'cmake_prefix_path')
[14.631s] INFO:colcon.colcon_core.shell:Creating environment hook '/home/lucas/ros2_ws/install/my_cpp_pkg/share/my_cpp_pkg/hook/cmake_prefix_path.ps1'
[14.637s] DEBUG:colcon.colcon_core.event_handler.log_command:Invoked command in '/home/lucas/ros2_ws/build/my_cpp_pkg' returned '0': AMENT_PREFIX_PATH=/home/lucas/ros2_ws/install/my_py_pkg2:/home/lucas/ros2_ws/install/stage_ros2:/home/lucas/ros2_ws/install/stage_challenge:/home/lucas/ros2_ws/install/my_cpp_pkg:/home/lucas/ros2_ws/install/my_py_pkg:/opt/ros/humble CMAKE_PREFIX_PATH=${CMAKE_PREFIX_PATH}:/home/lucas/ros2_ws/install/stage_challenge:/home/lucas/ros2_ws/install/my_py_pkg2:/home/lucas/ros2_ws/install/my_py_pkg:/opt/ros/humble PYTHONPATH=/home/lucas/ros2_ws/install/my_py_pkg2/lib/python3.10/site-packages:/home/lucas/ros2_ws/install/stage_challenge/lib/python3.10/site-packages:/home/lucas/ros2_ws/install/my_py_pkg/lib/python3.10/site-packages:/opt/ros/humble/lib/python3.10/site-packages:/opt/ros/humble/local/lib/python3.10/dist-packages /usr/bin/cmake --install /home/lucas/ros2_ws/build/my_cpp_pkg
[14.637s] INFO:colcon.colcon_core.shell:Creating environment descriptor '/home/lucas/ros2_ws/install/my_cpp_pkg/share/my_cpp_pkg/hook/cmake_prefix_path.dsv'
[14.649s] INFO:colcon.colcon_core.shell:Creating environment hook '/home/lucas/ros2_ws/install/my_cpp_pkg/share/my_cpp_pkg/hook/cmake_prefix_path.sh'
[14.652s] Level 1:colcon.colcon_core.environment:checking '/home/lucas/ros2_ws/install/my_cpp_pkg/lib'
[14.652s] Level 1:colcon.colcon_core.environment:checking '/home/lucas/ros2_ws/install/my_cpp_pkg/bin'
[14.652s] Level 1:colcon.colcon_core.environment:checking '/home/lucas/ros2_ws/install/my_cpp_pkg/lib/pkgconfig/my_cpp_pkg.pc'
[14.652s] Level 1:colcon.colcon_core.environment:checking '/home/lucas/ros2_ws/install/my_cpp_pkg/lib/python3.10/site-packages'
[14.652s] Level 1:colcon.colcon_core.environment:checking '/home/lucas/ros2_ws/install/my_cpp_pkg/bin'
[14.653s] INFO:colcon.colcon_core.shell:Creating package script '/home/lucas/ros2_ws/install/my_cpp_pkg/share/my_cpp_pkg/package.ps1'
[14.654s] INFO:colcon.colcon_core.shell:Creating package descriptor '/home/lucas/ros2_ws/install/my_cpp_pkg/share/my_cpp_pkg/package.dsv'
[14.656s] INFO:colcon.colcon_core.shell:Creating package script '/home/lucas/ros2_ws/install/my_cpp_pkg/share/my_cpp_pkg/package.sh'
[14.657s] INFO:colcon.colcon_core.shell:Creating package script '/home/lucas/ros2_ws/install/my_cpp_pkg/share/my_cpp_pkg/package.bash'
[14.672s] INFO:colcon.colcon_core.shell:Creating package script '/home/lucas/ros2_ws/install/my_cpp_pkg/share/my_cpp_pkg/package.zsh'
[14.673s] Level 1:colcon.colcon_core.environment:create_file_with_runtime_dependencies(/home/lucas/ros2_ws/install/my_cpp_pkg/share/colcon-core/packages/my_cpp_pkg)
[14.933s] Level 1:colcon.colcon_core.environment:create_environment_scripts_only(my_cpp_pkg)
[14.933s] Level 1:colcon.colcon_core.environment:checking '/home/lucas/ros2_ws/install/my_cpp_pkg' for CMake module files
[14.934s] Level 1:colcon.colcon_core.environment:checking '/home/lucas/ros2_ws/install/my_cpp_pkg' for CMake config files
[14.934s] Level 1:colcon.colcon_core.shell:create_environment_hook('my_cpp_pkg', 'cmake_prefix_path')
[14.934s] INFO:colcon.colcon_core.shell:Creating environment hook '/home/lucas/ros2_ws/install/my_cpp_pkg/share/my_cpp_pkg/hook/cmake_prefix_path.ps1'
[14.952s] INFO:colcon.colcon_core.shell:Creating environment descriptor '/home/lucas/ros2_ws/install/my_cpp_pkg/share/my_cpp_pkg/hook/cmake_prefix_path.dsv'
[14.955s] INFO:colcon.colcon_core.shell:Creating environment hook '/home/lucas/ros2_ws/install/my_cpp_pkg/share/my_cpp_pkg/hook/cmake_prefix_path.sh'
[14.956s] Level 1:colcon.colcon_core.environment:checking '/home/lucas/ros2_ws/install/my_cpp_pkg/lib'
[14.956s] Level 1:colcon.colcon_core.environment:checking '/home/lucas/ros2_ws/install/my_cpp_pkg/bin'
[14.956s] Level 1:colcon.colcon_core.environment:checking '/home/lucas/ros2_ws/install/my_cpp_pkg/lib/pkgconfig/my_cpp_pkg.pc'
[14.957s] Level 1:colcon.colcon_core.environment:checking '/home/lucas/ros2_ws/install/my_cpp_pkg/lib/python3.10/site-packages'
[14.957s] Level 1:colcon.colcon_core.environment:checking '/home/lucas/ros2_ws/install/my_cpp_pkg/bin'
[14.957s] INFO:colcon.colcon_core.shell:Creating package script '/home/lucas/ros2_ws/install/my_cpp_pkg/share/my_cpp_pkg/package.ps1'
[14.958s] INFO:colcon.colcon_core.shell:Creating package descriptor '/home/lucas/ros2_ws/install/my_cpp_pkg/share/my_cpp_pkg/package.dsv'
[14.982s] INFO:colcon.colcon_core.shell:Creating package script '/home/lucas/ros2_ws/install/my_cpp_pkg/share/my_cpp_pkg/package.sh'
[14.983s] INFO:colcon.colcon_core.shell:Creating package script '/home/lucas/ros2_ws/install/my_cpp_pkg/share/my_cpp_pkg/package.bash'
[14.985s] INFO:colcon.colcon_core.shell:Creating package script '/home/lucas/ros2_ws/install/my_cpp_pkg/share/my_cpp_pkg/package.zsh'
[14.986s] Level 1:colcon.colcon_core.environment:create_file_with_runtime_dependencies(/home/lucas/ros2_ws/install/my_cpp_pkg/share/colcon-core/packages/my_cpp_pkg)
[14.992s] DEBUG:colcon.colcon_ros_domain_id_coordinator.shell.ros_domain_id:Released ROS_DOMAIN_ID=32 for '/home/lucas/ros2_ws/build/my_cpp_pkg'
[14.995s] INFO:colcon.colcon_ros.task.ament_cmake.build:Building ROS package in '/home/lucas/ros2_ws/src/stage_ros2-humble' with build type 'ament_cmake'
[14.997s] INFO:colcon.colcon_cmake.task.cmake.build:Building CMake package in '/home/lucas/ros2_ws/src/stage_ros2-humble'
[14.998s] DEBUG:colcon.colcon_ros_domain_id_coordinator.shell.ros_domain_id:Allocated ROS_DOMAIN_ID=72 for '/home/lucas/ros2_ws/build/stage_ros2'
[14.998s] INFO:colcon.colcon_core.shell:Skip shell extension 'ros_domain_id' for command environment: 
[14.998s] INFO:colcon.colcon_core.shell:Skip shell extension 'powershell' for command environment: Not usable outside of PowerShell
[14.998s] DEBUG:colcon.colcon_core.shell:Skip shell extension 'dsv' for command environment
[15.067s] DEBUG:colcon.colcon_core.event_handler.log_command:Invoking command in '/home/lucas/ros2_ws/build/stage_ros2': CMAKE_PREFIX_PATH=/home/lucas/ros2_ws/install/Stage:/home/lucas/ros2_ws/install/stage_ros2:/home/lucas/ros2_ws/install/my_cpp_pkg:/home/lucas/ros2_ws/install/stage_challenge:/home/lucas/ros2_ws/install/my_py_pkg2:/home/lucas/ros2_ws/install/my_py_pkg:/opt/ros/humble LD_LIBRARY_PATH=/home/lucas/ros2_ws/install/Stage/lib:/home/lucas/ros2_ws/install/stage_ros2/lib:/opt/ros/humble/opt/rviz_ogre_vendor/lib:/opt/ros/humble/lib/x86_64-linux-gnu:/opt/ros/humble/lib /usr/bin/cmake --build /home/lucas/ros2_ws/build/stage_ros2 -- -j1 -l1
[15.613s] DEBUG:colcon.colcon_core.event_handler.log_command:Invoked command in '/home/lucas/ros2_ws/build/stage_ros2' returned '0': CMAKE_PREFIX_PATH=/home/lucas/ros2_ws/install/Stage:/home/lucas/ros2_ws/install/stage_ros2:/home/lucas/ros2_ws/install/my_cpp_pkg:/home/lucas/ros2_ws/install/stage_challenge:/home/lucas/ros2_ws/install/my_py_pkg2:/home/lucas/ros2_ws/install/my_py_pkg:/opt/ros/humble LD_LIBRARY_PATH=/home/lucas/ros2_ws/install/Stage/lib:/home/lucas/ros2_ws/install/stage_ros2/lib:/opt/ros/humble/opt/rviz_ogre_vendor/lib:/opt/ros/humble/lib/x86_64-linux-gnu:/opt/ros/humble/lib /usr/bin/cmake --build /home/lucas/ros2_ws/build/stage_ros2 -- -j1 -l1
[15.980s] DEBUG:colcon.colcon_core.event_handler.log_command:Invoking command in '/home/lucas/ros2_ws/build/stage_ros2': CMAKE_PREFIX_PATH=/home/lucas/ros2_ws/install/Stage:/home/lucas/ros2_ws/install/stage_ros2:/home/lucas/ros2_ws/install/my_cpp_pkg:/home/lucas/ros2_ws/install/stage_challenge:/home/lucas/ros2_ws/install/my_py_pkg2:/home/lucas/ros2_ws/install/my_py_pkg:/opt/ros/humble LD_LIBRARY_PATH=/home/lucas/ros2_ws/install/Stage/lib:/home/lucas/ros2_ws/install/stage_ros2/lib:/opt/ros/humble/opt/rviz_ogre_vendor/lib:/opt/ros/humble/lib/x86_64-linux-gnu:/opt/ros/humble/lib /usr/bin/cmake --install /home/lucas/ros2_ws/build/stage_ros2
[16.063s] Level 1:colcon.colcon_core.environment:create_environment_scripts_only(stage_ros2)
[16.071s] Level 1:colcon.colcon_core.environment:checking '/home/lucas/ros2_ws/install/stage_ros2' for CMake module files
[16.072s] DEBUG:colcon.colcon_core.event_handler.log_command:Invoked command in '/home/lucas/ros2_ws/build/stage_ros2' returned '0': CMAKE_PREFIX_PATH=/home/lucas/ros2_ws/install/Stage:/home/lucas/ros2_ws/install/stage_ros2:/home/lucas/ros2_ws/install/my_cpp_pkg:/home/lucas/ros2_ws/install/stage_challenge:/home/lucas/ros2_ws/install/my_py_pkg2:/home/lucas/ros2_ws/install/my_py_pkg:/opt/ros/humble LD_LIBRARY_PATH=/home/lucas/ros2_ws/install/Stage/lib:/home/lucas/ros2_ws/install/stage_ros2/lib:/opt/ros/humble/opt/rviz_ogre_vendor/lib:/opt/ros/humble/lib/x86_64-linux-gnu:/opt/ros/humble/lib /usr/bin/cmake --install /home/lucas/ros2_ws/build/stage_ros2
[16.072s] Level 1:colcon.colcon_core.environment:checking '/home/lucas/ros2_ws/install/stage_ros2' for CMake config files
[16.073s] Level 1:colcon.colcon_core.shell:create_environment_hook('stage_ros2', 'cmake_prefix_path')
[16.073s] INFO:colcon.colcon_core.shell:Creating environment hook '/home/lucas/ros2_ws/install/stage_ros2/share/stage_ros2/hook/cmake_prefix_path.ps1'
[16.088s] INFO:colcon.colcon_core.shell:Creating environment descriptor '/home/lucas/ros2_ws/install/stage_ros2/share/stage_ros2/hook/cmake_prefix_path.dsv'
[16.103s] INFO:colcon.colcon_core.shell:Creating environment hook '/home/lucas/ros2_ws/install/stage_ros2/share/stage_ros2/hook/cmake_prefix_path.sh'
[16.105s] Level 1:colcon.colcon_core.environment:checking '/home/lucas/ros2_ws/install/stage_ros2/lib'
[16.105s] Level 1:colcon.colcon_core.shell:create_environment_hook('stage_ros2', 'ld_library_path_lib')
[16.105s] INFO:colcon.colcon_core.shell:Creating environment hook '/home/lucas/ros2_ws/install/stage_ros2/share/stage_ros2/hook/ld_library_path_lib.ps1'
[16.109s] INFO:colcon.colcon_core.shell:Creating environment descriptor '/home/lucas/ros2_ws/install/stage_ros2/share/stage_ros2/hook/ld_library_path_lib.dsv'
[16.110s] INFO:colcon.colcon_core.shell:Creating environment hook '/home/lucas/ros2_ws/install/stage_ros2/share/stage_ros2/hook/ld_library_path_lib.sh'
[16.112s] Level 1:colcon.colcon_core.environment:checking '/home/lucas/ros2_ws/install/stage_ros2/bin'
[16.112s] Level 1:colcon.colcon_core.environment:checking '/home/lucas/ros2_ws/install/stage_ros2/lib/pkgconfig/stage_ros2.pc'
[16.113s] Level 1:colcon.colcon_core.environment:checking '/home/lucas/ros2_ws/install/stage_ros2/lib/python3.10/site-packages'
[16.113s] Level 1:colcon.colcon_core.environment:checking '/home/lucas/ros2_ws/install/stage_ros2/bin'
[16.113s] INFO:colcon.colcon_core.shell:Creating package script '/home/lucas/ros2_ws/install/stage_ros2/share/stage_ros2/package.ps1'
[16.117s] INFO:colcon.colcon_core.shell:Creating package descriptor '/home/lucas/ros2_ws/install/stage_ros2/share/stage_ros2/package.dsv'
[16.123s] INFO:colcon.colcon_core.shell:Creating package script '/home/lucas/ros2_ws/install/stage_ros2/share/stage_ros2/package.sh'
[16.133s] INFO:colcon.colcon_core.shell:Creating package script '/home/lucas/ros2_ws/install/stage_ros2/share/stage_ros2/package.bash'
[16.135s] INFO:colcon.colcon_core.shell:Creating package script '/home/lucas/ros2_ws/install/stage_ros2/share/stage_ros2/package.zsh'
[16.136s] Level 1:colcon.colcon_core.environment:create_file_with_runtime_dependencies(/home/lucas/ros2_ws/install/stage_ros2/share/colcon-core/packages/stage_ros2)
[16.487s] Level 1:colcon.colcon_core.environment:create_environment_scripts_only(stage_ros2)
[16.487s] Level 1:colcon.colcon_core.environment:checking '/home/lucas/ros2_ws/install/stage_ros2' for CMake module files
[16.488s] Level 1:colcon.colcon_core.environment:checking '/home/lucas/ros2_ws/install/stage_ros2' for CMake config files
[16.488s] Level 1:colcon.colcon_core.shell:create_environment_hook('stage_ros2', 'cmake_prefix_path')
[16.488s] INFO:colcon.colcon_core.shell:Creating environment hook '/home/lucas/ros2_ws/install/stage_ros2/share/stage_ros2/hook/cmake_prefix_path.ps1'
[16.496s] INFO:colcon.colcon_core.shell:Creating environment descriptor '/home/lucas/ros2_ws/install/stage_ros2/share/stage_ros2/hook/cmake_prefix_path.dsv'
[16.499s] INFO:colcon.colcon_core.shell:Creating environment hook '/home/lucas/ros2_ws/install/stage_ros2/share/stage_ros2/hook/cmake_prefix_path.sh'
[16.500s] Level 1:colcon.colcon_core.environment:checking '/home/lucas/ros2_ws/install/stage_ros2/lib'
[16.500s] Level 1:colcon.colcon_core.shell:create_environment_hook('stage_ros2', 'ld_library_path_lib')
[16.501s] INFO:colcon.colcon_core.shell:Creating environment hook '/home/lucas/ros2_ws/install/stage_ros2/share/stage_ros2/hook/ld_library_path_lib.ps1'
[16.507s] INFO:colcon.colcon_core.shell:Creating environment descriptor '/home/lucas/ros2_ws/install/stage_ros2/share/stage_ros2/hook/ld_library_path_lib.dsv'
[16.517s] INFO:colcon.colcon_core.shell:Creating environment hook '/home/lucas/ros2_ws/install/stage_ros2/share/stage_ros2/hook/ld_library_path_lib.sh'
[16.519s] Level 1:colcon.colcon_core.environment:checking '/home/lucas/ros2_ws/install/stage_ros2/bin'
[16.519s] Level 1:colcon.colcon_core.environment:checking '/home/lucas/ros2_ws/install/stage_ros2/lib/pkgconfig/stage_ros2.pc'
[16.520s] Level 1:colcon.colcon_core.environment:checking '/home/lucas/ros2_ws/install/stage_ros2/lib/python3.10/site-packages'
[16.520s] Level 1:colcon.colcon_core.environment:checking '/home/lucas/ros2_ws/install/stage_ros2/bin'
[16.520s] INFO:colcon.colcon_core.shell:Creating package script '/home/lucas/ros2_ws/install/stage_ros2/share/stage_ros2/package.ps1'
[16.522s] INFO:colcon.colcon_core.shell:Creating package descriptor '/home/lucas/ros2_ws/install/stage_ros2/share/stage_ros2/package.dsv'
[16.523s] INFO:colcon.colcon_core.shell:Creating package script '/home/lucas/ros2_ws/install/stage_ros2/share/stage_ros2/package.sh'
[16.525s] INFO:colcon.colcon_core.shell:Creating package script '/home/lucas/ros2_ws/install/stage_ros2/share/stage_ros2/package.bash'
[16.527s] INFO:colcon.colcon_core.shell:Creating package script '/home/lucas/ros2_ws/install/stage_ros2/share/stage_ros2/package.zsh'
[16.539s] Level 1:colcon.colcon_core.environment:create_file_with_runtime_dependencies(/home/lucas/ros2_ws/install/stage_ros2/share/colcon-core/packages/stage_ros2)
[16.540s] DEBUG:colcon.colcon_ros_domain_id_coordinator.shell.ros_domain_id:Released ROS_DOMAIN_ID=72 for '/home/lucas/ros2_ws/build/stage_ros2'
[16.542s] DEBUG:colcon.colcon_parallel_executor.executor.parallel:closing loop
[16.542s] DEBUG:colcon.colcon_parallel_executor.executor.parallel:loop closed
[16.542s] DEBUG:colcon.colcon_parallel_executor.executor.parallel:run_until_complete finished with '0'
[16.542s] DEBUG:colcon.colcon_core.event_reactor:joining thread
[16.548s] INFO:colcon.colcon_core.plugin_system:Skipping extension 'colcon_notification.desktop_notification.terminal_notifier': Not used on non-Darwin systems
[16.562s] INFO:colcon.colcon_core.plugin_system:Skipping extension 'colcon_notification.desktop_notification.win32': Not used on non-Windows systems
[16.562s] INFO:colcon.colcon_notification.desktop_notification:Sending desktop notification using 'notify2'
[16.563s] DEBUG:colcon.colcon_notification.desktop_notification.notify2:Failed to initialize notify2: org.freedesktop.DBus.Error.NoReply: Did not receive a reply. Possible causes include: the remote application did not send a reply, the message bus security policy blocked the reply, the reply timeout expired, or the network connection was broken.
[16.563s] DEBUG:colcon.colcon_core.event_reactor:joined thread
[16.563s] INFO:colcon.colcon_core.shell:Creating prefix script '/home/lucas/ros2_ws/install/local_setup.ps1'
[16.568s] INFO:colcon.colcon_core.shell:Creating prefix util module '/home/lucas/ros2_ws/install/_local_setup_util_ps1.py'
[16.593s] INFO:colcon.colcon_core.shell:Creating prefix chain script '/home/lucas/ros2_ws/install/setup.ps1'
[16.595s] INFO:colcon.colcon_core.shell:Creating prefix script '/home/lucas/ros2_ws/install/local_setup.sh'
[16.597s] INFO:colcon.colcon_core.shell:Creating prefix util module '/home/lucas/ros2_ws/install/_local_setup_util_sh.py'
[16.599s] INFO:colcon.colcon_core.shell:Creating prefix chain script '/home/lucas/ros2_ws/install/setup.sh'
[16.611s] INFO:colcon.colcon_core.shell:Creating prefix script '/home/lucas/ros2_ws/install/local_setup.bash'
[16.612s] INFO:colcon.colcon_core.shell:Creating prefix chain script '/home/lucas/ros2_ws/install/setup.bash'
[16.620s] INFO:colcon.colcon_core.shell:Creating prefix script '/home/lucas/ros2_ws/install/local_setup.zsh'
[16.622s] INFO:colcon.colcon_core.shell:Creating prefix chain script '/home/lucas/ros2_ws/install/setup.zsh'
[16.624s] INFO:colcon.colcon_core.shell:Creating '/home/lucas/ros2_ws/install/spawn_shell.bash'
