running egg_info
creating ../build/my_pypkg2/my_pypkg2.egg-info
writing ../build/my_pypkg2/my_pypkg2.egg-info/PKG-INFO
writing dependency_links to ../build/my_pypkg2/my_pypkg2.egg-info/dependency_links.txt
writing entry points to ../build/my_pypkg2/my_pypkg2.egg-info/entry_points.txt
writing requirements to ../build/my_pypkg2/my_pypkg2.egg-info/requires.txt
writing top-level names to ../build/my_pypkg2/my_pypkg2.egg-info/top_level.txt
writing manifest file '../build/my_pypkg2/my_pypkg2.egg-info/SOURCES.txt'
reading manifest file '../build/my_pypkg2/my_pypkg2.egg-info/SOURCES.txt'
writing manifest file '../build/my_pypkg2/my_pypkg2.egg-info/SOURCES.txt'
running build
running build_py
creating /home/lucas/ros2_ws/build/my_pypkg2/build
creating /home/lucas/ros2_ws/build/my_pypkg2/build/lib
creating /home/lucas/ros2_ws/build/my_pypkg2/build/lib/my_pypkg2
copying my_pypkg2/__init__.py -> /home/lucas/ros2_ws/build/my_pypkg2/build/lib/my_pypkg2
running install
running install_lib
creating /home/lucas/ros2_ws/install/my_pypkg2/lib/python3.10/site-packages/my_pypkg2
copying /home/lucas/ros2_ws/build/my_pypkg2/build/lib/my_pypkg2/__init__.py -> /home/lucas/ros2_ws/install/my_pypkg2/lib/python3.10/site-packages/my_pypkg2
byte-compiling /home/lucas/ros2_ws/install/my_pypkg2/lib/python3.10/site-packages/my_pypkg2/__init__.py to __init__.cpython-310.pyc
running install_data
creating /home/lucas/ros2_ws/install/my_pypkg2/share/ament_index
creating /home/lucas/ros2_ws/install/my_pypkg2/share/ament_index/resource_index
creating /home/lucas/ros2_ws/install/my_pypkg2/share/ament_index/resource_index/packages
copying resource/my_pypkg2 -> /home/lucas/ros2_ws/install/my_pypkg2/share/ament_index/resource_index/packages
copying package.xml -> /home/lucas/ros2_ws/install/my_pypkg2/share/my_pypkg2
running install_egg_info
Copying ../build/my_pypkg2/my_pypkg2.egg-info to /home/lucas/ros2_ws/install/my_pypkg2/lib/python3.10/site-packages/my_pypkg2-0.0.0-py3.10.egg-info
running install_scripts
writing list of installed files to '/home/lucas/ros2_ws/build/my_pypkg2/install.log'
