[0.990s] DEBUG:colcon:Command line arguments: ['/usr/bin/colcon', 'build']
[0.990s] DEBUG:colcon:Parsed command line arguments: Namespace(log_base=None, log_level=None, verb_name='build', build_base='build', install_base='install', merge_install=False, symlink_install=False, test_result_base=None, continue_on_error=False, executor='parallel', parallel_workers=1, event_handlers=None, ignore_user_meta=False, metas=['./colcon.meta'], base_paths=['.'], packages_ignore=None, packages_ignore_regex=None, paths=None, packages_up_to=None, packages_up_to_regex=None, packages_above=None, packages_above_and_dependencies=None, packages_above_depth=None, packages_select_by_dep=None, packages_skip_by_dep=None, packages_skip_up_to=None, packages_select_build_failed=False, packages_skip_build_finished=False, packages_select_test_failures=False, packages_skip_test_passed=False, packages_select=None, packages_skip=None, packages_select_regex=None, packages_skip_regex=None, packages_start=None, packages_end=None, allow_overriding=[], bazel_args=None, bazel_task=None, cmake_args=None, cmake_target=None, cmake_target_skip_unavailable=False, cmake_clean_cache=False, cmake_clean_first=False, cmake_force_configure=False, meson_args=[], ament_cmake_args=None, catkin_cmake_args=None, catkin_skip_building_tests=False, mixin_files=None, mixin=None, verb_parser=<colcon_alias.argument_parser.alias.AliasArgumentDecorator object at 0x7fbb7add4580>, verb_extension=<colcon_core.verb.build.BuildVerb object at 0x7fbb7af75b10>, main=<bound method BuildVerb.main of <colcon_core.verb.build.BuildVerb object at 0x7fbb7af75b10>>, mixin_verb=('build',))
[1.684s] Level 1:colcon.colcon_core.package_discovery:discover_packages(colcon_meta) check parameters
[1.684s] Level 1:colcon.colcon_core.package_discovery:discover_packages(recursive) check parameters
[1.684s] Level 1:colcon.colcon_core.package_discovery:discover_packages(ignore) check parameters
[1.685s] Level 1:colcon.colcon_core.package_discovery:discover_packages(path) check parameters
[1.685s] Level 1:colcon.colcon_core.package_discovery:discover_packages(colcon_meta) discover
[1.685s] Level 1:colcon.colcon_core.package_discovery:discover_packages(recursive) discover
[1.685s] INFO:colcon.colcon_core.package_discovery:Crawling recursively for packages in '/home/lucas/ros2_ws'
[1.685s] Level 1:colcon.colcon_core.package_identification:_identify(.) by extensions ['ignore', 'ignore_ament_install']
[1.685s] Level 1:colcon.colcon_core.package_identification:_identify(.) by extension 'ignore'
[1.685s] Level 1:colcon.colcon_core.package_identification:_identify(.) by extension 'ignore_ament_install'
[1.685s] Level 1:colcon.colcon_core.package_identification:_identify(.) by extensions ['colcon_pkg']
[1.685s] Level 1:colcon.colcon_core.package_identification:_identify(.) by extension 'colcon_pkg'
[1.685s] Level 1:colcon.colcon_core.package_identification:_identify(.) by extensions ['colcon_meta']
[1.685s] Level 1:colcon.colcon_core.package_identification:_identify(.) by extension 'colcon_meta'
[1.685s] Level 1:colcon.colcon_core.package_identification:_identify(.) by extensions ['ros']
[1.685s] Level 1:colcon.colcon_core.package_identification:_identify(.) by extension 'ros'
[1.700s] Level 1:colcon.colcon_core.package_identification:_identify(.) by extensions ['bazel', 'cmake', 'meson', 'python']
[1.700s] Level 1:colcon.colcon_core.package_identification:_identify(.) by extension 'bazel'
[1.700s] Level 1:colcon.colcon_core.package_identification:_identify(.) by extension 'cmake'
[1.700s] Level 1:colcon.colcon_core.package_identification:_identify(.) by extension 'meson'
[1.700s] Level 1:colcon.colcon_core.package_identification:_identify(.) by extension 'python'
[1.700s] Level 1:colcon.colcon_core.package_identification:_identify(.) by extensions ['python_setup_py']
[1.700s] Level 1:colcon.colcon_core.package_identification:_identify(.) by extension 'python_setup_py'
[1.700s] Level 1:colcon.colcon_core.package_identification:_identify(build) by extensions ['ignore', 'ignore_ament_install']
[1.700s] Level 1:colcon.colcon_core.package_identification:_identify(build) by extension 'ignore'
[1.701s] Level 1:colcon.colcon_core.package_identification:_identify(build) ignored
[1.701s] Level 1:colcon.colcon_core.package_identification:_identify(install) by extensions ['ignore', 'ignore_ament_install']
[1.701s] Level 1:colcon.colcon_core.package_identification:_identify(install) by extension 'ignore'
[1.701s] Level 1:colcon.colcon_core.package_identification:_identify(install) ignored
[1.701s] Level 1:colcon.colcon_core.package_identification:_identify(log) by extensions ['ignore', 'ignore_ament_install']
[1.701s] Level 1:colcon.colcon_core.package_identification:_identify(log) by extension 'ignore'
[1.701s] Level 1:colcon.colcon_core.package_identification:_identify(log) ignored
[1.701s] Level 1:colcon.colcon_core.package_identification:_identify(rosbag2_2024_06_23-17_14_13) by extensions ['ignore', 'ignore_ament_install']
[1.701s] Level 1:colcon.colcon_core.package_identification:_identify(rosbag2_2024_06_23-17_14_13) by extension 'ignore'
[1.701s] Level 1:colcon.colcon_core.package_identification:_identify(rosbag2_2024_06_23-17_14_13) by extension 'ignore_ament_install'
[1.702s] Level 1:colcon.colcon_core.package_identification:_identify(rosbag2_2024_06_23-17_14_13) by extensions ['colcon_pkg']
[1.702s] Level 1:colcon.colcon_core.package_identification:_identify(rosbag2_2024_06_23-17_14_13) by extension 'colcon_pkg'
[1.702s] Level 1:colcon.colcon_core.package_identification:_identify(rosbag2_2024_06_23-17_14_13) by extensions ['colcon_meta']
[1.702s] Level 1:colcon.colcon_core.package_identification:_identify(rosbag2_2024_06_23-17_14_13) by extension 'colcon_meta'
[1.702s] Level 1:colcon.colcon_core.package_identification:_identify(rosbag2_2024_06_23-17_14_13) by extensions ['ros']
[1.702s] Level 1:colcon.colcon_core.package_identification:_identify(rosbag2_2024_06_23-17_14_13) by extension 'ros'
[1.702s] Level 1:colcon.colcon_core.package_identification:_identify(rosbag2_2024_06_23-17_14_13) by extensions ['bazel', 'cmake', 'meson', 'python']
[1.702s] Level 1:colcon.colcon_core.package_identification:_identify(rosbag2_2024_06_23-17_14_13) by extension 'bazel'
[1.702s] Level 1:colcon.colcon_core.package_identification:_identify(rosbag2_2024_06_23-17_14_13) by extension 'cmake'
[1.702s] Level 1:colcon.colcon_core.package_identification:_identify(rosbag2_2024_06_23-17_14_13) by extension 'meson'
[1.702s] Level 1:colcon.colcon_core.package_identification:_identify(rosbag2_2024_06_23-17_14_13) by extension 'python'
[1.702s] Level 1:colcon.colcon_core.package_identification:_identify(rosbag2_2024_06_23-17_14_13) by extensions ['python_setup_py']
[1.702s] Level 1:colcon.colcon_core.package_identification:_identify(rosbag2_2024_06_23-17_14_13) by extension 'python_setup_py'
[1.702s] Level 1:colcon.colcon_core.package_identification:_identify(src) by extensions ['ignore', 'ignore_ament_install']
[1.702s] Level 1:colcon.colcon_core.package_identification:_identify(src) by extension 'ignore'
[1.702s] Level 1:colcon.colcon_core.package_identification:_identify(src) by extension 'ignore_ament_install'
[1.702s] Level 1:colcon.colcon_core.package_identification:_identify(src) by extensions ['colcon_pkg']
[1.703s] Level 1:colcon.colcon_core.package_identification:_identify(src) by extension 'colcon_pkg'
[1.703s] Level 1:colcon.colcon_core.package_identification:_identify(src) by extensions ['colcon_meta']
[1.703s] Level 1:colcon.colcon_core.package_identification:_identify(src) by extension 'colcon_meta'
[1.703s] Level 1:colcon.colcon_core.package_identification:_identify(src) by extensions ['ros']
[1.703s] Level 1:colcon.colcon_core.package_identification:_identify(src) by extension 'ros'
[1.703s] Level 1:colcon.colcon_core.package_identification:_identify(src) by extensions ['bazel', 'cmake', 'meson', 'python']
[1.703s] Level 1:colcon.colcon_core.package_identification:_identify(src) by extension 'bazel'
[1.703s] Level 1:colcon.colcon_core.package_identification:_identify(src) by extension 'cmake'
[1.703s] Level 1:colcon.colcon_core.package_identification:_identify(src) by extension 'meson'
[1.703s] Level 1:colcon.colcon_core.package_identification:_identify(src) by extension 'python'
[1.703s] Level 1:colcon.colcon_core.package_identification:_identify(src) by extensions ['python_setup_py']
[1.703s] Level 1:colcon.colcon_core.package_identification:_identify(src) by extension 'python_setup_py'
[1.703s] Level 1:colcon.colcon_core.package_identification:_identify(src/Stage-ros2) by extensions ['ignore', 'ignore_ament_install']
[1.703s] Level 1:colcon.colcon_core.package_identification:_identify(src/Stage-ros2) by extension 'ignore'
[1.703s] Level 1:colcon.colcon_core.package_identification:_identify(src/Stage-ros2) by extension 'ignore_ament_install'
[1.703s] Level 1:colcon.colcon_core.package_identification:_identify(src/Stage-ros2) by extensions ['colcon_pkg']
[1.703s] Level 1:colcon.colcon_core.package_identification:_identify(src/Stage-ros2) by extension 'colcon_pkg'
[1.704s] Level 1:colcon.colcon_core.package_identification:_identify(src/Stage-ros2) by extensions ['colcon_meta']
[1.704s] Level 1:colcon.colcon_core.package_identification:_identify(src/Stage-ros2) by extension 'colcon_meta'
[1.704s] Level 1:colcon.colcon_core.package_identification:_identify(src/Stage-ros2) by extensions ['ros']
[1.704s] Level 1:colcon.colcon_core.package_identification:_identify(src/Stage-ros2) by extension 'ros'
[1.704s] Level 1:colcon.colcon_core.package_identification:_identify(src/Stage-ros2) by extensions ['bazel', 'cmake', 'meson', 'python']
[1.704s] Level 1:colcon.colcon_core.package_identification:_identify(src/Stage-ros2) by extension 'bazel'
[1.704s] Level 1:colcon.colcon_core.package_identification:_identify(src/Stage-ros2) by extension 'cmake'
[1.709s] Level 1:colcon.colcon_core.package_identification:_identify(src/Stage-ros2) by extension 'meson'
[1.709s] Level 1:colcon.colcon_core.package_identification:_identify(src/Stage-ros2) by extension 'python'
[1.709s] DEBUG:colcon.colcon_core.package_identification:Package 'src/Stage-ros2' with type 'cmake' and name 'Stage'
[1.709s] Level 1:colcon.colcon_core.package_identification:_identify(src/my_cpp_pkg) by extensions ['ignore', 'ignore_ament_install']
[1.710s] Level 1:colcon.colcon_core.package_identification:_identify(src/my_cpp_pkg) by extension 'ignore'
[1.710s] Level 1:colcon.colcon_core.package_identification:_identify(src/my_cpp_pkg) by extension 'ignore_ament_install'
[1.710s] Level 1:colcon.colcon_core.package_identification:_identify(src/my_cpp_pkg) by extensions ['colcon_pkg']
[1.710s] Level 1:colcon.colcon_core.package_identification:_identify(src/my_cpp_pkg) by extension 'colcon_pkg'
[1.741s] Level 1:colcon.colcon_core.package_identification:_identify(src/my_cpp_pkg) by extensions ['colcon_meta']
[1.741s] Level 1:colcon.colcon_core.package_identification:_identify(src/my_cpp_pkg) by extension 'colcon_meta'
[1.754s] Level 1:colcon.colcon_core.package_identification:_identify(src/my_cpp_pkg) by extensions ['ros']
[1.755s] Level 1:colcon.colcon_core.package_identification:_identify(src/my_cpp_pkg) by extension 'ros'
[1.757s] DEBUG:colcon.colcon_core.package_identification:Package 'src/my_cpp_pkg' with type 'ros.ament_cmake' and name 'my_cpp_pkg'
[1.758s] Level 1:colcon.colcon_core.package_identification:_identify(src/my_py_pkg) by extensions ['ignore', 'ignore_ament_install']
[1.758s] Level 1:colcon.colcon_core.package_identification:_identify(src/my_py_pkg) by extension 'ignore'
[1.758s] Level 1:colcon.colcon_core.package_identification:_identify(src/my_py_pkg) by extension 'ignore_ament_install'
[1.758s] Level 1:colcon.colcon_core.package_identification:_identify(src/my_py_pkg) by extensions ['colcon_pkg']
[1.758s] Level 1:colcon.colcon_core.package_identification:_identify(src/my_py_pkg) by extension 'colcon_pkg'
[1.758s] Level 1:colcon.colcon_core.package_identification:_identify(src/my_py_pkg) by extensions ['colcon_meta']
[1.758s] Level 1:colcon.colcon_core.package_identification:_identify(src/my_py_pkg) by extension 'colcon_meta'
[1.758s] Level 1:colcon.colcon_core.package_identification:_identify(src/my_py_pkg) by extensions ['ros']
[1.758s] Level 1:colcon.colcon_core.package_identification:_identify(src/my_py_pkg) by extension 'ros'
[1.759s] DEBUG:colcon.colcon_core.package_identification:Package 'src/my_py_pkg' with type 'ros.ament_python' and name 'my_py_pkg'
[1.759s] Level 1:colcon.colcon_core.package_identification:_identify(src/my_py_pkg2) by extensions ['ignore', 'ignore_ament_install']
[1.759s] Level 1:colcon.colcon_core.package_identification:_identify(src/my_py_pkg2) by extension 'ignore'
[1.760s] Level 1:colcon.colcon_core.package_identification:_identify(src/my_py_pkg2) by extension 'ignore_ament_install'
[1.760s] Level 1:colcon.colcon_core.package_identification:_identify(src/my_py_pkg2) by extensions ['colcon_pkg']
[1.760s] Level 1:colcon.colcon_core.package_identification:_identify(src/my_py_pkg2) by extension 'colcon_pkg'
[1.760s] Level 1:colcon.colcon_core.package_identification:_identify(src/my_py_pkg2) by extensions ['colcon_meta']
[1.760s] Level 1:colcon.colcon_core.package_identification:_identify(src/my_py_pkg2) by extension 'colcon_meta'
[1.760s] Level 1:colcon.colcon_core.package_identification:_identify(src/my_py_pkg2) by extensions ['ros']
[1.760s] Level 1:colcon.colcon_core.package_identification:_identify(src/my_py_pkg2) by extension 'ros'
[1.760s] DEBUG:colcon.colcon_core.package_identification:Package 'src/my_py_pkg2' with type 'ros.ament_python' and name 'my_py_pkg2'
[1.761s] Level 1:colcon.colcon_core.package_identification:_identify(src/stage_challenge) by extensions ['ignore', 'ignore_ament_install']
[1.761s] Level 1:colcon.colcon_core.package_identification:_identify(src/stage_challenge) by extension 'ignore'
[1.761s] Level 1:colcon.colcon_core.package_identification:_identify(src/stage_challenge) by extension 'ignore_ament_install'
[1.761s] Level 1:colcon.colcon_core.package_identification:_identify(src/stage_challenge) by extensions ['colcon_pkg']
[1.761s] Level 1:colcon.colcon_core.package_identification:_identify(src/stage_challenge) by extension 'colcon_pkg'
[1.761s] Level 1:colcon.colcon_core.package_identification:_identify(src/stage_challenge) by extensions ['colcon_meta']
[1.761s] Level 1:colcon.colcon_core.package_identification:_identify(src/stage_challenge) by extension 'colcon_meta'
[1.761s] Level 1:colcon.colcon_core.package_identification:_identify(src/stage_challenge) by extensions ['ros']
[1.761s] Level 1:colcon.colcon_core.package_identification:_identify(src/stage_challenge) by extension 'ros'
[1.762s] DEBUG:colcon.colcon_core.package_identification:Package 'src/stage_challenge' with type 'ros.ament_python' and name 'stage_challenge'
[1.762s] Level 1:colcon.colcon_core.package_identification:_identify(src/stage_ros2-humble) by extensions ['ignore', 'ignore_ament_install']
[1.762s] Level 1:colcon.colcon_core.package_identification:_identify(src/stage_ros2-humble) by extension 'ignore'
[1.762s] Level 1:colcon.colcon_core.package_identification:_identify(src/stage_ros2-humble) by extension 'ignore_ament_install'
[1.762s] Level 1:colcon.colcon_core.package_identification:_identify(src/stage_ros2-humble) by extensions ['colcon_pkg']
[1.763s] Level 1:colcon.colcon_core.package_identification:_identify(src/stage_ros2-humble) by extension 'colcon_pkg'
[1.763s] Level 1:colcon.colcon_core.package_identification:_identify(src/stage_ros2-humble) by extensions ['colcon_meta']
[1.763s] Level 1:colcon.colcon_core.package_identification:_identify(src/stage_ros2-humble) by extension 'colcon_meta'
[1.763s] Level 1:colcon.colcon_core.package_identification:_identify(src/stage_ros2-humble) by extensions ['ros']
[1.763s] Level 1:colcon.colcon_core.package_identification:_identify(src/stage_ros2-humble) by extension 'ros'
[1.764s] DEBUG:colcon.colcon_core.package_identification:Package 'src/stage_ros2-humble' with type 'ros.ament_cmake' and name 'stage_ros2'
[1.764s] Level 1:colcon.colcon_core.package_discovery:discover_packages(recursive) using defaults
[1.764s] Level 1:colcon.colcon_core.package_discovery:discover_packages(ignore) discover
[1.764s] Level 1:colcon.colcon_core.package_discovery:discover_packages(ignore) using defaults
[1.764s] Level 1:colcon.colcon_core.package_discovery:discover_packages(path) discover
[1.764s] Level 1:colcon.colcon_core.package_discovery:discover_packages(path) using defaults
[1.819s] Level 1:colcon.colcon_core.package_discovery:discover_packages(prefix_path) check parameters
[1.819s] Level 1:colcon.colcon_core.package_discovery:discover_packages(prefix_path) discover
[1.821s] DEBUG:colcon.colcon_installed_package_information.package_discovery:Found 6 installed packages in /home/lucas/ros2_ws/install
[1.823s] DEBUG:colcon.colcon_installed_package_information.package_discovery:Found 270 installed packages in /opt/ros/humble
[1.824s] Level 1:colcon.colcon_core.package_discovery:discover_packages(prefix_path) using defaults
[2.009s] Level 5:colcon.colcon_core.verb:set package 'Stage' build argument 'bazel_args' from command line to 'None'
[2.009s] Level 5:colcon.colcon_core.verb:set package 'Stage' build argument 'bazel_task' from command line to 'None'
[2.009s] Level 5:colcon.colcon_core.verb:set package 'Stage' build argument 'cmake_args' from command line to 'None'
[2.009s] Level 5:colcon.colcon_core.verb:set package 'Stage' build argument 'cmake_target' from command line to 'None'
[2.009s] Level 5:colcon.colcon_core.verb:set package 'Stage' build argument 'cmake_target_skip_unavailable' from command line to 'False'
[2.009s] Level 5:colcon.colcon_core.verb:set package 'Stage' build argument 'cmake_clean_cache' from command line to 'False'
[2.009s] Level 5:colcon.colcon_core.verb:set package 'Stage' build argument 'cmake_clean_first' from command line to 'False'
[2.009s] Level 5:colcon.colcon_core.verb:set package 'Stage' build argument 'cmake_force_configure' from command line to 'False'
[2.009s] Level 5:colcon.colcon_core.verb:set package 'Stage' build argument 'meson_args' from command line to '[]'
[2.009s] Level 5:colcon.colcon_core.verb:set package 'Stage' build argument 'ament_cmake_args' from command line to 'None'
[2.009s] Level 5:colcon.colcon_core.verb:set package 'Stage' build argument 'catkin_cmake_args' from command line to 'None'
[2.009s] Level 5:colcon.colcon_core.verb:set package 'Stage' build argument 'catkin_skip_building_tests' from command line to 'False'
[2.009s] DEBUG:colcon.colcon_core.verb:Building package 'Stage' with the following arguments: {'ament_cmake_args': None, 'bazel_args': None, 'bazel_task': None, 'build_base': '/home/lucas/ros2_ws/build/Stage', 'catkin_cmake_args': None, 'catkin_skip_building_tests': False, 'cmake_args': None, 'cmake_clean_cache': False, 'cmake_clean_first': False, 'cmake_force_configure': False, 'cmake_target': None, 'cmake_target_skip_unavailable': False, 'install_base': '/home/lucas/ros2_ws/install/Stage', 'merge_install': False, 'meson_args': [], 'path': '/home/lucas/ros2_ws/src/Stage-ros2', 'symlink_install': False, 'test_result_base': None}
[2.058s] Level 5:colcon.colcon_core.verb:set package 'my_py_pkg' build argument 'bazel_args' from command line to 'None'
[2.058s] Level 5:colcon.colcon_core.verb:set package 'my_py_pkg' build argument 'bazel_task' from command line to 'None'
[2.058s] Level 5:colcon.colcon_core.verb:set package 'my_py_pkg' build argument 'cmake_args' from command line to 'None'
[2.058s] Level 5:colcon.colcon_core.verb:set package 'my_py_pkg' build argument 'cmake_target' from command line to 'None'
[2.058s] Level 5:colcon.colcon_core.verb:set package 'my_py_pkg' build argument 'cmake_target_skip_unavailable' from command line to 'False'
[2.058s] Level 5:colcon.colcon_core.verb:set package 'my_py_pkg' build argument 'cmake_clean_cache' from command line to 'False'
[2.058s] Level 5:colcon.colcon_core.verb:set package 'my_py_pkg' build argument 'cmake_clean_first' from command line to 'False'
[2.058s] Level 5:colcon.colcon_core.verb:set package 'my_py_pkg' build argument 'cmake_force_configure' from command line to 'False'
[2.058s] Level 5:colcon.colcon_core.verb:set package 'my_py_pkg' build argument 'meson_args' from command line to '[]'
[2.058s] Level 5:colcon.colcon_core.verb:set package 'my_py_pkg' build argument 'ament_cmake_args' from command line to 'None'
[2.058s] Level 5:colcon.colcon_core.verb:set package 'my_py_pkg' build argument 'catkin_cmake_args' from command line to 'None'
[2.058s] Level 5:colcon.colcon_core.verb:set package 'my_py_pkg' build argument 'catkin_skip_building_tests' from command line to 'False'
[2.058s] DEBUG:colcon.colcon_core.verb:Building package 'my_py_pkg' with the following arguments: {'ament_cmake_args': None, 'bazel_args': None, 'bazel_task': None, 'build_base': '/home/lucas/ros2_ws/build/my_py_pkg', 'catkin_cmake_args': None, 'catkin_skip_building_tests': False, 'cmake_args': None, 'cmake_clean_cache': False, 'cmake_clean_first': False, 'cmake_force_configure': False, 'cmake_target': None, 'cmake_target_skip_unavailable': False, 'install_base': '/home/lucas/ros2_ws/install/my_py_pkg', 'merge_install': False, 'meson_args': [], 'path': '/home/lucas/ros2_ws/src/my_py_pkg', 'symlink_install': False, 'test_result_base': None}
[2.140s] Level 5:colcon.colcon_core.verb:set package 'my_py_pkg2' build argument 'bazel_args' from command line to 'None'
[2.140s] Level 5:colcon.colcon_core.verb:set package 'my_py_pkg2' build argument 'bazel_task' from command line to 'None'
[2.140s] Level 5:colcon.colcon_core.verb:set package 'my_py_pkg2' build argument 'cmake_args' from command line to 'None'
[2.140s] Level 5:colcon.colcon_core.verb:set package 'my_py_pkg2' build argument 'cmake_target' from command line to 'None'
[2.140s] Level 5:colcon.colcon_core.verb:set package 'my_py_pkg2' build argument 'cmake_target_skip_unavailable' from command line to 'False'
[2.140s] Level 5:colcon.colcon_core.verb:set package 'my_py_pkg2' build argument 'cmake_clean_cache' from command line to 'False'
[2.140s] Level 5:colcon.colcon_core.verb:set package 'my_py_pkg2' build argument 'cmake_clean_first' from command line to 'False'
[2.140s] Level 5:colcon.colcon_core.verb:set package 'my_py_pkg2' build argument 'cmake_force_configure' from command line to 'False'
[2.140s] Level 5:colcon.colcon_core.verb:set package 'my_py_pkg2' build argument 'meson_args' from command line to '[]'
[2.140s] Level 5:colcon.colcon_core.verb:set package 'my_py_pkg2' build argument 'ament_cmake_args' from command line to 'None'
[2.140s] Level 5:colcon.colcon_core.verb:set package 'my_py_pkg2' build argument 'catkin_cmake_args' from command line to 'None'
[2.140s] Level 5:colcon.colcon_core.verb:set package 'my_py_pkg2' build argument 'catkin_skip_building_tests' from command line to 'False'
[2.140s] DEBUG:colcon.colcon_core.verb:Building package 'my_py_pkg2' with the following arguments: {'ament_cmake_args': None, 'bazel_args': None, 'bazel_task': None, 'build_base': '/home/lucas/ros2_ws/build/my_py_pkg2', 'catkin_cmake_args': None, 'catkin_skip_building_tests': False, 'cmake_args': None, 'cmake_clean_cache': False, 'cmake_clean_first': False, 'cmake_force_configure': False, 'cmake_target': None, 'cmake_target_skip_unavailable': False, 'install_base': '/home/lucas/ros2_ws/install/my_py_pkg2', 'merge_install': False, 'meson_args': [], 'path': '/home/lucas/ros2_ws/src/my_py_pkg2', 'symlink_install': False, 'test_result_base': None}
[2.184s] Level 5:colcon.colcon_core.verb:set package 'stage_challenge' build argument 'bazel_args' from command line to 'None'
[2.184s] Level 5:colcon.colcon_core.verb:set package 'stage_challenge' build argument 'bazel_task' from command line to 'None'
[2.185s] Level 5:colcon.colcon_core.verb:set package 'stage_challenge' build argument 'cmake_args' from command line to 'None'
[2.185s] Level 5:colcon.colcon_core.verb:set package 'stage_challenge' build argument 'cmake_target' from command line to 'None'
[2.185s] Level 5:colcon.colcon_core.verb:set package 'stage_challenge' build argument 'cmake_target_skip_unavailable' from command line to 'False'
[2.185s] Level 5:colcon.colcon_core.verb:set package 'stage_challenge' build argument 'cmake_clean_cache' from command line to 'False'
[2.185s] Level 5:colcon.colcon_core.verb:set package 'stage_challenge' build argument 'cmake_clean_first' from command line to 'False'
[2.185s] Level 5:colcon.colcon_core.verb:set package 'stage_challenge' build argument 'cmake_force_configure' from command line to 'False'
[2.185s] Level 5:colcon.colcon_core.verb:set package 'stage_challenge' build argument 'meson_args' from command line to '[]'
[2.185s] Level 5:colcon.colcon_core.verb:set package 'stage_challenge' build argument 'ament_cmake_args' from command line to 'None'
[2.185s] Level 5:colcon.colcon_core.verb:set package 'stage_challenge' build argument 'catkin_cmake_args' from command line to 'None'
[2.185s] Level 5:colcon.colcon_core.verb:set package 'stage_challenge' build argument 'catkin_skip_building_tests' from command line to 'False'
[2.185s] DEBUG:colcon.colcon_core.verb:Building package 'stage_challenge' with the following arguments: {'ament_cmake_args': None, 'bazel_args': None, 'bazel_task': None, 'build_base': '/home/lucas/ros2_ws/build/stage_challenge', 'catkin_cmake_args': None, 'catkin_skip_building_tests': False, 'cmake_args': None, 'cmake_clean_cache': False, 'cmake_clean_first': False, 'cmake_force_configure': False, 'cmake_target': None, 'cmake_target_skip_unavailable': False, 'install_base': '/home/lucas/ros2_ws/install/stage_challenge', 'merge_install': False, 'meson_args': [], 'path': '/home/lucas/ros2_ws/src/stage_challenge', 'symlink_install': False, 'test_result_base': None}
[2.252s] Level 5:colcon.colcon_core.verb:set package 'my_cpp_pkg' build argument 'bazel_args' from command line to 'None'
[2.253s] Level 5:colcon.colcon_core.verb:set package 'my_cpp_pkg' build argument 'bazel_task' from command line to 'None'
[2.253s] Level 5:colcon.colcon_core.verb:set package 'my_cpp_pkg' build argument 'cmake_args' from command line to 'None'
[2.253s] Level 5:colcon.colcon_core.verb:set package 'my_cpp_pkg' build argument 'cmake_target' from command line to 'None'
[2.253s] Level 5:colcon.colcon_core.verb:set package 'my_cpp_pkg' build argument 'cmake_target_skip_unavailable' from command line to 'False'
[2.253s] Level 5:colcon.colcon_core.verb:set package 'my_cpp_pkg' build argument 'cmake_clean_cache' from command line to 'False'
[2.253s] Level 5:colcon.colcon_core.verb:set package 'my_cpp_pkg' build argument 'cmake_clean_first' from command line to 'False'
[2.253s] Level 5:colcon.colcon_core.verb:set package 'my_cpp_pkg' build argument 'cmake_force_configure' from command line to 'False'
[2.253s] Level 5:colcon.colcon_core.verb:set package 'my_cpp_pkg' build argument 'meson_args' from command line to '[]'
[2.253s] Level 5:colcon.colcon_core.verb:set package 'my_cpp_pkg' build argument 'ament_cmake_args' from command line to 'None'
[2.253s] Level 5:colcon.colcon_core.verb:set package 'my_cpp_pkg' build argument 'catkin_cmake_args' from command line to 'None'
[2.253s] Level 5:colcon.colcon_core.verb:set package 'my_cpp_pkg' build argument 'catkin_skip_building_tests' from command line to 'False'
[2.253s] DEBUG:colcon.colcon_core.verb:Building package 'my_cpp_pkg' with the following arguments: {'ament_cmake_args': None, 'bazel_args': None, 'bazel_task': None, 'build_base': '/home/lucas/ros2_ws/build/my_cpp_pkg', 'catkin_cmake_args': None, 'catkin_skip_building_tests': False, 'cmake_args': None, 'cmake_clean_cache': False, 'cmake_clean_first': False, 'cmake_force_configure': False, 'cmake_target': None, 'cmake_target_skip_unavailable': False, 'install_base': '/home/lucas/ros2_ws/install/my_cpp_pkg', 'merge_install': False, 'meson_args': [], 'path': '/home/lucas/ros2_ws/src/my_cpp_pkg', 'symlink_install': False, 'test_result_base': None}
[2.280s] Level 5:colcon.colcon_core.verb:set package 'stage_ros2' build argument 'bazel_args' from command line to 'None'
[2.280s] Level 5:colcon.colcon_core.verb:set package 'stage_ros2' build argument 'bazel_task' from command line to 'None'
[2.280s] Level 5:colcon.colcon_core.verb:set package 'stage_ros2' build argument 'cmake_args' from command line to 'None'
[2.280s] Level 5:colcon.colcon_core.verb:set package 'stage_ros2' build argument 'cmake_target' from command line to 'None'
[2.280s] Level 5:colcon.colcon_core.verb:set package 'stage_ros2' build argument 'cmake_target_skip_unavailable' from command line to 'False'
[2.280s] Level 5:colcon.colcon_core.verb:set package 'stage_ros2' build argument 'cmake_clean_cache' from command line to 'False'
[2.280s] Level 5:colcon.colcon_core.verb:set package 'stage_ros2' build argument 'cmake_clean_first' from command line to 'False'
[2.280s] Level 5:colcon.colcon_core.verb:set package 'stage_ros2' build argument 'cmake_force_configure' from command line to 'False'
[2.280s] Level 5:colcon.colcon_core.verb:set package 'stage_ros2' build argument 'meson_args' from command line to '[]'
[2.280s] Level 5:colcon.colcon_core.verb:set package 'stage_ros2' build argument 'ament_cmake_args' from command line to 'None'
[2.280s] Level 5:colcon.colcon_core.verb:set package 'stage_ros2' build argument 'catkin_cmake_args' from command line to 'None'
[2.280s] Level 5:colcon.colcon_core.verb:set package 'stage_ros2' build argument 'catkin_skip_building_tests' from command line to 'False'
[2.280s] DEBUG:colcon.colcon_core.verb:Building package 'stage_ros2' with the following arguments: {'ament_cmake_args': None, 'bazel_args': None, 'bazel_task': None, 'build_base': '/home/lucas/ros2_ws/build/stage_ros2', 'catkin_cmake_args': None, 'catkin_skip_building_tests': False, 'cmake_args': None, 'cmake_clean_cache': False, 'cmake_clean_first': False, 'cmake_force_configure': False, 'cmake_target': None, 'cmake_target_skip_unavailable': False, 'install_base': '/home/lucas/ros2_ws/install/stage_ros2', 'merge_install': False, 'meson_args': [], 'path': '/home/lucas/ros2_ws/src/stage_ros2-humble', 'symlink_install': False, 'test_result_base': None}
[2.280s] INFO:colcon.colcon_core.executor:Executing jobs using 'parallel' executor
[2.295s] DEBUG:colcon.colcon_parallel_executor.executor.parallel:run_until_complete
[2.295s] INFO:colcon.colcon_cmake.task.cmake.build:Building CMake package in '/home/lucas/ros2_ws/src/Stage-ros2'
[2.299s] INFO:colcon.colcon_core.plugin_system:Skipping extension 'colcon_core.shell.bat': Not used on non-Windows systems
[2.300s] DEBUG:colcon.colcon_ros_domain_id_coordinator.shell.ros_domain_id:Allocated ROS_DOMAIN_ID=24 for '/home/lucas/ros2_ws/build/Stage'
[2.300s] INFO:colcon.colcon_core.shell:Skip shell extension 'ros_domain_id' for command environment: 
[2.300s] INFO:colcon.colcon_core.shell:Skip shell extension 'powershell' for command environment: Not usable outside of PowerShell
[2.300s] DEBUG:colcon.colcon_core.shell:Skip shell extension 'dsv' for command environment
[2.381s] DEBUG:colcon.colcon_core.event_handler.log_command:Invoking command in '/home/lucas/ros2_ws/build/Stage': /usr/bin/cmake --build /home/lucas/ros2_ws/build/Stage -- -j1 -l1
[4.431s] DEBUG:colcon.colcon_core.event_handler.log_command:Invoked command in '/home/lucas/ros2_ws/build/Stage' returned '0': /usr/bin/cmake --build /home/lucas/ros2_ws/build/Stage -- -j1 -l1
[4.857s] DEBUG:colcon.colcon_core.event_handler.log_command:Invoking command in '/home/lucas/ros2_ws/build/Stage': /usr/bin/cmake --install /home/lucas/ros2_ws/build/Stage
[5.002s] Level 1:colcon.colcon_core.environment:create_environment_scripts_only(Stage)
[5.004s] Level 1:colcon.colcon_core.environment:checking '/home/lucas/ros2_ws/install/Stage' for CMake module files
[5.005s] Level 1:colcon.colcon_core.environment:checking '/home/lucas/ros2_ws/install/Stage' for CMake config files
[5.005s] Level 1:colcon.colcon_core.shell:create_environment_hook('Stage', 'cmake_prefix_path')
[5.005s] INFO:colcon.colcon_core.shell:Creating environment hook '/home/lucas/ros2_ws/install/Stage/share/Stage/hook/cmake_prefix_path.ps1'
[5.022s] DEBUG:colcon.colcon_core.event_handler.log_command:Invoked command in '/home/lucas/ros2_ws/build/Stage' returned '0': /usr/bin/cmake --install /home/lucas/ros2_ws/build/Stage
[5.022s] INFO:colcon.colcon_core.shell:Creating environment descriptor '/home/lucas/ros2_ws/install/Stage/share/Stage/hook/cmake_prefix_path.dsv'
[5.031s] INFO:colcon.colcon_core.shell:Creating environment hook '/home/lucas/ros2_ws/install/Stage/share/Stage/hook/cmake_prefix_path.sh'
[5.034s] Level 1:colcon.colcon_core.environment:checking '/home/lucas/ros2_ws/install/Stage/lib'
[5.034s] Level 1:colcon.colcon_core.shell:create_environment_hook('Stage', 'ld_library_path_lib')
[5.034s] INFO:colcon.colcon_core.shell:Creating environment hook '/home/lucas/ros2_ws/install/Stage/share/Stage/hook/ld_library_path_lib.ps1'
[5.035s] INFO:colcon.colcon_core.shell:Creating environment descriptor '/home/lucas/ros2_ws/install/Stage/share/Stage/hook/ld_library_path_lib.dsv'
[5.037s] INFO:colcon.colcon_core.shell:Creating environment hook '/home/lucas/ros2_ws/install/Stage/share/Stage/hook/ld_library_path_lib.sh'
[5.038s] Level 1:colcon.colcon_core.environment:checking '/home/lucas/ros2_ws/install/Stage/bin'
[5.039s] Level 1:colcon.colcon_core.shell:create_environment_hook('Stage', 'path')
[5.039s] INFO:colcon.colcon_core.shell:Creating environment hook '/home/lucas/ros2_ws/install/Stage/share/Stage/hook/path.ps1'
[5.053s] INFO:colcon.colcon_core.shell:Creating environment descriptor '/home/lucas/ros2_ws/install/Stage/share/Stage/hook/path.dsv'
[5.055s] INFO:colcon.colcon_core.shell:Creating environment hook '/home/lucas/ros2_ws/install/Stage/share/Stage/hook/path.sh'
[5.056s] Level 1:colcon.colcon_core.environment:checking '/home/lucas/ros2_ws/install/Stage/lib/pkgconfig/Stage.pc'
[5.056s] Level 1:colcon.colcon_core.environment:checking '/home/lucas/ros2_ws/install/Stage/lib/python3.10/site-packages'
[5.057s] Level 1:colcon.colcon_core.environment:checking '/home/lucas/ros2_ws/install/Stage/bin'
[5.057s] Level 1:colcon.colcon_core.shell:create_environment_hook('Stage', 'pythonscriptspath')
[5.057s] INFO:colcon.colcon_core.shell:Creating environment hook '/home/lucas/ros2_ws/install/Stage/share/Stage/hook/pythonscriptspath.ps1'
[5.061s] INFO:colcon.colcon_core.shell:Creating environment descriptor '/home/lucas/ros2_ws/install/Stage/share/Stage/hook/pythonscriptspath.dsv'
[5.068s] INFO:colcon.colcon_core.shell:Creating environment hook '/home/lucas/ros2_ws/install/Stage/share/Stage/hook/pythonscriptspath.sh'
[5.070s] INFO:colcon.colcon_core.shell:Creating package script '/home/lucas/ros2_ws/install/Stage/share/Stage/package.ps1'
[5.085s] INFO:colcon.colcon_core.shell:Creating package descriptor '/home/lucas/ros2_ws/install/Stage/share/Stage/package.dsv'
[5.087s] INFO:colcon.colcon_core.shell:Creating package script '/home/lucas/ros2_ws/install/Stage/share/Stage/package.sh'
[5.089s] INFO:colcon.colcon_core.shell:Creating package script '/home/lucas/ros2_ws/install/Stage/share/Stage/package.bash'
[5.091s] INFO:colcon.colcon_core.shell:Creating package script '/home/lucas/ros2_ws/install/Stage/share/Stage/package.zsh'
[5.093s] Level 1:colcon.colcon_core.environment:create_file_with_runtime_dependencies(/home/lucas/ros2_ws/install/Stage/share/colcon-core/packages/Stage)
[5.106s] DEBUG:colcon.colcon_ros_domain_id_coordinator.shell.ros_domain_id:Released ROS_DOMAIN_ID=24 for '/home/lucas/ros2_ws/build/Stage'
[5.108s] INFO:colcon.colcon_ros.task.ament_python.build:Building ROS package in '/home/lucas/ros2_ws/src/my_py_pkg2' with build type 'ament_python'
[5.108s] Level 1:colcon.colcon_core.shell:create_environment_hook('my_py_pkg2', 'ament_prefix_path')
[5.108s] INFO:colcon.colcon_core.shell:Creating environment hook '/home/lucas/ros2_ws/install/my_py_pkg2/share/my_py_pkg2/hook/ament_prefix_path.ps1'
[5.111s] INFO:colcon.colcon_core.shell:Creating environment descriptor '/home/lucas/ros2_ws/install/my_py_pkg2/share/my_py_pkg2/hook/ament_prefix_path.dsv'
[5.112s] INFO:colcon.colcon_core.shell:Creating environment hook '/home/lucas/ros2_ws/install/my_py_pkg2/share/my_py_pkg2/hook/ament_prefix_path.sh'
[5.113s] DEBUG:colcon.colcon_ros_domain_id_coordinator.shell.ros_domain_id:Allocated ROS_DOMAIN_ID=68 for '/home/lucas/ros2_ws/build/my_py_pkg2'
[5.113s] INFO:colcon.colcon_core.shell:Skip shell extension 'ros_domain_id' for command environment: 
[5.113s] INFO:colcon.colcon_core.shell:Skip shell extension 'powershell' for command environment: Not usable outside of PowerShell
[5.113s] DEBUG:colcon.colcon_core.shell:Skip shell extension 'dsv' for command environment
[6.204s] INFO:colcon.colcon_core.task.python.build:Building Python package in '/home/lucas/ros2_ws/src/my_py_pkg2'
[6.204s] DEBUG:colcon.colcon_ros_domain_id_coordinator.shell.ros_domain_id:Allocated ROS_DOMAIN_ID=68 for '/home/lucas/ros2_ws/build/my_py_pkg2'
[6.204s] INFO:colcon.colcon_core.shell:Skip shell extension 'ros_domain_id' for command environment: 
[6.204s] INFO:colcon.colcon_core.shell:Skip shell extension 'powershell' for command environment: Not usable outside of PowerShell
[6.204s] DEBUG:colcon.colcon_core.shell:Skip shell extension 'dsv' for command environment
[7.473s] DEBUG:colcon.colcon_core.event_handler.log_command:Invoking command in '/home/lucas/ros2_ws/src/my_py_pkg2': PYTHONPATH=/home/lucas/ros2_ws/build/my_py_pkg2/prefix_override:/home/lucas/ros2_ws/install/my_py_pkg2/lib/python3.10/site-packages:${PYTHONPATH} /usr/bin/python3 -W ignore:setup.py install is deprecated setup.py egg_info --egg-base ../../build/my_py_pkg2 build --build-base /home/lucas/ros2_ws/build/my_py_pkg2/build install --record /home/lucas/ros2_ws/build/my_py_pkg2/install.log --single-version-externally-managed install_data
[8.686s] Level 1:colcon.colcon_core.environment:checking '/home/lucas/ros2_ws/install/my_py_pkg2' for CMake module files
[8.686s] Level 1:colcon.colcon_core.environment:checking '/home/lucas/ros2_ws/install/my_py_pkg2' for CMake config files
[8.687s] Level 1:colcon.colcon_core.environment:checking '/home/lucas/ros2_ws/install/my_py_pkg2/lib'
[8.687s] Level 1:colcon.colcon_core.environment:checking '/home/lucas/ros2_ws/install/my_py_pkg2/bin'
[8.687s] Level 1:colcon.colcon_core.environment:checking '/home/lucas/ros2_ws/install/my_py_pkg2/lib/pkgconfig/my_py_pkg2.pc'
[8.687s] Level 1:colcon.colcon_core.environment:checking '/home/lucas/ros2_ws/install/my_py_pkg2/lib/python3.10/site-packages'
[8.687s] Level 1:colcon.colcon_core.shell:create_environment_hook('my_py_pkg2', 'pythonpath')
[8.688s] INFO:colcon.colcon_core.shell:Creating environment hook '/home/lucas/ros2_ws/install/my_py_pkg2/share/my_py_pkg2/hook/pythonpath.ps1'
[8.713s] DEBUG:colcon.colcon_core.event_handler.log_command:Invoked command in '/home/lucas/ros2_ws/src/my_py_pkg2' returned '0': PYTHONPATH=/home/lucas/ros2_ws/build/my_py_pkg2/prefix_override:/home/lucas/ros2_ws/install/my_py_pkg2/lib/python3.10/site-packages:${PYTHONPATH} /usr/bin/python3 -W ignore:setup.py install is deprecated setup.py egg_info --egg-base ../../build/my_py_pkg2 build --build-base /home/lucas/ros2_ws/build/my_py_pkg2/build install --record /home/lucas/ros2_ws/build/my_py_pkg2/install.log --single-version-externally-managed install_data
[8.713s] INFO:colcon.colcon_core.shell:Creating environment descriptor '/home/lucas/ros2_ws/install/my_py_pkg2/share/my_py_pkg2/hook/pythonpath.dsv'
[8.715s] INFO:colcon.colcon_core.shell:Creating environment hook '/home/lucas/ros2_ws/install/my_py_pkg2/share/my_py_pkg2/hook/pythonpath.sh'
[8.716s] Level 1:colcon.colcon_core.environment:checking '/home/lucas/ros2_ws/install/my_py_pkg2/bin'
[8.717s] Level 1:colcon.colcon_core.environment:create_environment_scripts_only(my_py_pkg2)
[8.717s] INFO:colcon.colcon_core.shell:Creating package script '/home/lucas/ros2_ws/install/my_py_pkg2/share/my_py_pkg2/package.ps1'
[8.721s] INFO:colcon.colcon_core.shell:Creating package descriptor '/home/lucas/ros2_ws/install/my_py_pkg2/share/my_py_pkg2/package.dsv'
[8.726s] INFO:colcon.colcon_core.shell:Creating package script '/home/lucas/ros2_ws/install/my_py_pkg2/share/my_py_pkg2/package.sh'
[8.733s] INFO:colcon.colcon_core.shell:Creating package script '/home/lucas/ros2_ws/install/my_py_pkg2/share/my_py_pkg2/package.bash'
[8.735s] INFO:colcon.colcon_core.shell:Creating package script '/home/lucas/ros2_ws/install/my_py_pkg2/share/my_py_pkg2/package.zsh'
[8.737s] Level 1:colcon.colcon_core.environment:create_file_with_runtime_dependencies(/home/lucas/ros2_ws/install/my_py_pkg2/share/colcon-core/packages/my_py_pkg2)
[8.744s] DEBUG:colcon.colcon_ros_domain_id_coordinator.shell.ros_domain_id:Released ROS_DOMAIN_ID=68 for '/home/lucas/ros2_ws/build/my_py_pkg2'
[8.746s] INFO:colcon.colcon_ros.task.ament_python.build:Building ROS package in '/home/lucas/ros2_ws/src/my_py_pkg' with build type 'ament_python'
[8.746s] Level 1:colcon.colcon_core.shell:create_environment_hook('my_py_pkg', 'ament_prefix_path')
[8.747s] INFO:colcon.colcon_core.shell:Creating environment hook '/home/lucas/ros2_ws/install/my_py_pkg/share/my_py_pkg/hook/ament_prefix_path.ps1'
[8.755s] INFO:colcon.colcon_core.shell:Creating environment descriptor '/home/lucas/ros2_ws/install/my_py_pkg/share/my_py_pkg/hook/ament_prefix_path.dsv'
[8.759s] INFO:colcon.colcon_core.shell:Creating environment hook '/home/lucas/ros2_ws/install/my_py_pkg/share/my_py_pkg/hook/ament_prefix_path.sh'
[8.770s] DEBUG:colcon.colcon_ros_domain_id_coordinator.shell.ros_domain_id:Allocated ROS_DOMAIN_ID=223 for '/home/lucas/ros2_ws/build/my_py_pkg'
[8.770s] INFO:colcon.colcon_core.shell:Skip shell extension 'ros_domain_id' for command environment: 
[8.770s] INFO:colcon.colcon_core.shell:Skip shell extension 'powershell' for command environment: Not usable outside of PowerShell
[8.770s] DEBUG:colcon.colcon_core.shell:Skip shell extension 'dsv' for command environment
[9.906s] INFO:colcon.colcon_core.task.python.build:Building Python package in '/home/lucas/ros2_ws/src/my_py_pkg'
[9.907s] DEBUG:colcon.colcon_ros_domain_id_coordinator.shell.ros_domain_id:Allocated ROS_DOMAIN_ID=223 for '/home/lucas/ros2_ws/build/my_py_pkg'
[9.907s] INFO:colcon.colcon_core.shell:Skip shell extension 'ros_domain_id' for command environment: 
[9.907s] INFO:colcon.colcon_core.shell:Skip shell extension 'powershell' for command environment: Not usable outside of PowerShell
[9.907s] DEBUG:colcon.colcon_core.shell:Skip shell extension 'dsv' for command environment
[11.251s] DEBUG:colcon.colcon_core.event_handler.log_command:Invoking command in '/home/lucas/ros2_ws/src/my_py_pkg': PYTHONPATH=/home/lucas/ros2_ws/build/my_py_pkg/prefix_override:/home/lucas/ros2_ws/install/my_py_pkg/lib/python3.10/site-packages:${PYTHONPATH} /usr/bin/python3 -W ignore:setup.py install is deprecated setup.py egg_info --egg-base ../../build/my_py_pkg build --build-base /home/lucas/ros2_ws/build/my_py_pkg/build install --record /home/lucas/ros2_ws/build/my_py_pkg/install.log --single-version-externally-managed install_data
[12.425s] Level 1:colcon.colcon_core.environment:checking '/home/lucas/ros2_ws/install/my_py_pkg' for CMake module files
[12.425s] Level 1:colcon.colcon_core.environment:checking '/home/lucas/ros2_ws/install/my_py_pkg' for CMake config files
[12.426s] Level 1:colcon.colcon_core.environment:checking '/home/lucas/ros2_ws/install/my_py_pkg/lib'
[12.426s] Level 1:colcon.colcon_core.environment:checking '/home/lucas/ros2_ws/install/my_py_pkg/bin'
[12.426s] Level 1:colcon.colcon_core.environment:checking '/home/lucas/ros2_ws/install/my_py_pkg/lib/pkgconfig/my_py_pkg.pc'
[12.427s] Level 1:colcon.colcon_core.environment:checking '/home/lucas/ros2_ws/install/my_py_pkg/lib/python3.10/site-packages'
[12.427s] Level 1:colcon.colcon_core.shell:create_environment_hook('my_py_pkg', 'pythonpath')
[12.427s] INFO:colcon.colcon_core.shell:Creating environment hook '/home/lucas/ros2_ws/install/my_py_pkg/share/my_py_pkg/hook/pythonpath.ps1'
[12.455s] DEBUG:colcon.colcon_core.event_handler.log_command:Invoked command in '/home/lucas/ros2_ws/src/my_py_pkg' returned '0': PYTHONPATH=/home/lucas/ros2_ws/build/my_py_pkg/prefix_override:/home/lucas/ros2_ws/install/my_py_pkg/lib/python3.10/site-packages:${PYTHONPATH} /usr/bin/python3 -W ignore:setup.py install is deprecated setup.py egg_info --egg-base ../../build/my_py_pkg build --build-base /home/lucas/ros2_ws/build/my_py_pkg/build install --record /home/lucas/ros2_ws/build/my_py_pkg/install.log --single-version-externally-managed install_data
[12.455s] INFO:colcon.colcon_core.shell:Creating environment descriptor '/home/lucas/ros2_ws/install/my_py_pkg/share/my_py_pkg/hook/pythonpath.dsv'
[12.456s] INFO:colcon.colcon_core.shell:Creating environment hook '/home/lucas/ros2_ws/install/my_py_pkg/share/my_py_pkg/hook/pythonpath.sh'
[12.464s] Level 1:colcon.colcon_core.environment:checking '/home/lucas/ros2_ws/install/my_py_pkg/bin'
[12.464s] Level 1:colcon.colcon_core.environment:create_environment_scripts_only(my_py_pkg)
[12.465s] INFO:colcon.colcon_core.shell:Creating package script '/home/lucas/ros2_ws/install/my_py_pkg/share/my_py_pkg/package.ps1'
[12.467s] INFO:colcon.colcon_core.shell:Creating package descriptor '/home/lucas/ros2_ws/install/my_py_pkg/share/my_py_pkg/package.dsv'
[12.474s] INFO:colcon.colcon_core.shell:Creating package script '/home/lucas/ros2_ws/install/my_py_pkg/share/my_py_pkg/package.sh'
[12.476s] INFO:colcon.colcon_core.shell:Creating package script '/home/lucas/ros2_ws/install/my_py_pkg/share/my_py_pkg/package.bash'
[12.481s] INFO:colcon.colcon_core.shell:Creating package script '/home/lucas/ros2_ws/install/my_py_pkg/share/my_py_pkg/package.zsh'
[12.484s] Level 1:colcon.colcon_core.environment:create_file_with_runtime_dependencies(/home/lucas/ros2_ws/install/my_py_pkg/share/colcon-core/packages/my_py_pkg)
[12.495s] DEBUG:colcon.colcon_ros_domain_id_coordinator.shell.ros_domain_id:Released ROS_DOMAIN_ID=223 for '/home/lucas/ros2_ws/build/my_py_pkg'
[12.496s] INFO:colcon.colcon_ros.task.ament_python.build:Building ROS package in '/home/lucas/ros2_ws/src/stage_challenge' with build type 'ament_python'
[12.497s] Level 1:colcon.colcon_core.shell:create_environment_hook('stage_challenge', 'ament_prefix_path')
[12.497s] INFO:colcon.colcon_core.shell:Creating environment hook '/home/lucas/ros2_ws/install/stage_challenge/share/stage_challenge/hook/ament_prefix_path.ps1'
[12.499s] INFO:colcon.colcon_core.shell:Creating environment descriptor '/home/lucas/ros2_ws/install/stage_challenge/share/stage_challenge/hook/ament_prefix_path.dsv'
[12.500s] INFO:colcon.colcon_core.shell:Creating environment hook '/home/lucas/ros2_ws/install/stage_challenge/share/stage_challenge/hook/ament_prefix_path.sh'
[12.502s] DEBUG:colcon.colcon_ros_domain_id_coordinator.shell.ros_domain_id:Allocated ROS_DOMAIN_ID=80 for '/home/lucas/ros2_ws/build/stage_challenge'
[12.502s] INFO:colcon.colcon_core.shell:Skip shell extension 'ros_domain_id' for command environment: 
[12.502s] INFO:colcon.colcon_core.shell:Skip shell extension 'powershell' for command environment: Not usable outside of PowerShell
[12.502s] DEBUG:colcon.colcon_core.shell:Skip shell extension 'dsv' for command environment
[13.719s] INFO:colcon.colcon_core.task.python.build:Building Python package in '/home/lucas/ros2_ws/src/stage_challenge'
[13.720s] DEBUG:colcon.colcon_ros_domain_id_coordinator.shell.ros_domain_id:Allocated ROS_DOMAIN_ID=80 for '/home/lucas/ros2_ws/build/stage_challenge'
[13.720s] INFO:colcon.colcon_core.shell:Skip shell extension 'ros_domain_id' for command environment: 
[13.720s] INFO:colcon.colcon_core.shell:Skip shell extension 'powershell' for command environment: Not usable outside of PowerShell
[13.720s] DEBUG:colcon.colcon_core.shell:Skip shell extension 'dsv' for command environment
[15.130s] DEBUG:colcon.colcon_core.event_handler.log_command:Invoking command in '/home/lucas/ros2_ws/src/stage_challenge': PYTHONPATH=/home/lucas/ros2_ws/build/stage_challenge/prefix_override:/home/lucas/ros2_ws/install/stage_challenge/lib/python3.10/site-packages:${PYTHONPATH} /usr/bin/python3 -W ignore:setup.py install is deprecated setup.py egg_info --egg-base ../../build/stage_challenge build --build-base /home/lucas/ros2_ws/build/stage_challenge/build install --record /home/lucas/ros2_ws/build/stage_challenge/install.log --single-version-externally-managed install_data
[16.360s] Level 1:colcon.colcon_core.environment:checking '/home/lucas/ros2_ws/install/stage_challenge' for CMake module files
[16.361s] Level 1:colcon.colcon_core.environment:checking '/home/lucas/ros2_ws/install/stage_challenge' for CMake config files
[16.361s] Level 1:colcon.colcon_core.environment:checking '/home/lucas/ros2_ws/install/stage_challenge/lib'
[16.362s] Level 1:colcon.colcon_core.environment:checking '/home/lucas/ros2_ws/install/stage_challenge/bin'
[16.362s] Level 1:colcon.colcon_core.environment:checking '/home/lucas/ros2_ws/install/stage_challenge/lib/pkgconfig/stage_challenge.pc'
[16.362s] Level 1:colcon.colcon_core.environment:checking '/home/lucas/ros2_ws/install/stage_challenge/lib/python3.10/site-packages'
[16.362s] Level 1:colcon.colcon_core.shell:create_environment_hook('stage_challenge', 'pythonpath')
[16.362s] INFO:colcon.colcon_core.shell:Creating environment hook '/home/lucas/ros2_ws/install/stage_challenge/share/stage_challenge/hook/pythonpath.ps1'
[16.364s] DEBUG:colcon.colcon_core.event_handler.log_command:Invoked command in '/home/lucas/ros2_ws/src/stage_challenge' returned '0': PYTHONPATH=/home/lucas/ros2_ws/build/stage_challenge/prefix_override:/home/lucas/ros2_ws/install/stage_challenge/lib/python3.10/site-packages:${PYTHONPATH} /usr/bin/python3 -W ignore:setup.py install is deprecated setup.py egg_info --egg-base ../../build/stage_challenge build --build-base /home/lucas/ros2_ws/build/stage_challenge/build install --record /home/lucas/ros2_ws/build/stage_challenge/install.log --single-version-externally-managed install_data
[16.364s] INFO:colcon.colcon_core.shell:Creating environment descriptor '/home/lucas/ros2_ws/install/stage_challenge/share/stage_challenge/hook/pythonpath.dsv'
[16.365s] INFO:colcon.colcon_core.shell:Creating environment hook '/home/lucas/ros2_ws/install/stage_challenge/share/stage_challenge/hook/pythonpath.sh'
[16.367s] Level 1:colcon.colcon_core.environment:checking '/home/lucas/ros2_ws/install/stage_challenge/bin'
[16.367s] Level 1:colcon.colcon_core.environment:create_environment_scripts_only(stage_challenge)
[16.368s] INFO:colcon.colcon_core.shell:Creating package script '/home/lucas/ros2_ws/install/stage_challenge/share/stage_challenge/package.ps1'
[16.369s] INFO:colcon.colcon_core.shell:Creating package descriptor '/home/lucas/ros2_ws/install/stage_challenge/share/stage_challenge/package.dsv'
[16.389s] INFO:colcon.colcon_core.shell:Creating package script '/home/lucas/ros2_ws/install/stage_challenge/share/stage_challenge/package.sh'
[16.391s] INFO:colcon.colcon_core.shell:Creating package script '/home/lucas/ros2_ws/install/stage_challenge/share/stage_challenge/package.bash'
[16.392s] INFO:colcon.colcon_core.shell:Creating package script '/home/lucas/ros2_ws/install/stage_challenge/share/stage_challenge/package.zsh'
[16.399s] Level 1:colcon.colcon_core.environment:create_file_with_runtime_dependencies(/home/lucas/ros2_ws/install/stage_challenge/share/colcon-core/packages/stage_challenge)
[16.400s] DEBUG:colcon.colcon_ros_domain_id_coordinator.shell.ros_domain_id:Released ROS_DOMAIN_ID=80 for '/home/lucas/ros2_ws/build/stage_challenge'
[16.403s] INFO:colcon.colcon_ros.task.ament_cmake.build:Building ROS package in '/home/lucas/ros2_ws/src/my_cpp_pkg' with build type 'ament_cmake'
[16.403s] INFO:colcon.colcon_cmake.task.cmake.build:Building CMake package in '/home/lucas/ros2_ws/src/my_cpp_pkg'
[16.403s] DEBUG:colcon.colcon_ros_domain_id_coordinator.shell.ros_domain_id:Allocated ROS_DOMAIN_ID=86 for '/home/lucas/ros2_ws/build/my_cpp_pkg'
[16.403s] INFO:colcon.colcon_core.shell:Skip shell extension 'ros_domain_id' for command environment: 
[16.403s] INFO:colcon.colcon_core.shell:Skip shell extension 'powershell' for command environment: Not usable outside of PowerShell
[16.403s] DEBUG:colcon.colcon_core.shell:Skip shell extension 'dsv' for command environment
[16.468s] DEBUG:colcon.colcon_core.event_handler.log_command:Invoking command in '/home/lucas/ros2_ws/build/my_cpp_pkg': AMENT_PREFIX_PATH=/home/lucas/ros2_ws/install/my_py_pkg2:/home/lucas/ros2_ws/install/stage_ros2:/home/lucas/ros2_ws/install/stage_challenge:/home/lucas/ros2_ws/install/my_cpp_pkg:/home/lucas/ros2_ws/install/my_py_pkg:/opt/ros/humble CMAKE_PREFIX_PATH=${CMAKE_PREFIX_PATH}:/home/lucas/ros2_ws/install/stage_challenge:/home/lucas/ros2_ws/install/my_py_pkg2:/home/lucas/ros2_ws/install/my_py_pkg:/opt/ros/humble PYTHONPATH=/home/lucas/ros2_ws/install/my_py_pkg2/lib/python3.10/site-packages:/home/lucas/ros2_ws/install/stage_challenge/lib/python3.10/site-packages:/home/lucas/ros2_ws/install/my_py_pkg/lib/python3.10/site-packages:/opt/ros/humble/lib/python3.10/site-packages:/opt/ros/humble/local/lib/python3.10/dist-packages /usr/bin/cmake --build /home/lucas/ros2_ws/build/my_cpp_pkg -- -j1 -l1
[16.822s] DEBUG:colcon.colcon_core.event_handler.log_command:Invoked command in '/home/lucas/ros2_ws/build/my_cpp_pkg' returned '0': AMENT_PREFIX_PATH=/home/lucas/ros2_ws/install/my_py_pkg2:/home/lucas/ros2_ws/install/stage_ros2:/home/lucas/ros2_ws/install/stage_challenge:/home/lucas/ros2_ws/install/my_cpp_pkg:/home/lucas/ros2_ws/install/my_py_pkg:/opt/ros/humble CMAKE_PREFIX_PATH=${CMAKE_PREFIX_PATH}:/home/lucas/ros2_ws/install/stage_challenge:/home/lucas/ros2_ws/install/my_py_pkg2:/home/lucas/ros2_ws/install/my_py_pkg:/opt/ros/humble PYTHONPATH=/home/lucas/ros2_ws/install/my_py_pkg2/lib/python3.10/site-packages:/home/lucas/ros2_ws/install/stage_challenge/lib/python3.10/site-packages:/home/lucas/ros2_ws/install/my_py_pkg/lib/python3.10/site-packages:/opt/ros/humble/lib/python3.10/site-packages:/opt/ros/humble/local/lib/python3.10/dist-packages /usr/bin/cmake --build /home/lucas/ros2_ws/build/my_cpp_pkg -- -j1 -l1
[17.109s] DEBUG:colcon.colcon_core.event_handler.log_command:Invoking command in '/home/lucas/ros2_ws/build/my_cpp_pkg': AMENT_PREFIX_PATH=/home/lucas/ros2_ws/install/my_py_pkg2:/home/lucas/ros2_ws/install/stage_ros2:/home/lucas/ros2_ws/install/stage_challenge:/home/lucas/ros2_ws/install/my_cpp_pkg:/home/lucas/ros2_ws/install/my_py_pkg:/opt/ros/humble CMAKE_PREFIX_PATH=${CMAKE_PREFIX_PATH}:/home/lucas/ros2_ws/install/stage_challenge:/home/lucas/ros2_ws/install/my_py_pkg2:/home/lucas/ros2_ws/install/my_py_pkg:/opt/ros/humble PYTHONPATH=/home/lucas/ros2_ws/install/my_py_pkg2/lib/python3.10/site-packages:/home/lucas/ros2_ws/install/stage_challenge/lib/python3.10/site-packages:/home/lucas/ros2_ws/install/my_py_pkg/lib/python3.10/site-packages:/opt/ros/humble/lib/python3.10/site-packages:/opt/ros/humble/local/lib/python3.10/dist-packages /usr/bin/cmake --install /home/lucas/ros2_ws/build/my_cpp_pkg
[17.176s] Level 1:colcon.colcon_core.environment:create_environment_scripts_only(my_cpp_pkg)
[17.176s] Level 1:colcon.colcon_core.environment:checking '/home/lucas/ros2_ws/install/my_cpp_pkg' for CMake module files
[17.177s] Level 1:colcon.colcon_core.environment:checking '/home/lucas/ros2_ws/install/my_cpp_pkg' for CMake config files
[17.177s] Level 1:colcon.colcon_core.shell:create_environment_hook('my_cpp_pkg', 'cmake_prefix_path')
[17.177s] INFO:colcon.colcon_core.shell:Creating environment hook '/home/lucas/ros2_ws/install/my_cpp_pkg/share/my_cpp_pkg/hook/cmake_prefix_path.ps1'
[17.180s] DEBUG:colcon.colcon_core.event_handler.log_command:Invoked command in '/home/lucas/ros2_ws/build/my_cpp_pkg' returned '0': AMENT_PREFIX_PATH=/home/lucas/ros2_ws/install/my_py_pkg2:/home/lucas/ros2_ws/install/stage_ros2:/home/lucas/ros2_ws/install/stage_challenge:/home/lucas/ros2_ws/install/my_cpp_pkg:/home/lucas/ros2_ws/install/my_py_pkg:/opt/ros/humble CMAKE_PREFIX_PATH=${CMAKE_PREFIX_PATH}:/home/lucas/ros2_ws/install/stage_challenge:/home/lucas/ros2_ws/install/my_py_pkg2:/home/lucas/ros2_ws/install/my_py_pkg:/opt/ros/humble PYTHONPATH=/home/lucas/ros2_ws/install/my_py_pkg2/lib/python3.10/site-packages:/home/lucas/ros2_ws/install/stage_challenge/lib/python3.10/site-packages:/home/lucas/ros2_ws/install/my_py_pkg/lib/python3.10/site-packages:/opt/ros/humble/lib/python3.10/site-packages:/opt/ros/humble/local/lib/python3.10/dist-packages /usr/bin/cmake --install /home/lucas/ros2_ws/build/my_cpp_pkg
[17.180s] INFO:colcon.colcon_core.shell:Creating environment descriptor '/home/lucas/ros2_ws/install/my_cpp_pkg/share/my_cpp_pkg/hook/cmake_prefix_path.dsv'
[17.187s] INFO:colcon.colcon_core.shell:Creating environment hook '/home/lucas/ros2_ws/install/my_cpp_pkg/share/my_cpp_pkg/hook/cmake_prefix_path.sh'
[17.188s] Level 1:colcon.colcon_core.environment:checking '/home/lucas/ros2_ws/install/my_cpp_pkg/lib'
[17.188s] Level 1:colcon.colcon_core.environment:checking '/home/lucas/ros2_ws/install/my_cpp_pkg/bin'
[17.188s] Level 1:colcon.colcon_core.environment:checking '/home/lucas/ros2_ws/install/my_cpp_pkg/lib/pkgconfig/my_cpp_pkg.pc'
[17.189s] Level 1:colcon.colcon_core.environment:checking '/home/lucas/ros2_ws/install/my_cpp_pkg/lib/python3.10/site-packages'
[17.189s] Level 1:colcon.colcon_core.environment:checking '/home/lucas/ros2_ws/install/my_cpp_pkg/bin'
[17.189s] INFO:colcon.colcon_core.shell:Creating package script '/home/lucas/ros2_ws/install/my_cpp_pkg/share/my_cpp_pkg/package.ps1'
[17.196s] INFO:colcon.colcon_core.shell:Creating package descriptor '/home/lucas/ros2_ws/install/my_cpp_pkg/share/my_cpp_pkg/package.dsv'
[17.198s] INFO:colcon.colcon_core.shell:Creating package script '/home/lucas/ros2_ws/install/my_cpp_pkg/share/my_cpp_pkg/package.sh'
[17.199s] INFO:colcon.colcon_core.shell:Creating package script '/home/lucas/ros2_ws/install/my_cpp_pkg/share/my_cpp_pkg/package.bash'
[17.200s] INFO:colcon.colcon_core.shell:Creating package script '/home/lucas/ros2_ws/install/my_cpp_pkg/share/my_cpp_pkg/package.zsh'
[17.204s] Level 1:colcon.colcon_core.environment:create_file_with_runtime_dependencies(/home/lucas/ros2_ws/install/my_cpp_pkg/share/colcon-core/packages/my_cpp_pkg)
[17.475s] Level 1:colcon.colcon_core.environment:create_environment_scripts_only(my_cpp_pkg)
[17.476s] Level 1:colcon.colcon_core.environment:checking '/home/lucas/ros2_ws/install/my_cpp_pkg' for CMake module files
[17.476s] Level 1:colcon.colcon_core.environment:checking '/home/lucas/ros2_ws/install/my_cpp_pkg' for CMake config files
[17.476s] Level 1:colcon.colcon_core.shell:create_environment_hook('my_cpp_pkg', 'cmake_prefix_path')
[17.477s] INFO:colcon.colcon_core.shell:Creating environment hook '/home/lucas/ros2_ws/install/my_cpp_pkg/share/my_cpp_pkg/hook/cmake_prefix_path.ps1'
[17.491s] INFO:colcon.colcon_core.shell:Creating environment descriptor '/home/lucas/ros2_ws/install/my_cpp_pkg/share/my_cpp_pkg/hook/cmake_prefix_path.dsv'
[17.491s] INFO:colcon.colcon_core.shell:Creating environment hook '/home/lucas/ros2_ws/install/my_cpp_pkg/share/my_cpp_pkg/hook/cmake_prefix_path.sh'
[17.494s] Level 1:colcon.colcon_core.environment:checking '/home/lucas/ros2_ws/install/my_cpp_pkg/lib'
[17.494s] Level 1:colcon.colcon_core.environment:checking '/home/lucas/ros2_ws/install/my_cpp_pkg/bin'
[17.494s] Level 1:colcon.colcon_core.environment:checking '/home/lucas/ros2_ws/install/my_cpp_pkg/lib/pkgconfig/my_cpp_pkg.pc'
[17.494s] Level 1:colcon.colcon_core.environment:checking '/home/lucas/ros2_ws/install/my_cpp_pkg/lib/python3.10/site-packages'
[17.495s] Level 1:colcon.colcon_core.environment:checking '/home/lucas/ros2_ws/install/my_cpp_pkg/bin'
[17.495s] INFO:colcon.colcon_core.shell:Creating package script '/home/lucas/ros2_ws/install/my_cpp_pkg/share/my_cpp_pkg/package.ps1'
[17.496s] INFO:colcon.colcon_core.shell:Creating package descriptor '/home/lucas/ros2_ws/install/my_cpp_pkg/share/my_cpp_pkg/package.dsv'
[17.499s] INFO:colcon.colcon_core.shell:Creating package script '/home/lucas/ros2_ws/install/my_cpp_pkg/share/my_cpp_pkg/package.sh'
[17.511s] INFO:colcon.colcon_core.shell:Creating package script '/home/lucas/ros2_ws/install/my_cpp_pkg/share/my_cpp_pkg/package.bash'
[17.513s] INFO:colcon.colcon_core.shell:Creating package script '/home/lucas/ros2_ws/install/my_cpp_pkg/share/my_cpp_pkg/package.zsh'
[17.515s] Level 1:colcon.colcon_core.environment:create_file_with_runtime_dependencies(/home/lucas/ros2_ws/install/my_cpp_pkg/share/colcon-core/packages/my_cpp_pkg)
[17.516s] DEBUG:colcon.colcon_ros_domain_id_coordinator.shell.ros_domain_id:Released ROS_DOMAIN_ID=86 for '/home/lucas/ros2_ws/build/my_cpp_pkg'
[17.518s] INFO:colcon.colcon_ros.task.ament_cmake.build:Building ROS package in '/home/lucas/ros2_ws/src/stage_ros2-humble' with build type 'ament_cmake'
[17.518s] INFO:colcon.colcon_cmake.task.cmake.build:Building CMake package in '/home/lucas/ros2_ws/src/stage_ros2-humble'
[17.518s] DEBUG:colcon.colcon_ros_domain_id_coordinator.shell.ros_domain_id:Allocated ROS_DOMAIN_ID=15 for '/home/lucas/ros2_ws/build/stage_ros2'
[17.519s] INFO:colcon.colcon_core.shell:Skip shell extension 'ros_domain_id' for command environment: 
[17.519s] INFO:colcon.colcon_core.shell:Skip shell extension 'powershell' for command environment: Not usable outside of PowerShell
[17.519s] DEBUG:colcon.colcon_core.shell:Skip shell extension 'dsv' for command environment
[17.588s] DEBUG:colcon.colcon_core.event_handler.log_command:Invoking command in '/home/lucas/ros2_ws/build/stage_ros2': CMAKE_PREFIX_PATH=/home/lucas/ros2_ws/install/Stage:/home/lucas/ros2_ws/install/stage_ros2:/home/lucas/ros2_ws/install/my_cpp_pkg:/home/lucas/ros2_ws/install/stage_challenge:/home/lucas/ros2_ws/install/my_py_pkg2:/home/lucas/ros2_ws/install/my_py_pkg:/opt/ros/humble LD_LIBRARY_PATH=/home/lucas/ros2_ws/install/Stage/lib:/home/lucas/ros2_ws/install/stage_ros2/lib:/opt/ros/humble/opt/rviz_ogre_vendor/lib:/opt/ros/humble/lib/x86_64-linux-gnu:/opt/ros/humble/lib /usr/bin/cmake --build /home/lucas/ros2_ws/build/stage_ros2 -- -j1 -l1
[18.168s] DEBUG:colcon.colcon_core.event_handler.log_command:Invoked command in '/home/lucas/ros2_ws/build/stage_ros2' returned '0': CMAKE_PREFIX_PATH=/home/lucas/ros2_ws/install/Stage:/home/lucas/ros2_ws/install/stage_ros2:/home/lucas/ros2_ws/install/my_cpp_pkg:/home/lucas/ros2_ws/install/stage_challenge:/home/lucas/ros2_ws/install/my_py_pkg2:/home/lucas/ros2_ws/install/my_py_pkg:/opt/ros/humble LD_LIBRARY_PATH=/home/lucas/ros2_ws/install/Stage/lib:/home/lucas/ros2_ws/install/stage_ros2/lib:/opt/ros/humble/opt/rviz_ogre_vendor/lib:/opt/ros/humble/lib/x86_64-linux-gnu:/opt/ros/humble/lib /usr/bin/cmake --build /home/lucas/ros2_ws/build/stage_ros2 -- -j1 -l1
[18.621s] DEBUG:colcon.colcon_core.event_handler.log_command:Invoking command in '/home/lucas/ros2_ws/build/stage_ros2': CMAKE_PREFIX_PATH=/home/lucas/ros2_ws/install/Stage:/home/lucas/ros2_ws/install/stage_ros2:/home/lucas/ros2_ws/install/my_cpp_pkg:/home/lucas/ros2_ws/install/stage_challenge:/home/lucas/ros2_ws/install/my_py_pkg2:/home/lucas/ros2_ws/install/my_py_pkg:/opt/ros/humble LD_LIBRARY_PATH=/home/lucas/ros2_ws/install/Stage/lib:/home/lucas/ros2_ws/install/stage_ros2/lib:/opt/ros/humble/opt/rviz_ogre_vendor/lib:/opt/ros/humble/lib/x86_64-linux-gnu:/opt/ros/humble/lib /usr/bin/cmake --install /home/lucas/ros2_ws/build/stage_ros2
[18.723s] Level 1:colcon.colcon_core.environment:create_environment_scripts_only(stage_ros2)
[18.723s] Level 1:colcon.colcon_core.environment:checking '/home/lucas/ros2_ws/install/stage_ros2' for CMake module files
[18.724s] DEBUG:colcon.colcon_core.event_handler.log_command:Invoked command in '/home/lucas/ros2_ws/build/stage_ros2' returned '0': CMAKE_PREFIX_PATH=/home/lucas/ros2_ws/install/Stage:/home/lucas/ros2_ws/install/stage_ros2:/home/lucas/ros2_ws/install/my_cpp_pkg:/home/lucas/ros2_ws/install/stage_challenge:/home/lucas/ros2_ws/install/my_py_pkg2:/home/lucas/ros2_ws/install/my_py_pkg:/opt/ros/humble LD_LIBRARY_PATH=/home/lucas/ros2_ws/install/Stage/lib:/home/lucas/ros2_ws/install/stage_ros2/lib:/opt/ros/humble/opt/rviz_ogre_vendor/lib:/opt/ros/humble/lib/x86_64-linux-gnu:/opt/ros/humble/lib /usr/bin/cmake --install /home/lucas/ros2_ws/build/stage_ros2
[18.725s] Level 1:colcon.colcon_core.environment:checking '/home/lucas/ros2_ws/install/stage_ros2' for CMake config files
[18.726s] Level 1:colcon.colcon_core.shell:create_environment_hook('stage_ros2', 'cmake_prefix_path')
[18.726s] INFO:colcon.colcon_core.shell:Creating environment hook '/home/lucas/ros2_ws/install/stage_ros2/share/stage_ros2/hook/cmake_prefix_path.ps1'
[18.747s] INFO:colcon.colcon_core.shell:Creating environment descriptor '/home/lucas/ros2_ws/install/stage_ros2/share/stage_ros2/hook/cmake_prefix_path.dsv'
[18.749s] INFO:colcon.colcon_core.shell:Creating environment hook '/home/lucas/ros2_ws/install/stage_ros2/share/stage_ros2/hook/cmake_prefix_path.sh'
[18.756s] Level 1:colcon.colcon_core.environment:checking '/home/lucas/ros2_ws/install/stage_ros2/lib'
[18.756s] Level 1:colcon.colcon_core.shell:create_environment_hook('stage_ros2', 'ld_library_path_lib')
[18.756s] INFO:colcon.colcon_core.shell:Creating environment hook '/home/lucas/ros2_ws/install/stage_ros2/share/stage_ros2/hook/ld_library_path_lib.ps1'
[18.757s] INFO:colcon.colcon_core.shell:Creating environment descriptor '/home/lucas/ros2_ws/install/stage_ros2/share/stage_ros2/hook/ld_library_path_lib.dsv'
[18.759s] INFO:colcon.colcon_core.shell:Creating environment hook '/home/lucas/ros2_ws/install/stage_ros2/share/stage_ros2/hook/ld_library_path_lib.sh'
[18.760s] Level 1:colcon.colcon_core.environment:checking '/home/lucas/ros2_ws/install/stage_ros2/bin'
[18.760s] Level 1:colcon.colcon_core.environment:checking '/home/lucas/ros2_ws/install/stage_ros2/lib/pkgconfig/stage_ros2.pc'
[18.761s] Level 1:colcon.colcon_core.environment:checking '/home/lucas/ros2_ws/install/stage_ros2/lib/python3.10/site-packages'
[18.761s] Level 1:colcon.colcon_core.environment:checking '/home/lucas/ros2_ws/install/stage_ros2/bin'
[18.761s] INFO:colcon.colcon_core.shell:Creating package script '/home/lucas/ros2_ws/install/stage_ros2/share/stage_ros2/package.ps1'
[18.779s] INFO:colcon.colcon_core.shell:Creating package descriptor '/home/lucas/ros2_ws/install/stage_ros2/share/stage_ros2/package.dsv'
[18.786s] INFO:colcon.colcon_core.shell:Creating package script '/home/lucas/ros2_ws/install/stage_ros2/share/stage_ros2/package.sh'
[18.788s] INFO:colcon.colcon_core.shell:Creating package script '/home/lucas/ros2_ws/install/stage_ros2/share/stage_ros2/package.bash'
[18.791s] INFO:colcon.colcon_core.shell:Creating package script '/home/lucas/ros2_ws/install/stage_ros2/share/stage_ros2/package.zsh'
[18.792s] Level 1:colcon.colcon_core.environment:create_file_with_runtime_dependencies(/home/lucas/ros2_ws/install/stage_ros2/share/colcon-core/packages/stage_ros2)
[19.194s] Level 1:colcon.colcon_core.environment:create_environment_scripts_only(stage_ros2)
[19.194s] Level 1:colcon.colcon_core.environment:checking '/home/lucas/ros2_ws/install/stage_ros2' for CMake module files
[19.194s] Level 1:colcon.colcon_core.environment:checking '/home/lucas/ros2_ws/install/stage_ros2' for CMake config files
[19.195s] Level 1:colcon.colcon_core.shell:create_environment_hook('stage_ros2', 'cmake_prefix_path')
[19.207s] INFO:colcon.colcon_core.shell:Creating environment hook '/home/lucas/ros2_ws/install/stage_ros2/share/stage_ros2/hook/cmake_prefix_path.ps1'
[19.209s] INFO:colcon.colcon_core.shell:Creating environment descriptor '/home/lucas/ros2_ws/install/stage_ros2/share/stage_ros2/hook/cmake_prefix_path.dsv'
[19.211s] INFO:colcon.colcon_core.shell:Creating environment hook '/home/lucas/ros2_ws/install/stage_ros2/share/stage_ros2/hook/cmake_prefix_path.sh'
[19.212s] Level 1:colcon.colcon_core.environment:checking '/home/lucas/ros2_ws/install/stage_ros2/lib'
[19.212s] Level 1:colcon.colcon_core.shell:create_environment_hook('stage_ros2', 'ld_library_path_lib')
[19.213s] INFO:colcon.colcon_core.shell:Creating environment hook '/home/lucas/ros2_ws/install/stage_ros2/share/stage_ros2/hook/ld_library_path_lib.ps1'
[19.214s] INFO:colcon.colcon_core.shell:Creating environment descriptor '/home/lucas/ros2_ws/install/stage_ros2/share/stage_ros2/hook/ld_library_path_lib.dsv'
[19.216s] INFO:colcon.colcon_core.shell:Creating environment hook '/home/lucas/ros2_ws/install/stage_ros2/share/stage_ros2/hook/ld_library_path_lib.sh'
[19.217s] Level 1:colcon.colcon_core.environment:checking '/home/lucas/ros2_ws/install/stage_ros2/bin'
[19.217s] Level 1:colcon.colcon_core.environment:checking '/home/lucas/ros2_ws/install/stage_ros2/lib/pkgconfig/stage_ros2.pc'
[19.217s] Level 1:colcon.colcon_core.environment:checking '/home/lucas/ros2_ws/install/stage_ros2/lib/python3.10/site-packages'
[19.217s] Level 1:colcon.colcon_core.environment:checking '/home/lucas/ros2_ws/install/stage_ros2/bin'
[19.218s] INFO:colcon.colcon_core.shell:Creating package script '/home/lucas/ros2_ws/install/stage_ros2/share/stage_ros2/package.ps1'
[19.222s] INFO:colcon.colcon_core.shell:Creating package descriptor '/home/lucas/ros2_ws/install/stage_ros2/share/stage_ros2/package.dsv'
[19.239s] INFO:colcon.colcon_core.shell:Creating package script '/home/lucas/ros2_ws/install/stage_ros2/share/stage_ros2/package.sh'
[19.241s] INFO:colcon.colcon_core.shell:Creating package script '/home/lucas/ros2_ws/install/stage_ros2/share/stage_ros2/package.bash'
[19.243s] INFO:colcon.colcon_core.shell:Creating package script '/home/lucas/ros2_ws/install/stage_ros2/share/stage_ros2/package.zsh'
[19.244s] Level 1:colcon.colcon_core.environment:create_file_with_runtime_dependencies(/home/lucas/ros2_ws/install/stage_ros2/share/colcon-core/packages/stage_ros2)
[19.245s] DEBUG:colcon.colcon_ros_domain_id_coordinator.shell.ros_domain_id:Released ROS_DOMAIN_ID=15 for '/home/lucas/ros2_ws/build/stage_ros2'
[19.246s] DEBUG:colcon.colcon_parallel_executor.executor.parallel:closing loop
[19.246s] DEBUG:colcon.colcon_parallel_executor.executor.parallel:loop closed
[19.247s] DEBUG:colcon.colcon_parallel_executor.executor.parallel:run_until_complete finished with '0'
[19.247s] DEBUG:colcon.colcon_core.event_reactor:joining thread
[19.266s] INFO:colcon.colcon_core.plugin_system:Skipping extension 'colcon_notification.desktop_notification.terminal_notifier': Not used on non-Darwin systems
[19.267s] INFO:colcon.colcon_core.plugin_system:Skipping extension 'colcon_notification.desktop_notification.win32': Not used on non-Windows systems
[19.267s] INFO:colcon.colcon_notification.desktop_notification:Sending desktop notification using 'notify2'
[19.267s] DEBUG:colcon.colcon_notification.desktop_notification.notify2:Failed to initialize notify2: org.freedesktop.DBus.Error.NoReply: Did not receive a reply. Possible causes include: the remote application did not send a reply, the message bus security policy blocked the reply, the reply timeout expired, or the network connection was broken.
[19.267s] DEBUG:colcon.colcon_core.event_reactor:joined thread
[19.268s] INFO:colcon.colcon_core.shell:Creating prefix script '/home/lucas/ros2_ws/install/local_setup.ps1'
[19.272s] INFO:colcon.colcon_core.shell:Creating prefix util module '/home/lucas/ros2_ws/install/_local_setup_util_ps1.py'
[19.300s] INFO:colcon.colcon_core.shell:Creating prefix chain script '/home/lucas/ros2_ws/install/setup.ps1'
[19.306s] INFO:colcon.colcon_core.shell:Creating prefix script '/home/lucas/ros2_ws/install/local_setup.sh'
[19.311s] INFO:colcon.colcon_core.shell:Creating prefix util module '/home/lucas/ros2_ws/install/_local_setup_util_sh.py'
[19.322s] INFO:colcon.colcon_core.shell:Creating prefix chain script '/home/lucas/ros2_ws/install/setup.sh'
[19.331s] INFO:colcon.colcon_core.shell:Creating prefix script '/home/lucas/ros2_ws/install/local_setup.bash'
[19.333s] INFO:colcon.colcon_core.shell:Creating prefix chain script '/home/lucas/ros2_ws/install/setup.bash'
[19.336s] INFO:colcon.colcon_core.shell:Creating prefix script '/home/lucas/ros2_ws/install/local_setup.zsh'
[19.342s] INFO:colcon.colcon_core.shell:Creating prefix chain script '/home/lucas/ros2_ws/install/setup.zsh'
[19.347s] INFO:colcon.colcon_core.shell:Creating '/home/lucas/ros2_ws/install/spawn_shell.bash'
