[2.192s] Invoking command in '/home/lucas/ros2_ws/src/stage_challenge': PYTHONPATH=/home/lucas/ros2_ws/build/stage_challenge/prefix_override:/home/lucas/ros2_ws/install/stage_challenge/lib/python3.10/site-packages:${PYTHONPATH} /usr/bin/python3 -W ignore:setup.py install is deprecated setup.py egg_info --egg-base ../../build/stage_challenge build --build-base /home/lucas/ros2_ws/build/stage_challenge/build install --record /home/lucas/ros2_ws/build/stage_challenge/install.log --single-version-externally-managed install_data
[3.093s] running egg_info
[3.094s] writing ../../build/stage_challenge/stage_challenge.egg-info/PKG-INFO
[3.119s] writing dependency_links to ../../build/stage_challenge/stage_challenge.egg-info/dependency_links.txt
[3.123s] writing entry points to ../../build/stage_challenge/stage_challenge.egg-info/entry_points.txt
[3.124s] writing requirements to ../../build/stage_challenge/stage_challenge.egg-info/requires.txt
[3.129s] writing top-level names to ../../build/stage_challenge/stage_challenge.egg-info/top_level.txt
[3.138s] reading manifest file '../../build/stage_challenge/stage_challenge.egg-info/SOURCES.txt'
[3.143s] writing manifest file '../../build/stage_challenge/stage_challenge.egg-info/SOURCES.txt'
[3.146s] running build
[3.147s] running build_py
[3.151s] copying stage_challenge/publisher.py -> /home/lucas/ros2_ws/build/stage_challenge/build/lib/stage_challenge
[3.152s] running install
[3.153s] running install_lib
[3.156s] copying /home/lucas/ros2_ws/build/stage_challenge/build/lib/stage_challenge/publisher.py -> /home/lucas/ros2_ws/install/stage_challenge/lib/python3.10/site-packages/stage_challenge
[3.157s] byte-compiling /home/lucas/ros2_ws/install/stage_challenge/lib/python3.10/site-packages/stage_challenge/publisher.py to publisher.cpython-310.pyc
[3.160s] running install_data
[3.161s] running install_egg_info
[3.163s] removing '/home/lucas/ros2_ws/install/stage_challenge/lib/python3.10/site-packages/stage_challenge-0.0.0-py3.10.egg-info' (and everything under it)
[3.164s] Copying ../../build/stage_challenge/stage_challenge.egg-info to /home/lucas/ros2_ws/install/stage_challenge/lib/python3.10/site-packages/stage_challenge-0.0.0-py3.10.egg-info
[3.165s] running install_scripts
[3.215s] Installing robot script to /home/lucas/ros2_ws/install/stage_challenge/lib/stage_challenge
[3.225s] writing list of installed files to '/home/lucas/ros2_ws/build/stage_challenge/install.log'
[3.330s] Invoked command in '/home/lucas/ros2_ws/src/stage_challenge' returned '0': PYTHONPATH=/home/lucas/ros2_ws/build/stage_challenge/prefix_override:/home/lucas/ros2_ws/install/stage_challenge/lib/python3.10/site-packages:${PYTHONPATH} /usr/bin/python3 -W ignore:setup.py install is deprecated setup.py egg_info --egg-base ../../build/stage_challenge build --build-base /home/lucas/ros2_ws/build/stage_challenge/build install --record /home/lucas/ros2_ws/build/stage_challenge/install.log --single-version-externally-managed install_data
