[2.042s] Invoking command in '/home/lucas/ros2_ws/src/stage_challenge': PYTHONPATH=/home/lucas/ros2_ws/build/stage_challenge/prefix_override:/home/lucas/ros2_ws/install/stage_challenge/lib/python3.10/site-packages:${PYTHONPATH} /usr/bin/python3 -W ignore:setup.py install is deprecated setup.py egg_info --egg-base ../../build/stage_challenge build --build-base /home/lucas/ros2_ws/build/stage_challenge/build install --record /home/lucas/ros2_ws/build/stage_challenge/install.log --single-version-externally-managed install_data
[2.894s] running egg_info
[2.895s] writing ../../build/stage_challenge/stage_challenge.egg-info/PKG-INFO
[2.912s] writing dependency_links to ../../build/stage_challenge/stage_challenge.egg-info/dependency_links.txt
[2.916s] writing entry points to ../../build/stage_challenge/stage_challenge.egg-info/entry_points.txt
[2.918s] writing requirements to ../../build/stage_challenge/stage_challenge.egg-info/requires.txt
[2.919s] writing top-level names to ../../build/stage_challenge/stage_challenge.egg-info/top_level.txt
[2.930s] reading manifest file '../../build/stage_challenge/stage_challenge.egg-info/SOURCES.txt'
[2.936s] writing manifest file '../../build/stage_challenge/stage_challenge.egg-info/SOURCES.txt'
[2.941s] running build
[2.942s] running build_py
[2.954s] copying stage_challenge/publisher.py -> /home/lucas/ros2_ws/build/stage_challenge/build/lib/stage_challenge
[2.955s] running install
[2.956s] running install_lib
[2.957s] copying /home/lucas/ros2_ws/build/stage_challenge/build/lib/stage_challenge/publisher.py -> /home/lucas/ros2_ws/install/stage_challenge/lib/python3.10/site-packages/stage_challenge
[2.958s] byte-compiling /home/lucas/ros2_ws/install/stage_challenge/lib/python3.10/site-packages/stage_challenge/publisher.py to publisher.cpython-310.pyc
[2.958s] Sorry: TabError: inconsistent use of tabs and spaces in indentation (publisher.py, line 36)
[2.959s] running install_data
[2.959s] running install_egg_info
[2.961s] removing '/home/lucas/ros2_ws/install/stage_challenge/lib/python3.10/site-packages/stage_challenge-0.0.0-py3.10.egg-info' (and everything under it)
[2.962s] Copying ../../build/stage_challenge/stage_challenge.egg-info to /home/lucas/ros2_ws/install/stage_challenge/lib/python3.10/site-packages/stage_challenge-0.0.0-py3.10.egg-info
[2.963s] running install_scripts
[3.071s] Installing robot script to /home/lucas/ros2_ws/install/stage_challenge/lib/stage_challenge
[3.072s] writing list of installed files to '/home/lucas/ros2_ws/build/stage_challenge/install.log'
[3.188s] Invoked command in '/home/lucas/ros2_ws/src/stage_challenge' returned '0': PYTHONPATH=/home/lucas/ros2_ws/build/stage_challenge/prefix_override:/home/lucas/ros2_ws/install/stage_challenge/lib/python3.10/site-packages:${PYTHONPATH} /usr/bin/python3 -W ignore:setup.py install is deprecated setup.py egg_info --egg-base ../../build/stage_challenge build --build-base /home/lucas/ros2_ws/build/stage_challenge/build install --record /home/lucas/ros2_ws/build/stage_challenge/install.log --single-version-externally-managed install_data
