[2.418s] Invoking command in '/home/lucas/ros2_ws/src/stage_challenge': PYTHONPATH=/home/lucas/ros2_ws/build/stage_challenge/prefix_override:/home/lucas/ros2_ws/install/stage_challenge/lib/python3.10/site-packages:${PYTHONPATH} /usr/bin/python3 -W ignore:setup.py install is deprecated setup.py egg_info --egg-base ../../build/stage_challenge build --build-base /home/lucas/ros2_ws/build/stage_challenge/build install --record /home/lucas/ros2_ws/build/stage_challenge/install.log --single-version-externally-managed install_data
[3.392s] running egg_info
[3.394s] writing ../../build/stage_challenge/stage_challenge.egg-info/PKG-INFO
[3.395s] writing dependency_links to ../../build/stage_challenge/stage_challenge.egg-info/dependency_links.txt
[3.397s] writing entry points to ../../build/stage_challenge/stage_challenge.egg-info/entry_points.txt
[3.398s] writing requirements to ../../build/stage_challenge/stage_challenge.egg-info/requires.txt
[3.399s] writing top-level names to ../../build/stage_challenge/stage_challenge.egg-info/top_level.txt
[3.408s] reading manifest file '../../build/stage_challenge/stage_challenge.egg-info/SOURCES.txt'
[3.410s] writing manifest file '../../build/stage_challenge/stage_challenge.egg-info/SOURCES.txt'
[3.412s] running build
[3.412s] running build_py
[3.415s] copying stage_challenge/rrt2.py -> /home/lucas/ros2_ws/build/stage_challenge/build/lib/stage_challenge
[3.416s] running install
[3.417s] running install_lib
[3.423s] copying /home/lucas/ros2_ws/build/stage_challenge/build/lib/stage_challenge/rrt2.py -> /home/lucas/ros2_ws/install/stage_challenge/lib/python3.10/site-packages/stage_challenge
[3.424s] byte-compiling /home/lucas/ros2_ws/install/stage_challenge/lib/python3.10/site-packages/stage_challenge/rrt2.py to rrt2.cpython-310.pyc
[3.445s] running install_data
[3.445s] running install_egg_info
[3.455s] removing '/home/lucas/ros2_ws/install/stage_challenge/lib/python3.10/site-packages/stage_challenge-0.0.0-py3.10.egg-info' (and everything under it)
[3.456s] Copying ../../build/stage_challenge/stage_challenge.egg-info to /home/lucas/ros2_ws/install/stage_challenge/lib/python3.10/site-packages/stage_challenge-0.0.0-py3.10.egg-info
[3.457s] running install_scripts
[3.530s] Installing robot script to /home/lucas/ros2_ws/install/stage_challenge/lib/stage_challenge
[3.540s] Installing rrt script to /home/lucas/ros2_ws/install/stage_challenge/lib/stage_challenge
[3.541s] Installing rrt2 script to /home/lucas/ros2_ws/install/stage_challenge/lib/stage_challenge
[3.543s] writing list of installed files to '/home/lucas/ros2_ws/build/stage_challenge/install.log'
[3.677s] Invoked command in '/home/lucas/ros2_ws/src/stage_challenge' returned '0': PYTHONPATH=/home/lucas/ros2_ws/build/stage_challenge/prefix_override:/home/lucas/ros2_ws/install/stage_challenge/lib/python3.10/site-packages:${PYTHONPATH} /usr/bin/python3 -W ignore:setup.py install is deprecated setup.py egg_info --egg-base ../../build/stage_challenge build --build-base /home/lucas/ros2_ws/build/stage_challenge/build install --record /home/lucas/ros2_ws/build/stage_challenge/install.log --single-version-externally-managed install_data
