[1.825s] Invoking command in '/home/lucas/ros2_ws/src/my_py_pkg2': PYTHONPATH=/home/lucas/ros2_ws/build/my_py_pkg2/prefix_override:/home/lucas/ros2_ws/install/my_py_pkg2/lib/python3.10/site-packages:${PYTHONPATH} /usr/bin/python3 -W ignore:setup.py install is deprecated setup.py egg_info --egg-base ../../build/my_py_pkg2 build --build-base /home/lucas/ros2_ws/build/my_py_pkg2/build install --record /home/lucas/ros2_ws/build/my_py_pkg2/install.log --single-version-externally-managed install_data
[2.297s] running egg_info
[2.298s] creating ../../build/my_py_pkg2/my_py_pkg2.egg-info
[2.299s] writing ../../build/my_py_pkg2/my_py_pkg2.egg-info/PKG-INFO
[2.299s] writing dependency_links to ../../build/my_py_pkg2/my_py_pkg2.egg-info/dependency_links.txt
[2.300s] writing entry points to ../../build/my_py_pkg2/my_py_pkg2.egg-info/entry_points.txt
[2.300s] writing requirements to ../../build/my_py_pkg2/my_py_pkg2.egg-info/requires.txt
[2.300s] writing top-level names to ../../build/my_py_pkg2/my_py_pkg2.egg-info/top_level.txt
[2.301s] writing manifest file '../../build/my_py_pkg2/my_py_pkg2.egg-info/SOURCES.txt'
[2.306s] reading manifest file '../../build/my_py_pkg2/my_py_pkg2.egg-info/SOURCES.txt'
[2.307s] writing manifest file '../../build/my_py_pkg2/my_py_pkg2.egg-info/SOURCES.txt'
[2.309s] running build
[2.310s] running build_py
[2.310s] creating /home/lucas/ros2_ws/build/my_py_pkg2/build
[2.310s] creating /home/lucas/ros2_ws/build/my_py_pkg2/build/lib
[2.310s] creating /home/lucas/ros2_ws/build/my_py_pkg2/build/lib/my_py_pkg2
[2.311s] copying my_py_pkg2/__init__.py -> /home/lucas/ros2_ws/build/my_py_pkg2/build/lib/my_py_pkg2
[2.311s] running install
[2.312s] running install_lib
[2.313s] creating /home/lucas/ros2_ws/install/my_py_pkg2/lib/python3.10/site-packages/my_py_pkg2
[2.314s] copying /home/lucas/ros2_ws/build/my_py_pkg2/build/lib/my_py_pkg2/__init__.py -> /home/lucas/ros2_ws/install/my_py_pkg2/lib/python3.10/site-packages/my_py_pkg2
[2.315s] byte-compiling /home/lucas/ros2_ws/install/my_py_pkg2/lib/python3.10/site-packages/my_py_pkg2/__init__.py to __init__.cpython-310.pyc
[2.315s] running install_data
[2.315s] creating /home/lucas/ros2_ws/install/my_py_pkg2/share/ament_index
[2.316s] creating /home/lucas/ros2_ws/install/my_py_pkg2/share/ament_index/resource_index
[2.316s] creating /home/lucas/ros2_ws/install/my_py_pkg2/share/ament_index/resource_index/packages
[2.316s] copying resource/my_py_pkg2 -> /home/lucas/ros2_ws/install/my_py_pkg2/share/ament_index/resource_index/packages
[2.316s] copying package.xml -> /home/lucas/ros2_ws/install/my_py_pkg2/share/my_py_pkg2
[2.317s] running install_egg_info
[2.319s] Copying ../../build/my_py_pkg2/my_py_pkg2.egg-info to /home/lucas/ros2_ws/install/my_py_pkg2/lib/python3.10/site-packages/my_py_pkg2-0.0.0-py3.10.egg-info
[2.320s] running install_scripts
[2.363s] writing list of installed files to '/home/lucas/ros2_ws/build/my_py_pkg2/install.log'
[2.404s] Invoked command in '/home/lucas/ros2_ws/src/my_py_pkg2' returned '0': PYTHONPATH=/home/lucas/ros2_ws/build/my_py_pkg2/prefix_override:/home/lucas/ros2_ws/install/my_py_pkg2/lib/python3.10/site-packages:${PYTHONPATH} /usr/bin/python3 -W ignore:setup.py install is deprecated setup.py egg_info --egg-base ../../build/my_py_pkg2 build --build-base /home/lucas/ros2_ws/build/my_py_pkg2/build install --record /home/lucas/ros2_ws/build/my_py_pkg2/install.log --single-version-externally-managed install_data
