[3.440s] Invoking command in '/home/lucas/ros2_ws/src/stage_challenge': PYTHONPATH=/home/lucas/ros2_ws/build/stage_challenge/prefix_override:/home/lucas/ros2_ws/install/stage_challenge/lib/python3.10/site-packages:${PYTHONPATH} /usr/bin/python3 -W ignore:setup.py install is deprecated setup.py egg_info --egg-base ../../build/stage_challenge build --build-base /home/lucas/ros2_ws/build/stage_challenge/build install --record /home/lucas/ros2_ws/build/stage_challenge/install.log --single-version-externally-managed install_data
[4.805s] running egg_info
[4.806s] writing ../../build/stage_challenge/stage_challenge.egg-info/PKG-INFO
[4.809s] writing dependency_links to ../../build/stage_challenge/stage_challenge.egg-info/dependency_links.txt
[4.810s] writing entry points to ../../build/stage_challenge/stage_challenge.egg-info/entry_points.txt
[4.814s] writing requirements to ../../build/stage_challenge/stage_challenge.egg-info/requires.txt
[4.825s] writing top-level names to ../../build/stage_challenge/stage_challenge.egg-info/top_level.txt
[4.837s] reading manifest file '../../build/stage_challenge/stage_challenge.egg-info/SOURCES.txt'
[4.845s] writing manifest file '../../build/stage_challenge/stage_challenge.egg-info/SOURCES.txt'
[4.846s] running build
[4.846s] running build_py
[4.847s] copying stage_challenge/rrt2.py -> /home/lucas/ros2_ws/build/stage_challenge/build/lib/stage_challenge
[4.848s] running install
[4.848s] running install_lib
[4.850s] copying /home/lucas/ros2_ws/build/stage_challenge/build/lib/stage_challenge/rrt2.py -> /home/lucas/ros2_ws/install/stage_challenge/lib/python3.10/site-packages/stage_challenge
[4.853s] byte-compiling /home/lucas/ros2_ws/install/stage_challenge/lib/python3.10/site-packages/stage_challenge/rrt2.py to rrt2.cpython-310.pyc
[4.878s] running install_data
[4.878s] running install_egg_info
[4.890s] removing '/home/lucas/ros2_ws/install/stage_challenge/lib/python3.10/site-packages/stage_challenge-0.0.0-py3.10.egg-info' (and everything under it)
[4.891s] Copying ../../build/stage_challenge/stage_challenge.egg-info to /home/lucas/ros2_ws/install/stage_challenge/lib/python3.10/site-packages/stage_challenge-0.0.0-py3.10.egg-info
[4.892s] running install_scripts
[4.991s] Installing robot script to /home/lucas/ros2_ws/install/stage_challenge/lib/stage_challenge
[5.002s] Installing rrt script to /home/lucas/ros2_ws/install/stage_challenge/lib/stage_challenge
[5.003s] Installing rrt2 script to /home/lucas/ros2_ws/install/stage_challenge/lib/stage_challenge
[5.005s] writing list of installed files to '/home/lucas/ros2_ws/build/stage_challenge/install.log'
[5.163s] Invoked command in '/home/lucas/ros2_ws/src/stage_challenge' returned '0': PYTHONPATH=/home/lucas/ros2_ws/build/stage_challenge/prefix_override:/home/lucas/ros2_ws/install/stage_challenge/lib/python3.10/site-packages:${PYTHONPATH} /usr/bin/python3 -W ignore:setup.py install is deprecated setup.py egg_info --egg-base ../../build/stage_challenge build --build-base /home/lucas/ros2_ws/build/stage_challenge/build install --record /home/lucas/ros2_ws/build/stage_challenge/install.log --single-version-externally-managed install_data
