[1.296s] Invoking command in '/home/lucas/ros2_ws/src/my_py_pkg': PYTHONPATH=/home/lucas/ros2_ws/build/my_py_pkg/prefix_override:/home/lucas/ros2_ws/install/my_py_pkg/lib/python3.10/site-packages:${PYTHONPATH} /usr/bin/python3 -W ignore:setup.py install is deprecated setup.py egg_info --egg-base ../../build/my_py_pkg build --build-base /home/lucas/ros2_ws/build/my_py_pkg/build install --record /home/lucas/ros2_ws/build/my_py_pkg/install.log --single-version-externally-managed install_data
[1.782s] running egg_info
[1.783s] writing ../../build/my_py_pkg/my_py_pkg.egg-info/PKG-INFO
[1.785s] writing dependency_links to ../../build/my_py_pkg/my_py_pkg.egg-info/dependency_links.txt
[1.786s] writing entry points to ../../build/my_py_pkg/my_py_pkg.egg-info/entry_points.txt
[1.787s] writing requirements to ../../build/my_py_pkg/my_py_pkg.egg-info/requires.txt
[1.788s] writing top-level names to ../../build/my_py_pkg/my_py_pkg.egg-info/top_level.txt
[1.798s] reading manifest file '../../build/my_py_pkg/my_py_pkg.egg-info/SOURCES.txt'
[1.800s] writing manifest file '../../build/my_py_pkg/my_py_pkg.egg-info/SOURCES.txt'
[1.802s] running build
[1.802s] running build_py
[1.803s] copying my_py_pkg/publisher.py -> /home/lucas/ros2_ws/build/my_py_pkg/build/lib/my_py_pkg
[1.803s] running install
[1.804s] running install_lib
[1.805s] copying /home/lucas/ros2_ws/build/my_py_pkg/build/lib/my_py_pkg/publisher.py -> /home/lucas/ros2_ws/install/my_py_pkg/lib/python3.10/site-packages/my_py_pkg
[1.806s] byte-compiling /home/lucas/ros2_ws/install/my_py_pkg/lib/python3.10/site-packages/my_py_pkg/publisher.py to publisher.cpython-310.pyc
[1.810s] running install_data
[1.810s] running install_egg_info
[1.812s] removing '/home/lucas/ros2_ws/install/my_py_pkg/lib/python3.10/site-packages/my_py_pkg-0.0.0-py3.10.egg-info' (and everything under it)
[1.813s] Copying ../../build/my_py_pkg/my_py_pkg.egg-info to /home/lucas/ros2_ws/install/my_py_pkg/lib/python3.10/site-packages/my_py_pkg-0.0.0-py3.10.egg-info
[1.814s] running install_scripts
[1.864s] Installing publisher script to /home/lucas/ros2_ws/install/my_py_pkg/lib/my_py_pkg
[1.867s] Installing py_node script to /home/lucas/ros2_ws/install/my_py_pkg/lib/my_py_pkg
[1.869s] writing list of installed files to '/home/lucas/ros2_ws/build/my_py_pkg/install.log'
[1.903s] Invoked command in '/home/lucas/ros2_ws/src/my_py_pkg' returned '0': PYTHONPATH=/home/lucas/ros2_ws/build/my_py_pkg/prefix_override:/home/lucas/ros2_ws/install/my_py_pkg/lib/python3.10/site-packages:${PYTHONPATH} /usr/bin/python3 -W ignore:setup.py install is deprecated setup.py egg_info --egg-base ../../build/my_py_pkg build --build-base /home/lucas/ros2_ws/build/my_py_pkg/build install --record /home/lucas/ros2_ws/build/my_py_pkg/install.log --single-version-externally-managed install_data
