[1.204s] DEBUG:colcon:Command line arguments: ['/usr/bin/colcon', 'build']
[1.204s] DEBUG:colcon:Parsed command line arguments: Namespace(log_base=None, log_level=None, verb_name='build', build_base='build', install_base='install', merge_install=False, symlink_install=False, test_result_base=None, continue_on_error=False, executor='parallel', parallel_workers=1, event_handlers=None, ignore_user_meta=False, metas=['./colcon.meta'], base_paths=['.'], packages_ignore=None, packages_ignore_regex=None, paths=None, packages_up_to=None, packages_up_to_regex=None, packages_above=None, packages_above_and_dependencies=None, packages_above_depth=None, packages_select_by_dep=None, packages_skip_by_dep=None, packages_skip_up_to=None, packages_select_build_failed=False, packages_skip_build_finished=False, packages_select_test_failures=False, packages_skip_test_passed=False, packages_select=None, packages_skip=None, packages_select_regex=None, packages_skip_regex=None, packages_start=None, packages_end=None, allow_overriding=[], bazel_args=None, bazel_task=None, cmake_args=None, cmake_target=None, cmake_target_skip_unavailable=False, cmake_clean_cache=False, cmake_clean_first=False, cmake_force_configure=False, meson_args=[], ament_cmake_args=None, catkin_cmake_args=None, catkin_skip_building_tests=False, mixin_files=None, mixin=None, verb_parser=<colcon_alias.argument_parser.alias.AliasArgumentDecorator object at 0x7388793d45e0>, verb_extension=<colcon_core.verb.build.BuildVerb object at 0x738879575b10>, main=<bound method BuildVerb.main of <colcon_core.verb.build.BuildVerb object at 0x738879575b10>>, mixin_verb=('build',))
[1.906s] Level 1:colcon.colcon_core.package_discovery:discover_packages(colcon_meta) check parameters
[1.906s] Level 1:colcon.colcon_core.package_discovery:discover_packages(recursive) check parameters
[1.906s] Level 1:colcon.colcon_core.package_discovery:discover_packages(ignore) check parameters
[1.906s] Level 1:colcon.colcon_core.package_discovery:discover_packages(path) check parameters
[1.906s] Level 1:colcon.colcon_core.package_discovery:discover_packages(colcon_meta) discover
[1.907s] Level 1:colcon.colcon_core.package_discovery:discover_packages(recursive) discover
[1.907s] INFO:colcon.colcon_core.package_discovery:Crawling recursively for packages in '/home/lucas/ros2_ws'
[1.907s] Level 1:colcon.colcon_core.package_identification:_identify(.) by extensions ['ignore', 'ignore_ament_install']
[1.907s] Level 1:colcon.colcon_core.package_identification:_identify(.) by extension 'ignore'
[1.907s] Level 1:colcon.colcon_core.package_identification:_identify(.) by extension 'ignore_ament_install'
[1.907s] Level 1:colcon.colcon_core.package_identification:_identify(.) by extensions ['colcon_pkg']
[1.907s] Level 1:colcon.colcon_core.package_identification:_identify(.) by extension 'colcon_pkg'
[1.907s] Level 1:colcon.colcon_core.package_identification:_identify(.) by extensions ['colcon_meta']
[1.907s] Level 1:colcon.colcon_core.package_identification:_identify(.) by extension 'colcon_meta'
[1.907s] Level 1:colcon.colcon_core.package_identification:_identify(.) by extensions ['ros']
[1.907s] Level 1:colcon.colcon_core.package_identification:_identify(.) by extension 'ros'
[1.911s] Level 1:colcon.colcon_core.package_identification:_identify(.) by extensions ['bazel', 'cmake', 'meson', 'python']
[1.911s] Level 1:colcon.colcon_core.package_identification:_identify(.) by extension 'bazel'
[1.911s] Level 1:colcon.colcon_core.package_identification:_identify(.) by extension 'cmake'
[1.911s] Level 1:colcon.colcon_core.package_identification:_identify(.) by extension 'meson'
[1.911s] Level 1:colcon.colcon_core.package_identification:_identify(.) by extension 'python'
[1.911s] Level 1:colcon.colcon_core.package_identification:_identify(.) by extensions ['python_setup_py']
[1.911s] Level 1:colcon.colcon_core.package_identification:_identify(.) by extension 'python_setup_py'
[1.912s] Level 1:colcon.colcon_core.package_identification:_identify(build) by extensions ['ignore', 'ignore_ament_install']
[1.912s] Level 1:colcon.colcon_core.package_identification:_identify(build) by extension 'ignore'
[1.912s] Level 1:colcon.colcon_core.package_identification:_identify(build) ignored
[1.912s] Level 1:colcon.colcon_core.package_identification:_identify(install) by extensions ['ignore', 'ignore_ament_install']
[1.912s] Level 1:colcon.colcon_core.package_identification:_identify(install) by extension 'ignore'
[1.912s] Level 1:colcon.colcon_core.package_identification:_identify(install) ignored
[1.912s] Level 1:colcon.colcon_core.package_identification:_identify(log) by extensions ['ignore', 'ignore_ament_install']
[1.912s] Level 1:colcon.colcon_core.package_identification:_identify(log) by extension 'ignore'
[1.912s] Level 1:colcon.colcon_core.package_identification:_identify(log) ignored
[1.932s] Level 1:colcon.colcon_core.package_identification:_identify(rosbag2_2024_06_23-17_14_13) by extensions ['ignore', 'ignore_ament_install']
[1.933s] Level 1:colcon.colcon_core.package_identification:_identify(rosbag2_2024_06_23-17_14_13) by extension 'ignore'
[1.933s] Level 1:colcon.colcon_core.package_identification:_identify(rosbag2_2024_06_23-17_14_13) by extension 'ignore_ament_install'
[1.933s] Level 1:colcon.colcon_core.package_identification:_identify(rosbag2_2024_06_23-17_14_13) by extensions ['colcon_pkg']
[1.933s] Level 1:colcon.colcon_core.package_identification:_identify(rosbag2_2024_06_23-17_14_13) by extension 'colcon_pkg'
[1.933s] Level 1:colcon.colcon_core.package_identification:_identify(rosbag2_2024_06_23-17_14_13) by extensions ['colcon_meta']
[1.933s] Level 1:colcon.colcon_core.package_identification:_identify(rosbag2_2024_06_23-17_14_13) by extension 'colcon_meta'
[1.933s] Level 1:colcon.colcon_core.package_identification:_identify(rosbag2_2024_06_23-17_14_13) by extensions ['ros']
[1.933s] Level 1:colcon.colcon_core.package_identification:_identify(rosbag2_2024_06_23-17_14_13) by extension 'ros'
[1.937s] Level 1:colcon.colcon_core.package_identification:_identify(rosbag2_2024_06_23-17_14_13) by extensions ['bazel', 'cmake', 'meson', 'python']
[1.937s] Level 1:colcon.colcon_core.package_identification:_identify(rosbag2_2024_06_23-17_14_13) by extension 'bazel'
[1.937s] Level 1:colcon.colcon_core.package_identification:_identify(rosbag2_2024_06_23-17_14_13) by extension 'cmake'
[1.937s] Level 1:colcon.colcon_core.package_identification:_identify(rosbag2_2024_06_23-17_14_13) by extension 'meson'
[1.937s] Level 1:colcon.colcon_core.package_identification:_identify(rosbag2_2024_06_23-17_14_13) by extension 'python'
[1.937s] Level 1:colcon.colcon_core.package_identification:_identify(rosbag2_2024_06_23-17_14_13) by extensions ['python_setup_py']
[1.937s] Level 1:colcon.colcon_core.package_identification:_identify(rosbag2_2024_06_23-17_14_13) by extension 'python_setup_py'
[1.938s] Level 1:colcon.colcon_core.package_identification:_identify(src) by extensions ['ignore', 'ignore_ament_install']
[1.938s] Level 1:colcon.colcon_core.package_identification:_identify(src) by extension 'ignore'
[1.938s] Level 1:colcon.colcon_core.package_identification:_identify(src) by extension 'ignore_ament_install'
[1.938s] Level 1:colcon.colcon_core.package_identification:_identify(src) by extensions ['colcon_pkg']
[1.938s] Level 1:colcon.colcon_core.package_identification:_identify(src) by extension 'colcon_pkg'
[1.938s] Level 1:colcon.colcon_core.package_identification:_identify(src) by extensions ['colcon_meta']
[1.938s] Level 1:colcon.colcon_core.package_identification:_identify(src) by extension 'colcon_meta'
[1.938s] Level 1:colcon.colcon_core.package_identification:_identify(src) by extensions ['ros']
[1.938s] Level 1:colcon.colcon_core.package_identification:_identify(src) by extension 'ros'
[1.938s] Level 1:colcon.colcon_core.package_identification:_identify(src) by extensions ['bazel', 'cmake', 'meson', 'python']
[1.938s] Level 1:colcon.colcon_core.package_identification:_identify(src) by extension 'bazel'
[1.938s] Level 1:colcon.colcon_core.package_identification:_identify(src) by extension 'cmake'
[1.938s] Level 1:colcon.colcon_core.package_identification:_identify(src) by extension 'meson'
[1.938s] Level 1:colcon.colcon_core.package_identification:_identify(src) by extension 'python'
[1.939s] Level 1:colcon.colcon_core.package_identification:_identify(src) by extensions ['python_setup_py']
[1.939s] Level 1:colcon.colcon_core.package_identification:_identify(src) by extension 'python_setup_py'
[1.939s] Level 1:colcon.colcon_core.package_identification:_identify(src/Stage-ros2) by extensions ['ignore', 'ignore_ament_install']
[1.939s] Level 1:colcon.colcon_core.package_identification:_identify(src/Stage-ros2) by extension 'ignore'
[1.939s] Level 1:colcon.colcon_core.package_identification:_identify(src/Stage-ros2) by extension 'ignore_ament_install'
[1.939s] Level 1:colcon.colcon_core.package_identification:_identify(src/Stage-ros2) by extensions ['colcon_pkg']
[1.939s] Level 1:colcon.colcon_core.package_identification:_identify(src/Stage-ros2) by extension 'colcon_pkg'
[1.939s] Level 1:colcon.colcon_core.package_identification:_identify(src/Stage-ros2) by extensions ['colcon_meta']
[1.939s] Level 1:colcon.colcon_core.package_identification:_identify(src/Stage-ros2) by extension 'colcon_meta'
[1.939s] Level 1:colcon.colcon_core.package_identification:_identify(src/Stage-ros2) by extensions ['ros']
[1.939s] Level 1:colcon.colcon_core.package_identification:_identify(src/Stage-ros2) by extension 'ros'
[1.939s] Level 1:colcon.colcon_core.package_identification:_identify(src/Stage-ros2) by extensions ['bazel', 'cmake', 'meson', 'python']
[1.939s] Level 1:colcon.colcon_core.package_identification:_identify(src/Stage-ros2) by extension 'bazel'
[1.939s] Level 1:colcon.colcon_core.package_identification:_identify(src/Stage-ros2) by extension 'cmake'
[1.969s] Level 1:colcon.colcon_core.package_identification:_identify(src/Stage-ros2) by extension 'meson'
[1.970s] Level 1:colcon.colcon_core.package_identification:_identify(src/Stage-ros2) by extension 'python'
[1.970s] DEBUG:colcon.colcon_core.package_identification:Package 'src/Stage-ros2' with type 'cmake' and name 'Stage'
[1.970s] Level 1:colcon.colcon_core.package_identification:_identify(src/my_cpp_pkg) by extensions ['ignore', 'ignore_ament_install']
[1.970s] Level 1:colcon.colcon_core.package_identification:_identify(src/my_cpp_pkg) by extension 'ignore'
[1.970s] Level 1:colcon.colcon_core.package_identification:_identify(src/my_cpp_pkg) by extension 'ignore_ament_install'
[1.970s] Level 1:colcon.colcon_core.package_identification:_identify(src/my_cpp_pkg) by extensions ['colcon_pkg']
[1.970s] Level 1:colcon.colcon_core.package_identification:_identify(src/my_cpp_pkg) by extension 'colcon_pkg'
[1.970s] Level 1:colcon.colcon_core.package_identification:_identify(src/my_cpp_pkg) by extensions ['colcon_meta']
[1.970s] Level 1:colcon.colcon_core.package_identification:_identify(src/my_cpp_pkg) by extension 'colcon_meta'
[1.970s] Level 1:colcon.colcon_core.package_identification:_identify(src/my_cpp_pkg) by extensions ['ros']
[1.971s] Level 1:colcon.colcon_core.package_identification:_identify(src/my_cpp_pkg) by extension 'ros'
[1.973s] DEBUG:colcon.colcon_core.package_identification:Package 'src/my_cpp_pkg' with type 'ros.ament_cmake' and name 'my_cpp_pkg'
[1.974s] Level 1:colcon.colcon_core.package_identification:_identify(src/my_py_pkg) by extensions ['ignore', 'ignore_ament_install']
[1.974s] Level 1:colcon.colcon_core.package_identification:_identify(src/my_py_pkg) by extension 'ignore'
[1.974s] Level 1:colcon.colcon_core.package_identification:_identify(src/my_py_pkg) by extension 'ignore_ament_install'
[1.974s] Level 1:colcon.colcon_core.package_identification:_identify(src/my_py_pkg) by extensions ['colcon_pkg']
[1.974s] Level 1:colcon.colcon_core.package_identification:_identify(src/my_py_pkg) by extension 'colcon_pkg'
[1.974s] Level 1:colcon.colcon_core.package_identification:_identify(src/my_py_pkg) by extensions ['colcon_meta']
[1.974s] Level 1:colcon.colcon_core.package_identification:_identify(src/my_py_pkg) by extension 'colcon_meta'
[1.974s] Level 1:colcon.colcon_core.package_identification:_identify(src/my_py_pkg) by extensions ['ros']
[1.974s] Level 1:colcon.colcon_core.package_identification:_identify(src/my_py_pkg) by extension 'ros'
[1.975s] DEBUG:colcon.colcon_core.package_identification:Package 'src/my_py_pkg' with type 'ros.ament_python' and name 'my_py_pkg'
[1.976s] Level 1:colcon.colcon_core.package_identification:_identify(src/my_py_pkg2) by extensions ['ignore', 'ignore_ament_install']
[1.976s] Level 1:colcon.colcon_core.package_identification:_identify(src/my_py_pkg2) by extension 'ignore'
[1.976s] Level 1:colcon.colcon_core.package_identification:_identify(src/my_py_pkg2) by extension 'ignore_ament_install'
[1.976s] Level 1:colcon.colcon_core.package_identification:_identify(src/my_py_pkg2) by extensions ['colcon_pkg']
[1.976s] Level 1:colcon.colcon_core.package_identification:_identify(src/my_py_pkg2) by extension 'colcon_pkg'
[1.976s] Level 1:colcon.colcon_core.package_identification:_identify(src/my_py_pkg2) by extensions ['colcon_meta']
[1.976s] Level 1:colcon.colcon_core.package_identification:_identify(src/my_py_pkg2) by extension 'colcon_meta'
[1.976s] Level 1:colcon.colcon_core.package_identification:_identify(src/my_py_pkg2) by extensions ['ros']
[1.976s] Level 1:colcon.colcon_core.package_identification:_identify(src/my_py_pkg2) by extension 'ros'
[1.977s] DEBUG:colcon.colcon_core.package_identification:Package 'src/my_py_pkg2' with type 'ros.ament_python' and name 'my_py_pkg2'
[1.977s] Level 1:colcon.colcon_core.package_identification:_identify(src/stage_challenge) by extensions ['ignore', 'ignore_ament_install']
[1.977s] Level 1:colcon.colcon_core.package_identification:_identify(src/stage_challenge) by extension 'ignore'
[1.977s] Level 1:colcon.colcon_core.package_identification:_identify(src/stage_challenge) by extension 'ignore_ament_install'
[1.977s] Level 1:colcon.colcon_core.package_identification:_identify(src/stage_challenge) by extensions ['colcon_pkg']
[1.977s] Level 1:colcon.colcon_core.package_identification:_identify(src/stage_challenge) by extension 'colcon_pkg'
[1.977s] Level 1:colcon.colcon_core.package_identification:_identify(src/stage_challenge) by extensions ['colcon_meta']
[1.977s] Level 1:colcon.colcon_core.package_identification:_identify(src/stage_challenge) by extension 'colcon_meta'
[1.977s] Level 1:colcon.colcon_core.package_identification:_identify(src/stage_challenge) by extensions ['ros']
[1.978s] Level 1:colcon.colcon_core.package_identification:_identify(src/stage_challenge) by extension 'ros'
[1.978s] DEBUG:colcon.colcon_core.package_identification:Package 'src/stage_challenge' with type 'ros.ament_python' and name 'stage_challenge'
[1.979s] Level 1:colcon.colcon_core.package_identification:_identify(src/stage_ros2-humble) by extensions ['ignore', 'ignore_ament_install']
[1.979s] Level 1:colcon.colcon_core.package_identification:_identify(src/stage_ros2-humble) by extension 'ignore'
[1.979s] Level 1:colcon.colcon_core.package_identification:_identify(src/stage_ros2-humble) by extension 'ignore_ament_install'
[1.979s] Level 1:colcon.colcon_core.package_identification:_identify(src/stage_ros2-humble) by extensions ['colcon_pkg']
[1.979s] Level 1:colcon.colcon_core.package_identification:_identify(src/stage_ros2-humble) by extension 'colcon_pkg'
[1.979s] Level 1:colcon.colcon_core.package_identification:_identify(src/stage_ros2-humble) by extensions ['colcon_meta']
[1.979s] Level 1:colcon.colcon_core.package_identification:_identify(src/stage_ros2-humble) by extension 'colcon_meta'
[1.979s] Level 1:colcon.colcon_core.package_identification:_identify(src/stage_ros2-humble) by extensions ['ros']
[1.979s] Level 1:colcon.colcon_core.package_identification:_identify(src/stage_ros2-humble) by extension 'ros'
[1.980s] DEBUG:colcon.colcon_core.package_identification:Package 'src/stage_ros2-humble' with type 'ros.ament_cmake' and name 'stage_ros2'
[1.980s] Level 1:colcon.colcon_core.package_discovery:discover_packages(recursive) using defaults
[1.980s] Level 1:colcon.colcon_core.package_discovery:discover_packages(ignore) discover
[1.980s] Level 1:colcon.colcon_core.package_discovery:discover_packages(ignore) using defaults
[1.980s] Level 1:colcon.colcon_core.package_discovery:discover_packages(path) discover
[1.980s] Level 1:colcon.colcon_core.package_discovery:discover_packages(path) using defaults
[2.035s] Level 1:colcon.colcon_core.package_discovery:discover_packages(prefix_path) check parameters
[2.035s] Level 1:colcon.colcon_core.package_discovery:discover_packages(prefix_path) discover
[2.049s] DEBUG:colcon.colcon_installed_package_information.package_discovery:Found 6 installed packages in /home/lucas/ros2_ws/install
[2.051s] DEBUG:colcon.colcon_installed_package_information.package_discovery:Found 270 installed packages in /opt/ros/humble
[2.052s] Level 1:colcon.colcon_core.package_discovery:discover_packages(prefix_path) using defaults
[2.248s] Level 5:colcon.colcon_core.verb:set package 'Stage' build argument 'bazel_args' from command line to 'None'
[2.248s] Level 5:colcon.colcon_core.verb:set package 'Stage' build argument 'bazel_task' from command line to 'None'
[2.248s] Level 5:colcon.colcon_core.verb:set package 'Stage' build argument 'cmake_args' from command line to 'None'
[2.249s] Level 5:colcon.colcon_core.verb:set package 'Stage' build argument 'cmake_target' from command line to 'None'
[2.249s] Level 5:colcon.colcon_core.verb:set package 'Stage' build argument 'cmake_target_skip_unavailable' from command line to 'False'
[2.249s] Level 5:colcon.colcon_core.verb:set package 'Stage' build argument 'cmake_clean_cache' from command line to 'False'
[2.249s] Level 5:colcon.colcon_core.verb:set package 'Stage' build argument 'cmake_clean_first' from command line to 'False'
[2.249s] Level 5:colcon.colcon_core.verb:set package 'Stage' build argument 'cmake_force_configure' from command line to 'False'
[2.249s] Level 5:colcon.colcon_core.verb:set package 'Stage' build argument 'meson_args' from command line to '[]'
[2.249s] Level 5:colcon.colcon_core.verb:set package 'Stage' build argument 'ament_cmake_args' from command line to 'None'
[2.249s] Level 5:colcon.colcon_core.verb:set package 'Stage' build argument 'catkin_cmake_args' from command line to 'None'
[2.249s] Level 5:colcon.colcon_core.verb:set package 'Stage' build argument 'catkin_skip_building_tests' from command line to 'False'
[2.249s] DEBUG:colcon.colcon_core.verb:Building package 'Stage' with the following arguments: {'ament_cmake_args': None, 'bazel_args': None, 'bazel_task': None, 'build_base': '/home/lucas/ros2_ws/build/Stage', 'catkin_cmake_args': None, 'catkin_skip_building_tests': False, 'cmake_args': None, 'cmake_clean_cache': False, 'cmake_clean_first': False, 'cmake_force_configure': False, 'cmake_target': None, 'cmake_target_skip_unavailable': False, 'install_base': '/home/lucas/ros2_ws/install/Stage', 'merge_install': False, 'meson_args': [], 'path': '/home/lucas/ros2_ws/src/Stage-ros2', 'symlink_install': False, 'test_result_base': None}
[2.294s] Level 5:colcon.colcon_core.verb:set package 'my_py_pkg' build argument 'bazel_args' from command line to 'None'
[2.294s] Level 5:colcon.colcon_core.verb:set package 'my_py_pkg' build argument 'bazel_task' from command line to 'None'
[2.294s] Level 5:colcon.colcon_core.verb:set package 'my_py_pkg' build argument 'cmake_args' from command line to 'None'
[2.294s] Level 5:colcon.colcon_core.verb:set package 'my_py_pkg' build argument 'cmake_target' from command line to 'None'
[2.294s] Level 5:colcon.colcon_core.verb:set package 'my_py_pkg' build argument 'cmake_target_skip_unavailable' from command line to 'False'
[2.294s] Level 5:colcon.colcon_core.verb:set package 'my_py_pkg' build argument 'cmake_clean_cache' from command line to 'False'
[2.294s] Level 5:colcon.colcon_core.verb:set package 'my_py_pkg' build argument 'cmake_clean_first' from command line to 'False'
[2.294s] Level 5:colcon.colcon_core.verb:set package 'my_py_pkg' build argument 'cmake_force_configure' from command line to 'False'
[2.294s] Level 5:colcon.colcon_core.verb:set package 'my_py_pkg' build argument 'meson_args' from command line to '[]'
[2.294s] Level 5:colcon.colcon_core.verb:set package 'my_py_pkg' build argument 'ament_cmake_args' from command line to 'None'
[2.294s] Level 5:colcon.colcon_core.verb:set package 'my_py_pkg' build argument 'catkin_cmake_args' from command line to 'None'
[2.294s] Level 5:colcon.colcon_core.verb:set package 'my_py_pkg' build argument 'catkin_skip_building_tests' from command line to 'False'
[2.294s] DEBUG:colcon.colcon_core.verb:Building package 'my_py_pkg' with the following arguments: {'ament_cmake_args': None, 'bazel_args': None, 'bazel_task': None, 'build_base': '/home/lucas/ros2_ws/build/my_py_pkg', 'catkin_cmake_args': None, 'catkin_skip_building_tests': False, 'cmake_args': None, 'cmake_clean_cache': False, 'cmake_clean_first': False, 'cmake_force_configure': False, 'cmake_target': None, 'cmake_target_skip_unavailable': False, 'install_base': '/home/lucas/ros2_ws/install/my_py_pkg', 'merge_install': False, 'meson_args': [], 'path': '/home/lucas/ros2_ws/src/my_py_pkg', 'symlink_install': False, 'test_result_base': None}
[2.335s] Level 5:colcon.colcon_core.verb:set package 'my_py_pkg2' build argument 'bazel_args' from command line to 'None'
[2.335s] Level 5:colcon.colcon_core.verb:set package 'my_py_pkg2' build argument 'bazel_task' from command line to 'None'
[2.335s] Level 5:colcon.colcon_core.verb:set package 'my_py_pkg2' build argument 'cmake_args' from command line to 'None'
[2.335s] Level 5:colcon.colcon_core.verb:set package 'my_py_pkg2' build argument 'cmake_target' from command line to 'None'
[2.335s] Level 5:colcon.colcon_core.verb:set package 'my_py_pkg2' build argument 'cmake_target_skip_unavailable' from command line to 'False'
[2.335s] Level 5:colcon.colcon_core.verb:set package 'my_py_pkg2' build argument 'cmake_clean_cache' from command line to 'False'
[2.335s] Level 5:colcon.colcon_core.verb:set package 'my_py_pkg2' build argument 'cmake_clean_first' from command line to 'False'
[2.335s] Level 5:colcon.colcon_core.verb:set package 'my_py_pkg2' build argument 'cmake_force_configure' from command line to 'False'
[2.335s] Level 5:colcon.colcon_core.verb:set package 'my_py_pkg2' build argument 'meson_args' from command line to '[]'
[2.335s] Level 5:colcon.colcon_core.verb:set package 'my_py_pkg2' build argument 'ament_cmake_args' from command line to 'None'
[2.335s] Level 5:colcon.colcon_core.verb:set package 'my_py_pkg2' build argument 'catkin_cmake_args' from command line to 'None'
[2.335s] Level 5:colcon.colcon_core.verb:set package 'my_py_pkg2' build argument 'catkin_skip_building_tests' from command line to 'False'
[2.335s] DEBUG:colcon.colcon_core.verb:Building package 'my_py_pkg2' with the following arguments: {'ament_cmake_args': None, 'bazel_args': None, 'bazel_task': None, 'build_base': '/home/lucas/ros2_ws/build/my_py_pkg2', 'catkin_cmake_args': None, 'catkin_skip_building_tests': False, 'cmake_args': None, 'cmake_clean_cache': False, 'cmake_clean_first': False, 'cmake_force_configure': False, 'cmake_target': None, 'cmake_target_skip_unavailable': False, 'install_base': '/home/lucas/ros2_ws/install/my_py_pkg2', 'merge_install': False, 'meson_args': [], 'path': '/home/lucas/ros2_ws/src/my_py_pkg2', 'symlink_install': False, 'test_result_base': None}
[2.395s] Level 5:colcon.colcon_core.verb:set package 'stage_challenge' build argument 'bazel_args' from command line to 'None'
[2.395s] Level 5:colcon.colcon_core.verb:set package 'stage_challenge' build argument 'bazel_task' from command line to 'None'
[2.395s] Level 5:colcon.colcon_core.verb:set package 'stage_challenge' build argument 'cmake_args' from command line to 'None'
[2.395s] Level 5:colcon.colcon_core.verb:set package 'stage_challenge' build argument 'cmake_target' from command line to 'None'
[2.395s] Level 5:colcon.colcon_core.verb:set package 'stage_challenge' build argument 'cmake_target_skip_unavailable' from command line to 'False'
[2.395s] Level 5:colcon.colcon_core.verb:set package 'stage_challenge' build argument 'cmake_clean_cache' from command line to 'False'
[2.395s] Level 5:colcon.colcon_core.verb:set package 'stage_challenge' build argument 'cmake_clean_first' from command line to 'False'
[2.395s] Level 5:colcon.colcon_core.verb:set package 'stage_challenge' build argument 'cmake_force_configure' from command line to 'False'
[2.395s] Level 5:colcon.colcon_core.verb:set package 'stage_challenge' build argument 'meson_args' from command line to '[]'
[2.395s] Level 5:colcon.colcon_core.verb:set package 'stage_challenge' build argument 'ament_cmake_args' from command line to 'None'
[2.395s] Level 5:colcon.colcon_core.verb:set package 'stage_challenge' build argument 'catkin_cmake_args' from command line to 'None'
[2.395s] Level 5:colcon.colcon_core.verb:set package 'stage_challenge' build argument 'catkin_skip_building_tests' from command line to 'False'
[2.395s] DEBUG:colcon.colcon_core.verb:Building package 'stage_challenge' with the following arguments: {'ament_cmake_args': None, 'bazel_args': None, 'bazel_task': None, 'build_base': '/home/lucas/ros2_ws/build/stage_challenge', 'catkin_cmake_args': None, 'catkin_skip_building_tests': False, 'cmake_args': None, 'cmake_clean_cache': False, 'cmake_clean_first': False, 'cmake_force_configure': False, 'cmake_target': None, 'cmake_target_skip_unavailable': False, 'install_base': '/home/lucas/ros2_ws/install/stage_challenge', 'merge_install': False, 'meson_args': [], 'path': '/home/lucas/ros2_ws/src/stage_challenge', 'symlink_install': False, 'test_result_base': None}
[2.421s] Level 5:colcon.colcon_core.verb:set package 'my_cpp_pkg' build argument 'bazel_args' from command line to 'None'
[2.421s] Level 5:colcon.colcon_core.verb:set package 'my_cpp_pkg' build argument 'bazel_task' from command line to 'None'
[2.421s] Level 5:colcon.colcon_core.verb:set package 'my_cpp_pkg' build argument 'cmake_args' from command line to 'None'
[2.421s] Level 5:colcon.colcon_core.verb:set package 'my_cpp_pkg' build argument 'cmake_target' from command line to 'None'
[2.421s] Level 5:colcon.colcon_core.verb:set package 'my_cpp_pkg' build argument 'cmake_target_skip_unavailable' from command line to 'False'
[2.421s] Level 5:colcon.colcon_core.verb:set package 'my_cpp_pkg' build argument 'cmake_clean_cache' from command line to 'False'
[2.421s] Level 5:colcon.colcon_core.verb:set package 'my_cpp_pkg' build argument 'cmake_clean_first' from command line to 'False'
[2.421s] Level 5:colcon.colcon_core.verb:set package 'my_cpp_pkg' build argument 'cmake_force_configure' from command line to 'False'
[2.421s] Level 5:colcon.colcon_core.verb:set package 'my_cpp_pkg' build argument 'meson_args' from command line to '[]'
[2.421s] Level 5:colcon.colcon_core.verb:set package 'my_cpp_pkg' build argument 'ament_cmake_args' from command line to 'None'
[2.421s] Level 5:colcon.colcon_core.verb:set package 'my_cpp_pkg' build argument 'catkin_cmake_args' from command line to 'None'
[2.421s] Level 5:colcon.colcon_core.verb:set package 'my_cpp_pkg' build argument 'catkin_skip_building_tests' from command line to 'False'
[2.421s] DEBUG:colcon.colcon_core.verb:Building package 'my_cpp_pkg' with the following arguments: {'ament_cmake_args': None, 'bazel_args': None, 'bazel_task': None, 'build_base': '/home/lucas/ros2_ws/build/my_cpp_pkg', 'catkin_cmake_args': None, 'catkin_skip_building_tests': False, 'cmake_args': None, 'cmake_clean_cache': False, 'cmake_clean_first': False, 'cmake_force_configure': False, 'cmake_target': None, 'cmake_target_skip_unavailable': False, 'install_base': '/home/lucas/ros2_ws/install/my_cpp_pkg', 'merge_install': False, 'meson_args': [], 'path': '/home/lucas/ros2_ws/src/my_cpp_pkg', 'symlink_install': False, 'test_result_base': None}
[2.472s] Level 5:colcon.colcon_core.verb:set package 'stage_ros2' build argument 'bazel_args' from command line to 'None'
[2.472s] Level 5:colcon.colcon_core.verb:set package 'stage_ros2' build argument 'bazel_task' from command line to 'None'
[2.472s] Level 5:colcon.colcon_core.verb:set package 'stage_ros2' build argument 'cmake_args' from command line to 'None'
[2.472s] Level 5:colcon.colcon_core.verb:set package 'stage_ros2' build argument 'cmake_target' from command line to 'None'
[2.472s] Level 5:colcon.colcon_core.verb:set package 'stage_ros2' build argument 'cmake_target_skip_unavailable' from command line to 'False'
[2.472s] Level 5:colcon.colcon_core.verb:set package 'stage_ros2' build argument 'cmake_clean_cache' from command line to 'False'
[2.472s] Level 5:colcon.colcon_core.verb:set package 'stage_ros2' build argument 'cmake_clean_first' from command line to 'False'
[2.472s] Level 5:colcon.colcon_core.verb:set package 'stage_ros2' build argument 'cmake_force_configure' from command line to 'False'
[2.472s] Level 5:colcon.colcon_core.verb:set package 'stage_ros2' build argument 'meson_args' from command line to '[]'
[2.472s] Level 5:colcon.colcon_core.verb:set package 'stage_ros2' build argument 'ament_cmake_args' from command line to 'None'
[2.472s] Level 5:colcon.colcon_core.verb:set package 'stage_ros2' build argument 'catkin_cmake_args' from command line to 'None'
[2.472s] Level 5:colcon.colcon_core.verb:set package 'stage_ros2' build argument 'catkin_skip_building_tests' from command line to 'False'
[2.472s] DEBUG:colcon.colcon_core.verb:Building package 'stage_ros2' with the following arguments: {'ament_cmake_args': None, 'bazel_args': None, 'bazel_task': None, 'build_base': '/home/lucas/ros2_ws/build/stage_ros2', 'catkin_cmake_args': None, 'catkin_skip_building_tests': False, 'cmake_args': None, 'cmake_clean_cache': False, 'cmake_clean_first': False, 'cmake_force_configure': False, 'cmake_target': None, 'cmake_target_skip_unavailable': False, 'install_base': '/home/lucas/ros2_ws/install/stage_ros2', 'merge_install': False, 'meson_args': [], 'path': '/home/lucas/ros2_ws/src/stage_ros2-humble', 'symlink_install': False, 'test_result_base': None}
[2.472s] INFO:colcon.colcon_core.executor:Executing jobs using 'parallel' executor
[2.485s] DEBUG:colcon.colcon_parallel_executor.executor.parallel:run_until_complete
[2.486s] INFO:colcon.colcon_cmake.task.cmake.build:Building CMake package in '/home/lucas/ros2_ws/src/Stage-ros2'
[2.489s] INFO:colcon.colcon_core.plugin_system:Skipping extension 'colcon_core.shell.bat': Not used on non-Windows systems
[2.489s] DEBUG:colcon.colcon_ros_domain_id_coordinator.shell.ros_domain_id:Allocated ROS_DOMAIN_ID=33 for '/home/lucas/ros2_ws/build/Stage'
[2.489s] INFO:colcon.colcon_core.shell:Skip shell extension 'ros_domain_id' for command environment: 
[2.489s] INFO:colcon.colcon_core.shell:Skip shell extension 'powershell' for command environment: Not usable outside of PowerShell
[2.489s] DEBUG:colcon.colcon_core.shell:Skip shell extension 'dsv' for command environment
[2.534s] DEBUG:colcon.colcon_core.event_handler.log_command:Invoking command in '/home/lucas/ros2_ws/build/Stage': /usr/bin/cmake --build /home/lucas/ros2_ws/build/Stage -- -j1 -l1
[4.678s] DEBUG:colcon.colcon_core.event_handler.log_command:Invoked command in '/home/lucas/ros2_ws/build/Stage' returned '0': /usr/bin/cmake --build /home/lucas/ros2_ws/build/Stage -- -j1 -l1
[5.145s] DEBUG:colcon.colcon_core.event_handler.log_command:Invoking command in '/home/lucas/ros2_ws/build/Stage': /usr/bin/cmake --install /home/lucas/ros2_ws/build/Stage
[5.288s] Level 1:colcon.colcon_core.environment:create_environment_scripts_only(Stage)
[5.291s] Level 1:colcon.colcon_core.environment:checking '/home/lucas/ros2_ws/install/Stage' for CMake module files
[5.291s] Level 1:colcon.colcon_core.environment:checking '/home/lucas/ros2_ws/install/Stage' for CMake config files
[5.292s] Level 1:colcon.colcon_core.shell:create_environment_hook('Stage', 'cmake_prefix_path')
[5.292s] INFO:colcon.colcon_core.shell:Creating environment hook '/home/lucas/ros2_ws/install/Stage/share/Stage/hook/cmake_prefix_path.ps1'
[5.305s] DEBUG:colcon.colcon_core.event_handler.log_command:Invoked command in '/home/lucas/ros2_ws/build/Stage' returned '0': /usr/bin/cmake --install /home/lucas/ros2_ws/build/Stage
[5.305s] INFO:colcon.colcon_core.shell:Creating environment descriptor '/home/lucas/ros2_ws/install/Stage/share/Stage/hook/cmake_prefix_path.dsv'
[5.320s] INFO:colcon.colcon_core.shell:Creating environment hook '/home/lucas/ros2_ws/install/Stage/share/Stage/hook/cmake_prefix_path.sh'
[5.329s] Level 1:colcon.colcon_core.environment:checking '/home/lucas/ros2_ws/install/Stage/lib'
[5.329s] Level 1:colcon.colcon_core.shell:create_environment_hook('Stage', 'ld_library_path_lib')
[5.329s] INFO:colcon.colcon_core.shell:Creating environment hook '/home/lucas/ros2_ws/install/Stage/share/Stage/hook/ld_library_path_lib.ps1'
[5.339s] INFO:colcon.colcon_core.shell:Creating environment descriptor '/home/lucas/ros2_ws/install/Stage/share/Stage/hook/ld_library_path_lib.dsv'
[5.340s] INFO:colcon.colcon_core.shell:Creating environment hook '/home/lucas/ros2_ws/install/Stage/share/Stage/hook/ld_library_path_lib.sh'
[5.342s] Level 1:colcon.colcon_core.environment:checking '/home/lucas/ros2_ws/install/Stage/bin'
[5.342s] Level 1:colcon.colcon_core.shell:create_environment_hook('Stage', 'path')
[5.343s] INFO:colcon.colcon_core.shell:Creating environment hook '/home/lucas/ros2_ws/install/Stage/share/Stage/hook/path.ps1'
[5.344s] INFO:colcon.colcon_core.shell:Creating environment descriptor '/home/lucas/ros2_ws/install/Stage/share/Stage/hook/path.dsv'
[5.345s] INFO:colcon.colcon_core.shell:Creating environment hook '/home/lucas/ros2_ws/install/Stage/share/Stage/hook/path.sh'
[5.352s] Level 1:colcon.colcon_core.environment:checking '/home/lucas/ros2_ws/install/Stage/lib/pkgconfig/Stage.pc'
[5.352s] Level 1:colcon.colcon_core.environment:checking '/home/lucas/ros2_ws/install/Stage/lib/python3.10/site-packages'
[5.352s] Level 1:colcon.colcon_core.environment:checking '/home/lucas/ros2_ws/install/Stage/bin'
[5.352s] Level 1:colcon.colcon_core.shell:create_environment_hook('Stage', 'pythonscriptspath')
[5.353s] INFO:colcon.colcon_core.shell:Creating environment hook '/home/lucas/ros2_ws/install/Stage/share/Stage/hook/pythonscriptspath.ps1'
[5.357s] INFO:colcon.colcon_core.shell:Creating environment descriptor '/home/lucas/ros2_ws/install/Stage/share/Stage/hook/pythonscriptspath.dsv'
[5.359s] INFO:colcon.colcon_core.shell:Creating environment hook '/home/lucas/ros2_ws/install/Stage/share/Stage/hook/pythonscriptspath.sh'
[5.371s] INFO:colcon.colcon_core.shell:Creating package script '/home/lucas/ros2_ws/install/Stage/share/Stage/package.ps1'
[5.374s] INFO:colcon.colcon_core.shell:Creating package descriptor '/home/lucas/ros2_ws/install/Stage/share/Stage/package.dsv'
[5.375s] INFO:colcon.colcon_core.shell:Creating package script '/home/lucas/ros2_ws/install/Stage/share/Stage/package.sh'
[5.377s] INFO:colcon.colcon_core.shell:Creating package script '/home/lucas/ros2_ws/install/Stage/share/Stage/package.bash'
[5.379s] INFO:colcon.colcon_core.shell:Creating package script '/home/lucas/ros2_ws/install/Stage/share/Stage/package.zsh'
[5.386s] Level 1:colcon.colcon_core.environment:create_file_with_runtime_dependencies(/home/lucas/ros2_ws/install/Stage/share/colcon-core/packages/Stage)
[5.389s] DEBUG:colcon.colcon_ros_domain_id_coordinator.shell.ros_domain_id:Released ROS_DOMAIN_ID=33 for '/home/lucas/ros2_ws/build/Stage'
[5.392s] INFO:colcon.colcon_ros.task.ament_python.build:Building ROS package in '/home/lucas/ros2_ws/src/my_py_pkg2' with build type 'ament_python'
[5.414s] Level 1:colcon.colcon_core.shell:create_environment_hook('my_py_pkg2', 'ament_prefix_path')
[5.415s] INFO:colcon.colcon_core.shell:Creating environment hook '/home/lucas/ros2_ws/install/my_py_pkg2/share/my_py_pkg2/hook/ament_prefix_path.ps1'
[5.416s] INFO:colcon.colcon_core.shell:Creating environment descriptor '/home/lucas/ros2_ws/install/my_py_pkg2/share/my_py_pkg2/hook/ament_prefix_path.dsv'
[5.418s] INFO:colcon.colcon_core.shell:Creating environment hook '/home/lucas/ros2_ws/install/my_py_pkg2/share/my_py_pkg2/hook/ament_prefix_path.sh'
[5.421s] DEBUG:colcon.colcon_ros_domain_id_coordinator.shell.ros_domain_id:Allocated ROS_DOMAIN_ID=34 for '/home/lucas/ros2_ws/build/my_py_pkg2'
[5.421s] INFO:colcon.colcon_core.shell:Skip shell extension 'ros_domain_id' for command environment: 
[5.421s] INFO:colcon.colcon_core.shell:Skip shell extension 'powershell' for command environment: Not usable outside of PowerShell
[5.421s] DEBUG:colcon.colcon_core.shell:Skip shell extension 'dsv' for command environment
[6.524s] INFO:colcon.colcon_core.task.python.build:Building Python package in '/home/lucas/ros2_ws/src/my_py_pkg2'
[6.525s] DEBUG:colcon.colcon_ros_domain_id_coordinator.shell.ros_domain_id:Allocated ROS_DOMAIN_ID=34 for '/home/lucas/ros2_ws/build/my_py_pkg2'
[6.525s] INFO:colcon.colcon_core.shell:Skip shell extension 'ros_domain_id' for command environment: 
[6.525s] INFO:colcon.colcon_core.shell:Skip shell extension 'powershell' for command environment: Not usable outside of PowerShell
[6.525s] DEBUG:colcon.colcon_core.shell:Skip shell extension 'dsv' for command environment
[7.905s] DEBUG:colcon.colcon_core.event_handler.log_command:Invoking command in '/home/lucas/ros2_ws/src/my_py_pkg2': PYTHONPATH=/home/lucas/ros2_ws/build/my_py_pkg2/prefix_override:/home/lucas/ros2_ws/install/my_py_pkg2/lib/python3.10/site-packages:${PYTHONPATH} /usr/bin/python3 -W ignore:setup.py install is deprecated setup.py egg_info --egg-base ../../build/my_py_pkg2 build --build-base /home/lucas/ros2_ws/build/my_py_pkg2/build install --record /home/lucas/ros2_ws/build/my_py_pkg2/install.log --single-version-externally-managed install_data
[9.162s] Level 1:colcon.colcon_core.environment:checking '/home/lucas/ros2_ws/install/my_py_pkg2' for CMake module files
[9.163s] Level 1:colcon.colcon_core.environment:checking '/home/lucas/ros2_ws/install/my_py_pkg2' for CMake config files
[9.164s] Level 1:colcon.colcon_core.environment:checking '/home/lucas/ros2_ws/install/my_py_pkg2/lib'
[9.164s] Level 1:colcon.colcon_core.environment:checking '/home/lucas/ros2_ws/install/my_py_pkg2/bin'
[9.164s] Level 1:colcon.colcon_core.environment:checking '/home/lucas/ros2_ws/install/my_py_pkg2/lib/pkgconfig/my_py_pkg2.pc'
[9.164s] Level 1:colcon.colcon_core.environment:checking '/home/lucas/ros2_ws/install/my_py_pkg2/lib/python3.10/site-packages'
[9.164s] Level 1:colcon.colcon_core.shell:create_environment_hook('my_py_pkg2', 'pythonpath')
[9.164s] INFO:colcon.colcon_core.shell:Creating environment hook '/home/lucas/ros2_ws/install/my_py_pkg2/share/my_py_pkg2/hook/pythonpath.ps1'
[9.167s] DEBUG:colcon.colcon_core.event_handler.log_command:Invoked command in '/home/lucas/ros2_ws/src/my_py_pkg2' returned '0': PYTHONPATH=/home/lucas/ros2_ws/build/my_py_pkg2/prefix_override:/home/lucas/ros2_ws/install/my_py_pkg2/lib/python3.10/site-packages:${PYTHONPATH} /usr/bin/python3 -W ignore:setup.py install is deprecated setup.py egg_info --egg-base ../../build/my_py_pkg2 build --build-base /home/lucas/ros2_ws/build/my_py_pkg2/build install --record /home/lucas/ros2_ws/build/my_py_pkg2/install.log --single-version-externally-managed install_data
[9.167s] INFO:colcon.colcon_core.shell:Creating environment descriptor '/home/lucas/ros2_ws/install/my_py_pkg2/share/my_py_pkg2/hook/pythonpath.dsv'
[9.173s] INFO:colcon.colcon_core.shell:Creating environment hook '/home/lucas/ros2_ws/install/my_py_pkg2/share/my_py_pkg2/hook/pythonpath.sh'
[9.175s] Level 1:colcon.colcon_core.environment:checking '/home/lucas/ros2_ws/install/my_py_pkg2/bin'
[9.175s] Level 1:colcon.colcon_core.environment:create_environment_scripts_only(my_py_pkg2)
[9.176s] INFO:colcon.colcon_core.shell:Creating package script '/home/lucas/ros2_ws/install/my_py_pkg2/share/my_py_pkg2/package.ps1'
[9.176s] INFO:colcon.colcon_core.shell:Creating package descriptor '/home/lucas/ros2_ws/install/my_py_pkg2/share/my_py_pkg2/package.dsv'
[9.193s] INFO:colcon.colcon_core.shell:Creating package script '/home/lucas/ros2_ws/install/my_py_pkg2/share/my_py_pkg2/package.sh'
[9.202s] INFO:colcon.colcon_core.shell:Creating package script '/home/lucas/ros2_ws/install/my_py_pkg2/share/my_py_pkg2/package.bash'
[9.214s] INFO:colcon.colcon_core.shell:Creating package script '/home/lucas/ros2_ws/install/my_py_pkg2/share/my_py_pkg2/package.zsh'
[9.215s] Level 1:colcon.colcon_core.environment:create_file_with_runtime_dependencies(/home/lucas/ros2_ws/install/my_py_pkg2/share/colcon-core/packages/my_py_pkg2)
[9.217s] DEBUG:colcon.colcon_ros_domain_id_coordinator.shell.ros_domain_id:Released ROS_DOMAIN_ID=34 for '/home/lucas/ros2_ws/build/my_py_pkg2'
[9.218s] INFO:colcon.colcon_ros.task.ament_python.build:Building ROS package in '/home/lucas/ros2_ws/src/my_py_pkg' with build type 'ament_python'
[9.219s] Level 1:colcon.colcon_core.shell:create_environment_hook('my_py_pkg', 'ament_prefix_path')
[9.219s] INFO:colcon.colcon_core.shell:Creating environment hook '/home/lucas/ros2_ws/install/my_py_pkg/share/my_py_pkg/hook/ament_prefix_path.ps1'
[9.244s] INFO:colcon.colcon_core.shell:Creating environment descriptor '/home/lucas/ros2_ws/install/my_py_pkg/share/my_py_pkg/hook/ament_prefix_path.dsv'
[9.247s] INFO:colcon.colcon_core.shell:Creating environment hook '/home/lucas/ros2_ws/install/my_py_pkg/share/my_py_pkg/hook/ament_prefix_path.sh'
[9.255s] DEBUG:colcon.colcon_ros_domain_id_coordinator.shell.ros_domain_id:Allocated ROS_DOMAIN_ID=218 for '/home/lucas/ros2_ws/build/my_py_pkg'
[9.255s] INFO:colcon.colcon_core.shell:Skip shell extension 'ros_domain_id' for command environment: 
[9.255s] INFO:colcon.colcon_core.shell:Skip shell extension 'powershell' for command environment: Not usable outside of PowerShell
[9.256s] DEBUG:colcon.colcon_core.shell:Skip shell extension 'dsv' for command environment
[10.320s] INFO:colcon.colcon_core.task.python.build:Building Python package in '/home/lucas/ros2_ws/src/my_py_pkg'
[10.320s] DEBUG:colcon.colcon_ros_domain_id_coordinator.shell.ros_domain_id:Allocated ROS_DOMAIN_ID=218 for '/home/lucas/ros2_ws/build/my_py_pkg'
[10.320s] INFO:colcon.colcon_core.shell:Skip shell extension 'ros_domain_id' for command environment: 
[10.320s] INFO:colcon.colcon_core.shell:Skip shell extension 'powershell' for command environment: Not usable outside of PowerShell
[10.320s] DEBUG:colcon.colcon_core.shell:Skip shell extension 'dsv' for command environment
[11.658s] DEBUG:colcon.colcon_core.event_handler.log_command:Invoking command in '/home/lucas/ros2_ws/src/my_py_pkg': PYTHONPATH=/home/lucas/ros2_ws/build/my_py_pkg/prefix_override:/home/lucas/ros2_ws/install/my_py_pkg/lib/python3.10/site-packages:${PYTHONPATH} /usr/bin/python3 -W ignore:setup.py install is deprecated setup.py egg_info --egg-base ../../build/my_py_pkg build --build-base /home/lucas/ros2_ws/build/my_py_pkg/build install --record /home/lucas/ros2_ws/build/my_py_pkg/install.log --single-version-externally-managed install_data
[12.863s] Level 1:colcon.colcon_core.environment:checking '/home/lucas/ros2_ws/install/my_py_pkg' for CMake module files
[12.863s] Level 1:colcon.colcon_core.environment:checking '/home/lucas/ros2_ws/install/my_py_pkg' for CMake config files
[12.864s] Level 1:colcon.colcon_core.environment:checking '/home/lucas/ros2_ws/install/my_py_pkg/lib'
[12.864s] Level 1:colcon.colcon_core.environment:checking '/home/lucas/ros2_ws/install/my_py_pkg/bin'
[12.864s] Level 1:colcon.colcon_core.environment:checking '/home/lucas/ros2_ws/install/my_py_pkg/lib/pkgconfig/my_py_pkg.pc'
[12.864s] Level 1:colcon.colcon_core.environment:checking '/home/lucas/ros2_ws/install/my_py_pkg/lib/python3.10/site-packages'
[12.864s] Level 1:colcon.colcon_core.shell:create_environment_hook('my_py_pkg', 'pythonpath')
[12.865s] INFO:colcon.colcon_core.shell:Creating environment hook '/home/lucas/ros2_ws/install/my_py_pkg/share/my_py_pkg/hook/pythonpath.ps1'
[12.871s] DEBUG:colcon.colcon_core.event_handler.log_command:Invoked command in '/home/lucas/ros2_ws/src/my_py_pkg' returned '0': PYTHONPATH=/home/lucas/ros2_ws/build/my_py_pkg/prefix_override:/home/lucas/ros2_ws/install/my_py_pkg/lib/python3.10/site-packages:${PYTHONPATH} /usr/bin/python3 -W ignore:setup.py install is deprecated setup.py egg_info --egg-base ../../build/my_py_pkg build --build-base /home/lucas/ros2_ws/build/my_py_pkg/build install --record /home/lucas/ros2_ws/build/my_py_pkg/install.log --single-version-externally-managed install_data
[12.872s] INFO:colcon.colcon_core.shell:Creating environment descriptor '/home/lucas/ros2_ws/install/my_py_pkg/share/my_py_pkg/hook/pythonpath.dsv'
[12.873s] INFO:colcon.colcon_core.shell:Creating environment hook '/home/lucas/ros2_ws/install/my_py_pkg/share/my_py_pkg/hook/pythonpath.sh'
[12.883s] Level 1:colcon.colcon_core.environment:checking '/home/lucas/ros2_ws/install/my_py_pkg/bin'
[12.884s] Level 1:colcon.colcon_core.environment:create_environment_scripts_only(my_py_pkg)
[12.884s] INFO:colcon.colcon_core.shell:Creating package script '/home/lucas/ros2_ws/install/my_py_pkg/share/my_py_pkg/package.ps1'
[12.887s] INFO:colcon.colcon_core.shell:Creating package descriptor '/home/lucas/ros2_ws/install/my_py_pkg/share/my_py_pkg/package.dsv'
[12.888s] INFO:colcon.colcon_core.shell:Creating package script '/home/lucas/ros2_ws/install/my_py_pkg/share/my_py_pkg/package.sh'
[12.889s] INFO:colcon.colcon_core.shell:Creating package script '/home/lucas/ros2_ws/install/my_py_pkg/share/my_py_pkg/package.bash'
[12.891s] INFO:colcon.colcon_core.shell:Creating package script '/home/lucas/ros2_ws/install/my_py_pkg/share/my_py_pkg/package.zsh'
[12.892s] Level 1:colcon.colcon_core.environment:create_file_with_runtime_dependencies(/home/lucas/ros2_ws/install/my_py_pkg/share/colcon-core/packages/my_py_pkg)
[12.893s] DEBUG:colcon.colcon_ros_domain_id_coordinator.shell.ros_domain_id:Released ROS_DOMAIN_ID=218 for '/home/lucas/ros2_ws/build/my_py_pkg'
[12.915s] INFO:colcon.colcon_ros.task.ament_python.build:Building ROS package in '/home/lucas/ros2_ws/src/stage_challenge' with build type 'ament_python'
[12.917s] Level 1:colcon.colcon_core.shell:create_environment_hook('stage_challenge', 'ament_prefix_path')
[12.917s] INFO:colcon.colcon_core.shell:Creating environment hook '/home/lucas/ros2_ws/install/stage_challenge/share/stage_challenge/hook/ament_prefix_path.ps1'
[12.918s] INFO:colcon.colcon_core.shell:Creating environment descriptor '/home/lucas/ros2_ws/install/stage_challenge/share/stage_challenge/hook/ament_prefix_path.dsv'
[12.919s] INFO:colcon.colcon_core.shell:Creating environment hook '/home/lucas/ros2_ws/install/stage_challenge/share/stage_challenge/hook/ament_prefix_path.sh'
[12.919s] DEBUG:colcon.colcon_ros_domain_id_coordinator.shell.ros_domain_id:Allocated ROS_DOMAIN_ID=19 for '/home/lucas/ros2_ws/build/stage_challenge'
[12.920s] INFO:colcon.colcon_core.shell:Skip shell extension 'ros_domain_id' for command environment: 
[12.920s] INFO:colcon.colcon_core.shell:Skip shell extension 'powershell' for command environment: Not usable outside of PowerShell
[12.920s] DEBUG:colcon.colcon_core.shell:Skip shell extension 'dsv' for command environment
[13.985s] INFO:colcon.colcon_core.task.python.build:Building Python package in '/home/lucas/ros2_ws/src/stage_challenge'
[13.985s] DEBUG:colcon.colcon_ros_domain_id_coordinator.shell.ros_domain_id:Allocated ROS_DOMAIN_ID=19 for '/home/lucas/ros2_ws/build/stage_challenge'
[13.985s] INFO:colcon.colcon_core.shell:Skip shell extension 'ros_domain_id' for command environment: 
[13.985s] INFO:colcon.colcon_core.shell:Skip shell extension 'powershell' for command environment: Not usable outside of PowerShell
[13.985s] DEBUG:colcon.colcon_core.shell:Skip shell extension 'dsv' for command environment
[15.309s] DEBUG:colcon.colcon_core.event_handler.log_command:Invoking command in '/home/lucas/ros2_ws/src/stage_challenge': PYTHONPATH=/home/lucas/ros2_ws/build/stage_challenge/prefix_override:/home/lucas/ros2_ws/install/stage_challenge/lib/python3.10/site-packages:${PYTHONPATH} /usr/bin/python3 -W ignore:setup.py install is deprecated setup.py egg_info --egg-base ../../build/stage_challenge build --build-base /home/lucas/ros2_ws/build/stage_challenge/build install --record /home/lucas/ros2_ws/build/stage_challenge/install.log --single-version-externally-managed install_data
[16.572s] Level 1:colcon.colcon_core.environment:checking '/home/lucas/ros2_ws/install/stage_challenge' for CMake module files
[16.572s] Level 1:colcon.colcon_core.environment:checking '/home/lucas/ros2_ws/install/stage_challenge' for CMake config files
[16.573s] Level 1:colcon.colcon_core.environment:checking '/home/lucas/ros2_ws/install/stage_challenge/lib'
[16.573s] Level 1:colcon.colcon_core.environment:checking '/home/lucas/ros2_ws/install/stage_challenge/bin'
[16.573s] Level 1:colcon.colcon_core.environment:checking '/home/lucas/ros2_ws/install/stage_challenge/lib/pkgconfig/stage_challenge.pc'
[16.573s] Level 1:colcon.colcon_core.environment:checking '/home/lucas/ros2_ws/install/stage_challenge/lib/python3.10/site-packages'
[16.574s] Level 1:colcon.colcon_core.shell:create_environment_hook('stage_challenge', 'pythonpath')
[16.574s] INFO:colcon.colcon_core.shell:Creating environment hook '/home/lucas/ros2_ws/install/stage_challenge/share/stage_challenge/hook/pythonpath.ps1'
[16.590s] DEBUG:colcon.colcon_core.event_handler.log_command:Invoked command in '/home/lucas/ros2_ws/src/stage_challenge' returned '0': PYTHONPATH=/home/lucas/ros2_ws/build/stage_challenge/prefix_override:/home/lucas/ros2_ws/install/stage_challenge/lib/python3.10/site-packages:${PYTHONPATH} /usr/bin/python3 -W ignore:setup.py install is deprecated setup.py egg_info --egg-base ../../build/stage_challenge build --build-base /home/lucas/ros2_ws/build/stage_challenge/build install --record /home/lucas/ros2_ws/build/stage_challenge/install.log --single-version-externally-managed install_data
[16.590s] INFO:colcon.colcon_core.shell:Creating environment descriptor '/home/lucas/ros2_ws/install/stage_challenge/share/stage_challenge/hook/pythonpath.dsv'
[16.592s] INFO:colcon.colcon_core.shell:Creating environment hook '/home/lucas/ros2_ws/install/stage_challenge/share/stage_challenge/hook/pythonpath.sh'
[16.593s] Level 1:colcon.colcon_core.environment:checking '/home/lucas/ros2_ws/install/stage_challenge/bin'
[16.593s] Level 1:colcon.colcon_core.environment:create_environment_scripts_only(stage_challenge)
[16.594s] INFO:colcon.colcon_core.shell:Creating package script '/home/lucas/ros2_ws/install/stage_challenge/share/stage_challenge/package.ps1'
[16.604s] INFO:colcon.colcon_core.shell:Creating package descriptor '/home/lucas/ros2_ws/install/stage_challenge/share/stage_challenge/package.dsv'
[16.605s] INFO:colcon.colcon_core.shell:Creating package script '/home/lucas/ros2_ws/install/stage_challenge/share/stage_challenge/package.sh'
[16.623s] INFO:colcon.colcon_core.shell:Creating package script '/home/lucas/ros2_ws/install/stage_challenge/share/stage_challenge/package.bash'
[16.634s] INFO:colcon.colcon_core.shell:Creating package script '/home/lucas/ros2_ws/install/stage_challenge/share/stage_challenge/package.zsh'
[16.635s] Level 1:colcon.colcon_core.environment:create_file_with_runtime_dependencies(/home/lucas/ros2_ws/install/stage_challenge/share/colcon-core/packages/stage_challenge)
[16.636s] DEBUG:colcon.colcon_ros_domain_id_coordinator.shell.ros_domain_id:Released ROS_DOMAIN_ID=19 for '/home/lucas/ros2_ws/build/stage_challenge'
[16.638s] INFO:colcon.colcon_ros.task.ament_cmake.build:Building ROS package in '/home/lucas/ros2_ws/src/my_cpp_pkg' with build type 'ament_cmake'
[16.638s] INFO:colcon.colcon_cmake.task.cmake.build:Building CMake package in '/home/lucas/ros2_ws/src/my_cpp_pkg'
[16.639s] DEBUG:colcon.colcon_ros_domain_id_coordinator.shell.ros_domain_id:Allocated ROS_DOMAIN_ID=70 for '/home/lucas/ros2_ws/build/my_cpp_pkg'
[16.639s] INFO:colcon.colcon_core.shell:Skip shell extension 'ros_domain_id' for command environment: 
[16.639s] INFO:colcon.colcon_core.shell:Skip shell extension 'powershell' for command environment: Not usable outside of PowerShell
[16.639s] DEBUG:colcon.colcon_core.shell:Skip shell extension 'dsv' for command environment
[16.697s] DEBUG:colcon.colcon_core.event_handler.log_command:Invoking command in '/home/lucas/ros2_ws/build/my_cpp_pkg': AMENT_PREFIX_PATH=/home/lucas/ros2_ws/install/my_py_pkg2:/home/lucas/ros2_ws/install/stage_ros2:/home/lucas/ros2_ws/install/stage_challenge:/home/lucas/ros2_ws/install/my_cpp_pkg:/home/lucas/ros2_ws/install/my_py_pkg:/opt/ros/humble CMAKE_PREFIX_PATH=${CMAKE_PREFIX_PATH}:/home/lucas/ros2_ws/install/stage_challenge:/home/lucas/ros2_ws/install/my_py_pkg2:/home/lucas/ros2_ws/install/my_py_pkg:/opt/ros/humble PYTHONPATH=/home/lucas/ros2_ws/install/my_py_pkg2/lib/python3.10/site-packages:/home/lucas/ros2_ws/install/stage_challenge/lib/python3.10/site-packages:/home/lucas/ros2_ws/install/my_py_pkg/lib/python3.10/site-packages:/opt/ros/humble/lib/python3.10/site-packages:/opt/ros/humble/local/lib/python3.10/dist-packages /usr/bin/cmake --build /home/lucas/ros2_ws/build/my_cpp_pkg -- -j1 -l1
[17.115s] DEBUG:colcon.colcon_core.event_handler.log_command:Invoked command in '/home/lucas/ros2_ws/build/my_cpp_pkg' returned '0': AMENT_PREFIX_PATH=/home/lucas/ros2_ws/install/my_py_pkg2:/home/lucas/ros2_ws/install/stage_ros2:/home/lucas/ros2_ws/install/stage_challenge:/home/lucas/ros2_ws/install/my_cpp_pkg:/home/lucas/ros2_ws/install/my_py_pkg:/opt/ros/humble CMAKE_PREFIX_PATH=${CMAKE_PREFIX_PATH}:/home/lucas/ros2_ws/install/stage_challenge:/home/lucas/ros2_ws/install/my_py_pkg2:/home/lucas/ros2_ws/install/my_py_pkg:/opt/ros/humble PYTHONPATH=/home/lucas/ros2_ws/install/my_py_pkg2/lib/python3.10/site-packages:/home/lucas/ros2_ws/install/stage_challenge/lib/python3.10/site-packages:/home/lucas/ros2_ws/install/my_py_pkg/lib/python3.10/site-packages:/opt/ros/humble/lib/python3.10/site-packages:/opt/ros/humble/local/lib/python3.10/dist-packages /usr/bin/cmake --build /home/lucas/ros2_ws/build/my_cpp_pkg -- -j1 -l1
[17.391s] DEBUG:colcon.colcon_core.event_handler.log_command:Invoking command in '/home/lucas/ros2_ws/build/my_cpp_pkg': AMENT_PREFIX_PATH=/home/lucas/ros2_ws/install/my_py_pkg2:/home/lucas/ros2_ws/install/stage_ros2:/home/lucas/ros2_ws/install/stage_challenge:/home/lucas/ros2_ws/install/my_cpp_pkg:/home/lucas/ros2_ws/install/my_py_pkg:/opt/ros/humble CMAKE_PREFIX_PATH=${CMAKE_PREFIX_PATH}:/home/lucas/ros2_ws/install/stage_challenge:/home/lucas/ros2_ws/install/my_py_pkg2:/home/lucas/ros2_ws/install/my_py_pkg:/opt/ros/humble PYTHONPATH=/home/lucas/ros2_ws/install/my_py_pkg2/lib/python3.10/site-packages:/home/lucas/ros2_ws/install/stage_challenge/lib/python3.10/site-packages:/home/lucas/ros2_ws/install/my_py_pkg/lib/python3.10/site-packages:/opt/ros/humble/lib/python3.10/site-packages:/opt/ros/humble/local/lib/python3.10/dist-packages /usr/bin/cmake --install /home/lucas/ros2_ws/build/my_cpp_pkg
[17.465s] Level 1:colcon.colcon_core.environment:create_environment_scripts_only(my_cpp_pkg)
[17.466s] Level 1:colcon.colcon_core.environment:checking '/home/lucas/ros2_ws/install/my_cpp_pkg' for CMake module files
[17.466s] Level 1:colcon.colcon_core.environment:checking '/home/lucas/ros2_ws/install/my_cpp_pkg' for CMake config files
[17.467s] Level 1:colcon.colcon_core.shell:create_environment_hook('my_cpp_pkg', 'cmake_prefix_path')
[17.467s] INFO:colcon.colcon_core.shell:Creating environment hook '/home/lucas/ros2_ws/install/my_cpp_pkg/share/my_cpp_pkg/hook/cmake_prefix_path.ps1'
[17.479s] DEBUG:colcon.colcon_core.event_handler.log_command:Invoked command in '/home/lucas/ros2_ws/build/my_cpp_pkg' returned '0': AMENT_PREFIX_PATH=/home/lucas/ros2_ws/install/my_py_pkg2:/home/lucas/ros2_ws/install/stage_ros2:/home/lucas/ros2_ws/install/stage_challenge:/home/lucas/ros2_ws/install/my_cpp_pkg:/home/lucas/ros2_ws/install/my_py_pkg:/opt/ros/humble CMAKE_PREFIX_PATH=${CMAKE_PREFIX_PATH}:/home/lucas/ros2_ws/install/stage_challenge:/home/lucas/ros2_ws/install/my_py_pkg2:/home/lucas/ros2_ws/install/my_py_pkg:/opt/ros/humble PYTHONPATH=/home/lucas/ros2_ws/install/my_py_pkg2/lib/python3.10/site-packages:/home/lucas/ros2_ws/install/stage_challenge/lib/python3.10/site-packages:/home/lucas/ros2_ws/install/my_py_pkg/lib/python3.10/site-packages:/opt/ros/humble/lib/python3.10/site-packages:/opt/ros/humble/local/lib/python3.10/dist-packages /usr/bin/cmake --install /home/lucas/ros2_ws/build/my_cpp_pkg
[17.479s] INFO:colcon.colcon_core.shell:Creating environment descriptor '/home/lucas/ros2_ws/install/my_cpp_pkg/share/my_cpp_pkg/hook/cmake_prefix_path.dsv'
[17.481s] INFO:colcon.colcon_core.shell:Creating environment hook '/home/lucas/ros2_ws/install/my_cpp_pkg/share/my_cpp_pkg/hook/cmake_prefix_path.sh'
[17.495s] Level 1:colcon.colcon_core.environment:checking '/home/lucas/ros2_ws/install/my_cpp_pkg/lib'
[17.495s] Level 1:colcon.colcon_core.environment:checking '/home/lucas/ros2_ws/install/my_cpp_pkg/bin'
[17.496s] Level 1:colcon.colcon_core.environment:checking '/home/lucas/ros2_ws/install/my_cpp_pkg/lib/pkgconfig/my_cpp_pkg.pc'
[17.496s] Level 1:colcon.colcon_core.environment:checking '/home/lucas/ros2_ws/install/my_cpp_pkg/lib/python3.10/site-packages'
[17.496s] Level 1:colcon.colcon_core.environment:checking '/home/lucas/ros2_ws/install/my_cpp_pkg/bin'
[17.496s] INFO:colcon.colcon_core.shell:Creating package script '/home/lucas/ros2_ws/install/my_cpp_pkg/share/my_cpp_pkg/package.ps1'
[17.498s] INFO:colcon.colcon_core.shell:Creating package descriptor '/home/lucas/ros2_ws/install/my_cpp_pkg/share/my_cpp_pkg/package.dsv'
[17.500s] INFO:colcon.colcon_core.shell:Creating package script '/home/lucas/ros2_ws/install/my_cpp_pkg/share/my_cpp_pkg/package.sh'
[17.502s] INFO:colcon.colcon_core.shell:Creating package script '/home/lucas/ros2_ws/install/my_cpp_pkg/share/my_cpp_pkg/package.bash'
[17.503s] INFO:colcon.colcon_core.shell:Creating package script '/home/lucas/ros2_ws/install/my_cpp_pkg/share/my_cpp_pkg/package.zsh'
[17.504s] Level 1:colcon.colcon_core.environment:create_file_with_runtime_dependencies(/home/lucas/ros2_ws/install/my_cpp_pkg/share/colcon-core/packages/my_cpp_pkg)
[17.764s] Level 1:colcon.colcon_core.environment:create_environment_scripts_only(my_cpp_pkg)
[17.764s] Level 1:colcon.colcon_core.environment:checking '/home/lucas/ros2_ws/install/my_cpp_pkg' for CMake module files
[17.765s] Level 1:colcon.colcon_core.environment:checking '/home/lucas/ros2_ws/install/my_cpp_pkg' for CMake config files
[17.765s] Level 1:colcon.colcon_core.shell:create_environment_hook('my_cpp_pkg', 'cmake_prefix_path')
[17.766s] INFO:colcon.colcon_core.shell:Creating environment hook '/home/lucas/ros2_ws/install/my_cpp_pkg/share/my_cpp_pkg/hook/cmake_prefix_path.ps1'
[17.769s] INFO:colcon.colcon_core.shell:Creating environment descriptor '/home/lucas/ros2_ws/install/my_cpp_pkg/share/my_cpp_pkg/hook/cmake_prefix_path.dsv'
[17.775s] INFO:colcon.colcon_core.shell:Creating environment hook '/home/lucas/ros2_ws/install/my_cpp_pkg/share/my_cpp_pkg/hook/cmake_prefix_path.sh'
[17.795s] Level 1:colcon.colcon_core.environment:checking '/home/lucas/ros2_ws/install/my_cpp_pkg/lib'
[17.795s] Level 1:colcon.colcon_core.environment:checking '/home/lucas/ros2_ws/install/my_cpp_pkg/bin'
[17.795s] Level 1:colcon.colcon_core.environment:checking '/home/lucas/ros2_ws/install/my_cpp_pkg/lib/pkgconfig/my_cpp_pkg.pc'
[17.796s] Level 1:colcon.colcon_core.environment:checking '/home/lucas/ros2_ws/install/my_cpp_pkg/lib/python3.10/site-packages'
[17.796s] Level 1:colcon.colcon_core.environment:checking '/home/lucas/ros2_ws/install/my_cpp_pkg/bin'
[17.796s] INFO:colcon.colcon_core.shell:Creating package script '/home/lucas/ros2_ws/install/my_cpp_pkg/share/my_cpp_pkg/package.ps1'
[17.799s] INFO:colcon.colcon_core.shell:Creating package descriptor '/home/lucas/ros2_ws/install/my_cpp_pkg/share/my_cpp_pkg/package.dsv'
[17.804s] INFO:colcon.colcon_core.shell:Creating package script '/home/lucas/ros2_ws/install/my_cpp_pkg/share/my_cpp_pkg/package.sh'
[17.805s] INFO:colcon.colcon_core.shell:Creating package script '/home/lucas/ros2_ws/install/my_cpp_pkg/share/my_cpp_pkg/package.bash'
[17.808s] INFO:colcon.colcon_core.shell:Creating package script '/home/lucas/ros2_ws/install/my_cpp_pkg/share/my_cpp_pkg/package.zsh'
[17.812s] Level 1:colcon.colcon_core.environment:create_file_with_runtime_dependencies(/home/lucas/ros2_ws/install/my_cpp_pkg/share/colcon-core/packages/my_cpp_pkg)
[17.814s] DEBUG:colcon.colcon_ros_domain_id_coordinator.shell.ros_domain_id:Released ROS_DOMAIN_ID=70 for '/home/lucas/ros2_ws/build/my_cpp_pkg'
[17.832s] INFO:colcon.colcon_ros.task.ament_cmake.build:Building ROS package in '/home/lucas/ros2_ws/src/stage_ros2-humble' with build type 'ament_cmake'
[17.832s] INFO:colcon.colcon_cmake.task.cmake.build:Building CMake package in '/home/lucas/ros2_ws/src/stage_ros2-humble'
[17.833s] DEBUG:colcon.colcon_ros_domain_id_coordinator.shell.ros_domain_id:Allocated ROS_DOMAIN_ID=100 for '/home/lucas/ros2_ws/build/stage_ros2'
[17.833s] INFO:colcon.colcon_core.shell:Skip shell extension 'ros_domain_id' for command environment: 
[17.833s] INFO:colcon.colcon_core.shell:Skip shell extension 'powershell' for command environment: Not usable outside of PowerShell
[17.833s] DEBUG:colcon.colcon_core.shell:Skip shell extension 'dsv' for command environment
[17.905s] DEBUG:colcon.colcon_core.event_handler.log_command:Invoking command in '/home/lucas/ros2_ws/build/stage_ros2': CMAKE_PREFIX_PATH=/home/lucas/ros2_ws/install/Stage:/home/lucas/ros2_ws/install/stage_ros2:/home/lucas/ros2_ws/install/my_cpp_pkg:/home/lucas/ros2_ws/install/stage_challenge:/home/lucas/ros2_ws/install/my_py_pkg2:/home/lucas/ros2_ws/install/my_py_pkg:/opt/ros/humble LD_LIBRARY_PATH=/home/lucas/ros2_ws/install/Stage/lib:/home/lucas/ros2_ws/install/stage_ros2/lib:/opt/ros/humble/opt/rviz_ogre_vendor/lib:/opt/ros/humble/lib/x86_64-linux-gnu:/opt/ros/humble/lib /usr/bin/cmake --build /home/lucas/ros2_ws/build/stage_ros2 -- -j1 -l1
[18.466s] DEBUG:colcon.colcon_core.event_handler.log_command:Invoked command in '/home/lucas/ros2_ws/build/stage_ros2' returned '0': CMAKE_PREFIX_PATH=/home/lucas/ros2_ws/install/Stage:/home/lucas/ros2_ws/install/stage_ros2:/home/lucas/ros2_ws/install/my_cpp_pkg:/home/lucas/ros2_ws/install/stage_challenge:/home/lucas/ros2_ws/install/my_py_pkg2:/home/lucas/ros2_ws/install/my_py_pkg:/opt/ros/humble LD_LIBRARY_PATH=/home/lucas/ros2_ws/install/Stage/lib:/home/lucas/ros2_ws/install/stage_ros2/lib:/opt/ros/humble/opt/rviz_ogre_vendor/lib:/opt/ros/humble/lib/x86_64-linux-gnu:/opt/ros/humble/lib /usr/bin/cmake --build /home/lucas/ros2_ws/build/stage_ros2 -- -j1 -l1
[18.899s] DEBUG:colcon.colcon_core.event_handler.log_command:Invoking command in '/home/lucas/ros2_ws/build/stage_ros2': CMAKE_PREFIX_PATH=/home/lucas/ros2_ws/install/Stage:/home/lucas/ros2_ws/install/stage_ros2:/home/lucas/ros2_ws/install/my_cpp_pkg:/home/lucas/ros2_ws/install/stage_challenge:/home/lucas/ros2_ws/install/my_py_pkg2:/home/lucas/ros2_ws/install/my_py_pkg:/opt/ros/humble LD_LIBRARY_PATH=/home/lucas/ros2_ws/install/Stage/lib:/home/lucas/ros2_ws/install/stage_ros2/lib:/opt/ros/humble/opt/rviz_ogre_vendor/lib:/opt/ros/humble/lib/x86_64-linux-gnu:/opt/ros/humble/lib /usr/bin/cmake --install /home/lucas/ros2_ws/build/stage_ros2
[18.989s] Level 1:colcon.colcon_core.environment:create_environment_scripts_only(stage_ros2)
[18.990s] Level 1:colcon.colcon_core.environment:checking '/home/lucas/ros2_ws/install/stage_ros2' for CMake module files
[18.990s] Level 1:colcon.colcon_core.environment:checking '/home/lucas/ros2_ws/install/stage_ros2' for CMake config files
[18.991s] Level 1:colcon.colcon_core.shell:create_environment_hook('stage_ros2', 'cmake_prefix_path')
[18.991s] INFO:colcon.colcon_core.shell:Creating environment hook '/home/lucas/ros2_ws/install/stage_ros2/share/stage_ros2/hook/cmake_prefix_path.ps1'
[18.999s] DEBUG:colcon.colcon_core.event_handler.log_command:Invoked command in '/home/lucas/ros2_ws/build/stage_ros2' returned '0': CMAKE_PREFIX_PATH=/home/lucas/ros2_ws/install/Stage:/home/lucas/ros2_ws/install/stage_ros2:/home/lucas/ros2_ws/install/my_cpp_pkg:/home/lucas/ros2_ws/install/stage_challenge:/home/lucas/ros2_ws/install/my_py_pkg2:/home/lucas/ros2_ws/install/my_py_pkg:/opt/ros/humble LD_LIBRARY_PATH=/home/lucas/ros2_ws/install/Stage/lib:/home/lucas/ros2_ws/install/stage_ros2/lib:/opt/ros/humble/opt/rviz_ogre_vendor/lib:/opt/ros/humble/lib/x86_64-linux-gnu:/opt/ros/humble/lib /usr/bin/cmake --install /home/lucas/ros2_ws/build/stage_ros2
[19.000s] INFO:colcon.colcon_core.shell:Creating environment descriptor '/home/lucas/ros2_ws/install/stage_ros2/share/stage_ros2/hook/cmake_prefix_path.dsv'
[19.001s] INFO:colcon.colcon_core.shell:Creating environment hook '/home/lucas/ros2_ws/install/stage_ros2/share/stage_ros2/hook/cmake_prefix_path.sh'
[19.020s] Level 1:colcon.colcon_core.environment:checking '/home/lucas/ros2_ws/install/stage_ros2/lib'
[19.020s] Level 1:colcon.colcon_core.shell:create_environment_hook('stage_ros2', 'ld_library_path_lib')
[19.020s] INFO:colcon.colcon_core.shell:Creating environment hook '/home/lucas/ros2_ws/install/stage_ros2/share/stage_ros2/hook/ld_library_path_lib.ps1'
[19.023s] INFO:colcon.colcon_core.shell:Creating environment descriptor '/home/lucas/ros2_ws/install/stage_ros2/share/stage_ros2/hook/ld_library_path_lib.dsv'
[19.031s] INFO:colcon.colcon_core.shell:Creating environment hook '/home/lucas/ros2_ws/install/stage_ros2/share/stage_ros2/hook/ld_library_path_lib.sh'
[19.032s] Level 1:colcon.colcon_core.environment:checking '/home/lucas/ros2_ws/install/stage_ros2/bin'
[19.032s] Level 1:colcon.colcon_core.environment:checking '/home/lucas/ros2_ws/install/stage_ros2/lib/pkgconfig/stage_ros2.pc'
[19.033s] Level 1:colcon.colcon_core.environment:checking '/home/lucas/ros2_ws/install/stage_ros2/lib/python3.10/site-packages'
[19.033s] Level 1:colcon.colcon_core.environment:checking '/home/lucas/ros2_ws/install/stage_ros2/bin'
[19.033s] INFO:colcon.colcon_core.shell:Creating package script '/home/lucas/ros2_ws/install/stage_ros2/share/stage_ros2/package.ps1'
[19.039s] INFO:colcon.colcon_core.shell:Creating package descriptor '/home/lucas/ros2_ws/install/stage_ros2/share/stage_ros2/package.dsv'
[19.042s] INFO:colcon.colcon_core.shell:Creating package script '/home/lucas/ros2_ws/install/stage_ros2/share/stage_ros2/package.sh'
[19.051s] INFO:colcon.colcon_core.shell:Creating package script '/home/lucas/ros2_ws/install/stage_ros2/share/stage_ros2/package.bash'
[19.052s] INFO:colcon.colcon_core.shell:Creating package script '/home/lucas/ros2_ws/install/stage_ros2/share/stage_ros2/package.zsh'
[19.053s] Level 1:colcon.colcon_core.environment:create_file_with_runtime_dependencies(/home/lucas/ros2_ws/install/stage_ros2/share/colcon-core/packages/stage_ros2)
[19.522s] Level 1:colcon.colcon_core.environment:create_environment_scripts_only(stage_ros2)
[19.523s] Level 1:colcon.colcon_core.environment:checking '/home/lucas/ros2_ws/install/stage_ros2' for CMake module files
[19.523s] Level 1:colcon.colcon_core.environment:checking '/home/lucas/ros2_ws/install/stage_ros2' for CMake config files
[19.524s] Level 1:colcon.colcon_core.shell:create_environment_hook('stage_ros2', 'cmake_prefix_path')
[19.525s] INFO:colcon.colcon_core.shell:Creating environment hook '/home/lucas/ros2_ws/install/stage_ros2/share/stage_ros2/hook/cmake_prefix_path.ps1'
[19.528s] INFO:colcon.colcon_core.shell:Creating environment descriptor '/home/lucas/ros2_ws/install/stage_ros2/share/stage_ros2/hook/cmake_prefix_path.dsv'
[19.529s] INFO:colcon.colcon_core.shell:Creating environment hook '/home/lucas/ros2_ws/install/stage_ros2/share/stage_ros2/hook/cmake_prefix_path.sh'
[19.532s] Level 1:colcon.colcon_core.environment:checking '/home/lucas/ros2_ws/install/stage_ros2/lib'
[19.532s] Level 1:colcon.colcon_core.shell:create_environment_hook('stage_ros2', 'ld_library_path_lib')
[19.532s] INFO:colcon.colcon_core.shell:Creating environment hook '/home/lucas/ros2_ws/install/stage_ros2/share/stage_ros2/hook/ld_library_path_lib.ps1'
[19.551s] INFO:colcon.colcon_core.shell:Creating environment descriptor '/home/lucas/ros2_ws/install/stage_ros2/share/stage_ros2/hook/ld_library_path_lib.dsv'
[19.553s] INFO:colcon.colcon_core.shell:Creating environment hook '/home/lucas/ros2_ws/install/stage_ros2/share/stage_ros2/hook/ld_library_path_lib.sh'
[19.562s] Level 1:colcon.colcon_core.environment:checking '/home/lucas/ros2_ws/install/stage_ros2/bin'
[19.562s] Level 1:colcon.colcon_core.environment:checking '/home/lucas/ros2_ws/install/stage_ros2/lib/pkgconfig/stage_ros2.pc'
[19.562s] Level 1:colcon.colcon_core.environment:checking '/home/lucas/ros2_ws/install/stage_ros2/lib/python3.10/site-packages'
[19.563s] Level 1:colcon.colcon_core.environment:checking '/home/lucas/ros2_ws/install/stage_ros2/bin'
[19.563s] INFO:colcon.colcon_core.shell:Creating package script '/home/lucas/ros2_ws/install/stage_ros2/share/stage_ros2/package.ps1'
[19.565s] INFO:colcon.colcon_core.shell:Creating package descriptor '/home/lucas/ros2_ws/install/stage_ros2/share/stage_ros2/package.dsv'
[19.566s] INFO:colcon.colcon_core.shell:Creating package script '/home/lucas/ros2_ws/install/stage_ros2/share/stage_ros2/package.sh'
[19.572s] INFO:colcon.colcon_core.shell:Creating package script '/home/lucas/ros2_ws/install/stage_ros2/share/stage_ros2/package.bash'
[19.577s] INFO:colcon.colcon_core.shell:Creating package script '/home/lucas/ros2_ws/install/stage_ros2/share/stage_ros2/package.zsh'
[19.582s] Level 1:colcon.colcon_core.environment:create_file_with_runtime_dependencies(/home/lucas/ros2_ws/install/stage_ros2/share/colcon-core/packages/stage_ros2)
[19.593s] DEBUG:colcon.colcon_ros_domain_id_coordinator.shell.ros_domain_id:Released ROS_DOMAIN_ID=100 for '/home/lucas/ros2_ws/build/stage_ros2'
[19.595s] DEBUG:colcon.colcon_parallel_executor.executor.parallel:closing loop
[19.595s] DEBUG:colcon.colcon_parallel_executor.executor.parallel:loop closed
[19.596s] DEBUG:colcon.colcon_parallel_executor.executor.parallel:run_until_complete finished with '0'
[19.596s] DEBUG:colcon.colcon_core.event_reactor:joining thread
[19.602s] INFO:colcon.colcon_core.plugin_system:Skipping extension 'colcon_notification.desktop_notification.terminal_notifier': Not used on non-Darwin systems
[19.614s] INFO:colcon.colcon_core.plugin_system:Skipping extension 'colcon_notification.desktop_notification.win32': Not used on non-Windows systems
[19.614s] INFO:colcon.colcon_notification.desktop_notification:Sending desktop notification using 'notify2'
[19.616s] DEBUG:colcon.colcon_notification.desktop_notification.notify2:Failed to initialize notify2: org.freedesktop.DBus.Error.NoReply: Did not receive a reply. Possible causes include: the remote application did not send a reply, the message bus security policy blocked the reply, the reply timeout expired, or the network connection was broken.
[19.616s] DEBUG:colcon.colcon_core.event_reactor:joined thread
[19.617s] INFO:colcon.colcon_core.shell:Creating prefix script '/home/lucas/ros2_ws/install/local_setup.ps1'
[19.620s] INFO:colcon.colcon_core.shell:Creating prefix util module '/home/lucas/ros2_ws/install/_local_setup_util_ps1.py'
[19.639s] INFO:colcon.colcon_core.shell:Creating prefix chain script '/home/lucas/ros2_ws/install/setup.ps1'
[19.645s] INFO:colcon.colcon_core.shell:Creating prefix script '/home/lucas/ros2_ws/install/local_setup.sh'
[19.655s] INFO:colcon.colcon_core.shell:Creating prefix util module '/home/lucas/ros2_ws/install/_local_setup_util_sh.py'
[19.667s] INFO:colcon.colcon_core.shell:Creating prefix chain script '/home/lucas/ros2_ws/install/setup.sh'
[19.670s] INFO:colcon.colcon_core.shell:Creating prefix script '/home/lucas/ros2_ws/install/local_setup.bash'
[19.676s] INFO:colcon.colcon_core.shell:Creating prefix chain script '/home/lucas/ros2_ws/install/setup.bash'
[19.680s] INFO:colcon.colcon_core.shell:Creating prefix script '/home/lucas/ros2_ws/install/local_setup.zsh'
[19.707s] INFO:colcon.colcon_core.shell:Creating prefix chain script '/home/lucas/ros2_ws/install/setup.zsh'
[19.712s] INFO:colcon.colcon_core.shell:Creating '/home/lucas/ros2_ws/install/spawn_shell.bash'
