[0.010s] Invoking command in '/home/lucas/ros2_ws/build/my_cpp_pkg': CMAKE_PREFIX_PATH=/home/lucas/ros2_ws/install/my_py_pkg:/opt/ros/humble /usr/bin/cmake /home/lucas/ros2_ws/src/my_cpp_pkg -DCMAKE_INSTALL_PREFIX=/home/lucas/ros2_ws/install/my_cpp_pkg
[0.574s] -- The C compiler identification is GNU 11.4.0
[0.926s] -- The CXX compiler identification is GNU 11.4.0
[1.006s] -- Detecting C compiler ABI info
[1.180s] -- Detecting C compiler ABI info - done
[1.190s] -- Check for working C compiler: /usr/bin/cc - skipped
[1.192s] -- Detecting C compile features
[1.195s] -- Detecting C compile features - done
[1.205s] -- Detecting CXX compiler ABI info
[1.388s] -- Detecting CXX compiler ABI info - done
[1.398s] -- Check for working CXX compiler: /usr/bin/c++ - skipped
[1.399s] -- Detecting CXX compile features
[1.402s] -- Detecting CXX compile features - done
[1.442s] -- Found ament_cmake: 1.3.9 (/opt/ros/humble/share/ament_cmake/cmake)
[1.749s] -- Found Python3: /usr/bin/python3 (found version "3.10.12") found components: Interpreter 
[2.022s] -- Found rclcpp: 16.0.9 (/opt/ros/humble/share/rclcpp/cmake)
[2.205s] -- Found rosidl_generator_c: 3.1.5 (/opt/ros/humble/share/rosidl_generator_c/cmake)
[2.221s] -- Found rosidl_adapter: 3.1.5 (/opt/ros/humble/share/rosidl_adapter/cmake)
[2.260s] -- Found rosidl_generator_cpp: 3.1.5 (/opt/ros/humble/share/rosidl_generator_cpp/cmake)
[2.315s] -- Using all available rosidl_typesupport_c: rosidl_typesupport_fastrtps_c;rosidl_typesupport_introspection_c
[2.393s] -- Using all available rosidl_typesupport_cpp: rosidl_typesupport_fastrtps_cpp;rosidl_typesupport_introspection_cpp
[2.611s] -- Found rmw_implementation_cmake: 6.1.2 (/opt/ros/humble/share/rmw_implementation_cmake/cmake)
[2.623s] -- Found rmw_fastrtps_cpp: 6.2.6 (/opt/ros/humble/share/rmw_fastrtps_cpp/cmake)
[2.923s] -- Found OpenSSL: /usr/lib/x86_64-linux-gnu/libcrypto.so (found version "3.0.2")  
[2.979s] -- Found FastRTPS: /opt/ros/humble/include  
[3.051s] -- Using RMW implementation 'rmw_fastrtps_cpp' as default
[3.098s] -- Looking for pthread.h
[3.311s] -- Looking for pthread.h - found
[3.312s] -- Performing Test CMAKE_HAVE_LIBC_PTHREAD
[3.460s] -- Performing Test CMAKE_HAVE_LIBC_PTHREAD - Success
[3.461s] -- Found Threads: TRUE  
[3.860s] -- Found ament_lint_auto: 0.12.11 (/opt/ros/humble/share/ament_lint_auto/cmake)
[4.055s] -- Added test 'lint_cmake' to check CMake code style
[4.060s] -- Added test 'xmllint' to check XML markup files
[4.065s] -- Configuring done
[4.070s] -- Generating done
[4.074s] -- Build files have been written to: /home/lucas/ros2_ws/build/my_cpp_pkg
[4.086s] Invoked command in '/home/lucas/ros2_ws/build/my_cpp_pkg' returned '0': CMAKE_PREFIX_PATH=/home/lucas/ros2_ws/install/my_py_pkg:/opt/ros/humble /usr/bin/cmake /home/lucas/ros2_ws/src/my_cpp_pkg -DCMAKE_INSTALL_PREFIX=/home/lucas/ros2_ws/install/my_cpp_pkg
[4.086s] Invoking command in '/home/lucas/ros2_ws/build/my_cpp_pkg': CMAKE_PREFIX_PATH=/home/lucas/ros2_ws/install/my_py_pkg:/opt/ros/humble /usr/bin/cmake --build /home/lucas/ros2_ws/build/my_cpp_pkg -- -j1 -l1
[4.183s] Invoked command in '/home/lucas/ros2_ws/build/my_cpp_pkg' returned '0': CMAKE_PREFIX_PATH=/home/lucas/ros2_ws/install/my_py_pkg:/opt/ros/humble /usr/bin/cmake --build /home/lucas/ros2_ws/build/my_cpp_pkg -- -j1 -l1
[4.273s] Invoking command in '/home/lucas/ros2_ws/build/my_cpp_pkg': CMAKE_PREFIX_PATH=/home/lucas/ros2_ws/install/my_py_pkg:/opt/ros/humble /usr/bin/cmake --install /home/lucas/ros2_ws/build/my_cpp_pkg
[4.289s] -- Install configuration: ""
[4.290s] -- Installing: /home/lucas/ros2_ws/install/my_cpp_pkg/share/ament_index/resource_index/package_run_dependencies/my_cpp_pkg
[4.290s] -- Installing: /home/lucas/ros2_ws/install/my_cpp_pkg/share/ament_index/resource_index/parent_prefix_path/my_cpp_pkg
[4.291s] -- Installing: /home/lucas/ros2_ws/install/my_cpp_pkg/share/my_cpp_pkg/environment/ament_prefix_path.sh
[4.291s] -- Installing: /home/lucas/ros2_ws/install/my_cpp_pkg/share/my_cpp_pkg/environment/ament_prefix_path.dsv
[4.292s] -- Installing: /home/lucas/ros2_ws/install/my_cpp_pkg/share/my_cpp_pkg/environment/path.sh
[4.292s] -- Installing: /home/lucas/ros2_ws/install/my_cpp_pkg/share/my_cpp_pkg/environment/path.dsv
[4.294s] -- Installing: /home/lucas/ros2_ws/install/my_cpp_pkg/share/my_cpp_pkg/local_setup.bash
[4.294s] -- Installing: /home/lucas/ros2_ws/install/my_cpp_pkg/share/my_cpp_pkg/local_setup.sh
[4.294s] -- Installing: /home/lucas/ros2_ws/install/my_cpp_pkg/share/my_cpp_pkg/local_setup.zsh
[4.295s] -- Installing: /home/lucas/ros2_ws/install/my_cpp_pkg/share/my_cpp_pkg/local_setup.dsv
[4.295s] -- Installing: /home/lucas/ros2_ws/install/my_cpp_pkg/share/my_cpp_pkg/package.dsv
[4.296s] -- Installing: /home/lucas/ros2_ws/install/my_cpp_pkg/share/ament_index/resource_index/packages/my_cpp_pkg
[4.296s] -- Installing: /home/lucas/ros2_ws/install/my_cpp_pkg/share/my_cpp_pkg/cmake/my_cpp_pkgConfig.cmake
[4.296s] -- Installing: /home/lucas/ros2_ws/install/my_cpp_pkg/share/my_cpp_pkg/cmake/my_cpp_pkgConfig-version.cmake
[4.297s] -- Installing: /home/lucas/ros2_ws/install/my_cpp_pkg/share/my_cpp_pkg/package.xml
[4.318s] Invoked command in '/home/lucas/ros2_ws/build/my_cpp_pkg' returned '0': CMAKE_PREFIX_PATH=/home/lucas/ros2_ws/install/my_py_pkg:/opt/ros/humble /usr/bin/cmake --install /home/lucas/ros2_ws/build/my_cpp_pkg
