[1.074s] Invoking command in '/home/lucas/ros2_ws/src/my_py_pkg2': PYTHONPATH=/home/lucas/ros2_ws/build/my_py_pkg2/prefix_override:/home/lucas/ros2_ws/install/my_py_pkg2/lib/python3.10/site-packages:${PYTHONPATH} /usr/bin/python3 -W ignore:setup.py install is deprecated setup.py egg_info --egg-base ../../build/my_py_pkg2 build --build-base /home/lucas/ros2_ws/build/my_py_pkg2/build install --record /home/lucas/ros2_ws/build/my_py_pkg2/install.log --single-version-externally-managed install_data
[1.521s] running egg_info
[1.522s] writing ../../build/my_py_pkg2/my_py_pkg2.egg-info/PKG-INFO
[1.524s] writing dependency_links to ../../build/my_py_pkg2/my_py_pkg2.egg-info/dependency_links.txt
[1.527s] writing entry points to ../../build/my_py_pkg2/my_py_pkg2.egg-info/entry_points.txt
[1.528s] writing requirements to ../../build/my_py_pkg2/my_py_pkg2.egg-info/requires.txt
[1.529s] writing top-level names to ../../build/my_py_pkg2/my_py_pkg2.egg-info/top_level.txt
[1.532s] reading manifest file '../../build/my_py_pkg2/my_py_pkg2.egg-info/SOURCES.txt'
[1.534s] writing manifest file '../../build/my_py_pkg2/my_py_pkg2.egg-info/SOURCES.txt'
[1.536s] running build
[1.536s] running build_py
[1.536s] copying my_py_pkg2/publisher.py -> /home/lucas/ros2_ws/build/my_py_pkg2/build/lib/my_py_pkg2
[1.537s] copying my_py_pkg2/subscriber.py -> /home/lucas/ros2_ws/build/my_py_pkg2/build/lib/my_py_pkg2
[1.537s] copying my_py_pkg2/my_first_node.py -> /home/lucas/ros2_ws/build/my_py_pkg2/build/lib/my_py_pkg2
[1.537s] copying my_py_pkg2/__init__.py -> /home/lucas/ros2_ws/build/my_py_pkg2/build/lib/my_py_pkg2
[1.538s] running install
[1.539s] running install_lib
[1.540s] creating /home/lucas/ros2_ws/install/my_py_pkg2/lib/python3.10/site-packages/my_py_pkg2
[1.540s] copying /home/lucas/ros2_ws/build/my_py_pkg2/build/lib/my_py_pkg2/publisher.py -> /home/lucas/ros2_ws/install/my_py_pkg2/lib/python3.10/site-packages/my_py_pkg2
[1.541s] copying /home/lucas/ros2_ws/build/my_py_pkg2/build/lib/my_py_pkg2/subscriber.py -> /home/lucas/ros2_ws/install/my_py_pkg2/lib/python3.10/site-packages/my_py_pkg2
[1.541s] copying /home/lucas/ros2_ws/build/my_py_pkg2/build/lib/my_py_pkg2/my_first_node.py -> /home/lucas/ros2_ws/install/my_py_pkg2/lib/python3.10/site-packages/my_py_pkg2
[1.541s] copying /home/lucas/ros2_ws/build/my_py_pkg2/build/lib/my_py_pkg2/__init__.py -> /home/lucas/ros2_ws/install/my_py_pkg2/lib/python3.10/site-packages/my_py_pkg2
[1.542s] byte-compiling /home/lucas/ros2_ws/install/my_py_pkg2/lib/python3.10/site-packages/my_py_pkg2/publisher.py to publisher.cpython-310.pyc
[1.543s] byte-compiling /home/lucas/ros2_ws/install/my_py_pkg2/lib/python3.10/site-packages/my_py_pkg2/subscriber.py to subscriber.cpython-310.pyc
[1.544s] byte-compiling /home/lucas/ros2_ws/install/my_py_pkg2/lib/python3.10/site-packages/my_py_pkg2/my_first_node.py to my_first_node.cpython-310.pyc
[1.544s] byte-compiling /home/lucas/ros2_ws/install/my_py_pkg2/lib/python3.10/site-packages/my_py_pkg2/__init__.py to __init__.cpython-310.pyc
[1.545s] running install_data
[1.545s] creating /home/lucas/ros2_ws/install/my_py_pkg2/share/ament_index
[1.545s] creating /home/lucas/ros2_ws/install/my_py_pkg2/share/ament_index/resource_index
[1.545s] creating /home/lucas/ros2_ws/install/my_py_pkg2/share/ament_index/resource_index/packages
[1.548s] copying resource/my_py_pkg2 -> /home/lucas/ros2_ws/install/my_py_pkg2/share/ament_index/resource_index/packages
[1.548s] copying package.xml -> /home/lucas/ros2_ws/install/my_py_pkg2/share/my_py_pkg2
[1.548s] running install_egg_info
[1.551s] Copying ../../build/my_py_pkg2/my_py_pkg2.egg-info to /home/lucas/ros2_ws/install/my_py_pkg2/lib/python3.10/site-packages/my_py_pkg2-0.0.0-py3.10.egg-info
[1.552s] running install_scripts
[1.584s] Installing publisher script to /home/lucas/ros2_ws/install/my_py_pkg2/lib/my_py_pkg2
[1.584s] Installing py_node script to /home/lucas/ros2_ws/install/my_py_pkg2/lib/my_py_pkg2
[1.584s] Installing subscriber script to /home/lucas/ros2_ws/install/my_py_pkg2/lib/my_py_pkg2
[1.585s] writing list of installed files to '/home/lucas/ros2_ws/build/my_py_pkg2/install.log'
[1.650s] Invoked command in '/home/lucas/ros2_ws/src/my_py_pkg2' returned '0': PYTHONPATH=/home/lucas/ros2_ws/build/my_py_pkg2/prefix_override:/home/lucas/ros2_ws/install/my_py_pkg2/lib/python3.10/site-packages:${PYTHONPATH} /usr/bin/python3 -W ignore:setup.py install is deprecated setup.py egg_info --egg-base ../../build/my_py_pkg2 build --build-base /home/lucas/ros2_ws/build/my_py_pkg2/build install --record /home/lucas/ros2_ws/build/my_py_pkg2/install.log --single-version-externally-managed install_data
