[1.365s] Invoking command in '/home/lucas/ros2_ws/src/my_py_pkg': PYTHONPATH=/home/lucas/ros2_ws/build/my_py_pkg/prefix_override:/home/lucas/ros2_ws/install/my_py_pkg/lib/python3.10/site-packages:${PYTHONPATH} /usr/bin/python3 -W ignore:setup.py install is deprecated setup.py egg_info --egg-base ../../build/my_py_pkg build --build-base /home/lucas/ros2_ws/build/my_py_pkg/build install --record /home/lucas/ros2_ws/build/my_py_pkg/install.log --single-version-externally-managed install_data
[1.827s] running egg_info
[1.828s] writing ../../build/my_py_pkg/my_py_pkg.egg-info/PKG-INFO
[1.833s] writing dependency_links to ../../build/my_py_pkg/my_py_pkg.egg-info/dependency_links.txt
[1.834s] writing entry points to ../../build/my_py_pkg/my_py_pkg.egg-info/entry_points.txt
[1.836s] writing requirements to ../../build/my_py_pkg/my_py_pkg.egg-info/requires.txt
[1.837s] writing top-level names to ../../build/my_py_pkg/my_py_pkg.egg-info/top_level.txt
[1.841s] reading manifest file '../../build/my_py_pkg/my_py_pkg.egg-info/SOURCES.txt'
[1.842s] writing manifest file '../../build/my_py_pkg/my_py_pkg.egg-info/SOURCES.txt'
[1.844s] running build
[1.844s] running build_py
[1.844s] copying my_py_pkg/subscriber.py -> /home/lucas/ros2_ws/build/my_py_pkg/build/lib/my_py_pkg
[1.845s] running install
[1.846s] running install_lib
[1.847s] copying /home/lucas/ros2_ws/build/my_py_pkg/build/lib/my_py_pkg/subscriber.py -> /home/lucas/ros2_ws/install/my_py_pkg/lib/python3.10/site-packages/my_py_pkg
[1.848s] byte-compiling /home/lucas/ros2_ws/install/my_py_pkg/lib/python3.10/site-packages/my_py_pkg/subscriber.py to subscriber.cpython-310.pyc
[1.863s] running install_data
[1.863s] running install_egg_info
[1.865s] removing '/home/lucas/ros2_ws/install/my_py_pkg/lib/python3.10/site-packages/my_py_pkg-0.0.0-py3.10.egg-info' (and everything under it)
[1.866s] Copying ../../build/my_py_pkg/my_py_pkg.egg-info to /home/lucas/ros2_ws/install/my_py_pkg/lib/python3.10/site-packages/my_py_pkg-0.0.0-py3.10.egg-info
[1.867s] running install_scripts
[1.902s] Installing publisher script to /home/lucas/ros2_ws/install/my_py_pkg/lib/my_py_pkg
[1.904s] Installing py_node script to /home/lucas/ros2_ws/install/my_py_pkg/lib/my_py_pkg
[1.905s] Installing subscriber script to /home/lucas/ros2_ws/install/my_py_pkg/lib/my_py_pkg
[1.908s] writing list of installed files to '/home/lucas/ros2_ws/build/my_py_pkg/install.log'
[1.946s] Invoked command in '/home/lucas/ros2_ws/src/my_py_pkg' returned '0': PYTHONPATH=/home/lucas/ros2_ws/build/my_py_pkg/prefix_override:/home/lucas/ros2_ws/install/my_py_pkg/lib/python3.10/site-packages:${PYTHONPATH} /usr/bin/python3 -W ignore:setup.py install is deprecated setup.py egg_info --egg-base ../../build/my_py_pkg build --build-base /home/lucas/ros2_ws/build/my_py_pkg/build install --record /home/lucas/ros2_ws/build/my_py_pkg/install.log --single-version-externally-managed install_data
