[0.049s] Invoking command in '/home/lucas/ros2_ws/build/stage_ros2': CMAKE_PREFIX_PATH=/home/lucas/ros2_ws/install/Stage:/home/lucas/ros2_ws/install/stage_ros2:/home/lucas/ros2_ws/install/my_cpp_pkg:/home/lucas/ros2_ws/install/stage_challenge:/home/lucas/ros2_ws/install/my_py_pkg2:/home/lucas/ros2_ws/install/my_py_pkg:/opt/ros/humble LD_LIBRARY_PATH=/home/lucas/ros2_ws/install/Stage/lib:/home/lucas/ros2_ws/install/stage_ros2/lib:/opt/ros/humble/opt/rviz_ogre_vendor/lib:/opt/ros/humble/lib/x86_64-linux-gnu:/opt/ros/humble/lib /usr/bin/cmake --build /home/lucas/ros2_ws/build/stage_ros2 -- -j1 -l1
[0.209s] [ 71%] Built target stage_node
[0.276s] [100%] Built target stage_ros2
[0.302s] Invoked command in '/home/lucas/ros2_ws/build/stage_ros2' returned '0': CMAKE_PREFIX_PATH=/home/lucas/ros2_ws/install/Stage:/home/lucas/ros2_ws/install/stage_ros2:/home/lucas/ros2_ws/install/my_cpp_pkg:/home/lucas/ros2_ws/install/stage_challenge:/home/lucas/ros2_ws/install/my_py_pkg2:/home/lucas/ros2_ws/install/my_py_pkg:/opt/ros/humble LD_LIBRARY_PATH=/home/lucas/ros2_ws/install/Stage/lib:/home/lucas/ros2_ws/install/stage_ros2/lib:/opt/ros/humble/opt/rviz_ogre_vendor/lib:/opt/ros/humble/lib/x86_64-linux-gnu:/opt/ros/humble/lib /usr/bin/cmake --build /home/lucas/ros2_ws/build/stage_ros2 -- -j1 -l1
[0.444s] Invoking command in '/home/lucas/ros2_ws/build/stage_ros2': CMAKE_PREFIX_PATH=/home/lucas/ros2_ws/install/Stage:/home/lucas/ros2_ws/install/stage_ros2:/home/lucas/ros2_ws/install/my_cpp_pkg:/home/lucas/ros2_ws/install/stage_challenge:/home/lucas/ros2_ws/install/my_py_pkg2:/home/lucas/ros2_ws/install/my_py_pkg:/opt/ros/humble LD_LIBRARY_PATH=/home/lucas/ros2_ws/install/Stage/lib:/home/lucas/ros2_ws/install/stage_ros2/lib:/opt/ros/humble/opt/rviz_ogre_vendor/lib:/opt/ros/humble/lib/x86_64-linux-gnu:/opt/ros/humble/lib /usr/bin/cmake --install /home/lucas/ros2_ws/build/stage_ros2
[0.458s] -- Install configuration: ""
[0.459s] -- Up-to-date: /home/lucas/ros2_ws/install/stage_ros2/share/stage_ros2/environment/library_path.sh
[0.459s] -- Up-to-date: /home/lucas/ros2_ws/install/stage_ros2/share/stage_ros2/environment/library_path.dsv
[0.459s] -- Up-to-date: /home/lucas/ros2_ws/install/stage_ros2/share/stage_ros2//launch
[0.459s] -- Up-to-date: /home/lucas/ros2_ws/install/stage_ros2/share/stage_ros2//launch/f710.launch.py
[0.460s] -- Up-to-date: /home/lucas/ros2_ws/install/stage_ros2/share/stage_ros2//launch/stage.launch.py
[0.460s] -- Up-to-date: /home/lucas/ros2_ws/install/stage_ros2/share/stage_ros2//launch/rviz.launch.py
[0.460s] -- Up-to-date: /home/lucas/ros2_ws/install/stage_ros2/share/stage_ros2//launch/demo.launch.py
[0.460s] -- Up-to-date: /home/lucas/ros2_ws/install/stage_ros2/share/stage_ros2//launch/rviz_ns.launch.py
[0.460s] -- Up-to-date: /home/lucas/ros2_ws/install/stage_ros2/share/stage_ros2//world
[0.460s] -- Up-to-date: /home/lucas/ros2_ws/install/stage_ros2/share/stage_ros2//world/bitmaps
[0.461s] -- Up-to-date: /home/lucas/ros2_ws/install/stage_ros2/share/stage_ros2//world/bitmaps/warehouse200.pgm
[0.461s] -- Up-to-date: /home/lucas/ros2_ws/install/stage_ros2/share/stage_ros2//world/bitmaps/straden.png
[0.461s] -- Up-to-date: /home/lucas/ros2_ws/install/stage_ros2/share/stage_ros2//world/bitmaps/line.png
[0.470s] -- Up-to-date: /home/lucas/ros2_ws/install/stage_ros2/share/stage_ros2//world/bitmaps/hallway.png
[0.470s] -- Up-to-date: /home/lucas/ros2_ws/install/stage_ros2/share/stage_ros2//world/bitmaps/warehouse008.pgm
[0.470s] -- Up-to-date: /home/lucas/ros2_ws/install/stage_ros2/share/stage_ros2//world/bitmaps/hallway.pgm
[0.471s] -- Up-to-date: /home/lucas/ros2_ws/install/stage_ros2/share/stage_ros2//world/bitmaps/cave.png
[0.471s] -- Up-to-date: /home/lucas/ros2_ws/install/stage_ros2/share/stage_ros2//world/bitmaps/warehouse032.pgm
[0.471s] -- Up-to-date: /home/lucas/ros2_ws/install/stage_ros2/share/stage_ros2//world/bitmaps/willow-full.pgm
[0.471s] -- Up-to-date: /home/lucas/ros2_ws/install/stage_ros2/share/stage_ros2//world/hallway.world
[0.472s] -- Up-to-date: /home/lucas/ros2_ws/install/stage_ros2/share/stage_ros2//world/lines.world
[0.472s] -- Up-to-date: /home/lucas/ros2_ws/install/stage_ros2/share/stage_ros2//world/willow-four-erratics-multisensor.world
[0.472s] -- Up-to-date: /home/lucas/ros2_ws/install/stage_ros2/share/stage_ros2//world/straden.world
[0.472s] -- Up-to-date: /home/lucas/ros2_ws/install/stage_ros2/share/stage_ros2//world/cave_three_robots.world
[0.473s] -- Installing: /home/lucas/ros2_ws/install/stage_ros2/share/stage_ros2//world/cave.world
[0.473s] -- Up-to-date: /home/lucas/ros2_ws/install/stage_ros2/share/stage_ros2//world/include
[0.473s] -- Up-to-date: /home/lucas/ros2_ws/install/stage_ros2/share/stage_ros2//world/include/robots.inc
[0.474s] -- Up-to-date: /home/lucas/ros2_ws/install/stage_ros2/share/stage_ros2//world/include/pioneer2dx.inc
[0.474s] -- Up-to-date: /home/lucas/ros2_ws/install/stage_ros2/share/stage_ros2//world/cave_seven_robots.world
[0.474s] -- Up-to-date: /home/lucas/ros2_ws/install/stage_ros2/share/stage_ros2//config
[0.474s] -- Up-to-date: /home/lucas/ros2_ws/install/stage_ros2/share/stage_ros2//config/rviz
[0.474s] -- Up-to-date: /home/lucas/ros2_ws/install/stage_ros2/share/stage_ros2//config/rviz/robot_ns_depth.rviz
[0.474s] -- Up-to-date: /home/lucas/ros2_ws/install/stage_ros2/share/stage_ros2//config/rviz/robot0.rviz
[0.475s] -- Up-to-date: /home/lucas/ros2_ws/install/stage_ros2/share/stage_ros2//config/rviz/cave.rviz
[0.475s] -- Up-to-date: /home/lucas/ros2_ws/install/stage_ros2/share/stage_ros2//config/rviz/lines.rviz
[0.475s] -- Up-to-date: /home/lucas/ros2_ws/install/stage_ros2/share/stage_ros2//config/rviz/cave_three_robots.rviz
[0.475s] -- Up-to-date: /home/lucas/ros2_ws/install/stage_ros2/share/stage_ros2//config/rviz/cave_seven_robots.rviz
[0.475s] -- Up-to-date: /home/lucas/ros2_ws/install/stage_ros2/share/stage_ros2//config/rviz/robot_ns.rviz
[0.475s] -- Up-to-date: /home/lucas/ros2_ws/install/stage_ros2/share/stage_ros2//config/teleop_twist_joy
[0.476s] -- Up-to-date: /home/lucas/ros2_ws/install/stage_ros2/share/stage_ros2//config/teleop_twist_joy/f710.config.yaml
[0.476s] -- Up-to-date: /home/lucas/ros2_ws/install/stage_ros2/lib/libstage_node.so
[0.477s] -- Up-to-date: /home/lucas/ros2_ws/install/stage_ros2/lib/stage_ros2/stage_ros2
[0.477s] -- Up-to-date: /home/lucas/ros2_ws/install/stage_ros2/share/ament_index/resource_index/package_run_dependencies/stage_ros2
[0.477s] -- Up-to-date: /home/lucas/ros2_ws/install/stage_ros2/share/ament_index/resource_index/parent_prefix_path/stage_ros2
[0.478s] -- Up-to-date: /home/lucas/ros2_ws/install/stage_ros2/share/stage_ros2/environment/ament_prefix_path.sh
[0.478s] -- Up-to-date: /home/lucas/ros2_ws/install/stage_ros2/share/stage_ros2/environment/ament_prefix_path.dsv
[0.478s] -- Up-to-date: /home/lucas/ros2_ws/install/stage_ros2/share/stage_ros2/environment/path.sh
[0.478s] -- Up-to-date: /home/lucas/ros2_ws/install/stage_ros2/share/stage_ros2/environment/path.dsv
[0.479s] -- Up-to-date: /home/lucas/ros2_ws/install/stage_ros2/share/stage_ros2/local_setup.bash
[0.479s] -- Up-to-date: /home/lucas/ros2_ws/install/stage_ros2/share/stage_ros2/local_setup.sh
[0.480s] -- Up-to-date: /home/lucas/ros2_ws/install/stage_ros2/share/stage_ros2/local_setup.zsh
[0.480s] -- Up-to-date: /home/lucas/ros2_ws/install/stage_ros2/share/stage_ros2/local_setup.dsv
[0.480s] -- Installing: /home/lucas/ros2_ws/install/stage_ros2/share/stage_ros2/package.dsv
[0.481s] -- Up-to-date: /home/lucas/ros2_ws/install/stage_ros2/share/ament_index/resource_index/packages/stage_ros2
[0.481s] -- Up-to-date: /home/lucas/ros2_ws/install/stage_ros2/share/stage_ros2/cmake/stage_ros2Config.cmake
[0.482s] -- Up-to-date: /home/lucas/ros2_ws/install/stage_ros2/share/stage_ros2/cmake/stage_ros2Config-version.cmake
[0.484s] -- Up-to-date: /home/lucas/ros2_ws/install/stage_ros2/share/stage_ros2/package.xml
[0.489s] Invoked command in '/home/lucas/ros2_ws/build/stage_ros2' returned '0': CMAKE_PREFIX_PATH=/home/lucas/ros2_ws/install/Stage:/home/lucas/ros2_ws/install/stage_ros2:/home/lucas/ros2_ws/install/my_cpp_pkg:/home/lucas/ros2_ws/install/stage_challenge:/home/lucas/ros2_ws/install/my_py_pkg2:/home/lucas/ros2_ws/install/my_py_pkg:/opt/ros/humble LD_LIBRARY_PATH=/home/lucas/ros2_ws/install/Stage/lib:/home/lucas/ros2_ws/install/stage_ros2/lib:/opt/ros/humble/opt/rviz_ogre_vendor/lib:/opt/ros/humble/lib/x86_64-linux-gnu:/opt/ros/humble/lib /usr/bin/cmake --install /home/lucas/ros2_ws/build/stage_ros2
