[0.962s] DEBUG:colcon:Command line arguments: ['/usr/bin/colcon', 'build']
[0.962s] DEBUG:colcon:Parsed command line arguments: Namespace(log_base=None, log_level=None, verb_name='build', build_base='build', install_base='install', merge_install=False, symlink_install=False, test_result_base=None, continue_on_error=False, executor='parallel', parallel_workers=1, event_handlers=None, ignore_user_meta=False, metas=['./colcon.meta'], base_paths=['.'], packages_ignore=None, packages_ignore_regex=None, paths=None, packages_up_to=None, packages_up_to_regex=None, packages_above=None, packages_above_and_dependencies=None, packages_above_depth=None, packages_select_by_dep=None, packages_skip_by_dep=None, packages_skip_up_to=None, packages_select_build_failed=False, packages_skip_build_finished=False, packages_select_test_failures=False, packages_skip_test_passed=False, packages_select=None, packages_skip=None, packages_select_regex=None, packages_skip_regex=None, packages_start=None, packages_end=None, allow_overriding=[], bazel_args=None, bazel_task=None, cmake_args=None, cmake_target=None, cmake_target_skip_unavailable=False, cmake_clean_cache=False, cmake_clean_first=False, cmake_force_configure=False, meson_args=[], ament_cmake_args=None, catkin_cmake_args=None, catkin_skip_building_tests=False, mixin_files=None, mixin=None, verb_parser=<colcon_alias.argument_parser.alias.AliasArgumentDecorator object at 0x7231330445e0>, verb_extension=<colcon_core.verb.build.BuildVerb object at 0x7231331e1ae0>, main=<bound method BuildVerb.main of <colcon_core.verb.build.BuildVerb object at 0x7231331e1ae0>>, mixin_verb=('build',))
[1.644s] Level 1:colcon.colcon_core.package_discovery:discover_packages(colcon_meta) check parameters
[1.644s] Level 1:colcon.colcon_core.package_discovery:discover_packages(recursive) check parameters
[1.644s] Level 1:colcon.colcon_core.package_discovery:discover_packages(ignore) check parameters
[1.644s] Level 1:colcon.colcon_core.package_discovery:discover_packages(path) check parameters
[1.644s] Level 1:colcon.colcon_core.package_discovery:discover_packages(colcon_meta) discover
[1.644s] Level 1:colcon.colcon_core.package_discovery:discover_packages(recursive) discover
[1.644s] INFO:colcon.colcon_core.package_discovery:Crawling recursively for packages in '/home/lucas/ros2_ws'
[1.644s] Level 1:colcon.colcon_core.package_identification:_identify(.) by extensions ['ignore', 'ignore_ament_install']
[1.645s] Level 1:colcon.colcon_core.package_identification:_identify(.) by extension 'ignore'
[1.645s] Level 1:colcon.colcon_core.package_identification:_identify(.) by extension 'ignore_ament_install'
[1.645s] Level 1:colcon.colcon_core.package_identification:_identify(.) by extensions ['colcon_pkg']
[1.645s] Level 1:colcon.colcon_core.package_identification:_identify(.) by extension 'colcon_pkg'
[1.645s] Level 1:colcon.colcon_core.package_identification:_identify(.) by extensions ['colcon_meta']
[1.645s] Level 1:colcon.colcon_core.package_identification:_identify(.) by extension 'colcon_meta'
[1.645s] Level 1:colcon.colcon_core.package_identification:_identify(.) by extensions ['ros']
[1.645s] Level 1:colcon.colcon_core.package_identification:_identify(.) by extension 'ros'
[1.649s] Level 1:colcon.colcon_core.package_identification:_identify(.) by extensions ['bazel', 'cmake', 'meson', 'python']
[1.649s] Level 1:colcon.colcon_core.package_identification:_identify(.) by extension 'bazel'
[1.649s] Level 1:colcon.colcon_core.package_identification:_identify(.) by extension 'cmake'
[1.649s] Level 1:colcon.colcon_core.package_identification:_identify(.) by extension 'meson'
[1.649s] Level 1:colcon.colcon_core.package_identification:_identify(.) by extension 'python'
[1.649s] Level 1:colcon.colcon_core.package_identification:_identify(.) by extensions ['python_setup_py']
[1.649s] Level 1:colcon.colcon_core.package_identification:_identify(.) by extension 'python_setup_py'
[1.649s] Level 1:colcon.colcon_core.package_identification:_identify(build) by extensions ['ignore', 'ignore_ament_install']
[1.649s] Level 1:colcon.colcon_core.package_identification:_identify(build) by extension 'ignore'
[1.649s] Level 1:colcon.colcon_core.package_identification:_identify(build) ignored
[1.678s] Level 1:colcon.colcon_core.package_identification:_identify(install) by extensions ['ignore', 'ignore_ament_install']
[1.678s] Level 1:colcon.colcon_core.package_identification:_identify(install) by extension 'ignore'
[1.678s] Level 1:colcon.colcon_core.package_identification:_identify(install) ignored
[1.678s] Level 1:colcon.colcon_core.package_identification:_identify(log) by extensions ['ignore', 'ignore_ament_install']
[1.678s] Level 1:colcon.colcon_core.package_identification:_identify(log) by extension 'ignore'
[1.679s] Level 1:colcon.colcon_core.package_identification:_identify(log) ignored
[1.679s] Level 1:colcon.colcon_core.package_identification:_identify(rosbag2_2024_06_23-17_14_13) by extensions ['ignore', 'ignore_ament_install']
[1.679s] Level 1:colcon.colcon_core.package_identification:_identify(rosbag2_2024_06_23-17_14_13) by extension 'ignore'
[1.679s] Level 1:colcon.colcon_core.package_identification:_identify(rosbag2_2024_06_23-17_14_13) by extension 'ignore_ament_install'
[1.679s] Level 1:colcon.colcon_core.package_identification:_identify(rosbag2_2024_06_23-17_14_13) by extensions ['colcon_pkg']
[1.679s] Level 1:colcon.colcon_core.package_identification:_identify(rosbag2_2024_06_23-17_14_13) by extension 'colcon_pkg'
[1.679s] Level 1:colcon.colcon_core.package_identification:_identify(rosbag2_2024_06_23-17_14_13) by extensions ['colcon_meta']
[1.679s] Level 1:colcon.colcon_core.package_identification:_identify(rosbag2_2024_06_23-17_14_13) by extension 'colcon_meta'
[1.679s] Level 1:colcon.colcon_core.package_identification:_identify(rosbag2_2024_06_23-17_14_13) by extensions ['ros']
[1.679s] Level 1:colcon.colcon_core.package_identification:_identify(rosbag2_2024_06_23-17_14_13) by extension 'ros'
[1.679s] Level 1:colcon.colcon_core.package_identification:_identify(rosbag2_2024_06_23-17_14_13) by extensions ['bazel', 'cmake', 'meson', 'python']
[1.679s] Level 1:colcon.colcon_core.package_identification:_identify(rosbag2_2024_06_23-17_14_13) by extension 'bazel'
[1.679s] Level 1:colcon.colcon_core.package_identification:_identify(rosbag2_2024_06_23-17_14_13) by extension 'cmake'
[1.679s] Level 1:colcon.colcon_core.package_identification:_identify(rosbag2_2024_06_23-17_14_13) by extension 'meson'
[1.680s] Level 1:colcon.colcon_core.package_identification:_identify(rosbag2_2024_06_23-17_14_13) by extension 'python'
[1.680s] Level 1:colcon.colcon_core.package_identification:_identify(rosbag2_2024_06_23-17_14_13) by extensions ['python_setup_py']
[1.680s] Level 1:colcon.colcon_core.package_identification:_identify(rosbag2_2024_06_23-17_14_13) by extension 'python_setup_py'
[1.680s] Level 1:colcon.colcon_core.package_identification:_identify(src) by extensions ['ignore', 'ignore_ament_install']
[1.680s] Level 1:colcon.colcon_core.package_identification:_identify(src) by extension 'ignore'
[1.680s] Level 1:colcon.colcon_core.package_identification:_identify(src) by extension 'ignore_ament_install'
[1.680s] Level 1:colcon.colcon_core.package_identification:_identify(src) by extensions ['colcon_pkg']
[1.680s] Level 1:colcon.colcon_core.package_identification:_identify(src) by extension 'colcon_pkg'
[1.680s] Level 1:colcon.colcon_core.package_identification:_identify(src) by extensions ['colcon_meta']
[1.680s] Level 1:colcon.colcon_core.package_identification:_identify(src) by extension 'colcon_meta'
[1.680s] Level 1:colcon.colcon_core.package_identification:_identify(src) by extensions ['ros']
[1.680s] Level 1:colcon.colcon_core.package_identification:_identify(src) by extension 'ros'
[1.680s] Level 1:colcon.colcon_core.package_identification:_identify(src) by extensions ['bazel', 'cmake', 'meson', 'python']
[1.680s] Level 1:colcon.colcon_core.package_identification:_identify(src) by extension 'bazel'
[1.680s] Level 1:colcon.colcon_core.package_identification:_identify(src) by extension 'cmake'
[1.686s] Level 1:colcon.colcon_core.package_identification:_identify(src) by extension 'meson'
[1.687s] Level 1:colcon.colcon_core.package_identification:_identify(src) by extension 'python'
[1.687s] Level 1:colcon.colcon_core.package_identification:_identify(src) by extensions ['python_setup_py']
[1.687s] Level 1:colcon.colcon_core.package_identification:_identify(src) by extension 'python_setup_py'
[1.687s] Level 1:colcon.colcon_core.package_identification:_identify(src/Stage-ros2) by extensions ['ignore', 'ignore_ament_install']
[1.687s] Level 1:colcon.colcon_core.package_identification:_identify(src/Stage-ros2) by extension 'ignore'
[1.687s] Level 1:colcon.colcon_core.package_identification:_identify(src/Stage-ros2) by extension 'ignore_ament_install'
[1.687s] Level 1:colcon.colcon_core.package_identification:_identify(src/Stage-ros2) by extensions ['colcon_pkg']
[1.687s] Level 1:colcon.colcon_core.package_identification:_identify(src/Stage-ros2) by extension 'colcon_pkg'
[1.687s] Level 1:colcon.colcon_core.package_identification:_identify(src/Stage-ros2) by extensions ['colcon_meta']
[1.687s] Level 1:colcon.colcon_core.package_identification:_identify(src/Stage-ros2) by extension 'colcon_meta'
[1.687s] Level 1:colcon.colcon_core.package_identification:_identify(src/Stage-ros2) by extensions ['ros']
[1.687s] Level 1:colcon.colcon_core.package_identification:_identify(src/Stage-ros2) by extension 'ros'
[1.688s] Level 1:colcon.colcon_core.package_identification:_identify(src/Stage-ros2) by extensions ['bazel', 'cmake', 'meson', 'python']
[1.688s] Level 1:colcon.colcon_core.package_identification:_identify(src/Stage-ros2) by extension 'bazel'
[1.688s] Level 1:colcon.colcon_core.package_identification:_identify(src/Stage-ros2) by extension 'cmake'
[1.706s] Level 1:colcon.colcon_core.package_identification:_identify(src/Stage-ros2) by extension 'meson'
[1.707s] Level 1:colcon.colcon_core.package_identification:_identify(src/Stage-ros2) by extension 'python'
[1.707s] DEBUG:colcon.colcon_core.package_identification:Package 'src/Stage-ros2' with type 'cmake' and name 'Stage'
[1.707s] Level 1:colcon.colcon_core.package_identification:_identify(src/my_cpp_pkg) by extensions ['ignore', 'ignore_ament_install']
[1.707s] Level 1:colcon.colcon_core.package_identification:_identify(src/my_cpp_pkg) by extension 'ignore'
[1.707s] Level 1:colcon.colcon_core.package_identification:_identify(src/my_cpp_pkg) by extension 'ignore_ament_install'
[1.707s] Level 1:colcon.colcon_core.package_identification:_identify(src/my_cpp_pkg) by extensions ['colcon_pkg']
[1.707s] Level 1:colcon.colcon_core.package_identification:_identify(src/my_cpp_pkg) by extension 'colcon_pkg'
[1.707s] Level 1:colcon.colcon_core.package_identification:_identify(src/my_cpp_pkg) by extensions ['colcon_meta']
[1.707s] Level 1:colcon.colcon_core.package_identification:_identify(src/my_cpp_pkg) by extension 'colcon_meta'
[1.707s] Level 1:colcon.colcon_core.package_identification:_identify(src/my_cpp_pkg) by extensions ['ros']
[1.707s] Level 1:colcon.colcon_core.package_identification:_identify(src/my_cpp_pkg) by extension 'ros'
[1.710s] DEBUG:colcon.colcon_core.package_identification:Package 'src/my_cpp_pkg' with type 'ros.ament_cmake' and name 'my_cpp_pkg'
[1.710s] Level 1:colcon.colcon_core.package_identification:_identify(src/my_py_pkg) by extensions ['ignore', 'ignore_ament_install']
[1.710s] Level 1:colcon.colcon_core.package_identification:_identify(src/my_py_pkg) by extension 'ignore'
[1.711s] Level 1:colcon.colcon_core.package_identification:_identify(src/my_py_pkg) by extension 'ignore_ament_install'
[1.711s] Level 1:colcon.colcon_core.package_identification:_identify(src/my_py_pkg) by extensions ['colcon_pkg']
[1.711s] Level 1:colcon.colcon_core.package_identification:_identify(src/my_py_pkg) by extension 'colcon_pkg'
[1.711s] Level 1:colcon.colcon_core.package_identification:_identify(src/my_py_pkg) by extensions ['colcon_meta']
[1.711s] Level 1:colcon.colcon_core.package_identification:_identify(src/my_py_pkg) by extension 'colcon_meta'
[1.711s] Level 1:colcon.colcon_core.package_identification:_identify(src/my_py_pkg) by extensions ['ros']
[1.711s] Level 1:colcon.colcon_core.package_identification:_identify(src/my_py_pkg) by extension 'ros'
[1.712s] DEBUG:colcon.colcon_core.package_identification:Package 'src/my_py_pkg' with type 'ros.ament_python' and name 'my_py_pkg'
[1.712s] Level 1:colcon.colcon_core.package_identification:_identify(src/my_py_pkg2) by extensions ['ignore', 'ignore_ament_install']
[1.712s] Level 1:colcon.colcon_core.package_identification:_identify(src/my_py_pkg2) by extension 'ignore'
[1.712s] Level 1:colcon.colcon_core.package_identification:_identify(src/my_py_pkg2) by extension 'ignore_ament_install'
[1.713s] Level 1:colcon.colcon_core.package_identification:_identify(src/my_py_pkg2) by extensions ['colcon_pkg']
[1.713s] Level 1:colcon.colcon_core.package_identification:_identify(src/my_py_pkg2) by extension 'colcon_pkg'
[1.713s] Level 1:colcon.colcon_core.package_identification:_identify(src/my_py_pkg2) by extensions ['colcon_meta']
[1.713s] Level 1:colcon.colcon_core.package_identification:_identify(src/my_py_pkg2) by extension 'colcon_meta'
[1.713s] Level 1:colcon.colcon_core.package_identification:_identify(src/my_py_pkg2) by extensions ['ros']
[1.713s] Level 1:colcon.colcon_core.package_identification:_identify(src/my_py_pkg2) by extension 'ros'
[1.713s] DEBUG:colcon.colcon_core.package_identification:Package 'src/my_py_pkg2' with type 'ros.ament_python' and name 'my_py_pkg2'
[1.714s] Level 1:colcon.colcon_core.package_identification:_identify(src/stage_challenge) by extensions ['ignore', 'ignore_ament_install']
[1.714s] Level 1:colcon.colcon_core.package_identification:_identify(src/stage_challenge) by extension 'ignore'
[1.714s] Level 1:colcon.colcon_core.package_identification:_identify(src/stage_challenge) by extension 'ignore_ament_install'
[1.714s] Level 1:colcon.colcon_core.package_identification:_identify(src/stage_challenge) by extensions ['colcon_pkg']
[1.714s] Level 1:colcon.colcon_core.package_identification:_identify(src/stage_challenge) by extension 'colcon_pkg'
[1.714s] Level 1:colcon.colcon_core.package_identification:_identify(src/stage_challenge) by extensions ['colcon_meta']
[1.714s] Level 1:colcon.colcon_core.package_identification:_identify(src/stage_challenge) by extension 'colcon_meta'
[1.714s] Level 1:colcon.colcon_core.package_identification:_identify(src/stage_challenge) by extensions ['ros']
[1.714s] Level 1:colcon.colcon_core.package_identification:_identify(src/stage_challenge) by extension 'ros'
[1.715s] DEBUG:colcon.colcon_core.package_identification:Package 'src/stage_challenge' with type 'ros.ament_python' and name 'stage_challenge'
[1.715s] Level 1:colcon.colcon_core.package_identification:_identify(src/stage_ros2-humble) by extensions ['ignore', 'ignore_ament_install']
[1.715s] Level 1:colcon.colcon_core.package_identification:_identify(src/stage_ros2-humble) by extension 'ignore'
[1.715s] Level 1:colcon.colcon_core.package_identification:_identify(src/stage_ros2-humble) by extension 'ignore_ament_install'
[1.715s] Level 1:colcon.colcon_core.package_identification:_identify(src/stage_ros2-humble) by extensions ['colcon_pkg']
[1.715s] Level 1:colcon.colcon_core.package_identification:_identify(src/stage_ros2-humble) by extension 'colcon_pkg'
[1.715s] Level 1:colcon.colcon_core.package_identification:_identify(src/stage_ros2-humble) by extensions ['colcon_meta']
[1.715s] Level 1:colcon.colcon_core.package_identification:_identify(src/stage_ros2-humble) by extension 'colcon_meta'
[1.716s] Level 1:colcon.colcon_core.package_identification:_identify(src/stage_ros2-humble) by extensions ['ros']
[1.716s] Level 1:colcon.colcon_core.package_identification:_identify(src/stage_ros2-humble) by extension 'ros'
[1.716s] DEBUG:colcon.colcon_core.package_identification:Package 'src/stage_ros2-humble' with type 'ros.ament_cmake' and name 'stage_ros2'
[1.716s] Level 1:colcon.colcon_core.package_discovery:discover_packages(recursive) using defaults
[1.716s] Level 1:colcon.colcon_core.package_discovery:discover_packages(ignore) discover
[1.716s] Level 1:colcon.colcon_core.package_discovery:discover_packages(ignore) using defaults
[1.717s] Level 1:colcon.colcon_core.package_discovery:discover_packages(path) discover
[1.717s] Level 1:colcon.colcon_core.package_discovery:discover_packages(path) using defaults
[1.783s] Level 1:colcon.colcon_core.package_discovery:discover_packages(prefix_path) check parameters
[1.783s] Level 1:colcon.colcon_core.package_discovery:discover_packages(prefix_path) discover
[1.805s] DEBUG:colcon.colcon_installed_package_information.package_discovery:Found 6 installed packages in /home/lucas/ros2_ws/install
[1.809s] DEBUG:colcon.colcon_installed_package_information.package_discovery:Found 270 installed packages in /opt/ros/humble
[1.810s] Level 1:colcon.colcon_core.package_discovery:discover_packages(prefix_path) using defaults
[1.960s] Level 5:colcon.colcon_core.verb:set package 'Stage' build argument 'bazel_args' from command line to 'None'
[1.960s] Level 5:colcon.colcon_core.verb:set package 'Stage' build argument 'bazel_task' from command line to 'None'
[1.960s] Level 5:colcon.colcon_core.verb:set package 'Stage' build argument 'cmake_args' from command line to 'None'
[1.960s] Level 5:colcon.colcon_core.verb:set package 'Stage' build argument 'cmake_target' from command line to 'None'
[1.960s] Level 5:colcon.colcon_core.verb:set package 'Stage' build argument 'cmake_target_skip_unavailable' from command line to 'False'
[1.960s] Level 5:colcon.colcon_core.verb:set package 'Stage' build argument 'cmake_clean_cache' from command line to 'False'
[1.960s] Level 5:colcon.colcon_core.verb:set package 'Stage' build argument 'cmake_clean_first' from command line to 'False'
[1.960s] Level 5:colcon.colcon_core.verb:set package 'Stage' build argument 'cmake_force_configure' from command line to 'False'
[1.960s] Level 5:colcon.colcon_core.verb:set package 'Stage' build argument 'meson_args' from command line to '[]'
[1.960s] Level 5:colcon.colcon_core.verb:set package 'Stage' build argument 'ament_cmake_args' from command line to 'None'
[1.960s] Level 5:colcon.colcon_core.verb:set package 'Stage' build argument 'catkin_cmake_args' from command line to 'None'
[1.960s] Level 5:colcon.colcon_core.verb:set package 'Stage' build argument 'catkin_skip_building_tests' from command line to 'False'
[1.961s] DEBUG:colcon.colcon_core.verb:Building package 'Stage' with the following arguments: {'ament_cmake_args': None, 'bazel_args': None, 'bazel_task': None, 'build_base': '/home/lucas/ros2_ws/build/Stage', 'catkin_cmake_args': None, 'catkin_skip_building_tests': False, 'cmake_args': None, 'cmake_clean_cache': False, 'cmake_clean_first': False, 'cmake_force_configure': False, 'cmake_target': None, 'cmake_target_skip_unavailable': False, 'install_base': '/home/lucas/ros2_ws/install/Stage', 'merge_install': False, 'meson_args': [], 'path': '/home/lucas/ros2_ws/src/Stage-ros2', 'symlink_install': False, 'test_result_base': None}
[2.009s] Level 5:colcon.colcon_core.verb:set package 'my_py_pkg' build argument 'bazel_args' from command line to 'None'
[2.009s] Level 5:colcon.colcon_core.verb:set package 'my_py_pkg' build argument 'bazel_task' from command line to 'None'
[2.009s] Level 5:colcon.colcon_core.verb:set package 'my_py_pkg' build argument 'cmake_args' from command line to 'None'
[2.009s] Level 5:colcon.colcon_core.verb:set package 'my_py_pkg' build argument 'cmake_target' from command line to 'None'
[2.009s] Level 5:colcon.colcon_core.verb:set package 'my_py_pkg' build argument 'cmake_target_skip_unavailable' from command line to 'False'
[2.009s] Level 5:colcon.colcon_core.verb:set package 'my_py_pkg' build argument 'cmake_clean_cache' from command line to 'False'
[2.009s] Level 5:colcon.colcon_core.verb:set package 'my_py_pkg' build argument 'cmake_clean_first' from command line to 'False'
[2.009s] Level 5:colcon.colcon_core.verb:set package 'my_py_pkg' build argument 'cmake_force_configure' from command line to 'False'
[2.009s] Level 5:colcon.colcon_core.verb:set package 'my_py_pkg' build argument 'meson_args' from command line to '[]'
[2.009s] Level 5:colcon.colcon_core.verb:set package 'my_py_pkg' build argument 'ament_cmake_args' from command line to 'None'
[2.010s] Level 5:colcon.colcon_core.verb:set package 'my_py_pkg' build argument 'catkin_cmake_args' from command line to 'None'
[2.010s] Level 5:colcon.colcon_core.verb:set package 'my_py_pkg' build argument 'catkin_skip_building_tests' from command line to 'False'
[2.010s] DEBUG:colcon.colcon_core.verb:Building package 'my_py_pkg' with the following arguments: {'ament_cmake_args': None, 'bazel_args': None, 'bazel_task': None, 'build_base': '/home/lucas/ros2_ws/build/my_py_pkg', 'catkin_cmake_args': None, 'catkin_skip_building_tests': False, 'cmake_args': None, 'cmake_clean_cache': False, 'cmake_clean_first': False, 'cmake_force_configure': False, 'cmake_target': None, 'cmake_target_skip_unavailable': False, 'install_base': '/home/lucas/ros2_ws/install/my_py_pkg', 'merge_install': False, 'meson_args': [], 'path': '/home/lucas/ros2_ws/src/my_py_pkg', 'symlink_install': False, 'test_result_base': None}
[2.051s] Level 5:colcon.colcon_core.verb:set package 'my_py_pkg2' build argument 'bazel_args' from command line to 'None'
[2.051s] Level 5:colcon.colcon_core.verb:set package 'my_py_pkg2' build argument 'bazel_task' from command line to 'None'
[2.051s] Level 5:colcon.colcon_core.verb:set package 'my_py_pkg2' build argument 'cmake_args' from command line to 'None'
[2.051s] Level 5:colcon.colcon_core.verb:set package 'my_py_pkg2' build argument 'cmake_target' from command line to 'None'
[2.051s] Level 5:colcon.colcon_core.verb:set package 'my_py_pkg2' build argument 'cmake_target_skip_unavailable' from command line to 'False'
[2.051s] Level 5:colcon.colcon_core.verb:set package 'my_py_pkg2' build argument 'cmake_clean_cache' from command line to 'False'
[2.051s] Level 5:colcon.colcon_core.verb:set package 'my_py_pkg2' build argument 'cmake_clean_first' from command line to 'False'
[2.051s] Level 5:colcon.colcon_core.verb:set package 'my_py_pkg2' build argument 'cmake_force_configure' from command line to 'False'
[2.051s] Level 5:colcon.colcon_core.verb:set package 'my_py_pkg2' build argument 'meson_args' from command line to '[]'
[2.051s] Level 5:colcon.colcon_core.verb:set package 'my_py_pkg2' build argument 'ament_cmake_args' from command line to 'None'
[2.051s] Level 5:colcon.colcon_core.verb:set package 'my_py_pkg2' build argument 'catkin_cmake_args' from command line to 'None'
[2.051s] Level 5:colcon.colcon_core.verb:set package 'my_py_pkg2' build argument 'catkin_skip_building_tests' from command line to 'False'
[2.051s] DEBUG:colcon.colcon_core.verb:Building package 'my_py_pkg2' with the following arguments: {'ament_cmake_args': None, 'bazel_args': None, 'bazel_task': None, 'build_base': '/home/lucas/ros2_ws/build/my_py_pkg2', 'catkin_cmake_args': None, 'catkin_skip_building_tests': False, 'cmake_args': None, 'cmake_clean_cache': False, 'cmake_clean_first': False, 'cmake_force_configure': False, 'cmake_target': None, 'cmake_target_skip_unavailable': False, 'install_base': '/home/lucas/ros2_ws/install/my_py_pkg2', 'merge_install': False, 'meson_args': [], 'path': '/home/lucas/ros2_ws/src/my_py_pkg2', 'symlink_install': False, 'test_result_base': None}
[2.090s] Level 5:colcon.colcon_core.verb:set package 'stage_challenge' build argument 'bazel_args' from command line to 'None'
[2.090s] Level 5:colcon.colcon_core.verb:set package 'stage_challenge' build argument 'bazel_task' from command line to 'None'
[2.090s] Level 5:colcon.colcon_core.verb:set package 'stage_challenge' build argument 'cmake_args' from command line to 'None'
[2.090s] Level 5:colcon.colcon_core.verb:set package 'stage_challenge' build argument 'cmake_target' from command line to 'None'
[2.090s] Level 5:colcon.colcon_core.verb:set package 'stage_challenge' build argument 'cmake_target_skip_unavailable' from command line to 'False'
[2.090s] Level 5:colcon.colcon_core.verb:set package 'stage_challenge' build argument 'cmake_clean_cache' from command line to 'False'
[2.090s] Level 5:colcon.colcon_core.verb:set package 'stage_challenge' build argument 'cmake_clean_first' from command line to 'False'
[2.090s] Level 5:colcon.colcon_core.verb:set package 'stage_challenge' build argument 'cmake_force_configure' from command line to 'False'
[2.090s] Level 5:colcon.colcon_core.verb:set package 'stage_challenge' build argument 'meson_args' from command line to '[]'
[2.090s] Level 5:colcon.colcon_core.verb:set package 'stage_challenge' build argument 'ament_cmake_args' from command line to 'None'
[2.090s] Level 5:colcon.colcon_core.verb:set package 'stage_challenge' build argument 'catkin_cmake_args' from command line to 'None'
[2.090s] Level 5:colcon.colcon_core.verb:set package 'stage_challenge' build argument 'catkin_skip_building_tests' from command line to 'False'
[2.090s] DEBUG:colcon.colcon_core.verb:Building package 'stage_challenge' with the following arguments: {'ament_cmake_args': None, 'bazel_args': None, 'bazel_task': None, 'build_base': '/home/lucas/ros2_ws/build/stage_challenge', 'catkin_cmake_args': None, 'catkin_skip_building_tests': False, 'cmake_args': None, 'cmake_clean_cache': False, 'cmake_clean_first': False, 'cmake_force_configure': False, 'cmake_target': None, 'cmake_target_skip_unavailable': False, 'install_base': '/home/lucas/ros2_ws/install/stage_challenge', 'merge_install': False, 'meson_args': [], 'path': '/home/lucas/ros2_ws/src/stage_challenge', 'symlink_install': False, 'test_result_base': None}
[2.116s] Level 5:colcon.colcon_core.verb:set package 'my_cpp_pkg' build argument 'bazel_args' from command line to 'None'
[2.116s] Level 5:colcon.colcon_core.verb:set package 'my_cpp_pkg' build argument 'bazel_task' from command line to 'None'
[2.116s] Level 5:colcon.colcon_core.verb:set package 'my_cpp_pkg' build argument 'cmake_args' from command line to 'None'
[2.116s] Level 5:colcon.colcon_core.verb:set package 'my_cpp_pkg' build argument 'cmake_target' from command line to 'None'
[2.116s] Level 5:colcon.colcon_core.verb:set package 'my_cpp_pkg' build argument 'cmake_target_skip_unavailable' from command line to 'False'
[2.116s] Level 5:colcon.colcon_core.verb:set package 'my_cpp_pkg' build argument 'cmake_clean_cache' from command line to 'False'
[2.116s] Level 5:colcon.colcon_core.verb:set package 'my_cpp_pkg' build argument 'cmake_clean_first' from command line to 'False'
[2.116s] Level 5:colcon.colcon_core.verb:set package 'my_cpp_pkg' build argument 'cmake_force_configure' from command line to 'False'
[2.116s] Level 5:colcon.colcon_core.verb:set package 'my_cpp_pkg' build argument 'meson_args' from command line to '[]'
[2.116s] Level 5:colcon.colcon_core.verb:set package 'my_cpp_pkg' build argument 'ament_cmake_args' from command line to 'None'
[2.116s] Level 5:colcon.colcon_core.verb:set package 'my_cpp_pkg' build argument 'catkin_cmake_args' from command line to 'None'
[2.116s] Level 5:colcon.colcon_core.verb:set package 'my_cpp_pkg' build argument 'catkin_skip_building_tests' from command line to 'False'
[2.116s] DEBUG:colcon.colcon_core.verb:Building package 'my_cpp_pkg' with the following arguments: {'ament_cmake_args': None, 'bazel_args': None, 'bazel_task': None, 'build_base': '/home/lucas/ros2_ws/build/my_cpp_pkg', 'catkin_cmake_args': None, 'catkin_skip_building_tests': False, 'cmake_args': None, 'cmake_clean_cache': False, 'cmake_clean_first': False, 'cmake_force_configure': False, 'cmake_target': None, 'cmake_target_skip_unavailable': False, 'install_base': '/home/lucas/ros2_ws/install/my_cpp_pkg', 'merge_install': False, 'meson_args': [], 'path': '/home/lucas/ros2_ws/src/my_cpp_pkg', 'symlink_install': False, 'test_result_base': None}
[2.164s] Level 5:colcon.colcon_core.verb:set package 'stage_ros2' build argument 'bazel_args' from command line to 'None'
[2.164s] Level 5:colcon.colcon_core.verb:set package 'stage_ros2' build argument 'bazel_task' from command line to 'None'
[2.164s] Level 5:colcon.colcon_core.verb:set package 'stage_ros2' build argument 'cmake_args' from command line to 'None'
[2.164s] Level 5:colcon.colcon_core.verb:set package 'stage_ros2' build argument 'cmake_target' from command line to 'None'
[2.164s] Level 5:colcon.colcon_core.verb:set package 'stage_ros2' build argument 'cmake_target_skip_unavailable' from command line to 'False'
[2.165s] Level 5:colcon.colcon_core.verb:set package 'stage_ros2' build argument 'cmake_clean_cache' from command line to 'False'
[2.165s] Level 5:colcon.colcon_core.verb:set package 'stage_ros2' build argument 'cmake_clean_first' from command line to 'False'
[2.165s] Level 5:colcon.colcon_core.verb:set package 'stage_ros2' build argument 'cmake_force_configure' from command line to 'False'
[2.165s] Level 5:colcon.colcon_core.verb:set package 'stage_ros2' build argument 'meson_args' from command line to '[]'
[2.165s] Level 5:colcon.colcon_core.verb:set package 'stage_ros2' build argument 'ament_cmake_args' from command line to 'None'
[2.165s] Level 5:colcon.colcon_core.verb:set package 'stage_ros2' build argument 'catkin_cmake_args' from command line to 'None'
[2.165s] Level 5:colcon.colcon_core.verb:set package 'stage_ros2' build argument 'catkin_skip_building_tests' from command line to 'False'
[2.165s] DEBUG:colcon.colcon_core.verb:Building package 'stage_ros2' with the following arguments: {'ament_cmake_args': None, 'bazel_args': None, 'bazel_task': None, 'build_base': '/home/lucas/ros2_ws/build/stage_ros2', 'catkin_cmake_args': None, 'catkin_skip_building_tests': False, 'cmake_args': None, 'cmake_clean_cache': False, 'cmake_clean_first': False, 'cmake_force_configure': False, 'cmake_target': None, 'cmake_target_skip_unavailable': False, 'install_base': '/home/lucas/ros2_ws/install/stage_ros2', 'merge_install': False, 'meson_args': [], 'path': '/home/lucas/ros2_ws/src/stage_ros2-humble', 'symlink_install': False, 'test_result_base': None}
[2.165s] INFO:colcon.colcon_core.executor:Executing jobs using 'parallel' executor
[2.172s] DEBUG:colcon.colcon_parallel_executor.executor.parallel:run_until_complete
[2.172s] INFO:colcon.colcon_cmake.task.cmake.build:Building CMake package in '/home/lucas/ros2_ws/src/Stage-ros2'
[2.175s] INFO:colcon.colcon_core.plugin_system:Skipping extension 'colcon_core.shell.bat': Not used on non-Windows systems
[2.175s] DEBUG:colcon.colcon_ros_domain_id_coordinator.shell.ros_domain_id:Allocated ROS_DOMAIN_ID=75 for '/home/lucas/ros2_ws/build/Stage'
[2.175s] INFO:colcon.colcon_core.shell:Skip shell extension 'ros_domain_id' for command environment: 
[2.176s] INFO:colcon.colcon_core.shell:Skip shell extension 'powershell' for command environment: Not usable outside of PowerShell
[2.176s] DEBUG:colcon.colcon_core.shell:Skip shell extension 'dsv' for command environment
[2.229s] DEBUG:colcon.colcon_core.event_handler.log_command:Invoking command in '/home/lucas/ros2_ws/build/Stage': /usr/bin/cmake --build /home/lucas/ros2_ws/build/Stage -- -j1 -l1
[4.310s] DEBUG:colcon.colcon_core.event_handler.log_command:Invoked command in '/home/lucas/ros2_ws/build/Stage' returned '0': /usr/bin/cmake --build /home/lucas/ros2_ws/build/Stage -- -j1 -l1
[4.726s] DEBUG:colcon.colcon_core.event_handler.log_command:Invoking command in '/home/lucas/ros2_ws/build/Stage': /usr/bin/cmake --install /home/lucas/ros2_ws/build/Stage
[4.860s] Level 1:colcon.colcon_core.environment:create_environment_scripts_only(Stage)
[4.867s] Level 1:colcon.colcon_core.environment:checking '/home/lucas/ros2_ws/install/Stage' for CMake module files
[4.867s] DEBUG:colcon.colcon_core.event_handler.log_command:Invoked command in '/home/lucas/ros2_ws/build/Stage' returned '0': /usr/bin/cmake --install /home/lucas/ros2_ws/build/Stage
[4.868s] Level 1:colcon.colcon_core.environment:checking '/home/lucas/ros2_ws/install/Stage' for CMake config files
[4.868s] Level 1:colcon.colcon_core.shell:create_environment_hook('Stage', 'cmake_prefix_path')
[4.869s] INFO:colcon.colcon_core.shell:Creating environment hook '/home/lucas/ros2_ws/install/Stage/share/Stage/hook/cmake_prefix_path.ps1'
[4.884s] INFO:colcon.colcon_core.shell:Creating environment descriptor '/home/lucas/ros2_ws/install/Stage/share/Stage/hook/cmake_prefix_path.dsv'
[4.885s] INFO:colcon.colcon_core.shell:Creating environment hook '/home/lucas/ros2_ws/install/Stage/share/Stage/hook/cmake_prefix_path.sh'
[4.889s] Level 1:colcon.colcon_core.environment:checking '/home/lucas/ros2_ws/install/Stage/lib'
[4.889s] Level 1:colcon.colcon_core.shell:create_environment_hook('Stage', 'ld_library_path_lib')
[4.890s] INFO:colcon.colcon_core.shell:Creating environment hook '/home/lucas/ros2_ws/install/Stage/share/Stage/hook/ld_library_path_lib.ps1'
[4.900s] INFO:colcon.colcon_core.shell:Creating environment descriptor '/home/lucas/ros2_ws/install/Stage/share/Stage/hook/ld_library_path_lib.dsv'
[4.902s] INFO:colcon.colcon_core.shell:Creating environment hook '/home/lucas/ros2_ws/install/Stage/share/Stage/hook/ld_library_path_lib.sh'
[4.904s] Level 1:colcon.colcon_core.environment:checking '/home/lucas/ros2_ws/install/Stage/bin'
[4.904s] Level 1:colcon.colcon_core.shell:create_environment_hook('Stage', 'path')
[4.904s] INFO:colcon.colcon_core.shell:Creating environment hook '/home/lucas/ros2_ws/install/Stage/share/Stage/hook/path.ps1'
[4.905s] INFO:colcon.colcon_core.shell:Creating environment descriptor '/home/lucas/ros2_ws/install/Stage/share/Stage/hook/path.dsv'
[4.916s] INFO:colcon.colcon_core.shell:Creating environment hook '/home/lucas/ros2_ws/install/Stage/share/Stage/hook/path.sh'
[4.917s] Level 1:colcon.colcon_core.environment:checking '/home/lucas/ros2_ws/install/Stage/lib/pkgconfig/Stage.pc'
[4.918s] Level 1:colcon.colcon_core.environment:checking '/home/lucas/ros2_ws/install/Stage/lib/python3.10/site-packages'
[4.918s] Level 1:colcon.colcon_core.environment:checking '/home/lucas/ros2_ws/install/Stage/bin'
[4.918s] Level 1:colcon.colcon_core.shell:create_environment_hook('Stage', 'pythonscriptspath')
[4.918s] INFO:colcon.colcon_core.shell:Creating environment hook '/home/lucas/ros2_ws/install/Stage/share/Stage/hook/pythonscriptspath.ps1'
[4.920s] INFO:colcon.colcon_core.shell:Creating environment descriptor '/home/lucas/ros2_ws/install/Stage/share/Stage/hook/pythonscriptspath.dsv'
[4.920s] INFO:colcon.colcon_core.shell:Creating environment hook '/home/lucas/ros2_ws/install/Stage/share/Stage/hook/pythonscriptspath.sh'
[4.943s] INFO:colcon.colcon_core.shell:Creating package script '/home/lucas/ros2_ws/install/Stage/share/Stage/package.ps1'
[4.945s] INFO:colcon.colcon_core.shell:Creating package descriptor '/home/lucas/ros2_ws/install/Stage/share/Stage/package.dsv'
[4.948s] INFO:colcon.colcon_core.shell:Creating package script '/home/lucas/ros2_ws/install/Stage/share/Stage/package.sh'
[4.950s] INFO:colcon.colcon_core.shell:Creating package script '/home/lucas/ros2_ws/install/Stage/share/Stage/package.bash'
[4.968s] INFO:colcon.colcon_core.shell:Creating package script '/home/lucas/ros2_ws/install/Stage/share/Stage/package.zsh'
[4.969s] Level 1:colcon.colcon_core.environment:create_file_with_runtime_dependencies(/home/lucas/ros2_ws/install/Stage/share/colcon-core/packages/Stage)
[4.971s] DEBUG:colcon.colcon_ros_domain_id_coordinator.shell.ros_domain_id:Released ROS_DOMAIN_ID=75 for '/home/lucas/ros2_ws/build/Stage'
[4.973s] INFO:colcon.colcon_ros.task.ament_python.build:Building ROS package in '/home/lucas/ros2_ws/src/my_py_pkg2' with build type 'ament_python'
[4.973s] Level 1:colcon.colcon_core.shell:create_environment_hook('my_py_pkg2', 'ament_prefix_path')
[4.974s] INFO:colcon.colcon_core.shell:Creating environment hook '/home/lucas/ros2_ws/install/my_py_pkg2/share/my_py_pkg2/hook/ament_prefix_path.ps1'
[4.976s] INFO:colcon.colcon_core.shell:Creating environment descriptor '/home/lucas/ros2_ws/install/my_py_pkg2/share/my_py_pkg2/hook/ament_prefix_path.dsv'
[4.977s] INFO:colcon.colcon_core.shell:Creating environment hook '/home/lucas/ros2_ws/install/my_py_pkg2/share/my_py_pkg2/hook/ament_prefix_path.sh'
[4.989s] DEBUG:colcon.colcon_ros_domain_id_coordinator.shell.ros_domain_id:Allocated ROS_DOMAIN_ID=33 for '/home/lucas/ros2_ws/build/my_py_pkg2'
[4.989s] INFO:colcon.colcon_core.shell:Skip shell extension 'ros_domain_id' for command environment: 
[4.989s] INFO:colcon.colcon_core.shell:Skip shell extension 'powershell' for command environment: Not usable outside of PowerShell
[4.989s] DEBUG:colcon.colcon_core.shell:Skip shell extension 'dsv' for command environment
[6.092s] INFO:colcon.colcon_core.task.python.build:Building Python package in '/home/lucas/ros2_ws/src/my_py_pkg2'
[6.092s] DEBUG:colcon.colcon_ros_domain_id_coordinator.shell.ros_domain_id:Allocated ROS_DOMAIN_ID=33 for '/home/lucas/ros2_ws/build/my_py_pkg2'
[6.093s] INFO:colcon.colcon_core.shell:Skip shell extension 'ros_domain_id' for command environment: 
[6.093s] INFO:colcon.colcon_core.shell:Skip shell extension 'powershell' for command environment: Not usable outside of PowerShell
[6.093s] DEBUG:colcon.colcon_core.shell:Skip shell extension 'dsv' for command environment
[7.419s] DEBUG:colcon.colcon_core.event_handler.log_command:Invoking command in '/home/lucas/ros2_ws/src/my_py_pkg2': PYTHONPATH=/home/lucas/ros2_ws/build/my_py_pkg2/prefix_override:/home/lucas/ros2_ws/install/my_py_pkg2/lib/python3.10/site-packages:${PYTHONPATH} /usr/bin/python3 -W ignore:setup.py install is deprecated setup.py egg_info --egg-base ../../build/my_py_pkg2 build --build-base /home/lucas/ros2_ws/build/my_py_pkg2/build install --record /home/lucas/ros2_ws/build/my_py_pkg2/install.log --single-version-externally-managed install_data
[8.640s] Level 1:colcon.colcon_core.environment:checking '/home/lucas/ros2_ws/install/my_py_pkg2' for CMake module files
[8.641s] Level 1:colcon.colcon_core.environment:checking '/home/lucas/ros2_ws/install/my_py_pkg2' for CMake config files
[8.641s] Level 1:colcon.colcon_core.environment:checking '/home/lucas/ros2_ws/install/my_py_pkg2/lib'
[8.642s] Level 1:colcon.colcon_core.environment:checking '/home/lucas/ros2_ws/install/my_py_pkg2/bin'
[8.642s] Level 1:colcon.colcon_core.environment:checking '/home/lucas/ros2_ws/install/my_py_pkg2/lib/pkgconfig/my_py_pkg2.pc'
[8.642s] Level 1:colcon.colcon_core.environment:checking '/home/lucas/ros2_ws/install/my_py_pkg2/lib/python3.10/site-packages'
[8.642s] Level 1:colcon.colcon_core.shell:create_environment_hook('my_py_pkg2', 'pythonpath')
[8.642s] INFO:colcon.colcon_core.shell:Creating environment hook '/home/lucas/ros2_ws/install/my_py_pkg2/share/my_py_pkg2/hook/pythonpath.ps1'
[8.644s] DEBUG:colcon.colcon_core.event_handler.log_command:Invoked command in '/home/lucas/ros2_ws/src/my_py_pkg2' returned '0': PYTHONPATH=/home/lucas/ros2_ws/build/my_py_pkg2/prefix_override:/home/lucas/ros2_ws/install/my_py_pkg2/lib/python3.10/site-packages:${PYTHONPATH} /usr/bin/python3 -W ignore:setup.py install is deprecated setup.py egg_info --egg-base ../../build/my_py_pkg2 build --build-base /home/lucas/ros2_ws/build/my_py_pkg2/build install --record /home/lucas/ros2_ws/build/my_py_pkg2/install.log --single-version-externally-managed install_data
[8.644s] INFO:colcon.colcon_core.shell:Creating environment descriptor '/home/lucas/ros2_ws/install/my_py_pkg2/share/my_py_pkg2/hook/pythonpath.dsv'
[8.645s] INFO:colcon.colcon_core.shell:Creating environment hook '/home/lucas/ros2_ws/install/my_py_pkg2/share/my_py_pkg2/hook/pythonpath.sh'
[8.647s] Level 1:colcon.colcon_core.environment:checking '/home/lucas/ros2_ws/install/my_py_pkg2/bin'
[8.647s] Level 1:colcon.colcon_core.environment:create_environment_scripts_only(my_py_pkg2)
[8.647s] INFO:colcon.colcon_core.shell:Creating package script '/home/lucas/ros2_ws/install/my_py_pkg2/share/my_py_pkg2/package.ps1'
[8.654s] INFO:colcon.colcon_core.shell:Creating package descriptor '/home/lucas/ros2_ws/install/my_py_pkg2/share/my_py_pkg2/package.dsv'
[8.656s] INFO:colcon.colcon_core.shell:Creating package script '/home/lucas/ros2_ws/install/my_py_pkg2/share/my_py_pkg2/package.sh'
[8.658s] INFO:colcon.colcon_core.shell:Creating package script '/home/lucas/ros2_ws/install/my_py_pkg2/share/my_py_pkg2/package.bash'
[8.660s] INFO:colcon.colcon_core.shell:Creating package script '/home/lucas/ros2_ws/install/my_py_pkg2/share/my_py_pkg2/package.zsh'
[8.662s] Level 1:colcon.colcon_core.environment:create_file_with_runtime_dependencies(/home/lucas/ros2_ws/install/my_py_pkg2/share/colcon-core/packages/my_py_pkg2)
[8.664s] DEBUG:colcon.colcon_ros_domain_id_coordinator.shell.ros_domain_id:Released ROS_DOMAIN_ID=33 for '/home/lucas/ros2_ws/build/my_py_pkg2'
[8.665s] INFO:colcon.colcon_ros.task.ament_python.build:Building ROS package in '/home/lucas/ros2_ws/src/my_py_pkg' with build type 'ament_python'
[8.666s] Level 1:colcon.colcon_core.shell:create_environment_hook('my_py_pkg', 'ament_prefix_path')
[8.666s] INFO:colcon.colcon_core.shell:Creating environment hook '/home/lucas/ros2_ws/install/my_py_pkg/share/my_py_pkg/hook/ament_prefix_path.ps1'
[8.680s] INFO:colcon.colcon_core.shell:Creating environment descriptor '/home/lucas/ros2_ws/install/my_py_pkg/share/my_py_pkg/hook/ament_prefix_path.dsv'
[8.681s] INFO:colcon.colcon_core.shell:Creating environment hook '/home/lucas/ros2_ws/install/my_py_pkg/share/my_py_pkg/hook/ament_prefix_path.sh'
[8.684s] DEBUG:colcon.colcon_ros_domain_id_coordinator.shell.ros_domain_id:Allocated ROS_DOMAIN_ID=23 for '/home/lucas/ros2_ws/build/my_py_pkg'
[8.684s] INFO:colcon.colcon_core.shell:Skip shell extension 'ros_domain_id' for command environment: 
[8.684s] INFO:colcon.colcon_core.shell:Skip shell extension 'powershell' for command environment: Not usable outside of PowerShell
[8.684s] DEBUG:colcon.colcon_core.shell:Skip shell extension 'dsv' for command environment
[9.760s] INFO:colcon.colcon_core.task.python.build:Building Python package in '/home/lucas/ros2_ws/src/my_py_pkg'
[9.761s] DEBUG:colcon.colcon_ros_domain_id_coordinator.shell.ros_domain_id:Allocated ROS_DOMAIN_ID=23 for '/home/lucas/ros2_ws/build/my_py_pkg'
[9.761s] INFO:colcon.colcon_core.shell:Skip shell extension 'ros_domain_id' for command environment: 
[9.761s] INFO:colcon.colcon_core.shell:Skip shell extension 'powershell' for command environment: Not usable outside of PowerShell
[9.761s] DEBUG:colcon.colcon_core.shell:Skip shell extension 'dsv' for command environment
[11.098s] DEBUG:colcon.colcon_core.event_handler.log_command:Invoking command in '/home/lucas/ros2_ws/src/my_py_pkg': PYTHONPATH=/home/lucas/ros2_ws/build/my_py_pkg/prefix_override:/home/lucas/ros2_ws/install/my_py_pkg/lib/python3.10/site-packages:${PYTHONPATH} /usr/bin/python3 -W ignore:setup.py install is deprecated setup.py egg_info --egg-base ../../build/my_py_pkg build --build-base /home/lucas/ros2_ws/build/my_py_pkg/build install --record /home/lucas/ros2_ws/build/my_py_pkg/install.log --single-version-externally-managed install_data
[12.331s] Level 1:colcon.colcon_core.environment:checking '/home/lucas/ros2_ws/install/my_py_pkg' for CMake module files
[12.332s] Level 1:colcon.colcon_core.environment:checking '/home/lucas/ros2_ws/install/my_py_pkg' for CMake config files
[12.332s] Level 1:colcon.colcon_core.environment:checking '/home/lucas/ros2_ws/install/my_py_pkg/lib'
[12.332s] Level 1:colcon.colcon_core.environment:checking '/home/lucas/ros2_ws/install/my_py_pkg/bin'
[12.332s] Level 1:colcon.colcon_core.environment:checking '/home/lucas/ros2_ws/install/my_py_pkg/lib/pkgconfig/my_py_pkg.pc'
[12.333s] Level 1:colcon.colcon_core.environment:checking '/home/lucas/ros2_ws/install/my_py_pkg/lib/python3.10/site-packages'
[12.333s] Level 1:colcon.colcon_core.shell:create_environment_hook('my_py_pkg', 'pythonpath')
[12.333s] INFO:colcon.colcon_core.shell:Creating environment hook '/home/lucas/ros2_ws/install/my_py_pkg/share/my_py_pkg/hook/pythonpath.ps1'
[12.349s] DEBUG:colcon.colcon_core.event_handler.log_command:Invoked command in '/home/lucas/ros2_ws/src/my_py_pkg' returned '0': PYTHONPATH=/home/lucas/ros2_ws/build/my_py_pkg/prefix_override:/home/lucas/ros2_ws/install/my_py_pkg/lib/python3.10/site-packages:${PYTHONPATH} /usr/bin/python3 -W ignore:setup.py install is deprecated setup.py egg_info --egg-base ../../build/my_py_pkg build --build-base /home/lucas/ros2_ws/build/my_py_pkg/build install --record /home/lucas/ros2_ws/build/my_py_pkg/install.log --single-version-externally-managed install_data
[12.349s] INFO:colcon.colcon_core.shell:Creating environment descriptor '/home/lucas/ros2_ws/install/my_py_pkg/share/my_py_pkg/hook/pythonpath.dsv'
[12.352s] INFO:colcon.colcon_core.shell:Creating environment hook '/home/lucas/ros2_ws/install/my_py_pkg/share/my_py_pkg/hook/pythonpath.sh'
[12.353s] Level 1:colcon.colcon_core.environment:checking '/home/lucas/ros2_ws/install/my_py_pkg/bin'
[12.353s] Level 1:colcon.colcon_core.environment:create_environment_scripts_only(my_py_pkg)
[12.354s] INFO:colcon.colcon_core.shell:Creating package script '/home/lucas/ros2_ws/install/my_py_pkg/share/my_py_pkg/package.ps1'
[12.356s] INFO:colcon.colcon_core.shell:Creating package descriptor '/home/lucas/ros2_ws/install/my_py_pkg/share/my_py_pkg/package.dsv'
[12.357s] INFO:colcon.colcon_core.shell:Creating package script '/home/lucas/ros2_ws/install/my_py_pkg/share/my_py_pkg/package.sh'
[12.358s] INFO:colcon.colcon_core.shell:Creating package script '/home/lucas/ros2_ws/install/my_py_pkg/share/my_py_pkg/package.bash'
[12.379s] INFO:colcon.colcon_core.shell:Creating package script '/home/lucas/ros2_ws/install/my_py_pkg/share/my_py_pkg/package.zsh'
[12.381s] Level 1:colcon.colcon_core.environment:create_file_with_runtime_dependencies(/home/lucas/ros2_ws/install/my_py_pkg/share/colcon-core/packages/my_py_pkg)
[12.382s] DEBUG:colcon.colcon_ros_domain_id_coordinator.shell.ros_domain_id:Released ROS_DOMAIN_ID=23 for '/home/lucas/ros2_ws/build/my_py_pkg'
[12.391s] INFO:colcon.colcon_ros.task.ament_python.build:Building ROS package in '/home/lucas/ros2_ws/src/stage_challenge' with build type 'ament_python'
[12.391s] Level 1:colcon.colcon_core.shell:create_environment_hook('stage_challenge', 'ament_prefix_path')
[12.392s] INFO:colcon.colcon_core.shell:Creating environment hook '/home/lucas/ros2_ws/install/stage_challenge/share/stage_challenge/hook/ament_prefix_path.ps1'
[12.410s] INFO:colcon.colcon_core.shell:Creating environment descriptor '/home/lucas/ros2_ws/install/stage_challenge/share/stage_challenge/hook/ament_prefix_path.dsv'
[12.421s] INFO:colcon.colcon_core.shell:Creating environment hook '/home/lucas/ros2_ws/install/stage_challenge/share/stage_challenge/hook/ament_prefix_path.sh'
[12.423s] DEBUG:colcon.colcon_ros_domain_id_coordinator.shell.ros_domain_id:Allocated ROS_DOMAIN_ID=63 for '/home/lucas/ros2_ws/build/stage_challenge'
[12.423s] INFO:colcon.colcon_core.shell:Skip shell extension 'ros_domain_id' for command environment: 
[12.423s] INFO:colcon.colcon_core.shell:Skip shell extension 'powershell' for command environment: Not usable outside of PowerShell
[12.423s] DEBUG:colcon.colcon_core.shell:Skip shell extension 'dsv' for command environment
[13.487s] INFO:colcon.colcon_core.task.python.build:Building Python package in '/home/lucas/ros2_ws/src/stage_challenge'
[13.487s] DEBUG:colcon.colcon_ros_domain_id_coordinator.shell.ros_domain_id:Allocated ROS_DOMAIN_ID=63 for '/home/lucas/ros2_ws/build/stage_challenge'
[13.487s] INFO:colcon.colcon_core.shell:Skip shell extension 'ros_domain_id' for command environment: 
[13.487s] INFO:colcon.colcon_core.shell:Skip shell extension 'powershell' for command environment: Not usable outside of PowerShell
[13.487s] DEBUG:colcon.colcon_core.shell:Skip shell extension 'dsv' for command environment
[14.826s] DEBUG:colcon.colcon_core.event_handler.log_command:Invoking command in '/home/lucas/ros2_ws/src/stage_challenge': PYTHONPATH=/home/lucas/ros2_ws/build/stage_challenge/prefix_override:/home/lucas/ros2_ws/install/stage_challenge/lib/python3.10/site-packages:${PYTHONPATH} /usr/bin/python3 -W ignore:setup.py install is deprecated setup.py egg_info --egg-base ../../build/stage_challenge build --build-base /home/lucas/ros2_ws/build/stage_challenge/build install --record /home/lucas/ros2_ws/build/stage_challenge/install.log --single-version-externally-managed install_data
[16.056s] Level 1:colcon.colcon_core.environment:checking '/home/lucas/ros2_ws/install/stage_challenge' for CMake module files
[16.057s] Level 1:colcon.colcon_core.environment:checking '/home/lucas/ros2_ws/install/stage_challenge' for CMake config files
[16.058s] Level 1:colcon.colcon_core.environment:checking '/home/lucas/ros2_ws/install/stage_challenge/lib'
[16.058s] Level 1:colcon.colcon_core.environment:checking '/home/lucas/ros2_ws/install/stage_challenge/bin'
[16.058s] Level 1:colcon.colcon_core.environment:checking '/home/lucas/ros2_ws/install/stage_challenge/lib/pkgconfig/stage_challenge.pc'
[16.058s] Level 1:colcon.colcon_core.environment:checking '/home/lucas/ros2_ws/install/stage_challenge/lib/python3.10/site-packages'
[16.058s] Level 1:colcon.colcon_core.shell:create_environment_hook('stage_challenge', 'pythonpath')
[16.058s] INFO:colcon.colcon_core.shell:Creating environment hook '/home/lucas/ros2_ws/install/stage_challenge/share/stage_challenge/hook/pythonpath.ps1'
[16.062s] DEBUG:colcon.colcon_core.event_handler.log_command:Invoked command in '/home/lucas/ros2_ws/src/stage_challenge' returned '0': PYTHONPATH=/home/lucas/ros2_ws/build/stage_challenge/prefix_override:/home/lucas/ros2_ws/install/stage_challenge/lib/python3.10/site-packages:${PYTHONPATH} /usr/bin/python3 -W ignore:setup.py install is deprecated setup.py egg_info --egg-base ../../build/stage_challenge build --build-base /home/lucas/ros2_ws/build/stage_challenge/build install --record /home/lucas/ros2_ws/build/stage_challenge/install.log --single-version-externally-managed install_data
[16.062s] INFO:colcon.colcon_core.shell:Creating environment descriptor '/home/lucas/ros2_ws/install/stage_challenge/share/stage_challenge/hook/pythonpath.dsv'
[16.077s] INFO:colcon.colcon_core.shell:Creating environment hook '/home/lucas/ros2_ws/install/stage_challenge/share/stage_challenge/hook/pythonpath.sh'
[16.080s] Level 1:colcon.colcon_core.environment:checking '/home/lucas/ros2_ws/install/stage_challenge/bin'
[16.080s] Level 1:colcon.colcon_core.environment:create_environment_scripts_only(stage_challenge)
[16.080s] INFO:colcon.colcon_core.shell:Creating package script '/home/lucas/ros2_ws/install/stage_challenge/share/stage_challenge/package.ps1'
[16.081s] INFO:colcon.colcon_core.shell:Creating package descriptor '/home/lucas/ros2_ws/install/stage_challenge/share/stage_challenge/package.dsv'
[16.089s] INFO:colcon.colcon_core.shell:Creating package script '/home/lucas/ros2_ws/install/stage_challenge/share/stage_challenge/package.sh'
[16.092s] INFO:colcon.colcon_core.shell:Creating package script '/home/lucas/ros2_ws/install/stage_challenge/share/stage_challenge/package.bash'
[16.094s] INFO:colcon.colcon_core.shell:Creating package script '/home/lucas/ros2_ws/install/stage_challenge/share/stage_challenge/package.zsh'
[16.098s] Level 1:colcon.colcon_core.environment:create_file_with_runtime_dependencies(/home/lucas/ros2_ws/install/stage_challenge/share/colcon-core/packages/stage_challenge)
[16.100s] DEBUG:colcon.colcon_ros_domain_id_coordinator.shell.ros_domain_id:Released ROS_DOMAIN_ID=63 for '/home/lucas/ros2_ws/build/stage_challenge'
[16.107s] INFO:colcon.colcon_ros.task.ament_cmake.build:Building ROS package in '/home/lucas/ros2_ws/src/my_cpp_pkg' with build type 'ament_cmake'
[16.107s] INFO:colcon.colcon_cmake.task.cmake.build:Building CMake package in '/home/lucas/ros2_ws/src/my_cpp_pkg'
[16.108s] DEBUG:colcon.colcon_ros_domain_id_coordinator.shell.ros_domain_id:Allocated ROS_DOMAIN_ID=97 for '/home/lucas/ros2_ws/build/my_cpp_pkg'
[16.108s] INFO:colcon.colcon_core.shell:Skip shell extension 'ros_domain_id' for command environment: 
[16.108s] INFO:colcon.colcon_core.shell:Skip shell extension 'powershell' for command environment: Not usable outside of PowerShell
[16.108s] DEBUG:colcon.colcon_core.shell:Skip shell extension 'dsv' for command environment
[16.180s] DEBUG:colcon.colcon_core.event_handler.log_command:Invoking command in '/home/lucas/ros2_ws/build/my_cpp_pkg': AMENT_PREFIX_PATH=/home/lucas/ros2_ws/install/my_py_pkg2:/home/lucas/ros2_ws/install/stage_ros2:/home/lucas/ros2_ws/install/stage_challenge:/home/lucas/ros2_ws/install/my_cpp_pkg:/home/lucas/ros2_ws/install/my_py_pkg:/opt/ros/humble CMAKE_PREFIX_PATH=${CMAKE_PREFIX_PATH}:/home/lucas/ros2_ws/install/stage_challenge:/home/lucas/ros2_ws/install/my_py_pkg2:/home/lucas/ros2_ws/install/my_py_pkg:/opt/ros/humble PYTHONPATH=/home/lucas/ros2_ws/install/my_py_pkg2/lib/python3.10/site-packages:/home/lucas/ros2_ws/install/stage_challenge/lib/python3.10/site-packages:/home/lucas/ros2_ws/install/my_py_pkg/lib/python3.10/site-packages:/opt/ros/humble/lib/python3.10/site-packages:/opt/ros/humble/local/lib/python3.10/dist-packages /usr/bin/cmake --build /home/lucas/ros2_ws/build/my_cpp_pkg -- -j1 -l1
[16.537s] DEBUG:colcon.colcon_core.event_handler.log_command:Invoked command in '/home/lucas/ros2_ws/build/my_cpp_pkg' returned '0': AMENT_PREFIX_PATH=/home/lucas/ros2_ws/install/my_py_pkg2:/home/lucas/ros2_ws/install/stage_ros2:/home/lucas/ros2_ws/install/stage_challenge:/home/lucas/ros2_ws/install/my_cpp_pkg:/home/lucas/ros2_ws/install/my_py_pkg:/opt/ros/humble CMAKE_PREFIX_PATH=${CMAKE_PREFIX_PATH}:/home/lucas/ros2_ws/install/stage_challenge:/home/lucas/ros2_ws/install/my_py_pkg2:/home/lucas/ros2_ws/install/my_py_pkg:/opt/ros/humble PYTHONPATH=/home/lucas/ros2_ws/install/my_py_pkg2/lib/python3.10/site-packages:/home/lucas/ros2_ws/install/stage_challenge/lib/python3.10/site-packages:/home/lucas/ros2_ws/install/my_py_pkg/lib/python3.10/site-packages:/opt/ros/humble/lib/python3.10/site-packages:/opt/ros/humble/local/lib/python3.10/dist-packages /usr/bin/cmake --build /home/lucas/ros2_ws/build/my_cpp_pkg -- -j1 -l1
[16.836s] DEBUG:colcon.colcon_core.event_handler.log_command:Invoking command in '/home/lucas/ros2_ws/build/my_cpp_pkg': AMENT_PREFIX_PATH=/home/lucas/ros2_ws/install/my_py_pkg2:/home/lucas/ros2_ws/install/stage_ros2:/home/lucas/ros2_ws/install/stage_challenge:/home/lucas/ros2_ws/install/my_cpp_pkg:/home/lucas/ros2_ws/install/my_py_pkg:/opt/ros/humble CMAKE_PREFIX_PATH=${CMAKE_PREFIX_PATH}:/home/lucas/ros2_ws/install/stage_challenge:/home/lucas/ros2_ws/install/my_py_pkg2:/home/lucas/ros2_ws/install/my_py_pkg:/opt/ros/humble PYTHONPATH=/home/lucas/ros2_ws/install/my_py_pkg2/lib/python3.10/site-packages:/home/lucas/ros2_ws/install/stage_challenge/lib/python3.10/site-packages:/home/lucas/ros2_ws/install/my_py_pkg/lib/python3.10/site-packages:/opt/ros/humble/lib/python3.10/site-packages:/opt/ros/humble/local/lib/python3.10/dist-packages /usr/bin/cmake --install /home/lucas/ros2_ws/build/my_cpp_pkg
[16.923s] Level 1:colcon.colcon_core.environment:create_environment_scripts_only(my_cpp_pkg)
[16.923s] Level 1:colcon.colcon_core.environment:checking '/home/lucas/ros2_ws/install/my_cpp_pkg' for CMake module files
[16.924s] Level 1:colcon.colcon_core.environment:checking '/home/lucas/ros2_ws/install/my_cpp_pkg' for CMake config files
[16.924s] Level 1:colcon.colcon_core.shell:create_environment_hook('my_cpp_pkg', 'cmake_prefix_path')
[16.925s] INFO:colcon.colcon_core.shell:Creating environment hook '/home/lucas/ros2_ws/install/my_cpp_pkg/share/my_cpp_pkg/hook/cmake_prefix_path.ps1'
[16.927s] DEBUG:colcon.colcon_core.event_handler.log_command:Invoked command in '/home/lucas/ros2_ws/build/my_cpp_pkg' returned '0': AMENT_PREFIX_PATH=/home/lucas/ros2_ws/install/my_py_pkg2:/home/lucas/ros2_ws/install/stage_ros2:/home/lucas/ros2_ws/install/stage_challenge:/home/lucas/ros2_ws/install/my_cpp_pkg:/home/lucas/ros2_ws/install/my_py_pkg:/opt/ros/humble CMAKE_PREFIX_PATH=${CMAKE_PREFIX_PATH}:/home/lucas/ros2_ws/install/stage_challenge:/home/lucas/ros2_ws/install/my_py_pkg2:/home/lucas/ros2_ws/install/my_py_pkg:/opt/ros/humble PYTHONPATH=/home/lucas/ros2_ws/install/my_py_pkg2/lib/python3.10/site-packages:/home/lucas/ros2_ws/install/stage_challenge/lib/python3.10/site-packages:/home/lucas/ros2_ws/install/my_py_pkg/lib/python3.10/site-packages:/opt/ros/humble/lib/python3.10/site-packages:/opt/ros/humble/local/lib/python3.10/dist-packages /usr/bin/cmake --install /home/lucas/ros2_ws/build/my_cpp_pkg
[16.927s] INFO:colcon.colcon_core.shell:Creating environment descriptor '/home/lucas/ros2_ws/install/my_cpp_pkg/share/my_cpp_pkg/hook/cmake_prefix_path.dsv'
[16.932s] INFO:colcon.colcon_core.shell:Creating environment hook '/home/lucas/ros2_ws/install/my_cpp_pkg/share/my_cpp_pkg/hook/cmake_prefix_path.sh'
[16.937s] Level 1:colcon.colcon_core.environment:checking '/home/lucas/ros2_ws/install/my_cpp_pkg/lib'
[16.937s] Level 1:colcon.colcon_core.environment:checking '/home/lucas/ros2_ws/install/my_cpp_pkg/bin'
[16.937s] Level 1:colcon.colcon_core.environment:checking '/home/lucas/ros2_ws/install/my_cpp_pkg/lib/pkgconfig/my_cpp_pkg.pc'
[16.937s] Level 1:colcon.colcon_core.environment:checking '/home/lucas/ros2_ws/install/my_cpp_pkg/lib/python3.10/site-packages'
[16.938s] Level 1:colcon.colcon_core.environment:checking '/home/lucas/ros2_ws/install/my_cpp_pkg/bin'
[16.938s] INFO:colcon.colcon_core.shell:Creating package script '/home/lucas/ros2_ws/install/my_cpp_pkg/share/my_cpp_pkg/package.ps1'
[16.956s] INFO:colcon.colcon_core.shell:Creating package descriptor '/home/lucas/ros2_ws/install/my_cpp_pkg/share/my_cpp_pkg/package.dsv'
[16.957s] INFO:colcon.colcon_core.shell:Creating package script '/home/lucas/ros2_ws/install/my_cpp_pkg/share/my_cpp_pkg/package.sh'
[16.958s] INFO:colcon.colcon_core.shell:Creating package script '/home/lucas/ros2_ws/install/my_cpp_pkg/share/my_cpp_pkg/package.bash'
[16.960s] INFO:colcon.colcon_core.shell:Creating package script '/home/lucas/ros2_ws/install/my_cpp_pkg/share/my_cpp_pkg/package.zsh'
[16.961s] Level 1:colcon.colcon_core.environment:create_file_with_runtime_dependencies(/home/lucas/ros2_ws/install/my_cpp_pkg/share/colcon-core/packages/my_cpp_pkg)
[17.209s] Level 1:colcon.colcon_core.environment:create_environment_scripts_only(my_cpp_pkg)
[17.209s] Level 1:colcon.colcon_core.environment:checking '/home/lucas/ros2_ws/install/my_cpp_pkg' for CMake module files
[17.209s] Level 1:colcon.colcon_core.environment:checking '/home/lucas/ros2_ws/install/my_cpp_pkg' for CMake config files
[17.210s] Level 1:colcon.colcon_core.shell:create_environment_hook('my_cpp_pkg', 'cmake_prefix_path')
[17.210s] INFO:colcon.colcon_core.shell:Creating environment hook '/home/lucas/ros2_ws/install/my_cpp_pkg/share/my_cpp_pkg/hook/cmake_prefix_path.ps1'
[17.224s] INFO:colcon.colcon_core.shell:Creating environment descriptor '/home/lucas/ros2_ws/install/my_cpp_pkg/share/my_cpp_pkg/hook/cmake_prefix_path.dsv'
[17.227s] INFO:colcon.colcon_core.shell:Creating environment hook '/home/lucas/ros2_ws/install/my_cpp_pkg/share/my_cpp_pkg/hook/cmake_prefix_path.sh'
[17.229s] Level 1:colcon.colcon_core.environment:checking '/home/lucas/ros2_ws/install/my_cpp_pkg/lib'
[17.229s] Level 1:colcon.colcon_core.environment:checking '/home/lucas/ros2_ws/install/my_cpp_pkg/bin'
[17.229s] Level 1:colcon.colcon_core.environment:checking '/home/lucas/ros2_ws/install/my_cpp_pkg/lib/pkgconfig/my_cpp_pkg.pc'
[17.229s] Level 1:colcon.colcon_core.environment:checking '/home/lucas/ros2_ws/install/my_cpp_pkg/lib/python3.10/site-packages'
[17.230s] Level 1:colcon.colcon_core.environment:checking '/home/lucas/ros2_ws/install/my_cpp_pkg/bin'
[17.230s] INFO:colcon.colcon_core.shell:Creating package script '/home/lucas/ros2_ws/install/my_cpp_pkg/share/my_cpp_pkg/package.ps1'
[17.245s] INFO:colcon.colcon_core.shell:Creating package descriptor '/home/lucas/ros2_ws/install/my_cpp_pkg/share/my_cpp_pkg/package.dsv'
[17.247s] INFO:colcon.colcon_core.shell:Creating package script '/home/lucas/ros2_ws/install/my_cpp_pkg/share/my_cpp_pkg/package.sh'
[17.249s] INFO:colcon.colcon_core.shell:Creating package script '/home/lucas/ros2_ws/install/my_cpp_pkg/share/my_cpp_pkg/package.bash'
[17.250s] INFO:colcon.colcon_core.shell:Creating package script '/home/lucas/ros2_ws/install/my_cpp_pkg/share/my_cpp_pkg/package.zsh'
[17.251s] Level 1:colcon.colcon_core.environment:create_file_with_runtime_dependencies(/home/lucas/ros2_ws/install/my_cpp_pkg/share/colcon-core/packages/my_cpp_pkg)
[17.252s] DEBUG:colcon.colcon_ros_domain_id_coordinator.shell.ros_domain_id:Released ROS_DOMAIN_ID=97 for '/home/lucas/ros2_ws/build/my_cpp_pkg'
[17.255s] INFO:colcon.colcon_ros.task.ament_cmake.build:Building ROS package in '/home/lucas/ros2_ws/src/stage_ros2-humble' with build type 'ament_cmake'
[17.255s] INFO:colcon.colcon_cmake.task.cmake.build:Building CMake package in '/home/lucas/ros2_ws/src/stage_ros2-humble'
[17.256s] DEBUG:colcon.colcon_ros_domain_id_coordinator.shell.ros_domain_id:Allocated ROS_DOMAIN_ID=42 for '/home/lucas/ros2_ws/build/stage_ros2'
[17.256s] INFO:colcon.colcon_core.shell:Skip shell extension 'ros_domain_id' for command environment: 
[17.256s] INFO:colcon.colcon_core.shell:Skip shell extension 'powershell' for command environment: Not usable outside of PowerShell
[17.256s] DEBUG:colcon.colcon_core.shell:Skip shell extension 'dsv' for command environment
[17.329s] DEBUG:colcon.colcon_core.event_handler.log_command:Invoking command in '/home/lucas/ros2_ws/build/stage_ros2': CMAKE_PREFIX_PATH=/home/lucas/ros2_ws/install/Stage:/home/lucas/ros2_ws/install/stage_ros2:/home/lucas/ros2_ws/install/my_cpp_pkg:/home/lucas/ros2_ws/install/stage_challenge:/home/lucas/ros2_ws/install/my_py_pkg2:/home/lucas/ros2_ws/install/my_py_pkg:/opt/ros/humble LD_LIBRARY_PATH=/home/lucas/ros2_ws/install/Stage/lib:/home/lucas/ros2_ws/install/stage_ros2/lib:/opt/ros/humble/opt/rviz_ogre_vendor/lib:/opt/ros/humble/lib/x86_64-linux-gnu:/opt/ros/humble/lib /usr/bin/cmake --build /home/lucas/ros2_ws/build/stage_ros2 -- -j1 -l1
[17.882s] DEBUG:colcon.colcon_core.event_handler.log_command:Invoked command in '/home/lucas/ros2_ws/build/stage_ros2' returned '0': CMAKE_PREFIX_PATH=/home/lucas/ros2_ws/install/Stage:/home/lucas/ros2_ws/install/stage_ros2:/home/lucas/ros2_ws/install/my_cpp_pkg:/home/lucas/ros2_ws/install/stage_challenge:/home/lucas/ros2_ws/install/my_py_pkg2:/home/lucas/ros2_ws/install/my_py_pkg:/opt/ros/humble LD_LIBRARY_PATH=/home/lucas/ros2_ws/install/Stage/lib:/home/lucas/ros2_ws/install/stage_ros2/lib:/opt/ros/humble/opt/rviz_ogre_vendor/lib:/opt/ros/humble/lib/x86_64-linux-gnu:/opt/ros/humble/lib /usr/bin/cmake --build /home/lucas/ros2_ws/build/stage_ros2 -- -j1 -l1
[18.312s] DEBUG:colcon.colcon_core.event_handler.log_command:Invoking command in '/home/lucas/ros2_ws/build/stage_ros2': CMAKE_PREFIX_PATH=/home/lucas/ros2_ws/install/Stage:/home/lucas/ros2_ws/install/stage_ros2:/home/lucas/ros2_ws/install/my_cpp_pkg:/home/lucas/ros2_ws/install/stage_challenge:/home/lucas/ros2_ws/install/my_py_pkg2:/home/lucas/ros2_ws/install/my_py_pkg:/opt/ros/humble LD_LIBRARY_PATH=/home/lucas/ros2_ws/install/Stage/lib:/home/lucas/ros2_ws/install/stage_ros2/lib:/opt/ros/humble/opt/rviz_ogre_vendor/lib:/opt/ros/humble/lib/x86_64-linux-gnu:/opt/ros/humble/lib /usr/bin/cmake --install /home/lucas/ros2_ws/build/stage_ros2
[18.396s] Level 1:colcon.colcon_core.environment:create_environment_scripts_only(stage_ros2)
[18.396s] Level 1:colcon.colcon_core.environment:checking '/home/lucas/ros2_ws/install/stage_ros2' for CMake module files
[18.397s] Level 1:colcon.colcon_core.environment:checking '/home/lucas/ros2_ws/install/stage_ros2' for CMake config files
[18.397s] Level 1:colcon.colcon_core.shell:create_environment_hook('stage_ros2', 'cmake_prefix_path')
[18.397s] INFO:colcon.colcon_core.shell:Creating environment hook '/home/lucas/ros2_ws/install/stage_ros2/share/stage_ros2/hook/cmake_prefix_path.ps1'
[18.400s] DEBUG:colcon.colcon_core.event_handler.log_command:Invoked command in '/home/lucas/ros2_ws/build/stage_ros2' returned '0': CMAKE_PREFIX_PATH=/home/lucas/ros2_ws/install/Stage:/home/lucas/ros2_ws/install/stage_ros2:/home/lucas/ros2_ws/install/my_cpp_pkg:/home/lucas/ros2_ws/install/stage_challenge:/home/lucas/ros2_ws/install/my_py_pkg2:/home/lucas/ros2_ws/install/my_py_pkg:/opt/ros/humble LD_LIBRARY_PATH=/home/lucas/ros2_ws/install/Stage/lib:/home/lucas/ros2_ws/install/stage_ros2/lib:/opt/ros/humble/opt/rviz_ogre_vendor/lib:/opt/ros/humble/lib/x86_64-linux-gnu:/opt/ros/humble/lib /usr/bin/cmake --install /home/lucas/ros2_ws/build/stage_ros2
[18.400s] INFO:colcon.colcon_core.shell:Creating environment descriptor '/home/lucas/ros2_ws/install/stage_ros2/share/stage_ros2/hook/cmake_prefix_path.dsv'
[18.404s] INFO:colcon.colcon_core.shell:Creating environment hook '/home/lucas/ros2_ws/install/stage_ros2/share/stage_ros2/hook/cmake_prefix_path.sh'
[18.406s] Level 1:colcon.colcon_core.environment:checking '/home/lucas/ros2_ws/install/stage_ros2/lib'
[18.406s] Level 1:colcon.colcon_core.shell:create_environment_hook('stage_ros2', 'ld_library_path_lib')
[18.406s] INFO:colcon.colcon_core.shell:Creating environment hook '/home/lucas/ros2_ws/install/stage_ros2/share/stage_ros2/hook/ld_library_path_lib.ps1'
[18.413s] INFO:colcon.colcon_core.shell:Creating environment descriptor '/home/lucas/ros2_ws/install/stage_ros2/share/stage_ros2/hook/ld_library_path_lib.dsv'
[18.415s] INFO:colcon.colcon_core.shell:Creating environment hook '/home/lucas/ros2_ws/install/stage_ros2/share/stage_ros2/hook/ld_library_path_lib.sh'
[18.425s] Level 1:colcon.colcon_core.environment:checking '/home/lucas/ros2_ws/install/stage_ros2/bin'
[18.425s] Level 1:colcon.colcon_core.environment:checking '/home/lucas/ros2_ws/install/stage_ros2/lib/pkgconfig/stage_ros2.pc'
[18.425s] Level 1:colcon.colcon_core.environment:checking '/home/lucas/ros2_ws/install/stage_ros2/lib/python3.10/site-packages'
[18.425s] Level 1:colcon.colcon_core.environment:checking '/home/lucas/ros2_ws/install/stage_ros2/bin'
[18.426s] INFO:colcon.colcon_core.shell:Creating package script '/home/lucas/ros2_ws/install/stage_ros2/share/stage_ros2/package.ps1'
[18.435s] INFO:colcon.colcon_core.shell:Creating package descriptor '/home/lucas/ros2_ws/install/stage_ros2/share/stage_ros2/package.dsv'
[18.436s] INFO:colcon.colcon_core.shell:Creating package script '/home/lucas/ros2_ws/install/stage_ros2/share/stage_ros2/package.sh'
[18.445s] INFO:colcon.colcon_core.shell:Creating package script '/home/lucas/ros2_ws/install/stage_ros2/share/stage_ros2/package.bash'
[18.454s] INFO:colcon.colcon_core.shell:Creating package script '/home/lucas/ros2_ws/install/stage_ros2/share/stage_ros2/package.zsh'
[18.456s] Level 1:colcon.colcon_core.environment:create_file_with_runtime_dependencies(/home/lucas/ros2_ws/install/stage_ros2/share/colcon-core/packages/stage_ros2)
[18.874s] Level 1:colcon.colcon_core.environment:create_environment_scripts_only(stage_ros2)
[18.875s] Level 1:colcon.colcon_core.environment:checking '/home/lucas/ros2_ws/install/stage_ros2' for CMake module files
[18.875s] Level 1:colcon.colcon_core.environment:checking '/home/lucas/ros2_ws/install/stage_ros2' for CMake config files
[18.876s] Level 1:colcon.colcon_core.shell:create_environment_hook('stage_ros2', 'cmake_prefix_path')
[18.876s] INFO:colcon.colcon_core.shell:Creating environment hook '/home/lucas/ros2_ws/install/stage_ros2/share/stage_ros2/hook/cmake_prefix_path.ps1'
[18.889s] INFO:colcon.colcon_core.shell:Creating environment descriptor '/home/lucas/ros2_ws/install/stage_ros2/share/stage_ros2/hook/cmake_prefix_path.dsv'
[18.892s] INFO:colcon.colcon_core.shell:Creating environment hook '/home/lucas/ros2_ws/install/stage_ros2/share/stage_ros2/hook/cmake_prefix_path.sh'
[18.894s] Level 1:colcon.colcon_core.environment:checking '/home/lucas/ros2_ws/install/stage_ros2/lib'
[18.894s] Level 1:colcon.colcon_core.shell:create_environment_hook('stage_ros2', 'ld_library_path_lib')
[18.895s] INFO:colcon.colcon_core.shell:Creating environment hook '/home/lucas/ros2_ws/install/stage_ros2/share/stage_ros2/hook/ld_library_path_lib.ps1'
[18.900s] INFO:colcon.colcon_core.shell:Creating environment descriptor '/home/lucas/ros2_ws/install/stage_ros2/share/stage_ros2/hook/ld_library_path_lib.dsv'
[18.903s] INFO:colcon.colcon_core.shell:Creating environment hook '/home/lucas/ros2_ws/install/stage_ros2/share/stage_ros2/hook/ld_library_path_lib.sh'
[18.905s] Level 1:colcon.colcon_core.environment:checking '/home/lucas/ros2_ws/install/stage_ros2/bin'
[18.905s] Level 1:colcon.colcon_core.environment:checking '/home/lucas/ros2_ws/install/stage_ros2/lib/pkgconfig/stage_ros2.pc'
[18.905s] Level 1:colcon.colcon_core.environment:checking '/home/lucas/ros2_ws/install/stage_ros2/lib/python3.10/site-packages'
[18.905s] Level 1:colcon.colcon_core.environment:checking '/home/lucas/ros2_ws/install/stage_ros2/bin'
[18.906s] INFO:colcon.colcon_core.shell:Creating package script '/home/lucas/ros2_ws/install/stage_ros2/share/stage_ros2/package.ps1'
[18.920s] INFO:colcon.colcon_core.shell:Creating package descriptor '/home/lucas/ros2_ws/install/stage_ros2/share/stage_ros2/package.dsv'
[18.922s] INFO:colcon.colcon_core.shell:Creating package script '/home/lucas/ros2_ws/install/stage_ros2/share/stage_ros2/package.sh'
[18.924s] INFO:colcon.colcon_core.shell:Creating package script '/home/lucas/ros2_ws/install/stage_ros2/share/stage_ros2/package.bash'
[18.925s] INFO:colcon.colcon_core.shell:Creating package script '/home/lucas/ros2_ws/install/stage_ros2/share/stage_ros2/package.zsh'
[18.927s] Level 1:colcon.colcon_core.environment:create_file_with_runtime_dependencies(/home/lucas/ros2_ws/install/stage_ros2/share/colcon-core/packages/stage_ros2)
[18.929s] DEBUG:colcon.colcon_ros_domain_id_coordinator.shell.ros_domain_id:Released ROS_DOMAIN_ID=42 for '/home/lucas/ros2_ws/build/stage_ros2'
[18.937s] DEBUG:colcon.colcon_parallel_executor.executor.parallel:closing loop
[18.938s] DEBUG:colcon.colcon_parallel_executor.executor.parallel:loop closed
[18.938s] DEBUG:colcon.colcon_parallel_executor.executor.parallel:run_until_complete finished with '0'
[18.938s] DEBUG:colcon.colcon_core.event_reactor:joining thread
[18.950s] INFO:colcon.colcon_core.plugin_system:Skipping extension 'colcon_notification.desktop_notification.terminal_notifier': Not used on non-Darwin systems
[18.964s] INFO:colcon.colcon_core.plugin_system:Skipping extension 'colcon_notification.desktop_notification.win32': Not used on non-Windows systems
[18.964s] INFO:colcon.colcon_notification.desktop_notification:Sending desktop notification using 'notify2'
[18.965s] DEBUG:colcon.colcon_notification.desktop_notification.notify2:Failed to initialize notify2: org.freedesktop.DBus.Error.NoReply: Did not receive a reply. Possible causes include: the remote application did not send a reply, the message bus security policy blocked the reply, the reply timeout expired, or the network connection was broken.
[18.965s] DEBUG:colcon.colcon_core.event_reactor:joined thread
[18.965s] INFO:colcon.colcon_core.shell:Creating prefix script '/home/lucas/ros2_ws/install/local_setup.ps1'
[18.968s] INFO:colcon.colcon_core.shell:Creating prefix util module '/home/lucas/ros2_ws/install/_local_setup_util_ps1.py'
[18.972s] INFO:colcon.colcon_core.shell:Creating prefix chain script '/home/lucas/ros2_ws/install/setup.ps1'
[18.995s] INFO:colcon.colcon_core.shell:Creating prefix script '/home/lucas/ros2_ws/install/local_setup.sh'
[18.996s] INFO:colcon.colcon_core.shell:Creating prefix util module '/home/lucas/ros2_ws/install/_local_setup_util_sh.py'
[18.998s] INFO:colcon.colcon_core.shell:Creating prefix chain script '/home/lucas/ros2_ws/install/setup.sh'
[19.004s] INFO:colcon.colcon_core.shell:Creating prefix script '/home/lucas/ros2_ws/install/local_setup.bash'
[19.005s] INFO:colcon.colcon_core.shell:Creating prefix chain script '/home/lucas/ros2_ws/install/setup.bash'
[19.014s] INFO:colcon.colcon_core.shell:Creating prefix script '/home/lucas/ros2_ws/install/local_setup.zsh'
[19.016s] INFO:colcon.colcon_core.shell:Creating prefix chain script '/home/lucas/ros2_ws/install/setup.zsh'
[19.024s] INFO:colcon.colcon_core.shell:Creating '/home/lucas/ros2_ws/install/spawn_shell.bash'
