[3.611s] Invoking command in '/home/lucas/ros2_ws/src/stage_challenge': PYTHONPATH=/home/lucas/ros2_ws/build/stage_challenge/prefix_override:/home/lucas/ros2_ws/install/stage_challenge/lib/python3.10/site-packages:${PYTHONPATH} /usr/bin/python3 -W ignore:setup.py install is deprecated setup.py egg_info --egg-base ../../build/stage_challenge build --build-base /home/lucas/ros2_ws/build/stage_challenge/build install --record /home/lucas/ros2_ws/build/stage_challenge/install.log --single-version-externally-managed install_data
[5.192s] running egg_info
[5.194s] writing ../../build/stage_challenge/stage_challenge.egg-info/PKG-INFO
[5.218s] writing dependency_links to ../../build/stage_challenge/stage_challenge.egg-info/dependency_links.txt
[5.220s] writing entry points to ../../build/stage_challenge/stage_challenge.egg-info/entry_points.txt
[5.222s] writing requirements to ../../build/stage_challenge/stage_challenge.egg-info/requires.txt
[5.223s] writing top-level names to ../../build/stage_challenge/stage_challenge.egg-info/top_level.txt
[5.226s] reading manifest file '../../build/stage_challenge/stage_challenge.egg-info/SOURCES.txt'
[5.239s] writing manifest file '../../build/stage_challenge/stage_challenge.egg-info/SOURCES.txt'
[5.245s] running build
[5.245s] running build_py
[5.251s] copying stage_challenge/rrt2.py -> /home/lucas/ros2_ws/build/stage_challenge/build/lib/stage_challenge
[5.252s] running install
[5.259s] running install_lib
[5.261s] copying /home/lucas/ros2_ws/build/stage_challenge/build/lib/stage_challenge/rrt2.py -> /home/lucas/ros2_ws/install/stage_challenge/lib/python3.10/site-packages/stage_challenge
[5.271s] byte-compiling /home/lucas/ros2_ws/install/stage_challenge/lib/python3.10/site-packages/stage_challenge/rrt2.py to rrt2.cpython-310.pyc
[5.291s] running install_data
[5.291s] running install_egg_info
[5.302s] removing '/home/lucas/ros2_ws/install/stage_challenge/lib/python3.10/site-packages/stage_challenge-0.0.0-py3.10.egg-info' (and everything under it)
[5.303s] Copying ../../build/stage_challenge/stage_challenge.egg-info to /home/lucas/ros2_ws/install/stage_challenge/lib/python3.10/site-packages/stage_challenge-0.0.0-py3.10.egg-info
[5.306s] running install_scripts
[5.462s] Installing robot script to /home/lucas/ros2_ws/install/stage_challenge/lib/stage_challenge
[5.466s] Installing rrt script to /home/lucas/ros2_ws/install/stage_challenge/lib/stage_challenge
[5.480s] Installing rrt2 script to /home/lucas/ros2_ws/install/stage_challenge/lib/stage_challenge
[5.484s] writing list of installed files to '/home/lucas/ros2_ws/build/stage_challenge/install.log'
[5.668s] Invoked command in '/home/lucas/ros2_ws/src/stage_challenge' returned '0': PYTHONPATH=/home/lucas/ros2_ws/build/stage_challenge/prefix_override:/home/lucas/ros2_ws/install/stage_challenge/lib/python3.10/site-packages:${PYTHONPATH} /usr/bin/python3 -W ignore:setup.py install is deprecated setup.py egg_info --egg-base ../../build/stage_challenge build --build-base /home/lucas/ros2_ws/build/stage_challenge/build install --record /home/lucas/ros2_ws/build/stage_challenge/install.log --single-version-externally-managed install_data
