[2.231s] Invoking command in '/home/lucas/ros2_ws/src/stage_challenge': PYTHONPATH=/home/lucas/ros2_ws/build/stage_challenge/prefix_override:/home/lucas/ros2_ws/install/stage_challenge/lib/python3.10/site-packages:${PYTHONPATH} /usr/bin/python3 -W ignore:setup.py install is deprecated setup.py egg_info --egg-base ../../build/stage_challenge build --build-base /home/lucas/ros2_ws/build/stage_challenge/build install --record /home/lucas/ros2_ws/build/stage_challenge/install.log --single-version-externally-managed install_data
[3.093s] running egg_info
[3.094s] writing ../../build/stage_challenge/stage_challenge.egg-info/PKG-INFO
[3.103s] writing dependency_links to ../../build/stage_challenge/stage_challenge.egg-info/dependency_links.txt
[3.105s] writing entry points to ../../build/stage_challenge/stage_challenge.egg-info/entry_points.txt
[3.107s] writing requirements to ../../build/stage_challenge/stage_challenge.egg-info/requires.txt
[3.115s] writing top-level names to ../../build/stage_challenge/stage_challenge.egg-info/top_level.txt
[3.119s] reading manifest file '../../build/stage_challenge/stage_challenge.egg-info/SOURCES.txt'
[3.135s] writing manifest file '../../build/stage_challenge/stage_challenge.egg-info/SOURCES.txt'
[3.142s] running build
[3.142s] running build_py
[3.155s] copying stage_challenge/publisher.py -> /home/lucas/ros2_ws/build/stage_challenge/build/lib/stage_challenge
[3.156s] running install
[3.168s] running install_lib
[3.169s] copying /home/lucas/ros2_ws/build/stage_challenge/build/lib/stage_challenge/publisher.py -> /home/lucas/ros2_ws/install/stage_challenge/lib/python3.10/site-packages/stage_challenge
[3.170s] byte-compiling /home/lucas/ros2_ws/install/stage_challenge/lib/python3.10/site-packages/stage_challenge/publisher.py to publisher.cpython-310.pyc
[3.171s] Sorry: TabError: inconsistent use of tabs and spaces in indentation (publisher.py, line 36)
[3.171s] running install_data
[3.172s] running install_egg_info
[3.174s] removing '/home/lucas/ros2_ws/install/stage_challenge/lib/python3.10/site-packages/stage_challenge-0.0.0-py3.10.egg-info' (and everything under it)
[3.174s] Copying ../../build/stage_challenge/stage_challenge.egg-info to /home/lucas/ros2_ws/install/stage_challenge/lib/python3.10/site-packages/stage_challenge-0.0.0-py3.10.egg-info
[3.176s] running install_scripts
[3.253s] Installing robot script to /home/lucas/ros2_ws/install/stage_challenge/lib/stage_challenge
[3.282s] writing list of installed files to '/home/lucas/ros2_ws/build/stage_challenge/install.log'
[3.382s] Invoked command in '/home/lucas/ros2_ws/src/stage_challenge' returned '0': PYTHONPATH=/home/lucas/ros2_ws/build/stage_challenge/prefix_override:/home/lucas/ros2_ws/install/stage_challenge/lib/python3.10/site-packages:${PYTHONPATH} /usr/bin/python3 -W ignore:setup.py install is deprecated setup.py egg_info --egg-base ../../build/stage_challenge build --build-base /home/lucas/ros2_ws/build/stage_challenge/build install --record /home/lucas/ros2_ws/build/stage_challenge/install.log --single-version-externally-managed install_data
