[0.019s] Invoking command in '/home/lucas/ros2_ws/build/my_cpp_pkg': CMAKE_PREFIX_PATH=${CMAKE_PREFIX_PATH}:/home/lucas/ros2_ws/install/my_py_pkg:/opt/ros/humble /usr/bin/cmake --build /home/lucas/ros2_ws/build/my_cpp_pkg -- -j1 -l1
[0.188s] [100%] Built target cpp_node
[0.207s] Invoked command in '/home/lucas/ros2_ws/build/my_cpp_pkg' returned '0': CMAKE_PREFIX_PATH=${CMAKE_PREFIX_PATH}:/home/lucas/ros2_ws/install/my_py_pkg:/opt/ros/humble /usr/bin/cmake --build /home/lucas/ros2_ws/build/my_cpp_pkg -- -j1 -l1
[0.343s] Invoking command in '/home/lucas/ros2_ws/build/my_cpp_pkg': CMAKE_PREFIX_PATH=${CMAKE_PREFIX_PATH}:/home/lucas/ros2_ws/install/my_py_pkg:/opt/ros/humble /usr/bin/cmake --install /home/lucas/ros2_ws/build/my_cpp_pkg
[0.359s] -- Install configuration: ""
[0.360s] -- Up-to-date: /home/lucas/ros2_ws/install/my_cpp_pkg/lib/my_cpp_pkg/cpp_node
[0.360s] -- Up-to-date: /home/lucas/ros2_ws/install/my_cpp_pkg/share/ament_index/resource_index/package_run_dependencies/my_cpp_pkg
[0.361s] -- Up-to-date: /home/lucas/ros2_ws/install/my_cpp_pkg/share/ament_index/resource_index/parent_prefix_path/my_cpp_pkg
[0.361s] -- Up-to-date: /home/lucas/ros2_ws/install/my_cpp_pkg/share/my_cpp_pkg/environment/ament_prefix_path.sh
[0.361s] -- Up-to-date: /home/lucas/ros2_ws/install/my_cpp_pkg/share/my_cpp_pkg/environment/ament_prefix_path.dsv
[0.361s] -- Up-to-date: /home/lucas/ros2_ws/install/my_cpp_pkg/share/my_cpp_pkg/environment/path.sh
[0.361s] -- Up-to-date: /home/lucas/ros2_ws/install/my_cpp_pkg/share/my_cpp_pkg/environment/path.dsv
[0.362s] -- Up-to-date: /home/lucas/ros2_ws/install/my_cpp_pkg/share/my_cpp_pkg/local_setup.bash
[0.362s] -- Up-to-date: /home/lucas/ros2_ws/install/my_cpp_pkg/share/my_cpp_pkg/local_setup.sh
[0.362s] -- Up-to-date: /home/lucas/ros2_ws/install/my_cpp_pkg/share/my_cpp_pkg/local_setup.zsh
[0.362s] -- Up-to-date: /home/lucas/ros2_ws/install/my_cpp_pkg/share/my_cpp_pkg/local_setup.dsv
[0.362s] -- Installing: /home/lucas/ros2_ws/install/my_cpp_pkg/share/my_cpp_pkg/package.dsv
[0.363s] -- Up-to-date: /home/lucas/ros2_ws/install/my_cpp_pkg/share/ament_index/resource_index/packages/my_cpp_pkg
[0.363s] -- Up-to-date: /home/lucas/ros2_ws/install/my_cpp_pkg/share/my_cpp_pkg/cmake/my_cpp_pkgConfig.cmake
[0.363s] -- Up-to-date: /home/lucas/ros2_ws/install/my_cpp_pkg/share/my_cpp_pkg/cmake/my_cpp_pkgConfig-version.cmake
[0.364s] -- Up-to-date: /home/lucas/ros2_ws/install/my_cpp_pkg/share/my_cpp_pkg/package.xml
[0.370s] Invoked command in '/home/lucas/ros2_ws/build/my_cpp_pkg' returned '0': CMAKE_PREFIX_PATH=${CMAKE_PREFIX_PATH}:/home/lucas/ros2_ws/install/my_py_pkg:/opt/ros/humble /usr/bin/cmake --install /home/lucas/ros2_ws/build/my_cpp_pkg
