[0.394s] DEBUG:colcon:Command line arguments: ['/usr/bin/colcon', 'build']
[0.394s] DEBUG:colcon:Parsed command line arguments: Namespace(log_base=None, log_level=None, verb_name='build', build_base='build', install_base='install', merge_install=False, symlink_install=False, test_result_base=None, continue_on_error=False, executor='parallel', parallel_workers=1, event_handlers=None, ignore_user_meta=False, metas=['./colcon.meta'], base_paths=['.'], packages_ignore=None, packages_ignore_regex=None, paths=None, packages_up_to=None, packages_up_to_regex=None, packages_above=None, packages_above_and_dependencies=None, packages_above_depth=None, packages_select_by_dep=None, packages_skip_by_dep=None, packages_skip_up_to=None, packages_select_build_failed=False, packages_skip_build_finished=False, packages_select_test_failures=False, packages_skip_test_passed=False, packages_select=None, packages_skip=None, packages_select_regex=None, packages_skip_regex=None, packages_start=None, packages_end=None, allow_overriding=[], bazel_args=None, bazel_task=None, cmake_args=None, cmake_target=None, cmake_target_skip_unavailable=False, cmake_clean_cache=False, cmake_clean_first=False, cmake_force_configure=False, meson_args=[], ament_cmake_args=None, catkin_cmake_args=None, catkin_skip_building_tests=False, mixin_files=None, mixin=None, verb_parser=<colcon_alias.argument_parser.alias.AliasArgumentDecorator object at 0x7becf039cc40>, verb_extension=<colcon_core.verb.build.BuildVerb object at 0x7becf053a1a0>, main=<bound method BuildVerb.main of <colcon_core.verb.build.BuildVerb object at 0x7becf053a1a0>>, mixin_verb=('build',))
[0.653s] Level 1:colcon.colcon_core.package_discovery:discover_packages(colcon_meta) check parameters
[0.653s] Level 1:colcon.colcon_core.package_discovery:discover_packages(recursive) check parameters
[0.653s] Level 1:colcon.colcon_core.package_discovery:discover_packages(ignore) check parameters
[0.653s] Level 1:colcon.colcon_core.package_discovery:discover_packages(path) check parameters
[0.653s] Level 1:colcon.colcon_core.package_discovery:discover_packages(colcon_meta) discover
[0.653s] Level 1:colcon.colcon_core.package_discovery:discover_packages(recursive) discover
[0.653s] INFO:colcon.colcon_core.package_discovery:Crawling recursively for packages in '/home/lucas/ros2_ws'
[0.654s] Level 1:colcon.colcon_core.package_identification:_identify(.) by extensions ['ignore', 'ignore_ament_install']
[0.654s] Level 1:colcon.colcon_core.package_identification:_identify(.) by extension 'ignore'
[0.654s] Level 1:colcon.colcon_core.package_identification:_identify(.) by extension 'ignore_ament_install'
[0.654s] Level 1:colcon.colcon_core.package_identification:_identify(.) by extensions ['colcon_pkg']
[0.654s] Level 1:colcon.colcon_core.package_identification:_identify(.) by extension 'colcon_pkg'
[0.654s] Level 1:colcon.colcon_core.package_identification:_identify(.) by extensions ['colcon_meta']
[0.654s] Level 1:colcon.colcon_core.package_identification:_identify(.) by extension 'colcon_meta'
[0.654s] Level 1:colcon.colcon_core.package_identification:_identify(.) by extensions ['ros']
[0.654s] Level 1:colcon.colcon_core.package_identification:_identify(.) by extension 'ros'
[0.660s] Level 1:colcon.colcon_core.package_identification:_identify(.) by extensions ['bazel', 'cmake', 'meson', 'python']
[0.660s] Level 1:colcon.colcon_core.package_identification:_identify(.) by extension 'bazel'
[0.660s] Level 1:colcon.colcon_core.package_identification:_identify(.) by extension 'cmake'
[0.660s] Level 1:colcon.colcon_core.package_identification:_identify(.) by extension 'meson'
[0.660s] Level 1:colcon.colcon_core.package_identification:_identify(.) by extension 'python'
[0.660s] Level 1:colcon.colcon_core.package_identification:_identify(.) by extensions ['python_setup_py']
[0.660s] Level 1:colcon.colcon_core.package_identification:_identify(.) by extension 'python_setup_py'
[0.661s] Level 1:colcon.colcon_core.package_identification:_identify(build) by extensions ['ignore', 'ignore_ament_install']
[0.661s] Level 1:colcon.colcon_core.package_identification:_identify(build) by extension 'ignore'
[0.661s] Level 1:colcon.colcon_core.package_identification:_identify(build) ignored
[0.661s] Level 1:colcon.colcon_core.package_identification:_identify(install) by extensions ['ignore', 'ignore_ament_install']
[0.661s] Level 1:colcon.colcon_core.package_identification:_identify(install) by extension 'ignore'
[0.661s] Level 1:colcon.colcon_core.package_identification:_identify(install) ignored
[0.661s] Level 1:colcon.colcon_core.package_identification:_identify(log) by extensions ['ignore', 'ignore_ament_install']
[0.661s] Level 1:colcon.colcon_core.package_identification:_identify(log) by extension 'ignore'
[0.661s] Level 1:colcon.colcon_core.package_identification:_identify(log) ignored
[0.661s] Level 1:colcon.colcon_core.package_identification:_identify(src) by extensions ['ignore', 'ignore_ament_install']
[0.662s] Level 1:colcon.colcon_core.package_identification:_identify(src) by extension 'ignore'
[0.662s] Level 1:colcon.colcon_core.package_identification:_identify(src) by extension 'ignore_ament_install'
[0.662s] Level 1:colcon.colcon_core.package_identification:_identify(src) by extensions ['colcon_pkg']
[0.662s] Level 1:colcon.colcon_core.package_identification:_identify(src) by extension 'colcon_pkg'
[0.662s] Level 1:colcon.colcon_core.package_identification:_identify(src) by extensions ['colcon_meta']
[0.662s] Level 1:colcon.colcon_core.package_identification:_identify(src) by extension 'colcon_meta'
[0.662s] Level 1:colcon.colcon_core.package_identification:_identify(src) by extensions ['ros']
[0.662s] Level 1:colcon.colcon_core.package_identification:_identify(src) by extension 'ros'
[0.662s] Level 1:colcon.colcon_core.package_identification:_identify(src) by extensions ['bazel', 'cmake', 'meson', 'python']
[0.662s] Level 1:colcon.colcon_core.package_identification:_identify(src) by extension 'bazel'
[0.662s] Level 1:colcon.colcon_core.package_identification:_identify(src) by extension 'cmake'
[0.662s] Level 1:colcon.colcon_core.package_identification:_identify(src) by extension 'meson'
[0.662s] Level 1:colcon.colcon_core.package_identification:_identify(src) by extension 'python'
[0.662s] Level 1:colcon.colcon_core.package_identification:_identify(src) by extensions ['python_setup_py']
[0.662s] Level 1:colcon.colcon_core.package_identification:_identify(src) by extension 'python_setup_py'
[0.662s] Level 1:colcon.colcon_core.package_identification:_identify(src/my_cpp_pkg) by extensions ['ignore', 'ignore_ament_install']
[0.663s] Level 1:colcon.colcon_core.package_identification:_identify(src/my_cpp_pkg) by extension 'ignore'
[0.663s] Level 1:colcon.colcon_core.package_identification:_identify(src/my_cpp_pkg) by extension 'ignore_ament_install'
[0.663s] Level 1:colcon.colcon_core.package_identification:_identify(src/my_cpp_pkg) by extensions ['colcon_pkg']
[0.663s] Level 1:colcon.colcon_core.package_identification:_identify(src/my_cpp_pkg) by extension 'colcon_pkg'
[0.663s] Level 1:colcon.colcon_core.package_identification:_identify(src/my_cpp_pkg) by extensions ['colcon_meta']
[0.663s] Level 1:colcon.colcon_core.package_identification:_identify(src/my_cpp_pkg) by extension 'colcon_meta'
[0.663s] Level 1:colcon.colcon_core.package_identification:_identify(src/my_cpp_pkg) by extensions ['ros']
[0.663s] Level 1:colcon.colcon_core.package_identification:_identify(src/my_cpp_pkg) by extension 'ros'
[0.666s] DEBUG:colcon.colcon_core.package_identification:Package 'src/my_cpp_pkg' with type 'ros.ament_cmake' and name 'my_cpp_pkg'
[0.667s] Level 1:colcon.colcon_core.package_identification:_identify(src/my_py_pkg) by extensions ['ignore', 'ignore_ament_install']
[0.667s] Level 1:colcon.colcon_core.package_identification:_identify(src/my_py_pkg) by extension 'ignore'
[0.667s] Level 1:colcon.colcon_core.package_identification:_identify(src/my_py_pkg) by extension 'ignore_ament_install'
[0.667s] Level 1:colcon.colcon_core.package_identification:_identify(src/my_py_pkg) by extensions ['colcon_pkg']
[0.667s] Level 1:colcon.colcon_core.package_identification:_identify(src/my_py_pkg) by extension 'colcon_pkg'
[0.668s] Level 1:colcon.colcon_core.package_identification:_identify(src/my_py_pkg) by extensions ['colcon_meta']
[0.668s] Level 1:colcon.colcon_core.package_identification:_identify(src/my_py_pkg) by extension 'colcon_meta'
[0.668s] Level 1:colcon.colcon_core.package_identification:_identify(src/my_py_pkg) by extensions ['ros']
[0.668s] Level 1:colcon.colcon_core.package_identification:_identify(src/my_py_pkg) by extension 'ros'
[0.668s] DEBUG:colcon.colcon_core.package_identification:Package 'src/my_py_pkg' with type 'ros.ament_python' and name 'my_py_pkg'
[0.669s] Level 1:colcon.colcon_core.package_identification:_identify(src/my_py_pkg2) by extensions ['ignore', 'ignore_ament_install']
[0.669s] Level 1:colcon.colcon_core.package_identification:_identify(src/my_py_pkg2) by extension 'ignore'
[0.669s] Level 1:colcon.colcon_core.package_identification:_identify(src/my_py_pkg2) by extension 'ignore_ament_install'
[0.669s] Level 1:colcon.colcon_core.package_identification:_identify(src/my_py_pkg2) by extensions ['colcon_pkg']
[0.669s] Level 1:colcon.colcon_core.package_identification:_identify(src/my_py_pkg2) by extension 'colcon_pkg'
[0.669s] Level 1:colcon.colcon_core.package_identification:_identify(src/my_py_pkg2) by extensions ['colcon_meta']
[0.669s] Level 1:colcon.colcon_core.package_identification:_identify(src/my_py_pkg2) by extension 'colcon_meta'
[0.669s] Level 1:colcon.colcon_core.package_identification:_identify(src/my_py_pkg2) by extensions ['ros']
[0.669s] Level 1:colcon.colcon_core.package_identification:_identify(src/my_py_pkg2) by extension 'ros'
[0.670s] DEBUG:colcon.colcon_core.package_identification:Package 'src/my_py_pkg2' with type 'ros.ament_python' and name 'my_py_pkg2'
[0.670s] Level 1:colcon.colcon_core.package_discovery:discover_packages(recursive) using defaults
[0.670s] Level 1:colcon.colcon_core.package_discovery:discover_packages(ignore) discover
[0.670s] Level 1:colcon.colcon_core.package_discovery:discover_packages(ignore) using defaults
[0.670s] Level 1:colcon.colcon_core.package_discovery:discover_packages(path) discover
[0.670s] Level 1:colcon.colcon_core.package_discovery:discover_packages(path) using defaults
[0.694s] Level 1:colcon.colcon_core.package_discovery:discover_packages(prefix_path) check parameters
[0.694s] Level 1:colcon.colcon_core.package_discovery:discover_packages(prefix_path) discover
[0.696s] DEBUG:colcon.colcon_installed_package_information.package_discovery:Found 3 installed packages in /home/lucas/ros2_ws/install
[0.697s] DEBUG:colcon.colcon_installed_package_information.package_discovery:Found 270 installed packages in /opt/ros/humble
[0.700s] Level 1:colcon.colcon_core.package_discovery:discover_packages(prefix_path) using defaults
[0.767s] Level 5:colcon.colcon_core.verb:set package 'my_cpp_pkg' build argument 'bazel_args' from command line to 'None'
[0.767s] Level 5:colcon.colcon_core.verb:set package 'my_cpp_pkg' build argument 'bazel_task' from command line to 'None'
[0.767s] Level 5:colcon.colcon_core.verb:set package 'my_cpp_pkg' build argument 'cmake_args' from command line to 'None'
[0.767s] Level 5:colcon.colcon_core.verb:set package 'my_cpp_pkg' build argument 'cmake_target' from command line to 'None'
[0.767s] Level 5:colcon.colcon_core.verb:set package 'my_cpp_pkg' build argument 'cmake_target_skip_unavailable' from command line to 'False'
[0.767s] Level 5:colcon.colcon_core.verb:set package 'my_cpp_pkg' build argument 'cmake_clean_cache' from command line to 'False'
[0.768s] Level 5:colcon.colcon_core.verb:set package 'my_cpp_pkg' build argument 'cmake_clean_first' from command line to 'False'
[0.768s] Level 5:colcon.colcon_core.verb:set package 'my_cpp_pkg' build argument 'cmake_force_configure' from command line to 'False'
[0.768s] Level 5:colcon.colcon_core.verb:set package 'my_cpp_pkg' build argument 'meson_args' from command line to '[]'
[0.768s] Level 5:colcon.colcon_core.verb:set package 'my_cpp_pkg' build argument 'ament_cmake_args' from command line to 'None'
[0.768s] Level 5:colcon.colcon_core.verb:set package 'my_cpp_pkg' build argument 'catkin_cmake_args' from command line to 'None'
[0.768s] Level 5:colcon.colcon_core.verb:set package 'my_cpp_pkg' build argument 'catkin_skip_building_tests' from command line to 'False'
[0.768s] DEBUG:colcon.colcon_core.verb:Building package 'my_cpp_pkg' with the following arguments: {'ament_cmake_args': None, 'bazel_args': None, 'bazel_task': None, 'build_base': '/home/lucas/ros2_ws/build/my_cpp_pkg', 'catkin_cmake_args': None, 'catkin_skip_building_tests': False, 'cmake_args': None, 'cmake_clean_cache': False, 'cmake_clean_first': False, 'cmake_force_configure': False, 'cmake_target': None, 'cmake_target_skip_unavailable': False, 'install_base': '/home/lucas/ros2_ws/install/my_cpp_pkg', 'merge_install': False, 'meson_args': [], 'path': '/home/lucas/ros2_ws/src/my_cpp_pkg', 'symlink_install': False, 'test_result_base': None}
[0.784s] Level 5:colcon.colcon_core.verb:set package 'my_py_pkg' build argument 'bazel_args' from command line to 'None'
[0.784s] Level 5:colcon.colcon_core.verb:set package 'my_py_pkg' build argument 'bazel_task' from command line to 'None'
[0.784s] Level 5:colcon.colcon_core.verb:set package 'my_py_pkg' build argument 'cmake_args' from command line to 'None'
[0.784s] Level 5:colcon.colcon_core.verb:set package 'my_py_pkg' build argument 'cmake_target' from command line to 'None'
[0.784s] Level 5:colcon.colcon_core.verb:set package 'my_py_pkg' build argument 'cmake_target_skip_unavailable' from command line to 'False'
[0.784s] Level 5:colcon.colcon_core.verb:set package 'my_py_pkg' build argument 'cmake_clean_cache' from command line to 'False'
[0.784s] Level 5:colcon.colcon_core.verb:set package 'my_py_pkg' build argument 'cmake_clean_first' from command line to 'False'
[0.784s] Level 5:colcon.colcon_core.verb:set package 'my_py_pkg' build argument 'cmake_force_configure' from command line to 'False'
[0.784s] Level 5:colcon.colcon_core.verb:set package 'my_py_pkg' build argument 'meson_args' from command line to '[]'
[0.784s] Level 5:colcon.colcon_core.verb:set package 'my_py_pkg' build argument 'ament_cmake_args' from command line to 'None'
[0.784s] Level 5:colcon.colcon_core.verb:set package 'my_py_pkg' build argument 'catkin_cmake_args' from command line to 'None'
[0.784s] Level 5:colcon.colcon_core.verb:set package 'my_py_pkg' build argument 'catkin_skip_building_tests' from command line to 'False'
[0.784s] DEBUG:colcon.colcon_core.verb:Building package 'my_py_pkg' with the following arguments: {'ament_cmake_args': None, 'bazel_args': None, 'bazel_task': None, 'build_base': '/home/lucas/ros2_ws/build/my_py_pkg', 'catkin_cmake_args': None, 'catkin_skip_building_tests': False, 'cmake_args': None, 'cmake_clean_cache': False, 'cmake_clean_first': False, 'cmake_force_configure': False, 'cmake_target': None, 'cmake_target_skip_unavailable': False, 'install_base': '/home/lucas/ros2_ws/install/my_py_pkg', 'merge_install': False, 'meson_args': [], 'path': '/home/lucas/ros2_ws/src/my_py_pkg', 'symlink_install': False, 'test_result_base': None}
[0.800s] Level 5:colcon.colcon_core.verb:set package 'my_py_pkg2' build argument 'bazel_args' from command line to 'None'
[0.800s] Level 5:colcon.colcon_core.verb:set package 'my_py_pkg2' build argument 'bazel_task' from command line to 'None'
[0.800s] Level 5:colcon.colcon_core.verb:set package 'my_py_pkg2' build argument 'cmake_args' from command line to 'None'
[0.800s] Level 5:colcon.colcon_core.verb:set package 'my_py_pkg2' build argument 'cmake_target' from command line to 'None'
[0.800s] Level 5:colcon.colcon_core.verb:set package 'my_py_pkg2' build argument 'cmake_target_skip_unavailable' from command line to 'False'
[0.800s] Level 5:colcon.colcon_core.verb:set package 'my_py_pkg2' build argument 'cmake_clean_cache' from command line to 'False'
[0.800s] Level 5:colcon.colcon_core.verb:set package 'my_py_pkg2' build argument 'cmake_clean_first' from command line to 'False'
[0.800s] Level 5:colcon.colcon_core.verb:set package 'my_py_pkg2' build argument 'cmake_force_configure' from command line to 'False'
[0.800s] Level 5:colcon.colcon_core.verb:set package 'my_py_pkg2' build argument 'meson_args' from command line to '[]'
[0.800s] Level 5:colcon.colcon_core.verb:set package 'my_py_pkg2' build argument 'ament_cmake_args' from command line to 'None'
[0.800s] Level 5:colcon.colcon_core.verb:set package 'my_py_pkg2' build argument 'catkin_cmake_args' from command line to 'None'
[0.800s] Level 5:colcon.colcon_core.verb:set package 'my_py_pkg2' build argument 'catkin_skip_building_tests' from command line to 'False'
[0.800s] DEBUG:colcon.colcon_core.verb:Building package 'my_py_pkg2' with the following arguments: {'ament_cmake_args': None, 'bazel_args': None, 'bazel_task': None, 'build_base': '/home/lucas/ros2_ws/build/my_py_pkg2', 'catkin_cmake_args': None, 'catkin_skip_building_tests': False, 'cmake_args': None, 'cmake_clean_cache': False, 'cmake_clean_first': False, 'cmake_force_configure': False, 'cmake_target': None, 'cmake_target_skip_unavailable': False, 'install_base': '/home/lucas/ros2_ws/install/my_py_pkg2', 'merge_install': False, 'meson_args': [], 'path': '/home/lucas/ros2_ws/src/my_py_pkg2', 'symlink_install': False, 'test_result_base': None}
[0.800s] INFO:colcon.colcon_core.executor:Executing jobs using 'parallel' executor
[0.801s] DEBUG:colcon.colcon_parallel_executor.executor.parallel:run_until_complete
[0.802s] INFO:colcon.colcon_ros.task.ament_cmake.build:Building ROS package in '/home/lucas/ros2_ws/src/my_cpp_pkg' with build type 'ament_cmake'
[0.802s] INFO:colcon.colcon_cmake.task.cmake.build:Building CMake package in '/home/lucas/ros2_ws/src/my_cpp_pkg'
[0.805s] INFO:colcon.colcon_core.plugin_system:Skipping extension 'colcon_core.shell.bat': Not used on non-Windows systems
[0.805s] DEBUG:colcon.colcon_ros_domain_id_coordinator.shell.ros_domain_id:Allocated ROS_DOMAIN_ID=228 for '/home/lucas/ros2_ws/build/my_cpp_pkg'
[0.805s] INFO:colcon.colcon_core.shell:Skip shell extension 'ros_domain_id' for command environment: 
[0.805s] INFO:colcon.colcon_core.shell:Skip shell extension 'powershell' for command environment: Not usable outside of PowerShell
[0.805s] DEBUG:colcon.colcon_core.shell:Skip shell extension 'dsv' for command environment
[0.831s] DEBUG:colcon.colcon_core.event_handler.log_command:Invoking command in '/home/lucas/ros2_ws/build/my_cpp_pkg': CMAKE_PREFIX_PATH=${CMAKE_PREFIX_PATH}:/home/lucas/ros2_ws/install/my_py_pkg:/home/lucas/ros2_ws/install/my_py_pkg2:/opt/ros/humble /usr/bin/cmake --build /home/lucas/ros2_ws/build/my_cpp_pkg -- -j1 -l1
[1.076s] DEBUG:colcon.colcon_core.event_handler.log_command:Invoked command in '/home/lucas/ros2_ws/build/my_cpp_pkg' returned '0': CMAKE_PREFIX_PATH=${CMAKE_PREFIX_PATH}:/home/lucas/ros2_ws/install/my_py_pkg:/home/lucas/ros2_ws/install/my_py_pkg2:/opt/ros/humble /usr/bin/cmake --build /home/lucas/ros2_ws/build/my_cpp_pkg -- -j1 -l1
[1.212s] DEBUG:colcon.colcon_core.event_handler.log_command:Invoking command in '/home/lucas/ros2_ws/build/my_cpp_pkg': CMAKE_PREFIX_PATH=${CMAKE_PREFIX_PATH}:/home/lucas/ros2_ws/install/my_py_pkg:/home/lucas/ros2_ws/install/my_py_pkg2:/opt/ros/humble /usr/bin/cmake --install /home/lucas/ros2_ws/build/my_cpp_pkg
[1.237s] Level 1:colcon.colcon_core.environment:create_environment_scripts_only(my_cpp_pkg)
[1.240s] Level 1:colcon.colcon_core.environment:checking '/home/lucas/ros2_ws/install/my_cpp_pkg' for CMake module files
[1.241s] Level 1:colcon.colcon_core.environment:checking '/home/lucas/ros2_ws/install/my_cpp_pkg' for CMake config files
[1.241s] Level 1:colcon.colcon_core.shell:create_environment_hook('my_cpp_pkg', 'cmake_prefix_path')
[1.241s] INFO:colcon.colcon_core.shell:Creating environment hook '/home/lucas/ros2_ws/install/my_cpp_pkg/share/my_cpp_pkg/hook/cmake_prefix_path.ps1'
[1.249s] DEBUG:colcon.colcon_core.event_handler.log_command:Invoked command in '/home/lucas/ros2_ws/build/my_cpp_pkg' returned '0': CMAKE_PREFIX_PATH=${CMAKE_PREFIX_PATH}:/home/lucas/ros2_ws/install/my_py_pkg:/home/lucas/ros2_ws/install/my_py_pkg2:/opt/ros/humble /usr/bin/cmake --install /home/lucas/ros2_ws/build/my_cpp_pkg
[1.249s] INFO:colcon.colcon_core.shell:Creating environment descriptor '/home/lucas/ros2_ws/install/my_cpp_pkg/share/my_cpp_pkg/hook/cmake_prefix_path.dsv'
[1.250s] INFO:colcon.colcon_core.shell:Creating environment hook '/home/lucas/ros2_ws/install/my_cpp_pkg/share/my_cpp_pkg/hook/cmake_prefix_path.sh'
[1.261s] Level 1:colcon.colcon_core.environment:checking '/home/lucas/ros2_ws/install/my_cpp_pkg/lib'
[1.261s] Level 1:colcon.colcon_core.environment:checking '/home/lucas/ros2_ws/install/my_cpp_pkg/bin'
[1.261s] Level 1:colcon.colcon_core.environment:checking '/home/lucas/ros2_ws/install/my_cpp_pkg/lib/pkgconfig/my_cpp_pkg.pc'
[1.262s] Level 1:colcon.colcon_core.environment:checking '/home/lucas/ros2_ws/install/my_cpp_pkg/lib/python3.10/site-packages'
[1.262s] Level 1:colcon.colcon_core.environment:checking '/home/lucas/ros2_ws/install/my_cpp_pkg/bin'
[1.262s] INFO:colcon.colcon_core.shell:Creating package script '/home/lucas/ros2_ws/install/my_cpp_pkg/share/my_cpp_pkg/package.ps1'
[1.264s] INFO:colcon.colcon_core.shell:Creating package descriptor '/home/lucas/ros2_ws/install/my_cpp_pkg/share/my_cpp_pkg/package.dsv'
[1.270s] INFO:colcon.colcon_core.shell:Creating package script '/home/lucas/ros2_ws/install/my_cpp_pkg/share/my_cpp_pkg/package.sh'
[1.272s] INFO:colcon.colcon_core.shell:Creating package script '/home/lucas/ros2_ws/install/my_cpp_pkg/share/my_cpp_pkg/package.bash'
[1.281s] INFO:colcon.colcon_core.shell:Creating package script '/home/lucas/ros2_ws/install/my_cpp_pkg/share/my_cpp_pkg/package.zsh'
[1.283s] Level 1:colcon.colcon_core.environment:create_file_with_runtime_dependencies(/home/lucas/ros2_ws/install/my_cpp_pkg/share/colcon-core/packages/my_cpp_pkg)
[1.399s] Level 1:colcon.colcon_core.environment:create_environment_scripts_only(my_cpp_pkg)
[1.399s] Level 1:colcon.colcon_core.environment:checking '/home/lucas/ros2_ws/install/my_cpp_pkg' for CMake module files
[1.399s] Level 1:colcon.colcon_core.environment:checking '/home/lucas/ros2_ws/install/my_cpp_pkg' for CMake config files
[1.400s] Level 1:colcon.colcon_core.shell:create_environment_hook('my_cpp_pkg', 'cmake_prefix_path')
[1.400s] INFO:colcon.colcon_core.shell:Creating environment hook '/home/lucas/ros2_ws/install/my_cpp_pkg/share/my_cpp_pkg/hook/cmake_prefix_path.ps1'
[1.401s] INFO:colcon.colcon_core.shell:Creating environment descriptor '/home/lucas/ros2_ws/install/my_cpp_pkg/share/my_cpp_pkg/hook/cmake_prefix_path.dsv'
[1.403s] INFO:colcon.colcon_core.shell:Creating environment hook '/home/lucas/ros2_ws/install/my_cpp_pkg/share/my_cpp_pkg/hook/cmake_prefix_path.sh'
[1.404s] Level 1:colcon.colcon_core.environment:checking '/home/lucas/ros2_ws/install/my_cpp_pkg/lib'
[1.404s] Level 1:colcon.colcon_core.environment:checking '/home/lucas/ros2_ws/install/my_cpp_pkg/bin'
[1.404s] Level 1:colcon.colcon_core.environment:checking '/home/lucas/ros2_ws/install/my_cpp_pkg/lib/pkgconfig/my_cpp_pkg.pc'
[1.405s] Level 1:colcon.colcon_core.environment:checking '/home/lucas/ros2_ws/install/my_cpp_pkg/lib/python3.10/site-packages'
[1.405s] Level 1:colcon.colcon_core.environment:checking '/home/lucas/ros2_ws/install/my_cpp_pkg/bin'
[1.405s] INFO:colcon.colcon_core.shell:Creating package script '/home/lucas/ros2_ws/install/my_cpp_pkg/share/my_cpp_pkg/package.ps1'
[1.407s] INFO:colcon.colcon_core.shell:Creating package descriptor '/home/lucas/ros2_ws/install/my_cpp_pkg/share/my_cpp_pkg/package.dsv'
[1.408s] INFO:colcon.colcon_core.shell:Creating package script '/home/lucas/ros2_ws/install/my_cpp_pkg/share/my_cpp_pkg/package.sh'
[1.409s] INFO:colcon.colcon_core.shell:Creating package script '/home/lucas/ros2_ws/install/my_cpp_pkg/share/my_cpp_pkg/package.bash'
[1.411s] INFO:colcon.colcon_core.shell:Creating package script '/home/lucas/ros2_ws/install/my_cpp_pkg/share/my_cpp_pkg/package.zsh'
[1.412s] Level 1:colcon.colcon_core.environment:create_file_with_runtime_dependencies(/home/lucas/ros2_ws/install/my_cpp_pkg/share/colcon-core/packages/my_cpp_pkg)
[1.413s] DEBUG:colcon.colcon_ros_domain_id_coordinator.shell.ros_domain_id:Released ROS_DOMAIN_ID=228 for '/home/lucas/ros2_ws/build/my_cpp_pkg'
[1.414s] INFO:colcon.colcon_ros.task.ament_python.build:Building ROS package in '/home/lucas/ros2_ws/src/my_py_pkg' with build type 'ament_python'
[1.415s] Level 1:colcon.colcon_core.shell:create_environment_hook('my_py_pkg', 'ament_prefix_path')
[1.415s] INFO:colcon.colcon_core.shell:Creating environment hook '/home/lucas/ros2_ws/install/my_py_pkg/share/my_py_pkg/hook/ament_prefix_path.ps1'
[1.417s] INFO:colcon.colcon_core.shell:Creating environment descriptor '/home/lucas/ros2_ws/install/my_py_pkg/share/my_py_pkg/hook/ament_prefix_path.dsv'
[1.417s] INFO:colcon.colcon_core.shell:Creating environment hook '/home/lucas/ros2_ws/install/my_py_pkg/share/my_py_pkg/hook/ament_prefix_path.sh'
[1.420s] DEBUG:colcon.colcon_ros_domain_id_coordinator.shell.ros_domain_id:Allocated ROS_DOMAIN_ID=227 for '/home/lucas/ros2_ws/build/my_py_pkg'
[1.420s] INFO:colcon.colcon_core.shell:Skip shell extension 'ros_domain_id' for command environment: 
[1.420s] INFO:colcon.colcon_core.shell:Skip shell extension 'powershell' for command environment: Not usable outside of PowerShell
[1.420s] DEBUG:colcon.colcon_core.shell:Skip shell extension 'dsv' for command environment
[2.018s] INFO:colcon.colcon_core.task.python.build:Building Python package in '/home/lucas/ros2_ws/src/my_py_pkg'
[2.019s] DEBUG:colcon.colcon_ros_domain_id_coordinator.shell.ros_domain_id:Allocated ROS_DOMAIN_ID=227 for '/home/lucas/ros2_ws/build/my_py_pkg'
[2.019s] INFO:colcon.colcon_core.shell:Skip shell extension 'ros_domain_id' for command environment: 
[2.019s] INFO:colcon.colcon_core.shell:Skip shell extension 'powershell' for command environment: Not usable outside of PowerShell
[2.019s] DEBUG:colcon.colcon_core.shell:Skip shell extension 'dsv' for command environment
[2.690s] DEBUG:colcon.colcon_core.event_handler.log_command:Invoking command in '/home/lucas/ros2_ws/src/my_py_pkg': PYTHONPATH=/home/lucas/ros2_ws/build/my_py_pkg/prefix_override:/home/lucas/ros2_ws/install/my_py_pkg/lib/python3.10/site-packages:${PYTHONPATH} /usr/bin/python3 -W ignore:setup.py install is deprecated setup.py egg_info --egg-base ../../build/my_py_pkg build --build-base /home/lucas/ros2_ws/build/my_py_pkg/build install --record /home/lucas/ros2_ws/build/my_py_pkg/install.log --single-version-externally-managed install_data
[3.329s] Level 1:colcon.colcon_core.environment:checking '/home/lucas/ros2_ws/install/my_py_pkg' for CMake module files
[3.329s] Level 1:colcon.colcon_core.environment:checking '/home/lucas/ros2_ws/install/my_py_pkg' for CMake config files
[3.330s] Level 1:colcon.colcon_core.environment:checking '/home/lucas/ros2_ws/install/my_py_pkg/lib'
[3.330s] Level 1:colcon.colcon_core.environment:checking '/home/lucas/ros2_ws/install/my_py_pkg/bin'
[3.330s] Level 1:colcon.colcon_core.environment:checking '/home/lucas/ros2_ws/install/my_py_pkg/lib/pkgconfig/my_py_pkg.pc'
[3.330s] Level 1:colcon.colcon_core.environment:checking '/home/lucas/ros2_ws/install/my_py_pkg/lib/python3.10/site-packages'
[3.330s] Level 1:colcon.colcon_core.shell:create_environment_hook('my_py_pkg', 'pythonpath')
[3.331s] INFO:colcon.colcon_core.shell:Creating environment hook '/home/lucas/ros2_ws/install/my_py_pkg/share/my_py_pkg/hook/pythonpath.ps1'
[3.333s] DEBUG:colcon.colcon_core.event_handler.log_command:Invoked command in '/home/lucas/ros2_ws/src/my_py_pkg' returned '0': PYTHONPATH=/home/lucas/ros2_ws/build/my_py_pkg/prefix_override:/home/lucas/ros2_ws/install/my_py_pkg/lib/python3.10/site-packages:${PYTHONPATH} /usr/bin/python3 -W ignore:setup.py install is deprecated setup.py egg_info --egg-base ../../build/my_py_pkg build --build-base /home/lucas/ros2_ws/build/my_py_pkg/build install --record /home/lucas/ros2_ws/build/my_py_pkg/install.log --single-version-externally-managed install_data
[3.333s] INFO:colcon.colcon_core.shell:Creating environment descriptor '/home/lucas/ros2_ws/install/my_py_pkg/share/my_py_pkg/hook/pythonpath.dsv'
[3.335s] INFO:colcon.colcon_core.shell:Creating environment hook '/home/lucas/ros2_ws/install/my_py_pkg/share/my_py_pkg/hook/pythonpath.sh'
[3.337s] Level 1:colcon.colcon_core.environment:checking '/home/lucas/ros2_ws/install/my_py_pkg/bin'
[3.337s] Level 1:colcon.colcon_core.environment:create_environment_scripts_only(my_py_pkg)
[3.337s] INFO:colcon.colcon_core.shell:Creating package script '/home/lucas/ros2_ws/install/my_py_pkg/share/my_py_pkg/package.ps1'
[3.355s] INFO:colcon.colcon_core.shell:Creating package descriptor '/home/lucas/ros2_ws/install/my_py_pkg/share/my_py_pkg/package.dsv'
[3.356s] INFO:colcon.colcon_core.shell:Creating package script '/home/lucas/ros2_ws/install/my_py_pkg/share/my_py_pkg/package.sh'
[3.358s] INFO:colcon.colcon_core.shell:Creating package script '/home/lucas/ros2_ws/install/my_py_pkg/share/my_py_pkg/package.bash'
[3.359s] INFO:colcon.colcon_core.shell:Creating package script '/home/lucas/ros2_ws/install/my_py_pkg/share/my_py_pkg/package.zsh'
[3.360s] Level 1:colcon.colcon_core.environment:create_file_with_runtime_dependencies(/home/lucas/ros2_ws/install/my_py_pkg/share/colcon-core/packages/my_py_pkg)
[3.361s] DEBUG:colcon.colcon_ros_domain_id_coordinator.shell.ros_domain_id:Released ROS_DOMAIN_ID=227 for '/home/lucas/ros2_ws/build/my_py_pkg'
[3.363s] INFO:colcon.colcon_ros.task.ament_python.build:Building ROS package in '/home/lucas/ros2_ws/src/my_py_pkg2' with build type 'ament_python'
[3.364s] Level 1:colcon.colcon_core.shell:create_environment_hook('my_py_pkg2', 'ament_prefix_path')
[3.364s] INFO:colcon.colcon_core.shell:Creating environment hook '/home/lucas/ros2_ws/install/my_py_pkg2/share/my_py_pkg2/hook/ament_prefix_path.ps1'
[3.366s] INFO:colcon.colcon_core.shell:Creating environment descriptor '/home/lucas/ros2_ws/install/my_py_pkg2/share/my_py_pkg2/hook/ament_prefix_path.dsv'
[3.369s] INFO:colcon.colcon_core.shell:Creating environment hook '/home/lucas/ros2_ws/install/my_py_pkg2/share/my_py_pkg2/hook/ament_prefix_path.sh'
[3.378s] DEBUG:colcon.colcon_ros_domain_id_coordinator.shell.ros_domain_id:Allocated ROS_DOMAIN_ID=13 for '/home/lucas/ros2_ws/build/my_py_pkg2'
[3.378s] INFO:colcon.colcon_core.shell:Skip shell extension 'ros_domain_id' for command environment: 
[3.378s] INFO:colcon.colcon_core.shell:Skip shell extension 'powershell' for command environment: Not usable outside of PowerShell
[3.378s] DEBUG:colcon.colcon_core.shell:Skip shell extension 'dsv' for command environment
[4.034s] INFO:colcon.colcon_core.task.python.build:Building Python package in '/home/lucas/ros2_ws/src/my_py_pkg2'
[4.035s] DEBUG:colcon.colcon_ros_domain_id_coordinator.shell.ros_domain_id:Allocated ROS_DOMAIN_ID=13 for '/home/lucas/ros2_ws/build/my_py_pkg2'
[4.035s] INFO:colcon.colcon_core.shell:Skip shell extension 'ros_domain_id' for command environment: 
[4.035s] INFO:colcon.colcon_core.shell:Skip shell extension 'powershell' for command environment: Not usable outside of PowerShell
[4.035s] DEBUG:colcon.colcon_core.shell:Skip shell extension 'dsv' for command environment
[4.684s] DEBUG:colcon.colcon_core.event_handler.log_command:Invoking command in '/home/lucas/ros2_ws/src/my_py_pkg2': PYTHONPATH=/home/lucas/ros2_ws/build/my_py_pkg2/prefix_override:/home/lucas/ros2_ws/install/my_py_pkg2/lib/python3.10/site-packages:${PYTHONPATH} /usr/bin/python3 -W ignore:setup.py install is deprecated setup.py egg_info --egg-base ../../build/my_py_pkg2 build --build-base /home/lucas/ros2_ws/build/my_py_pkg2/build install --record /home/lucas/ros2_ws/build/my_py_pkg2/install.log --single-version-externally-managed install_data
[5.318s] Level 1:colcon.colcon_core.environment:checking '/home/lucas/ros2_ws/install/my_py_pkg2' for CMake module files
[5.319s] Level 1:colcon.colcon_core.environment:checking '/home/lucas/ros2_ws/install/my_py_pkg2' for CMake config files
[5.320s] Level 1:colcon.colcon_core.environment:checking '/home/lucas/ros2_ws/install/my_py_pkg2/lib'
[5.320s] Level 1:colcon.colcon_core.environment:checking '/home/lucas/ros2_ws/install/my_py_pkg2/bin'
[5.320s] Level 1:colcon.colcon_core.environment:checking '/home/lucas/ros2_ws/install/my_py_pkg2/lib/pkgconfig/my_py_pkg2.pc'
[5.320s] Level 1:colcon.colcon_core.environment:checking '/home/lucas/ros2_ws/install/my_py_pkg2/lib/python3.10/site-packages'
[5.320s] Level 1:colcon.colcon_core.shell:create_environment_hook('my_py_pkg2', 'pythonpath')
[5.320s] INFO:colcon.colcon_core.shell:Creating environment hook '/home/lucas/ros2_ws/install/my_py_pkg2/share/my_py_pkg2/hook/pythonpath.ps1'
[5.333s] DEBUG:colcon.colcon_core.event_handler.log_command:Invoked command in '/home/lucas/ros2_ws/src/my_py_pkg2' returned '0': PYTHONPATH=/home/lucas/ros2_ws/build/my_py_pkg2/prefix_override:/home/lucas/ros2_ws/install/my_py_pkg2/lib/python3.10/site-packages:${PYTHONPATH} /usr/bin/python3 -W ignore:setup.py install is deprecated setup.py egg_info --egg-base ../../build/my_py_pkg2 build --build-base /home/lucas/ros2_ws/build/my_py_pkg2/build install --record /home/lucas/ros2_ws/build/my_py_pkg2/install.log --single-version-externally-managed install_data
[5.333s] INFO:colcon.colcon_core.shell:Creating environment descriptor '/home/lucas/ros2_ws/install/my_py_pkg2/share/my_py_pkg2/hook/pythonpath.dsv'
[5.335s] INFO:colcon.colcon_core.shell:Creating environment hook '/home/lucas/ros2_ws/install/my_py_pkg2/share/my_py_pkg2/hook/pythonpath.sh'
[5.337s] Level 1:colcon.colcon_core.environment:checking '/home/lucas/ros2_ws/install/my_py_pkg2/bin'
[5.337s] Level 1:colcon.colcon_core.environment:create_environment_scripts_only(my_py_pkg2)
[5.337s] INFO:colcon.colcon_core.shell:Creating package script '/home/lucas/ros2_ws/install/my_py_pkg2/share/my_py_pkg2/package.ps1'
[5.339s] INFO:colcon.colcon_core.shell:Creating package descriptor '/home/lucas/ros2_ws/install/my_py_pkg2/share/my_py_pkg2/package.dsv'
[5.340s] INFO:colcon.colcon_core.shell:Creating package script '/home/lucas/ros2_ws/install/my_py_pkg2/share/my_py_pkg2/package.sh'
[5.344s] INFO:colcon.colcon_core.shell:Creating package script '/home/lucas/ros2_ws/install/my_py_pkg2/share/my_py_pkg2/package.bash'
[5.345s] INFO:colcon.colcon_core.shell:Creating package script '/home/lucas/ros2_ws/install/my_py_pkg2/share/my_py_pkg2/package.zsh'
[5.346s] Level 1:colcon.colcon_core.environment:create_file_with_runtime_dependencies(/home/lucas/ros2_ws/install/my_py_pkg2/share/colcon-core/packages/my_py_pkg2)
[5.347s] DEBUG:colcon.colcon_ros_domain_id_coordinator.shell.ros_domain_id:Released ROS_DOMAIN_ID=13 for '/home/lucas/ros2_ws/build/my_py_pkg2'
[5.355s] DEBUG:colcon.colcon_parallel_executor.executor.parallel:closing loop
[5.355s] DEBUG:colcon.colcon_parallel_executor.executor.parallel:loop closed
[5.356s] DEBUG:colcon.colcon_parallel_executor.executor.parallel:run_until_complete finished with '0'
[5.356s] DEBUG:colcon.colcon_core.event_reactor:joining thread
[5.370s] INFO:colcon.colcon_core.plugin_system:Skipping extension 'colcon_notification.desktop_notification.terminal_notifier': Not used on non-Darwin systems
[5.370s] INFO:colcon.colcon_core.plugin_system:Skipping extension 'colcon_notification.desktop_notification.win32': Not used on non-Windows systems
[5.370s] INFO:colcon.colcon_notification.desktop_notification:Sending desktop notification using 'notify2'
[5.371s] DEBUG:colcon.colcon_notification.desktop_notification.notify2:Failed to initialize notify2: org.freedesktop.DBus.Error.NoReply: Did not receive a reply. Possible causes include: the remote application did not send a reply, the message bus security policy blocked the reply, the reply timeout expired, or the network connection was broken.
[5.371s] DEBUG:colcon.colcon_core.event_reactor:joined thread
[5.371s] INFO:colcon.colcon_core.shell:Creating prefix script '/home/lucas/ros2_ws/install/local_setup.ps1'
[5.376s] INFO:colcon.colcon_core.shell:Creating prefix util module '/home/lucas/ros2_ws/install/_local_setup_util_ps1.py'
[5.386s] INFO:colcon.colcon_core.shell:Creating prefix chain script '/home/lucas/ros2_ws/install/setup.ps1'
[5.395s] INFO:colcon.colcon_core.shell:Creating prefix script '/home/lucas/ros2_ws/install/local_setup.sh'
[5.397s] INFO:colcon.colcon_core.shell:Creating prefix util module '/home/lucas/ros2_ws/install/_local_setup_util_sh.py'
[5.399s] INFO:colcon.colcon_core.shell:Creating prefix chain script '/home/lucas/ros2_ws/install/setup.sh'
[5.406s] INFO:colcon.colcon_core.shell:Creating prefix script '/home/lucas/ros2_ws/install/local_setup.bash'
[5.408s] INFO:colcon.colcon_core.shell:Creating prefix chain script '/home/lucas/ros2_ws/install/setup.bash'
[5.410s] INFO:colcon.colcon_core.shell:Creating prefix script '/home/lucas/ros2_ws/install/local_setup.zsh'
[5.416s] INFO:colcon.colcon_core.shell:Creating prefix chain script '/home/lucas/ros2_ws/install/setup.zsh'
[5.418s] INFO:colcon.colcon_core.shell:Creating '/home/lucas/ros2_ws/install/spawn_shell.bash'
