[1.374s] Invoking command in '/home/lucas/ros2_ws/src/my_py_pkg2': PYTHONPATH=/home/lucas/ros2_ws/build/my_py_pkg2/prefix_override:/home/lucas/ros2_ws/install/my_py_pkg2/lib/python3.10/site-packages:${PYTHONPATH} /usr/bin/python3 -W ignore:setup.py install is deprecated setup.py egg_info --egg-base ../../build/my_py_pkg2 build --build-base /home/lucas/ros2_ws/build/my_py_pkg2/build install --record /home/lucas/ros2_ws/build/my_py_pkg2/install.log --single-version-externally-managed install_data
[1.771s] running egg_info
[1.773s] writing ../../build/my_py_pkg2/my_py_pkg2.egg-info/PKG-INFO
[1.774s] writing dependency_links to ../../build/my_py_pkg2/my_py_pkg2.egg-info/dependency_links.txt
[1.776s] writing entry points to ../../build/my_py_pkg2/my_py_pkg2.egg-info/entry_points.txt
[1.778s] writing requirements to ../../build/my_py_pkg2/my_py_pkg2.egg-info/requires.txt
[1.779s] writing top-level names to ../../build/my_py_pkg2/my_py_pkg2.egg-info/top_level.txt
[1.783s] reading manifest file '../../build/my_py_pkg2/my_py_pkg2.egg-info/SOURCES.txt'
[1.784s] writing manifest file '../../build/my_py_pkg2/my_py_pkg2.egg-info/SOURCES.txt'
[1.786s] running build
[1.786s] running build_py
[1.787s] running install
[1.788s] running install_lib
[1.790s] running install_data
[1.790s] running install_egg_info
[1.792s] removing '/home/lucas/ros2_ws/install/my_py_pkg2/lib/python3.10/site-packages/my_py_pkg2-0.0.0-py3.10.egg-info' (and everything under it)
[1.793s] Copying ../../build/my_py_pkg2/my_py_pkg2.egg-info to /home/lucas/ros2_ws/install/my_py_pkg2/lib/python3.10/site-packages/my_py_pkg2-0.0.0-py3.10.egg-info
[1.795s] running install_scripts
[1.822s] Installing add_two_ints script to /home/lucas/ros2_ws/install/my_py_pkg2/lib/my_py_pkg2
[1.825s] Installing add_two_ints_client script to /home/lucas/ros2_ws/install/my_py_pkg2/lib/my_py_pkg2
[1.826s] Installing number_pub script to /home/lucas/ros2_ws/install/my_py_pkg2/lib/my_py_pkg2
[1.827s] Installing publisher script to /home/lucas/ros2_ws/install/my_py_pkg2/lib/my_py_pkg2
[1.829s] Installing py_node script to /home/lucas/ros2_ws/install/my_py_pkg2/lib/my_py_pkg2
[1.831s] Installing subscriber script to /home/lucas/ros2_ws/install/my_py_pkg2/lib/my_py_pkg2
[1.832s] writing list of installed files to '/home/lucas/ros2_ws/build/my_py_pkg2/install.log'
[1.868s] Invoked command in '/home/lucas/ros2_ws/src/my_py_pkg2' returned '0': PYTHONPATH=/home/lucas/ros2_ws/build/my_py_pkg2/prefix_override:/home/lucas/ros2_ws/install/my_py_pkg2/lib/python3.10/site-packages:${PYTHONPATH} /usr/bin/python3 -W ignore:setup.py install is deprecated setup.py egg_info --egg-base ../../build/my_py_pkg2 build --build-base /home/lucas/ros2_ws/build/my_py_pkg2/build install --record /home/lucas/ros2_ws/build/my_py_pkg2/install.log --single-version-externally-managed install_data
