[0.043s] Invoking command in '/home/lucas/ros2_ws/build/Stage': /usr/bin/cmake --build /home/lucas/ros2_ws/build/Stage -- -j1 -l1
[0.397s] [ 57%] Built target stage
[0.444s] [ 61%] Built target stagebinary
[0.489s] [ 64%] Built target fasr
[0.534s] [ 67%] Built target sink
[0.578s] [ 71%] Built target source
[0.668s] [ 74%] Built target wander
[0.714s] [ 77%] Built target pioneer_flocking
[0.760s] [ 81%] Built target rasterize
[0.813s] [ 84%] Built target lasernoise
[0.927s] [ 88%] Built target dynamic
[1.030s] [ 93%] Built target fasr2
[1.128s] [ 96%] Built target expand_swarm
[1.194s] [100%] Built target expand_pioneer
[1.214s] Invoked command in '/home/lucas/ros2_ws/build/Stage' returned '0': /usr/bin/cmake --build /home/lucas/ros2_ws/build/Stage -- -j1 -l1
[1.343s] Invoking command in '/home/lucas/ros2_ws/build/Stage': /usr/bin/cmake --install /home/lucas/ros2_ws/build/Stage
[1.358s] -- Install configuration: "RELEASE"
[1.358s] -- Up-to-date: /home/lucas/ros2_ws/install/Stage/lib/pkgconfig/stage.pc
[1.359s] -- Up-to-date: /home/lucas/ros2_ws/install/Stage/lib/cmake/Stage/stage-config.cmake
[1.359s] -- Up-to-date: /home/lucas/ros2_ws/install/Stage/lib/cmake/Stage/stage-config-version.cmake
[1.360s] -- Up-to-date: /home/lucas/ros2_ws/install/Stage/bin/stage
[1.360s] -- Up-to-date: /home/lucas/ros2_ws/install/Stage/lib/libstage.so.4.3.0
[1.360s] -- Up-to-date: /home/lucas/ros2_ws/install/Stage/lib/libstage.so
[1.361s] -- Up-to-date: /home/lucas/ros2_ws/install/Stage/include/Stage-4.3/stage.hh
[1.363s] -- Up-to-date: /home/lucas/ros2_ws/install/Stage/lib/Stage-4.3/fasr.so
[1.364s] -- Up-to-date: /home/lucas/ros2_ws/install/Stage/lib/Stage-4.3/sink.so
[1.364s] -- Up-to-date: /home/lucas/ros2_ws/install/Stage/lib/Stage-4.3/source.so
[1.365s] -- Up-to-date: /home/lucas/ros2_ws/install/Stage/lib/Stage-4.3/wander.so
[1.365s] -- Up-to-date: /home/lucas/ros2_ws/install/Stage/lib/Stage-4.3/pioneer_flocking.so
[1.366s] -- Up-to-date: /home/lucas/ros2_ws/install/Stage/lib/Stage-4.3/rasterize.so
[1.366s] -- Up-to-date: /home/lucas/ros2_ws/install/Stage/lib/Stage-4.3/lasernoise.so
[1.367s] -- Up-to-date: /home/lucas/ros2_ws/install/Stage/lib/Stage-4.3/dynamic.so
[1.367s] -- Up-to-date: /home/lucas/ros2_ws/install/Stage/lib/Stage-4.3/fasr2.so
[1.368s] -- Up-to-date: /home/lucas/ros2_ws/install/Stage/share/stage/assets/blue.png
[1.368s] -- Up-to-date: /home/lucas/ros2_ws/install/Stage/share/stage/assets/death.png
[1.368s] -- Up-to-date: /home/lucas/ros2_ws/install/Stage/share/stage/assets/green.png
[1.368s] -- Up-to-date: /home/lucas/ros2_ws/install/Stage/share/stage/assets/logo.png
[1.369s] -- Up-to-date: /home/lucas/ros2_ws/install/Stage/share/stage/assets/mains.png
[1.369s] -- Up-to-date: /home/lucas/ros2_ws/install/Stage/share/stage/assets/mainspower.png
[1.369s] -- Up-to-date: /home/lucas/ros2_ws/install/Stage/share/stage/assets/question_mark.png
[1.369s] -- Up-to-date: /home/lucas/ros2_ws/install/Stage/share/stage/assets/red.png
[1.369s] -- Up-to-date: /home/lucas/ros2_ws/install/Stage/share/stage/assets/stagelogo.png
[1.369s] -- Up-to-date: /home/lucas/ros2_ws/install/Stage/share/stage/assets/stall-old.png
[1.370s] -- Up-to-date: /home/lucas/ros2_ws/install/Stage/share/stage/assets/stall.png
[1.370s] -- Up-to-date: /home/lucas/ros2_ws/install/Stage/share/stage/assets/rgb.txt
[1.370s] -- Up-to-date: /home/lucas/ros2_ws/install/Stage/share/stage/rgb.txt
[1.370s] -- Up-to-date: /home/lucas/ros2_ws/install/Stage/share/stage/worlds/amcl-sonar.cfg
[1.371s] -- Up-to-date: /home/lucas/ros2_ws/install/Stage/share/stage/worlds/autolab.cfg
[1.371s] -- Up-to-date: /home/lucas/ros2_ws/install/Stage/share/stage/worlds/camera.cfg
[1.371s] -- Up-to-date: /home/lucas/ros2_ws/install/Stage/share/stage/worlds/everything.cfg
[1.372s] -- Up-to-date: /home/lucas/ros2_ws/install/Stage/share/stage/worlds/lsp_test.cfg
[1.372s] -- Up-to-date: /home/lucas/ros2_ws/install/Stage/share/stage/worlds/mbicp.cfg
[1.372s] -- Up-to-date: /home/lucas/ros2_ws/install/Stage/share/stage/worlds/nd.cfg
[1.372s] -- Up-to-date: /home/lucas/ros2_ws/install/Stage/share/stage/worlds/roomba.cfg
[1.372s] -- Up-to-date: /home/lucas/ros2_ws/install/Stage/share/stage/worlds/simple.cfg
[1.372s] -- Up-to-date: /home/lucas/ros2_ws/install/Stage/share/stage/worlds/test.cfg
[1.373s] -- Up-to-date: /home/lucas/ros2_ws/install/Stage/share/stage/worlds/uoa_robotics_lab.cfg
[1.373s] -- Up-to-date: /home/lucas/ros2_ws/install/Stage/share/stage/worlds/vfh.cfg
[1.373s] -- Up-to-date: /home/lucas/ros2_ws/install/Stage/share/stage/worlds/wavefront-remote.cfg
[1.373s] -- Up-to-date: /home/lucas/ros2_ws/install/Stage/share/stage/worlds/wavefront.cfg
[1.373s] -- Up-to-date: /home/lucas/ros2_ws/install/Stage/share/stage/worlds/wifi.cfg
[1.373s] -- Up-to-date: /home/lucas/ros2_ws/install/Stage/share/stage/worlds/SFU.world
[1.374s] -- Up-to-date: /home/lucas/ros2_ws/install/Stage/share/stage/worlds/autolab.world
[1.374s] -- Up-to-date: /home/lucas/ros2_ws/install/Stage/share/stage/worlds/camera.world
[1.374s] -- Up-to-date: /home/lucas/ros2_ws/install/Stage/share/stage/worlds/circuit.world
[1.374s] -- Up-to-date: /home/lucas/ros2_ws/install/Stage/share/stage/worlds/everything.world
[1.374s] -- Up-to-date: /home/lucas/ros2_ws/install/Stage/share/stage/worlds/fasr.world
[1.374s] -- Up-to-date: /home/lucas/ros2_ws/install/Stage/share/stage/worlds/fasr2.world
[1.375s] -- Up-to-date: /home/lucas/ros2_ws/install/Stage/share/stage/worlds/fasr_plan.world
[1.375s] -- Up-to-date: /home/lucas/ros2_ws/install/Stage/share/stage/worlds/large.world
[1.375s] -- Up-to-date: /home/lucas/ros2_ws/install/Stage/share/stage/worlds/lsp_test.world
[1.375s] -- Up-to-date: /home/lucas/ros2_ws/install/Stage/share/stage/worlds/mbicp.world
[1.375s] -- Up-to-date: /home/lucas/ros2_ws/install/Stage/share/stage/worlds/pioneer_flocking.world
[1.375s] -- Up-to-date: /home/lucas/ros2_ws/install/Stage/share/stage/worlds/pioneer_follow.world
[1.376s] -- Up-to-date: /home/lucas/ros2_ws/install/Stage/share/stage/worlds/pioneer_walle.world
[1.376s] -- Up-to-date: /home/lucas/ros2_ws/install/Stage/share/stage/worlds/roomba.world
[1.376s] -- Up-to-date: /home/lucas/ros2_ws/install/Stage/share/stage/worlds/sensor_noise_demo.world
[1.376s] -- Up-to-date: /home/lucas/ros2_ws/install/Stage/share/stage/worlds/sensor_noise_module_demo.world
[1.376s] -- Up-to-date: /home/lucas/ros2_ws/install/Stage/share/stage/worlds/simple.world
[1.376s] -- Up-to-date: /home/lucas/ros2_ws/install/Stage/share/stage/worlds/uoa_robotics_lab.world
[1.376s] -- Up-to-date: /home/lucas/ros2_ws/install/Stage/share/stage/worlds/wifi.world
[1.377s] -- Up-to-date: /home/lucas/ros2_ws/install/Stage/share/stage/worlds/beacons.inc
[1.377s] -- Up-to-date: /home/lucas/ros2_ws/install/Stage/share/stage/worlds/chatterbox.inc
[1.377s] -- Up-to-date: /home/lucas/ros2_ws/install/Stage/share/stage/worlds/hokuyo.inc
[1.377s] -- Up-to-date: /home/lucas/ros2_ws/install/Stage/share/stage/worlds/irobot.inc
[1.377s] -- Up-to-date: /home/lucas/ros2_ws/install/Stage/share/stage/worlds/map.inc
[1.378s] -- Up-to-date: /home/lucas/ros2_ws/install/Stage/share/stage/worlds/objects.inc
[1.378s] -- Up-to-date: /home/lucas/ros2_ws/install/Stage/share/stage/worlds/pantilt.inc
[1.378s] -- Up-to-date: /home/lucas/ros2_ws/install/Stage/share/stage/worlds/pioneer.inc
[1.378s] -- Up-to-date: /home/lucas/ros2_ws/install/Stage/share/stage/worlds/sick.inc
[1.378s] -- Up-to-date: /home/lucas/ros2_ws/install/Stage/share/stage/worlds/ubot.inc
[1.379s] -- Up-to-date: /home/lucas/ros2_ws/install/Stage/share/stage/worlds/uoa_robotics_lab_models.inc
[1.379s] -- Up-to-date: /home/lucas/ros2_ws/install/Stage/share/stage/worlds/walle.inc
[1.379s] -- Up-to-date: /home/lucas/ros2_ws/install/Stage/share/stage/worlds/cfggen.sh
[1.379s] -- Up-to-date: /home/lucas/ros2_ws/install/Stage/share/stage/worlds/test.sh
[1.379s] -- Up-to-date: /home/lucas/ros2_ws/install/Stage/share/stage/worlds/worldgen.sh
[1.380s] -- Up-to-date: /home/lucas/ros2_ws/install/Stage/lib/Stage-4.3/expand_swarm.so
[1.380s] -- Up-to-date: /home/lucas/ros2_ws/install/Stage/lib/Stage-4.3/expand_pioneer.so
[1.380s] -- Up-to-date: /home/lucas/ros2_ws/install/Stage/share/stage/worlds/bitmaps/889_05.png
[1.381s] -- Up-to-date: /home/lucas/ros2_ws/install/Stage/share/stage/worlds/bitmaps/SFU_1200x615.png
[1.381s] -- Up-to-date: /home/lucas/ros2_ws/install/Stage/share/stage/worlds/bitmaps/SRI-AIC-kwing.png
[1.381s] -- Up-to-date: /home/lucas/ros2_ws/install/Stage/share/stage/worlds/bitmaps/autolab.png
[1.381s] -- Up-to-date: /home/lucas/ros2_ws/install/Stage/share/stage/worlds/bitmaps/cave.png
[1.386s] -- Up-to-date: /home/lucas/ros2_ws/install/Stage/share/stage/worlds/bitmaps/cave_compact.png
[1.386s] -- Up-to-date: /home/lucas/ros2_ws/install/Stage/share/stage/worlds/bitmaps/cave_filled.png
[1.386s] -- Up-to-date: /home/lucas/ros2_ws/install/Stage/share/stage/worlds/bitmaps/frieburg.png
[1.399s] -- Up-to-date: /home/lucas/ros2_ws/install/Stage/share/stage/worlds/bitmaps/ghost.png
[1.399s] -- Up-to-date: /home/lucas/ros2_ws/install/Stage/share/stage/worlds/bitmaps/hospital.png
[1.399s] -- Up-to-date: /home/lucas/ros2_ws/install/Stage/share/stage/worlds/bitmaps/hospital_section.png
[1.399s] -- Up-to-date: /home/lucas/ros2_ws/install/Stage/share/stage/worlds/bitmaps/human_outline.png
[1.399s] -- Up-to-date: /home/lucas/ros2_ws/install/Stage/share/stage/worlds/bitmaps/mbicp.png
[1.400s] -- Up-to-date: /home/lucas/ros2_ws/install/Stage/share/stage/worlds/bitmaps/rink.png
[1.400s] -- Up-to-date: /home/lucas/ros2_ws/install/Stage/share/stage/worlds/bitmaps/sal2.png
[1.400s] -- Up-to-date: /home/lucas/ros2_ws/install/Stage/share/stage/worlds/bitmaps/simple_rooms.png
[1.400s] -- Up-to-date: /home/lucas/ros2_ws/install/Stage/share/stage/worlds/bitmaps/space_invader.png
[1.400s] -- Up-to-date: /home/lucas/ros2_ws/install/Stage/share/stage/worlds/bitmaps/submarine.png
[1.400s] -- Up-to-date: /home/lucas/ros2_ws/install/Stage/share/stage/worlds/bitmaps/submarine_small.png
[1.400s] -- Up-to-date: /home/lucas/ros2_ws/install/Stage/share/stage/worlds/bitmaps/table.png
[1.400s] -- Up-to-date: /home/lucas/ros2_ws/install/Stage/share/stage/worlds/bitmaps/uoa_robotics_lab.png
[1.400s] -- Up-to-date: /home/lucas/ros2_ws/install/Stage/share/stage/worlds/wifi/commando.world
[1.400s] -- Up-to-date: /home/lucas/ros2_ws/install/Stage/share/stage/worlds/wifi/hosp_wifi.world
[1.400s] -- Up-to-date: /home/lucas/ros2_ws/install/Stage/share/stage/worlds/wifi/hosp_wifi_5.world
[1.400s] -- Up-to-date: /home/lucas/ros2_ws/install/Stage/share/stage/worlds/wifi/wifi.world
[1.400s] -- Up-to-date: /home/lucas/ros2_ws/install/Stage/share/stage/worlds/wifi/wifi_itu.world
[1.400s] -- Up-to-date: /home/lucas/ros2_ws/install/Stage/share/stage/worlds/wifi/wifi_logdistance.world
[1.401s] -- Up-to-date: /home/lucas/ros2_ws/install/Stage/share/stage/worlds/wifi/wifi_ray.world
[1.401s] -- Up-to-date: /home/lucas/ros2_ws/install/Stage/share/stage/worlds/wifi/wifi_simple.world
[1.401s] -- Up-to-date: /home/lucas/ros2_ws/install/Stage/share/stage/worlds/wifi/map.inc
[1.401s] Invoked command in '/home/lucas/ros2_ws/build/Stage' returned '0': /usr/bin/cmake --install /home/lucas/ros2_ws/build/Stage
