[0.021s] Invoking command in '/home/lucas/ros2_ws/build/my_cpp_pkg': CMAKE_PREFIX_PATH=${CMAKE_PREFIX_PATH}:/home/lucas/ros2_ws/install/my_py_pkg:/opt/ros/humble /usr/bin/cmake --build /home/lucas/ros2_ws/build/my_cpp_pkg -- -j1 -l1
[0.139s] [35m[1mConsolidate compiler generated dependencies of target cpp_node[0m
[0.211s] [ 50%] [32mBuilding CXX object CMakeFiles/cpp_node.dir/src/my_first_node.cpp.o[0m
[5.198s] [100%] [32m[1mLinking CXX executable cpp_node[0m
[5.465s] [100%] Built target cpp_node
[5.485s] Invoked command in '/home/lucas/ros2_ws/build/my_cpp_pkg' returned '0': CMAKE_PREFIX_PATH=${CMAKE_PREFIX_PATH}:/home/lucas/ros2_ws/install/my_py_pkg:/opt/ros/humble /usr/bin/cmake --build /home/lucas/ros2_ws/build/my_cpp_pkg -- -j1 -l1
[5.591s] Invoking command in '/home/lucas/ros2_ws/build/my_cpp_pkg': CMAKE_PREFIX_PATH=${CMAKE_PREFIX_PATH}:/home/lucas/ros2_ws/install/my_py_pkg:/opt/ros/humble /usr/bin/cmake --install /home/lucas/ros2_ws/build/my_cpp_pkg
[5.606s] -- Install configuration: ""
[5.606s] -- Installing: /home/lucas/ros2_ws/install/my_cpp_pkg/lib/my_cpp_pkg/cpp_node
[5.607s] -- Set runtime path of "/home/lucas/ros2_ws/install/my_cpp_pkg/lib/my_cpp_pkg/cpp_node" to ""
[5.607s] -- Up-to-date: /home/lucas/ros2_ws/install/my_cpp_pkg/share/ament_index/resource_index/package_run_dependencies/my_cpp_pkg
[5.607s] -- Installing: /home/lucas/ros2_ws/install/my_cpp_pkg/share/ament_index/resource_index/parent_prefix_path/my_cpp_pkg
[5.608s] -- Up-to-date: /home/lucas/ros2_ws/install/my_cpp_pkg/share/my_cpp_pkg/environment/ament_prefix_path.sh
[5.608s] -- Installing: /home/lucas/ros2_ws/install/my_cpp_pkg/share/my_cpp_pkg/environment/ament_prefix_path.dsv
[5.608s] -- Up-to-date: /home/lucas/ros2_ws/install/my_cpp_pkg/share/my_cpp_pkg/environment/path.sh
[5.609s] -- Installing: /home/lucas/ros2_ws/install/my_cpp_pkg/share/my_cpp_pkg/environment/path.dsv
[5.609s] -- Up-to-date: /home/lucas/ros2_ws/install/my_cpp_pkg/share/my_cpp_pkg/local_setup.bash
[5.609s] -- Up-to-date: /home/lucas/ros2_ws/install/my_cpp_pkg/share/my_cpp_pkg/local_setup.sh
[5.609s] -- Up-to-date: /home/lucas/ros2_ws/install/my_cpp_pkg/share/my_cpp_pkg/local_setup.zsh
[5.610s] -- Installing: /home/lucas/ros2_ws/install/my_cpp_pkg/share/my_cpp_pkg/local_setup.dsv
[5.610s] -- Installing: /home/lucas/ros2_ws/install/my_cpp_pkg/share/my_cpp_pkg/package.dsv
[5.610s] -- Up-to-date: /home/lucas/ros2_ws/install/my_cpp_pkg/share/ament_index/resource_index/packages/my_cpp_pkg
[5.611s] -- Up-to-date: /home/lucas/ros2_ws/install/my_cpp_pkg/share/my_cpp_pkg/cmake/my_cpp_pkgConfig.cmake
[5.611s] -- Up-to-date: /home/lucas/ros2_ws/install/my_cpp_pkg/share/my_cpp_pkg/cmake/my_cpp_pkgConfig-version.cmake
[5.611s] -- Up-to-date: /home/lucas/ros2_ws/install/my_cpp_pkg/share/my_cpp_pkg/package.xml
[5.627s] Invoked command in '/home/lucas/ros2_ws/build/my_cpp_pkg' returned '0': CMAKE_PREFIX_PATH=${CMAKE_PREFIX_PATH}:/home/lucas/ros2_ws/install/my_py_pkg:/opt/ros/humble /usr/bin/cmake --install /home/lucas/ros2_ws/build/my_cpp_pkg
