[0.060s] Invoking command in '/home/lucas/ros2_ws/build/Stage': /usr/bin/cmake --build /home/lucas/ros2_ws/build/Stage -- -j1 -l1
[0.445s] [ 57%] Built target stage
[0.631s] [ 61%] Built target stagebinary
[0.796s] [ 64%] Built target fasr
[0.936s] [ 67%] Built target sink
[1.083s] [ 71%] Built target source
[1.197s] [ 74%] Built target wander
[1.344s] [ 77%] Built target pioneer_flocking
[1.480s] [ 81%] Built target rasterize
[1.608s] [ 84%] Built target lasernoise
[1.763s] [ 88%] Built target dynamic
[1.909s] [ 93%] Built target fasr2
[2.028s] [ 96%] Built target expand_swarm
[2.208s] [100%] Built target expand_pioneer
[2.254s] Invoked command in '/home/lucas/ros2_ws/build/Stage' returned '0': /usr/bin/cmake --build /home/lucas/ros2_ws/build/Stage -- -j1 -l1
[2.642s] Invoking command in '/home/lucas/ros2_ws/build/Stage': /usr/bin/cmake --install /home/lucas/ros2_ws/build/Stage
[2.703s] -- Install configuration: "RELEASE"
[2.703s] -- Up-to-date: /home/lucas/ros2_ws/install/Stage/lib/pkgconfig/stage.pc
[2.704s] -- Up-to-date: /home/lucas/ros2_ws/install/Stage/lib/cmake/Stage/stage-config.cmake
[2.704s] -- Up-to-date: /home/lucas/ros2_ws/install/Stage/lib/cmake/Stage/stage-config-version.cmake
[2.705s] -- Up-to-date: /home/lucas/ros2_ws/install/Stage/bin/stage
[2.705s] -- Up-to-date: /home/lucas/ros2_ws/install/Stage/lib/libstage.so.4.3.0
[2.705s] -- Up-to-date: /home/lucas/ros2_ws/install/Stage/lib/libstage.so
[2.706s] -- Up-to-date: /home/lucas/ros2_ws/install/Stage/include/Stage-4.3/stage.hh
[2.707s] -- Up-to-date: /home/lucas/ros2_ws/install/Stage/lib/Stage-4.3/fasr.so
[2.707s] -- Up-to-date: /home/lucas/ros2_ws/install/Stage/lib/Stage-4.3/sink.so
[2.708s] -- Up-to-date: /home/lucas/ros2_ws/install/Stage/lib/Stage-4.3/source.so
[2.708s] -- Up-to-date: /home/lucas/ros2_ws/install/Stage/lib/Stage-4.3/wander.so
[2.709s] -- Up-to-date: /home/lucas/ros2_ws/install/Stage/lib/Stage-4.3/pioneer_flocking.so
[2.709s] -- Up-to-date: /home/lucas/ros2_ws/install/Stage/lib/Stage-4.3/rasterize.so
[2.710s] -- Up-to-date: /home/lucas/ros2_ws/install/Stage/lib/Stage-4.3/lasernoise.so
[2.711s] -- Up-to-date: /home/lucas/ros2_ws/install/Stage/lib/Stage-4.3/dynamic.so
[2.714s] -- Up-to-date: /home/lucas/ros2_ws/install/Stage/lib/Stage-4.3/fasr2.so
[2.714s] -- Up-to-date: /home/lucas/ros2_ws/install/Stage/share/stage/assets/blue.png
[2.715s] -- Up-to-date: /home/lucas/ros2_ws/install/Stage/share/stage/assets/death.png
[2.715s] -- Up-to-date: /home/lucas/ros2_ws/install/Stage/share/stage/assets/green.png
[2.723s] -- Up-to-date: /home/lucas/ros2_ws/install/Stage/share/stage/assets/logo.png
[2.723s] -- Up-to-date: /home/lucas/ros2_ws/install/Stage/share/stage/assets/mains.png
[2.724s] -- Up-to-date: /home/lucas/ros2_ws/install/Stage/share/stage/assets/mainspower.png
[2.724s] -- Up-to-date: /home/lucas/ros2_ws/install/Stage/share/stage/assets/question_mark.png
[2.724s] -- Up-to-date: /home/lucas/ros2_ws/install/Stage/share/stage/assets/red.png
[2.725s] -- Up-to-date: /home/lucas/ros2_ws/install/Stage/share/stage/assets/stagelogo.png
[2.725s] -- Up-to-date: /home/lucas/ros2_ws/install/Stage/share/stage/assets/stall-old.png
[2.725s] -- Up-to-date: /home/lucas/ros2_ws/install/Stage/share/stage/assets/stall.png
[2.725s] -- Up-to-date: /home/lucas/ros2_ws/install/Stage/share/stage/assets/rgb.txt
[2.725s] -- Up-to-date: /home/lucas/ros2_ws/install/Stage/share/stage/rgb.txt
[2.726s] -- Up-to-date: /home/lucas/ros2_ws/install/Stage/share/stage/worlds/amcl-sonar.cfg
[2.726s] -- Up-to-date: /home/lucas/ros2_ws/install/Stage/share/stage/worlds/autolab.cfg
[2.726s] -- Up-to-date: /home/lucas/ros2_ws/install/Stage/share/stage/worlds/camera.cfg
[2.726s] -- Up-to-date: /home/lucas/ros2_ws/install/Stage/share/stage/worlds/everything.cfg
[2.727s] -- Up-to-date: /home/lucas/ros2_ws/install/Stage/share/stage/worlds/lsp_test.cfg
[2.727s] -- Up-to-date: /home/lucas/ros2_ws/install/Stage/share/stage/worlds/mbicp.cfg
[2.727s] -- Up-to-date: /home/lucas/ros2_ws/install/Stage/share/stage/worlds/nd.cfg
[2.727s] -- Up-to-date: /home/lucas/ros2_ws/install/Stage/share/stage/worlds/roomba.cfg
[2.727s] -- Up-to-date: /home/lucas/ros2_ws/install/Stage/share/stage/worlds/simple.cfg
[2.728s] -- Up-to-date: /home/lucas/ros2_ws/install/Stage/share/stage/worlds/test.cfg
[2.728s] -- Up-to-date: /home/lucas/ros2_ws/install/Stage/share/stage/worlds/uoa_robotics_lab.cfg
[2.732s] -- Up-to-date: /home/lucas/ros2_ws/install/Stage/share/stage/worlds/vfh.cfg
[2.732s] -- Up-to-date: /home/lucas/ros2_ws/install/Stage/share/stage/worlds/wavefront-remote.cfg
[2.733s] -- Up-to-date: /home/lucas/ros2_ws/install/Stage/share/stage/worlds/wavefront.cfg
[2.733s] -- Up-to-date: /home/lucas/ros2_ws/install/Stage/share/stage/worlds/wifi.cfg
[2.733s] -- Up-to-date: /home/lucas/ros2_ws/install/Stage/share/stage/worlds/SFU.world
[2.734s] -- Up-to-date: /home/lucas/ros2_ws/install/Stage/share/stage/worlds/autolab.world
[2.734s] -- Up-to-date: /home/lucas/ros2_ws/install/Stage/share/stage/worlds/camera.world
[2.734s] -- Up-to-date: /home/lucas/ros2_ws/install/Stage/share/stage/worlds/circuit.world
[2.734s] -- Up-to-date: /home/lucas/ros2_ws/install/Stage/share/stage/worlds/everything.world
[2.734s] -- Up-to-date: /home/lucas/ros2_ws/install/Stage/share/stage/worlds/fasr.world
[2.734s] -- Up-to-date: /home/lucas/ros2_ws/install/Stage/share/stage/worlds/fasr2.world
[2.734s] -- Up-to-date: /home/lucas/ros2_ws/install/Stage/share/stage/worlds/fasr_plan.world
[2.735s] -- Up-to-date: /home/lucas/ros2_ws/install/Stage/share/stage/worlds/large.world
[2.735s] -- Up-to-date: /home/lucas/ros2_ws/install/Stage/share/stage/worlds/lsp_test.world
[2.735s] -- Up-to-date: /home/lucas/ros2_ws/install/Stage/share/stage/worlds/mbicp.world
[2.735s] -- Up-to-date: /home/lucas/ros2_ws/install/Stage/share/stage/worlds/pioneer_flocking.world
[2.735s] -- Up-to-date: /home/lucas/ros2_ws/install/Stage/share/stage/worlds/pioneer_follow.world
[2.735s] -- Up-to-date: /home/lucas/ros2_ws/install/Stage/share/stage/worlds/pioneer_walle.world
[2.737s] -- Up-to-date: /home/lucas/ros2_ws/install/Stage/share/stage/worlds/roomba.world
[2.737s] -- Up-to-date: /home/lucas/ros2_ws/install/Stage/share/stage/worlds/sensor_noise_demo.world
[2.737s] -- Up-to-date: /home/lucas/ros2_ws/install/Stage/share/stage/worlds/sensor_noise_module_demo.world
[2.737s] -- Up-to-date: /home/lucas/ros2_ws/install/Stage/share/stage/worlds/simple.world
[2.737s] -- Up-to-date: /home/lucas/ros2_ws/install/Stage/share/stage/worlds/uoa_robotics_lab.world
[2.737s] -- Up-to-date: /home/lucas/ros2_ws/install/Stage/share/stage/worlds/wifi.world
[2.737s] -- Up-to-date: /home/lucas/ros2_ws/install/Stage/share/stage/worlds/beacons.inc
[2.737s] -- Up-to-date: /home/lucas/ros2_ws/install/Stage/share/stage/worlds/chatterbox.inc
[2.738s] -- Up-to-date: /home/lucas/ros2_ws/install/Stage/share/stage/worlds/hokuyo.inc
[2.738s] -- Up-to-date: /home/lucas/ros2_ws/install/Stage/share/stage/worlds/irobot.inc
[2.738s] -- Up-to-date: /home/lucas/ros2_ws/install/Stage/share/stage/worlds/map.inc
[2.738s] -- Up-to-date: /home/lucas/ros2_ws/install/Stage/share/stage/worlds/objects.inc
[2.738s] -- Up-to-date: /home/lucas/ros2_ws/install/Stage/share/stage/worlds/pantilt.inc
[2.738s] -- Up-to-date: /home/lucas/ros2_ws/install/Stage/share/stage/worlds/pioneer.inc
[2.738s] -- Up-to-date: /home/lucas/ros2_ws/install/Stage/share/stage/worlds/sick.inc
[2.738s] -- Up-to-date: /home/lucas/ros2_ws/install/Stage/share/stage/worlds/ubot.inc
[2.738s] -- Up-to-date: /home/lucas/ros2_ws/install/Stage/share/stage/worlds/uoa_robotics_lab_models.inc
[2.738s] -- Up-to-date: /home/lucas/ros2_ws/install/Stage/share/stage/worlds/walle.inc
[2.738s] -- Up-to-date: /home/lucas/ros2_ws/install/Stage/share/stage/worlds/cfggen.sh
[2.738s] -- Up-to-date: /home/lucas/ros2_ws/install/Stage/share/stage/worlds/test.sh
[2.738s] -- Up-to-date: /home/lucas/ros2_ws/install/Stage/share/stage/worlds/worldgen.sh
[2.741s] -- Up-to-date: /home/lucas/ros2_ws/install/Stage/lib/Stage-4.3/expand_swarm.so
[2.741s] -- Up-to-date: /home/lucas/ros2_ws/install/Stage/lib/Stage-4.3/expand_pioneer.so
[2.741s] -- Up-to-date: /home/lucas/ros2_ws/install/Stage/share/stage/worlds/bitmaps/889_05.png
[2.741s] -- Up-to-date: /home/lucas/ros2_ws/install/Stage/share/stage/worlds/bitmaps/SFU_1200x615.png
[2.741s] -- Up-to-date: /home/lucas/ros2_ws/install/Stage/share/stage/worlds/bitmaps/SRI-AIC-kwing.png
[2.741s] -- Up-to-date: /home/lucas/ros2_ws/install/Stage/share/stage/worlds/bitmaps/autolab.png
[2.741s] -- Up-to-date: /home/lucas/ros2_ws/install/Stage/share/stage/worlds/bitmaps/cave.png
[2.741s] -- Up-to-date: /home/lucas/ros2_ws/install/Stage/share/stage/worlds/bitmaps/cave_compact.png
[2.741s] -- Up-to-date: /home/lucas/ros2_ws/install/Stage/share/stage/worlds/bitmaps/cave_filled.png
[2.742s] -- Up-to-date: /home/lucas/ros2_ws/install/Stage/share/stage/worlds/bitmaps/frieburg.png
[2.742s] -- Up-to-date: /home/lucas/ros2_ws/install/Stage/share/stage/worlds/bitmaps/ghost.png
[2.742s] -- Up-to-date: /home/lucas/ros2_ws/install/Stage/share/stage/worlds/bitmaps/hospital.png
[2.742s] -- Up-to-date: /home/lucas/ros2_ws/install/Stage/share/stage/worlds/bitmaps/hospital_section.png
[2.742s] -- Up-to-date: /home/lucas/ros2_ws/install/Stage/share/stage/worlds/bitmaps/human_outline.png
[2.742s] -- Up-to-date: /home/lucas/ros2_ws/install/Stage/share/stage/worlds/bitmaps/mbicp.png
[2.742s] -- Up-to-date: /home/lucas/ros2_ws/install/Stage/share/stage/worlds/bitmaps/rink.png
[2.742s] -- Up-to-date: /home/lucas/ros2_ws/install/Stage/share/stage/worlds/bitmaps/sal2.png
[2.742s] -- Up-to-date: /home/lucas/ros2_ws/install/Stage/share/stage/worlds/bitmaps/simple_rooms.png
[2.742s] -- Up-to-date: /home/lucas/ros2_ws/install/Stage/share/stage/worlds/bitmaps/space_invader.png
[2.742s] -- Up-to-date: /home/lucas/ros2_ws/install/Stage/share/stage/worlds/bitmaps/submarine.png
[2.742s] -- Up-to-date: /home/lucas/ros2_ws/install/Stage/share/stage/worlds/bitmaps/submarine_small.png
[2.742s] -- Up-to-date: /home/lucas/ros2_ws/install/Stage/share/stage/worlds/bitmaps/table.png
[2.743s] -- Up-to-date: /home/lucas/ros2_ws/install/Stage/share/stage/worlds/bitmaps/uoa_robotics_lab.png
[2.746s] -- Up-to-date: /home/lucas/ros2_ws/install/Stage/share/stage/worlds/wifi/commando.world
[2.746s] -- Up-to-date: /home/lucas/ros2_ws/install/Stage/share/stage/worlds/wifi/hosp_wifi.world
[2.746s] -- Up-to-date: /home/lucas/ros2_ws/install/Stage/share/stage/worlds/wifi/hosp_wifi_5.world
[2.746s] -- Up-to-date: /home/lucas/ros2_ws/install/Stage/share/stage/worlds/wifi/wifi.world
[2.746s] -- Up-to-date: /home/lucas/ros2_ws/install/Stage/share/stage/worlds/wifi/wifi_itu.world
[2.746s] -- Up-to-date: /home/lucas/ros2_ws/install/Stage/share/stage/worlds/wifi/wifi_logdistance.world
[2.746s] -- Up-to-date: /home/lucas/ros2_ws/install/Stage/share/stage/worlds/wifi/wifi_ray.world
[2.746s] -- Up-to-date: /home/lucas/ros2_ws/install/Stage/share/stage/worlds/wifi/wifi_simple.world
[2.746s] -- Up-to-date: /home/lucas/ros2_ws/install/Stage/share/stage/worlds/wifi/map.inc
[2.766s] Invoked command in '/home/lucas/ros2_ws/build/Stage' returned '0': /usr/bin/cmake --install /home/lucas/ros2_ws/build/Stage
