[3.325s] Invoking command in '/home/lucas/ros2_ws/src/my_py_pkg2': PYTHONPATH=/home/lucas/ros2_ws/build/my_py_pkg2/prefix_override:/home/lucas/ros2_ws/install/my_py_pkg2/lib/python3.10/site-packages:${PYTHONPATH} /usr/bin/python3 -W ignore:setup.py install is deprecated setup.py egg_info --egg-base ../../build/my_py_pkg2 build --build-base /home/lucas/ros2_ws/build/my_py_pkg2/build install --record /home/lucas/ros2_ws/build/my_py_pkg2/install.log --single-version-externally-managed install_data
[4.317s] running egg_info
[4.318s] writing ../../build/my_py_pkg2/my_py_pkg2.egg-info/PKG-INFO
[4.323s] writing dependency_links to ../../build/my_py_pkg2/my_py_pkg2.egg-info/dependency_links.txt
[4.325s] writing entry points to ../../build/my_py_pkg2/my_py_pkg2.egg-info/entry_points.txt
[4.333s] writing requirements to ../../build/my_py_pkg2/my_py_pkg2.egg-info/requires.txt
[4.334s] writing top-level names to ../../build/my_py_pkg2/my_py_pkg2.egg-info/top_level.txt
[4.338s] reading manifest file '../../build/my_py_pkg2/my_py_pkg2.egg-info/SOURCES.txt'
[4.355s] writing manifest file '../../build/my_py_pkg2/my_py_pkg2.egg-info/SOURCES.txt'
[4.357s] running build
[4.358s] running build_py
[4.363s] running install
[4.364s] running install_lib
[4.371s] running install_data
[4.374s] running install_egg_info
[4.385s] removing '/home/lucas/ros2_ws/install/my_py_pkg2/lib/python3.10/site-packages/my_py_pkg2-0.0.0-py3.10.egg-info' (and everything under it)
[4.387s] Copying ../../build/my_py_pkg2/my_py_pkg2.egg-info to /home/lucas/ros2_ws/install/my_py_pkg2/lib/python3.10/site-packages/my_py_pkg2-0.0.0-py3.10.egg-info
[4.390s] running install_scripts
[4.488s] Installing add_two_ints script to /home/lucas/ros2_ws/install/my_py_pkg2/lib/my_py_pkg2
[4.502s] Installing add_two_ints_client script to /home/lucas/ros2_ws/install/my_py_pkg2/lib/my_py_pkg2
[4.503s] Installing number_pub script to /home/lucas/ros2_ws/install/my_py_pkg2/lib/my_py_pkg2
[4.505s] Installing publisher script to /home/lucas/ros2_ws/install/my_py_pkg2/lib/my_py_pkg2
[4.506s] Installing py_node script to /home/lucas/ros2_ws/install/my_py_pkg2/lib/my_py_pkg2
[4.507s] Installing subscriber script to /home/lucas/ros2_ws/install/my_py_pkg2/lib/my_py_pkg2
[4.509s] writing list of installed files to '/home/lucas/ros2_ws/build/my_py_pkg2/install.log'
[4.625s] Invoked command in '/home/lucas/ros2_ws/src/my_py_pkg2' returned '0': PYTHONPATH=/home/lucas/ros2_ws/build/my_py_pkg2/prefix_override:/home/lucas/ros2_ws/install/my_py_pkg2/lib/python3.10/site-packages:${PYTHONPATH} /usr/bin/python3 -W ignore:setup.py install is deprecated setup.py egg_info --egg-base ../../build/my_py_pkg2 build --build-base /home/lucas/ros2_ws/build/my_py_pkg2/build install --record /home/lucas/ros2_ws/build/my_py_pkg2/install.log --single-version-externally-managed install_data
