[1.851s] Invoking command in '/home/lucas/ros2_ws/src/stage_challenge': PYTHONPATH=/home/lucas/ros2_ws/build/stage_challenge/prefix_override:/home/lucas/ros2_ws/install/stage_challenge/lib/python3.10/site-packages:${PYTHONPATH} /usr/bin/python3 -W ignore:setup.py install is deprecated setup.py egg_info --egg-base ../../build/stage_challenge build --build-base /home/lucas/ros2_ws/build/stage_challenge/build install --record /home/lucas/ros2_ws/build/stage_challenge/install.log --single-version-externally-managed install_data
[2.574s] running egg_info
[2.575s] writing ../../build/stage_challenge/stage_challenge.egg-info/PKG-INFO
[2.577s] writing dependency_links to ../../build/stage_challenge/stage_challenge.egg-info/dependency_links.txt
[2.579s] writing entry points to ../../build/stage_challenge/stage_challenge.egg-info/entry_points.txt
[2.580s] writing requirements to ../../build/stage_challenge/stage_challenge.egg-info/requires.txt
[2.581s] writing top-level names to ../../build/stage_challenge/stage_challenge.egg-info/top_level.txt
[2.584s] reading manifest file '../../build/stage_challenge/stage_challenge.egg-info/SOURCES.txt'
[2.586s] writing manifest file '../../build/stage_challenge/stage_challenge.egg-info/SOURCES.txt'
[2.589s] running build
[2.590s] running build_py
[2.590s] copying stage_challenge/rrt2.py -> /home/lucas/ros2_ws/build/stage_challenge/build/lib/stage_challenge
[2.591s] running install
[2.592s] running install_lib
[2.594s] copying /home/lucas/ros2_ws/build/stage_challenge/build/lib/stage_challenge/rrt2.py -> /home/lucas/ros2_ws/install/stage_challenge/lib/python3.10/site-packages/stage_challenge
[2.596s] byte-compiling /home/lucas/ros2_ws/install/stage_challenge/lib/python3.10/site-packages/stage_challenge/rrt2.py to rrt2.cpython-310.pyc
[2.596s]   File "/home/lucas/ros2_ws/install/stage_challenge/lib/python3.10/site-packages/stage_challenge/rrt2.py", line 33
[2.597s]     if self.px >= 6 and self.oz <= 0.785398
[2.597s]                                            ^
[2.597s] SyntaxError: expected ':'
[2.597s] 
[2.597s] running install_data
[2.598s] running install_egg_info
[2.600s] removing '/home/lucas/ros2_ws/install/stage_challenge/lib/python3.10/site-packages/stage_challenge-0.0.0-py3.10.egg-info' (and everything under it)
[2.601s] Copying ../../build/stage_challenge/stage_challenge.egg-info to /home/lucas/ros2_ws/install/stage_challenge/lib/python3.10/site-packages/stage_challenge-0.0.0-py3.10.egg-info
[2.602s] running install_scripts
[2.673s] Installing robot script to /home/lucas/ros2_ws/install/stage_challenge/lib/stage_challenge
[2.679s] Installing rrt script to /home/lucas/ros2_ws/install/stage_challenge/lib/stage_challenge
[2.691s] Installing rrt2 script to /home/lucas/ros2_ws/install/stage_challenge/lib/stage_challenge
[2.694s] writing list of installed files to '/home/lucas/ros2_ws/build/stage_challenge/install.log'
[2.748s] Invoked command in '/home/lucas/ros2_ws/src/stage_challenge' returned '0': PYTHONPATH=/home/lucas/ros2_ws/build/stage_challenge/prefix_override:/home/lucas/ros2_ws/install/stage_challenge/lib/python3.10/site-packages:${PYTHONPATH} /usr/bin/python3 -W ignore:setup.py install is deprecated setup.py egg_info --egg-base ../../build/stage_challenge build --build-base /home/lucas/ros2_ws/build/stage_challenge/build install --record /home/lucas/ros2_ws/build/stage_challenge/install.log --single-version-externally-managed install_data
