[2.249s] Invoking command in '/home/lucas/ros2_ws/src/stage_challenge': PYTHONPATH=/home/lucas/ros2_ws/build/stage_challenge/prefix_override:/home/lucas/ros2_ws/install/stage_challenge/lib/python3.10/site-packages:${PYTHONPATH} /usr/bin/python3 -W ignore:setup.py install is deprecated setup.py egg_info --egg-base ../../build/stage_challenge build --build-base /home/lucas/ros2_ws/build/stage_challenge/build install --record /home/lucas/ros2_ws/build/stage_challenge/install.log --single-version-externally-managed install_data
[3.103s] running egg_info
[3.104s] writing ../../build/stage_challenge/stage_challenge.egg-info/PKG-INFO
[3.106s] writing dependency_links to ../../build/stage_challenge/stage_challenge.egg-info/dependency_links.txt
[3.107s] writing entry points to ../../build/stage_challenge/stage_challenge.egg-info/entry_points.txt
[3.109s] writing requirements to ../../build/stage_challenge/stage_challenge.egg-info/requires.txt
[3.113s] writing top-level names to ../../build/stage_challenge/stage_challenge.egg-info/top_level.txt
[3.118s] reading manifest file '../../build/stage_challenge/stage_challenge.egg-info/SOURCES.txt'
[3.141s] writing manifest file '../../build/stage_challenge/stage_challenge.egg-info/SOURCES.txt'
[3.143s] running build
[3.150s] running build_py
[3.151s] copying stage_challenge/publisher.py -> /home/lucas/ros2_ws/build/stage_challenge/build/lib/stage_challenge
[3.151s] running install
[3.152s] running install_lib
[3.153s] copying /home/lucas/ros2_ws/build/stage_challenge/build/lib/stage_challenge/publisher.py -> /home/lucas/ros2_ws/install/stage_challenge/lib/python3.10/site-packages/stage_challenge
[3.166s] byte-compiling /home/lucas/ros2_ws/install/stage_challenge/lib/python3.10/site-packages/stage_challenge/publisher.py to publisher.cpython-310.pyc
[3.166s] Sorry: IndentationError: unindent does not match any outer indentation level (publisher.py, line 39)
[3.167s] running install_data
[3.167s] running install_egg_info
[3.171s] removing '/home/lucas/ros2_ws/install/stage_challenge/lib/python3.10/site-packages/stage_challenge-0.0.0-py3.10.egg-info' (and everything under it)
[3.182s] Copying ../../build/stage_challenge/stage_challenge.egg-info to /home/lucas/ros2_ws/install/stage_challenge/lib/python3.10/site-packages/stage_challenge-0.0.0-py3.10.egg-info
[3.184s] running install_scripts
[3.239s] Installing robot script to /home/lucas/ros2_ws/install/stage_challenge/lib/stage_challenge
[3.254s] writing list of installed files to '/home/lucas/ros2_ws/build/stage_challenge/install.log'
[3.386s] Invoked command in '/home/lucas/ros2_ws/src/stage_challenge' returned '0': PYTHONPATH=/home/lucas/ros2_ws/build/stage_challenge/prefix_override:/home/lucas/ros2_ws/install/stage_challenge/lib/python3.10/site-packages:${PYTHONPATH} /usr/bin/python3 -W ignore:setup.py install is deprecated setup.py egg_info --egg-base ../../build/stage_challenge build --build-base /home/lucas/ros2_ws/build/stage_challenge/build install --record /home/lucas/ros2_ws/build/stage_challenge/install.log --single-version-externally-managed install_data
